Release: ASIP Programmer U-2022.12-TGT-230622
Tool: chessmk version U-2022.12#3eec2545bc#230622
Copyright 2014-2022 Synopsys, Inc.
This Synopsys software and all associated documentation are proprietary to
Synopsys, Inc. and may only be used pursuant to the terms and conditions of a
written license agreement with Synopsys, Inc. All other use, reproduction,
modification, or distribution of the Synopsys software or the associated
documentation is strictly prohibited.

Configuration: Release_LLVM
Compiling "7_1.cc"
chess-clang --chess-verbose -I/usr/xilinx/Vitis/2023.2/aietools/data/versal_prod/lib --chess-proc-dir=/usr/xilinx/Vitis/2023.2/aietools/data/versal_prod/lib -S -nostdlibinc -D__chess__ -D__tct_release__=2212 -g -I/usr/xilinx/Vitis/2023.2/aietools/include -I/media/4T/home/xianyijiang/my_sparta/aie/. -I/media/4T/home/xianyijiang/my_sparta/aie/./ProcessUnit -I/media/4T/home/xianyijiang/my_sparta/aie/. -I/media/4T/home/xianyijiang/my_sparta/aie/./aie -I/media/4T/home/xianyijiang/my_sparta/aie/media/4T/home/xianyijiang/my_sparta/aie/. -I/media/4T/home/xianyijiang/my_sparta/aie/media/4T/home/xianyijiang/my_sparta/aie/./aie -I/media/4T/home/xianyijiang/my_sparta/aie/usr/xilinx/Vitis/2023.2/aietools/include -I/usr/xilinx/Vitis/2023.2/aietools/include -I/usr/xilinx/Vitis/2023.2/aietools/data/versal_prod/lib/runtime_cxx/libcxx-lite/include -I/usr/xilinx/Vitis/2023.2/aietools/data/versal_prod/lib/runtime_cxx/libs/libcxx-9.0.0/include-lite -I/usr/xilinx/Vitis/2023.2/aietools/data/versal_prod/lib/runtime/include -D__AIENGINE__ -D__AIE_ARCH__=10 -DDEPLOYMENT_ELF=1 -D__LOCK_FENCE_MODE__=0 -DAIE_OPTION_SCALAR_FLOAT_ON_VECTOR -D__tct_tgt__=230622 -xc++ -O2 -include aie_core.h -std=c++2a -fno-builtin-memcpy -mllvm -disable-lsr -mllvm -replexitval=never -mllvm -enable-load-pre=false -mllvm -chess-disable-add-to-or -mllvm -chess-combine-gep-indices=none -mllvm -chess-disable-fold-phi-of-loads -mllvm -chess-aainfo2chains-algo=4 -mllvm -chess-aggressive-aainfo=false -mllvm -chess-enable-indvarsimplify=0 -fchess-register-c++-static-destructors-as-global-dtors -Werror=return-type -mllvm -chess-disable-cse-across-loopboundary -mllvm -chess-tbaa-detect-common-underlying-object=true -mllvm -chess-protect-llvm-global-reg-access=true -mllvm -chess-enable-c-pragma-protect ../src/7_1.cc -o../Release/chesswork/7_1.sfg --chess-proc-name=me
Compiling "hdiff_lap.cc"
chess-clang --chess-verbose -I/usr/xilinx/Vitis/2023.2/aietools/data/versal_prod/lib --chess-proc-dir=/usr/xilinx/Vitis/2023.2/aietools/data/versal_prod/lib -S -nostdlibinc -D__chess__ -D__tct_release__=2212 -g -I/usr/xilinx/Vitis/2023.2/aietools/include -I/media/4T/home/xianyijiang/my_sparta/aie/. -I/media/4T/home/xianyijiang/my_sparta/aie/./ProcessUnit -I/media/4T/home/xianyijiang/my_sparta/aie/. -I/media/4T/home/xianyijiang/my_sparta/aie/./aie -I/media/4T/home/xianyijiang/my_sparta/aie/media/4T/home/xianyijiang/my_sparta/aie/. -I/media/4T/home/xianyijiang/my_sparta/aie/media/4T/home/xianyijiang/my_sparta/aie/./aie -I/media/4T/home/xianyijiang/my_sparta/aie/usr/xilinx/Vitis/2023.2/aietools/include -I/usr/xilinx/Vitis/2023.2/aietools/include -I/usr/xilinx/Vitis/2023.2/aietools/data/versal_prod/lib/runtime_cxx/libcxx-lite/include -I/usr/xilinx/Vitis/2023.2/aietools/data/versal_prod/lib/runtime_cxx/libs/libcxx-9.0.0/include-lite -I/usr/xilinx/Vitis/2023.2/aietools/data/versal_prod/lib/runtime/include -D__AIENGINE__ -D__AIE_ARCH__=10 -DDEPLOYMENT_ELF=1 -D__LOCK_FENCE_MODE__=0 -DAIE_OPTION_SCALAR_FLOAT_ON_VECTOR -D__tct_tgt__=230622 -xc++ -O2 -include aie_core.h -std=c++2a -fno-builtin-memcpy -mllvm -disable-lsr -mllvm -replexitval=never -mllvm -enable-load-pre=false -mllvm -chess-disable-add-to-or -mllvm -chess-combine-gep-indices=none -mllvm -chess-disable-fold-phi-of-loads -mllvm -chess-aainfo2chains-algo=4 -mllvm -chess-aggressive-aainfo=false -mllvm -chess-enable-indvarsimplify=0 -fchess-register-c++-static-destructors-as-global-dtors -Werror=return-type -mllvm -chess-disable-cse-across-loopboundary -mllvm -chess-tbaa-detect-common-underlying-object=true -mllvm -chess-protect-llvm-global-reg-access=true -mllvm -chess-enable-c-pragma-protect /media/4T/home/xianyijiang/my_sparta/aie/./ProcessUnit/hdiff_lap.cc -o../Release/chesswork/hdiff_lap.sfg --chess-proc-name=me
Release: ipp U-2022.12-TGT-230622 
Tool: chess-clang version U-2022.12#3a25925e02#230619
Copyright 2014-2022 Synopsys, Inc.
This Synopsys software and all associated documentation are proprietary to
Synopsys, Inc. and may only be used pursuant to the terms and conditions of a
written license agreement with Synopsys, Inc. All other use, reproduction,
modification, or distribution of the Synopsys software or the associated
documentation is strictly prohibited.

Reading processor configuration from: /usr/xilinx/Vitis/2023.2/aietools/data/versal_prod/lib/isg/me_chess_llvm.cfg

Release: ipp U-2022.12-TGT-230622 
Tool: chess-clang version U-2022.12#3a25925e02#230619
Copyright 2014-2022 Synopsys, Inc.
This Synopsys software and all associated documentation are proprietary to
Synopsys, Inc. and may only be used pursuant to the terms and conditions of a
written license agreement with Synopsys, Inc. All other use, reproduction,
modification, or distribution of the Synopsys software or the associated
documentation is strictly prohibited.

Reading processor configuration from: /usr/xilinx/Vitis/2023.2/aietools/data/versal_prod/lib/isg/me_chess_llvm.cfg

In file included from ../src/7_1.cc:6:
In file included from /usr/xilinx/Vitis/2023.2/aietools/include/adf.h:11:
In file included from /usr/xilinx/Vitis/2023.2/aietools/include/adf/stream/streams.h:11:
/usr/xilinx/Vitis/2023.2/aietools/include/adf/stream/me/accessors.h:735:10: warning: 'packet_header' is deprecated: Function 'unsigned int packet_header(unsigned, unsigned)' is deprecated. Please use 'void put_ms_packet_header(int, int, unsigned, unsigned)' instead. [-Wdeprecated-declarations]
  return packet_header(ID, pcktType);
         ^
/usr/xilinx/Vitis/2023.2/aietools/data/versal_prod/lib/isg/me_chess_llvm.h:89099:62: note: 'packet_header' has been explicitly marked deprecated here
inline __attribute__((always_inline,nodebug)) __attribute__((deprecated("Function 'unsigned int packet_header(unsigned, unsigned)' is deprecated. Please use 'void put_ms_packet_header(int, int, unsigned, unsigned)' instead."))) unsigned packet_header(unsigned a0, unsigned a1) __attribute__((overloadable))
                                                             ^
In file included from ../src/7_1.cc:6:
In file included from /usr/xilinx/Vitis/2023.2/aietools/include/adf.h:11:
In file included from /usr/xilinx/Vitis/2023.2/aietools/include/adf/stream/streams.h:11:
/usr/xilinx/Vitis/2023.2/aietools/include/adf/stream/me/accessors.h:741:10: warning: 'ctrl_packet_header' is deprecated: Function 'unsigned int ctrl_packet_header(unsigned, unsigned, unsigned, unsigned)' is deprecated. Please use 'void put_ms_ctrl_packet_header(int, int, unsigned, unsigned, unsigned, unsigned)' instead. [-Wdeprecated-declarations]
  return ctrl_packet_header(addr, numWords, op, returnID);
         ^
/usr/xilinx/Vitis/2023.2/aietools/data/versal_prod/lib/isg/me_chess_llvm.h:89106:62: note: 'ctrl_packet_header' has been explicitly marked deprecated here
inline __attribute__((always_inline,nodebug)) __attribute__((deprecated("Function 'unsigned int ctrl_packet_header(unsigned, unsigned, unsigned, unsigned)' is deprecated. Please use 'void put_ms_ctrl_packet_header(int, int, unsigned, unsigned, unsigned, unsigned)' instead."))) unsigned ctrl_packet_header(unsigned a0, unsigned a1, unsigned a2, unsigned a3) __attribute__((overloadable))
                                                             ^
2 warnings generated.

chess-clang user time   =    1.60 s  /     1.59 s 	7_1
chess-clang system time =    0.06 s  /     0.05 s 	7_1
chess-clang real time   =    1.65 s  /     1.64 s 	7_1

noodle -v -I/usr/xilinx/Vitis/2023.2/aietools/data/versal_prod/lib -I/usr/xilinx/Vitis/2023.2/aietools/data/versal_prod/lib/isg -I/usr/xilinx/Vitis/2023.2/aietools/include -I/media/4T/home/xianyijiang/my_sparta/aie/. -I/media/4T/home/xianyijiang/my_sparta/aie/./ProcessUnit -I/media/4T/home/xianyijiang/my_sparta/aie/. -I/media/4T/home/xianyijiang/my_sparta/aie/./aie -I/media/4T/home/xianyijiang/my_sparta/aie/media/4T/home/xianyijiang/my_sparta/aie/. -I/media/4T/home/xianyijiang/my_sparta/aie/media/4T/home/xianyijiang/my_sparta/aie/./aie -I/media/4T/home/xianyijiang/my_sparta/aie/usr/xilinx/Vitis/2023.2/aietools/include -I/usr/xilinx/Vitis/2023.2/aietools/include -I/usr/xilinx/Vitis/2023.2/aietools/data/versal_prod/lib/runtime_cxx/libcxx-lite/include -I/usr/xilinx/Vitis/2023.2/aietools/data/versal_prod/lib/runtime_cxx/libs/libcxx-9.0.0/include-lite -I/usr/xilinx/Vitis/2023.2/aietools/data/versal_prod/lib/runtime/include -D__AIENGINE__ -D__AIE_ARCH__=10 -DDEPLOYMENT_ELF=1 -D__LOCK_FENCE_MODE__=0 -DAIE_OPTION_SCALAR_FLOAT_ON_VECTOR -D__tct_tgt__=230622 -iaie_core.h +Sinl +Olbb=200 +Opmsa +NOpld +Olzyinl +w../Release/chesswork ../Release/chesswork/7_1.sfg +Q1=+Sinl,+Olbb=200,+Opmsa,+NOpld,+Olzyinl +Q2=+Sinl,+Olbb=200,+Opmsa,+NOpld,+Olzyinl +Q3=+Sinl,+Olbb=1000,+Opmsa,+NOpld,+Olzyinl +Qfast=+Sinl,+Olbb=1000,+Opmsa,+NOpld,+Olzyinl,+Opfp +Qs=+Sinl,+Olbb=200,+Opmsa,+NOpld,+Olzyinl +Qz=+Sinl,+Olbb=200,+Opmsa,+NOpld,+Olzyinl me
Release: ASIP Programmer  U-2022.12-TGT-230622 
Tool: noodle version U-2022.12#3eec2545bc#230622
Copyright 2014-2022 Synopsys, Inc.
This Synopsys software and all associated documentation are proprietary to
Synopsys, Inc. and may only be used pursuant to the terms and conditions of a
written license agreement with Synopsys, Inc. All other use, reproduction,
modification, or distribution of the Synopsys software or the associated
documentation is strictly prohibited.

In file included from /media/4T/home/xianyijiang/my_sparta/aie/./ProcessUnit/hdiff_lap.cc:1:
In file included from /usr/xilinx/Vitis/2023.2/aietools/include/adf.h:11:
In file included from /usr/xilinx/Vitis/2023.2/aietools/include/adf/stream/streams.h:11:
/usr/xilinx/Vitis/2023.2/aietools/include/adf/stream/me/accessors.h:735:10: warning: 'packet_header' is deprecated: Function 'unsigned int packet_header(unsigned, unsigned)' is deprecated. Please use 'void put_ms_packet_header(int, int, unsigned, unsigned)' instead. [-Wdeprecated-declarations]
  return packet_header(ID, pcktType);
         ^
/usr/xilinx/Vitis/2023.2/aietools/data/versal_prod/lib/isg/me_chess_llvm.h:89099:62: note: 'packet_header' has been explicitly marked deprecated here
inline __attribute__((always_inline,nodebug)) __attribute__((deprecated("Function 'unsigned int packet_header(unsigned, unsigned)' is deprecated. Please use 'void put_ms_packet_header(int, int, unsigned, unsigned)' instead."))) unsigned packet_header(unsigned a0, unsigned a1) __attribute__((overloadable))
                                                             ^
In file included from /media/4T/home/xianyijiang/my_sparta/aie/./ProcessUnit/hdiff_lap.cc:1:
In file included from /usr/xilinx/Vitis/2023.2/aietools/include/adf.h:11:
In file included from /usr/xilinx/Vitis/2023.2/aietools/include/adf/stream/streams.h:11:
/usr/xilinx/Vitis/2023.2/aietools/include/adf/stream/me/accessors.h:741:10: warning: 'ctrl_packet_header' is deprecated: Function 'unsigned int ctrl_packet_header(unsigned, unsigned, unsigned, unsigned)' is deprecated. Please use 'void put_ms_ctrl_packet_header(int, int, unsigned, unsigned, unsigned, unsigned)' instead. [-Wdeprecated-declarations]
  return ctrl_packet_header(addr, numWords, op, returnID);
         ^
/usr/xilinx/Vitis/2023.2/aietools/data/versal_prod/lib/isg/me_chess_llvm.h:89106:62: note: 'ctrl_packet_header' has been explicitly marked deprecated here
inline __attribute__((always_inline,nodebug)) __attribute__((deprecated("Function 'unsigned int ctrl_packet_header(unsigned, unsigned, unsigned, unsigned)' is deprecated. Please use 'void put_ms_ctrl_packet_header(int, int, unsigned, unsigned, unsigned, unsigned)' instead."))) unsigned ctrl_packet_header(unsigned a0, unsigned a1, unsigned a2, unsigned a3) __attribute__((overloadable))
                                                             ^
Reading enablings from: /usr/xilinx/Vitis/2023.2/aietools/data/versal_prod/lib/isg/me_chess.ena
Reading LIB/ISG from: /usr/xilinx/Vitis/2023.2/aietools/data/versal_prod/lib/isg/me.isb
Reading LIB/ISG from: /usr/xilinx/Vitis/2023.2/aietools/data/versal_prod/lib/isg/me_chess.lib

Translating source file ...

Warning in "../../../../../../../../xilinx/Vitis/2023.2/aietools/data/versal_prod/lib/me_chess.h", line 647, column 131: ignoring attribute [[deprecated]] on class declaration

2 warnings generated.

chess-clang user time   =    1.58 s  /     1.57 s 	hdiff_lap
chess-clang system time =    0.05 s  /     0.05 s 	hdiff_lap
chess-clang real time   =    1.63 s  /     1.62 s 	hdiff_lap

noodle -v -I/usr/xilinx/Vitis/2023.2/aietools/data/versal_prod/lib -I/usr/xilinx/Vitis/2023.2/aietools/data/versal_prod/lib/isg -I/usr/xilinx/Vitis/2023.2/aietools/include -I/media/4T/home/xianyijiang/my_sparta/aie/. -I/media/4T/home/xianyijiang/my_sparta/aie/./ProcessUnit -I/media/4T/home/xianyijiang/my_sparta/aie/. -I/media/4T/home/xianyijiang/my_sparta/aie/./aie -I/media/4T/home/xianyijiang/my_sparta/aie/media/4T/home/xianyijiang/my_sparta/aie/. -I/media/4T/home/xianyijiang/my_sparta/aie/media/4T/home/xianyijiang/my_sparta/aie/./aie -I/media/4T/home/xianyijiang/my_sparta/aie/usr/xilinx/Vitis/2023.2/aietools/include -I/usr/xilinx/Vitis/2023.2/aietools/include -I/usr/xilinx/Vitis/2023.2/aietools/data/versal_prod/lib/runtime_cxx/libcxx-lite/include -I/usr/xilinx/Vitis/2023.2/aietools/data/versal_prod/lib/runtime_cxx/libs/libcxx-9.0.0/include-lite -I/usr/xilinx/Vitis/2023.2/aietools/data/versal_prod/lib/runtime/include -D__AIENGINE__ -D__AIE_ARCH__=10 -DDEPLOYMENT_ELF=1 -D__LOCK_FENCE_MODE__=0 -DAIE_OPTION_SCALAR_FLOAT_ON_VECTOR -D__tct_tgt__=230622 -iaie_core.h +Sinl +Olbb=200 +Opmsa +NOpld +Olzyinl +w../Release/chesswork ../Release/chesswork/hdiff_lap.sfg +Q1=+Sinl,+Olbb=200,+Opmsa,+NOpld,+Olzyinl +Q2=+Sinl,+Olbb=200,+Opmsa,+NOpld,+Olzyinl +Q3=+Sinl,+Olbb=1000,+Opmsa,+NOpld,+Olzyinl +Qfast=+Sinl,+Olbb=1000,+Opmsa,+NOpld,+Olzyinl,+Opfp +Qs=+Sinl,+Olbb=200,+Opmsa,+NOpld,+Olzyinl +Qz=+Sinl,+Olbb=200,+Opmsa,+NOpld,+Olzyinl me
Release: ASIP Programmer  U-2022.12-TGT-230622 
Tool: noodle version U-2022.12#3eec2545bc#230622
Copyright 2014-2022 Synopsys, Inc.
This Synopsys software and all associated documentation are proprietary to
Synopsys, Inc. and may only be used pursuant to the terms and conditions of a
written license agreement with Synopsys, Inc. All other use, reproduction,
modification, or distribution of the Synopsys software or the associated
documentation is strictly prohibited.

Reading enablings from: /usr/xilinx/Vitis/2023.2/aietools/data/versal_prod/lib/isg/me_chess.ena
Reading LIB/ISG from: /usr/xilinx/Vitis/2023.2/aietools/data/versal_prod/lib/isg/me.isb
Reading LIB/ISG from: /usr/xilinx/Vitis/2023.2/aietools/data/versal_prod/lib/isg/me_chess.lib

Translating source file ...

Warning in "../../../../../../../../xilinx/Vitis/2023.2/aietools/data/versal_prod/lib/me_chess.h", line 647, column 131: ignoring attribute [[deprecated]] on class declaration

Warning in "../../../../../../../../xilinx/Vitis/2023.2/aietools/data/versal_prod/lib/me_common.h", line 63, column 132: ignoring attribute [[deprecated]] on class declaration


Warning in "../../../../../../../../xilinx/Vitis/2023.2/aietools/data/versal_prod/lib/me_common.h", line 96, column 131: ignoring attribute [[deprecated]] on class declaration
Warning in "../../../../../../../../xilinx/Vitis/2023.2/aietools/data/versal_prod/lib/me_common.h", line 63, column 132: ignoring attribute [[deprecated]] on class declaration
Warning in "../../../../../../../../xilinx/Vitis/2023.2/aietools/data/versal_prod/lib/me_common.h", line 96, column 131: ignoring attribute [[deprecated]] on class declaration



Checking ...

Reading DSFG from: ../Release/chesswork/7_1.sfg

Translating ...

        unsigned main()

Finishing ...


noodle user time   =    1.62 s  /     1.56 s 	7_1
noodle system time =    0.39 s  /     0.34 s 	7_1
noodle real time   =    2.02 s  /     1.91 s 	7_1

chess-backend 7_1-main_ me /media/4T/xilinx/Vitis/2023.2/aietools/data/versal_prod/lib +H/media/4T/xilinx/Vitis/2023.2/aietools/data/versal_prod/lib/elongation -x --print-subtools --cosel -v -m +ef -M3 -S1024 --amnesia -v -p12 -q2 -eAM -rCLH -fR=2 +Oearly-fanout-complex +Odhls -Ono-prune-mappings +Oexcc +Oprefer-local-reg-moves -Ono-collapse-bundles --mist1 -v -k110 --showcolor -v -b --mist2 -v -D__AIENGINE__ -D__AIE_ARCH__=10 -DDEPLOYMENT_ELF=1 -D__LOCK_FENCE_MODE__=0 -DAIE_OPTION_SCALAR_FLOAT_ON_VECTOR -D__tct_tgt__=230622 +Omodo -k110 +Omsbr=2000 +Opnll +A +pnopALU +pnopLDA +pnopLDB +pnopSTS +pnopVEC +Ofexm +Onzmem +Ono-mapping-backtracking +Oalways-check-exec-paths +Omodulo-scheduling-minimize-folding-index +Omodulo-scheduling-lookahead-critical-transitory-class=AcqLdaRsrc_ID,AcqLdbRsrc_ID:2 +Odisable-spill-instr-class=LR_short_spill +Odisaggr-record-accesses +Oslr=crUPSMode +Oslr=crSRSMode -ggraph --tale -v -g -D__AIENGINE__ -D__AIE_ARCH__=10 -DDEPLOYMENT_ELF=1 -D__LOCK_FENCE_MODE__=0 -DAIE_OPTION_SCALAR_FLOAT_ON_VECTOR -D__tct_tgt__=230622 -V7_1 -L
chess-backend --gvt me /media/4T/xilinx/Vitis/2023.2/aietools/data/versal_prod/lib +H/media/4T/xilinx/Vitis/2023.2/aietools/data/versal_prod/lib/elongation --tale -v -g -D__AIENGINE__ -D__AIE_ARCH__=10 -DDEPLOYMENT_ELF=1 -D__LOCK_FENCE_MODE__=0 -DAIE_OPTION_SCALAR_FLOAT_ON_VECTOR -D__tct_tgt__=230622 -V7_1 -L
--cosel -v -m +ef -M3 -S1024 --common 7_1-main_ me /media/4T/xilinx/Vitis/2023.2/aietools/data/versal_prod/lib +H/media/4T/xilinx/Vitis/2023.2/aietools/data/versal_prod/lib/elongation -x
Release: ASIP Programmer  U-2022.12-TGT-230622 
Tool: cosel version U-2022.12#3eec2545bc#230622
Copyright 2014-2022 Synopsys, Inc.
This Synopsys software and all associated documentation are proprietary to
Synopsys, Inc. and may only be used pursuant to the terms and conditions of a
written license agreement with Synopsys, Inc. All other use, reproduction,
modification, or distribution of the Synopsys software or the associated
documentation is strictly prohibited.


Release: ASIP Programmer  U-2022.12-TGT-230622 
Tool: tale version U-2022.12#3eec2545bc#230622
Copyright 2014-2022 Synopsys, Inc.
This Synopsys software and all associated documentation are proprietary to
Synopsys, Inc. and may only be used pursuant to the terms and conditions of a
written license agreement with Synopsys, Inc. All other use, reproduction,
modification, or distribution of the Synopsys software or the associated
documentation is strictly prohibited.


Checking ...

Reading enablings from: /media/4T/xilinx/Vitis/2023.2/aietools/data/versal_prod/lib//isg/me_chess.ena
Reading LIB/ISG from: /media/4T/xilinx/Vitis/2023.2/aietools/data/versal_prod/lib//isg/me.isb
Reading LIB/ISG from: /media/4T/xilinx/Vitis/2023.2/aietools/data/versal_prod/lib//isg/me_chess.lib
Reading LIB/ISG from: 7_1.lib
Reading elongation rules from: /media/4T/xilinx/Vitis/2023.2/aietools/data/versal_prod/lib/elongation
Reading relocators from: /media/4T/xilinx/Vitis/2023.2/aietools/data/versal_prod/lib//isg/me.rlo with command tct_gcpp3 -nostdinc -nostdinc++ -lang-asm  -D'__AIENGINE__' -D'__AIE_ARCH__=10' -D'DEPLOYMENT_ELF=1' -D'__LOCK_FENCE_MODE__=0' -D'AIE_OPTION_SCALAR_FLOAT_ON_VECTOR' -D'__tct_tgt__=230622' -I'/media/4T/xilinx/Vitis/2023.2/aietools/data/versal_prod/lib/' -I'/media/4T/xilinx/Vitis/2023.2/aietools/data/versal_prod/lib//isg/'
Reading DSFG from: ../Release/chesswork/hdiff_lap.sfg

Translating ...

Reading DSFG from: 7_1.gvt
Reading initial values from: 7_1.ini
Reading initial values from: 7_1.sfg
        void hdiff_lap(void *, void *, void *, void *, void *, void *, void *, void *, void *)
Reading Dwarf register-list from file '/media/4T/xilinx/Vitis/2023.2/aietools/data/versal_prod/lib/isg/me_regs.txt' ...
Reading Dwarf register ID's from file '/media/4T/xilinx/Vitis/2023.2/aietools/data/versal_prod/lib/isg/me_regid.txt' ...

Dumping object file '7_1.gvt.o' in ELF format with DWARF debug information (1)

tale user time   =    0.04 s  /     0.00 s 	7_1
tale system time =    0.03 s  /     0.01 s 	7_1
tale real time   =    0.06 s  /     0.00 s 	7_1

Reading enablings from: /media/4T/xilinx/Vitis/2023.2/aietools/data/versal_prod/lib/isg/me_chess.ena
Reading LIB/ISG/NML from: /media/4T/xilinx/Vitis/2023.2/aietools/data/versal_prod/lib/isg/me.isb
Reading LIB/ISG from: /media/4T/xilinx/Vitis/2023.2/aietools/data/versal_prod/lib/isg/me_chess.lib
Reading LIB/ISG from: /media/4T/xilinx/Vitis/2023.2/aietools/data/versal_prod/lib/isg/me_chess_bndl.isg
Reading LIB/ISG from: /media/4T/xilinx/Vitis/2023.2/aietools/data/versal_prod/lib/isg/me_chess_dr.isg
Reading DSFG from: 7_1-main_.sfg
Collecting static variable register operations...


**** Bundling `F_main' ****

Finishing ...


noodle user time   =    1.60 s  /     1.54 s 	hdiff_lap
noodle system time =    0.37 s  /     0.34 s 	hdiff_lap
noodle real time   =    1.98 s  /     1.89 s 	hdiff_lap

chess-backend hdiff_lap-Fhdiff_lap_ me /media/4T/xilinx/Vitis/2023.2/aietools/data/versal_prod/lib +H/media/4T/xilinx/Vitis/2023.2/aietools/data/versal_prod/lib/elongation -x --print-subtools --cosel -v -m +ef -M3 -S1024 --amnesia -v -p12 -q2 -eAM -rCLH -fR=2 +Oearly-fanout-complex +Odhls -Ono-prune-mappings +Oexcc +Oprefer-local-reg-moves -Ono-collapse-bundles --mist1 -v -k110 --showcolor -v -b --mist2 -v -D__AIENGINE__ -D__AIE_ARCH__=10 -DDEPLOYMENT_ELF=1 -D__LOCK_FENCE_MODE__=0 -DAIE_OPTION_SCALAR_FLOAT_ON_VECTOR -D__tct_tgt__=230622 +Omodo -k110 +Omsbr=2000 +Opnll +A +pnopALU +pnopLDA +pnopLDB +pnopSTS +pnopVEC +Ofexm +Onzmem +Ono-mapping-backtracking +Oalways-check-exec-paths +Omodulo-scheduling-minimize-folding-index +Omodulo-scheduling-lookahead-critical-transitory-class=AcqLdaRsrc_ID,AcqLdbRsrc_ID:2 +Odisable-spill-instr-class=LR_short_spill +Odisaggr-record-accesses +Oslr=crUPSMode +Oslr=crSRSMode -ggraph --tale -v -g -D__AIENGINE__ -D__AIE_ARCH__=10 -DDEPLOYMENT_ELF=1 -D__LOCK_FENCE_MODE__=0 -DAIE_OPTION_SCALAR_FLOAT_ON_VECTOR -D__tct_tgt__=230622 -Vhdiff_lap -L
chess-backend --gvt me /media/4T/xilinx/Vitis/2023.2/aietools/data/versal_prod/lib +H/media/4T/xilinx/Vitis/2023.2/aietools/data/versal_prod/lib/elongation --tale -v -g -D__AIENGINE__ -D__AIE_ARCH__=10 -DDEPLOYMENT_ELF=1 -D__LOCK_FENCE_MODE__=0 -DAIE_OPTION_SCALAR_FLOAT_ON_VECTOR -D__tct_tgt__=230622 -Vhdiff_lap -L

   macro #192 (4 opn)
      matching... (4 p) (7 P)
      covering... (4 its) (cost 3509.952)

   macro #1014 (7 opn)
      matching... --cosel -v -m +ef -M3 -S1024 --common hdiff_lap-Fhdiff_lap_ me /media/4T/xilinx/Vitis/2023.2/aietools/data/versal_prod/lib +H/media/4T/xilinx/Vitis/2023.2/aietools/data/versal_prod/lib/elongation -x
Release: ASIP Programmer  U-2022.12-TGT-230622 
Tool: cosel version U-2022.12#3eec2545bc#230622
Copyright 2014-2022 Synopsys, Inc.
This Synopsys software and all associated documentation are proprietary to
Synopsys, Inc. and may only be used pursuant to the terms and conditions of a
written license agreement with Synopsys, Inc. All other use, reproduction,
modification, or distribution of the Synopsys software or the associated
documentation is strictly prohibited.


(7 p) (19 P)
      covering... (5 its) (cost 3541.075)

   macro #188 (2 opn)
      matching... (1 p) (2 P)
      covering... (1 its) (cost 1180.021)

   macro #2776 (1 opn)
      matching... (2 p) (2 P)
      covering... (2 its) (cost 1180.020)

   macro #2752 (141 opn)
      matching... Release: ASIP Programmer  U-2022.12-TGT-230622 
Tool: tale version U-2022.12#3eec2545bc#230622
Copyright 2014-2022 Synopsys, Inc.
This Synopsys software and all associated documentation are proprietary to
Synopsys, Inc. and may only be used pursuant to the terms and conditions of a
written license agreement with Synopsys, Inc. All other use, reproduction,
modification, or distribution of the Synopsys software or the associated
documentation is strictly prohibited.

(151 p) (793 P)
      covering... (95 its) (cost 68994.484)

   macro #181 (3 opn)
      matching... (1 p) (3 P)
      covering... (1 its) (cost 1190.021)

   macro #177 (3 opn)
      matching... (1 p) (3 P)
      covering... (1 its) (cost 1190.021)

   macro #171 (3 opn)
      matching... (1 p) (3 P)
      covering... (1 its) (cost 1190.021)

   macro #165 (3 opn)
      matching... (1 p) (3 P)
      covering... (1 its) (cost 1190.021)

   macro #159 (3 opn)
      matching... (1 p) (3 P)
      covering... (1 its) (cost 1190.021)

   macro #153 (3 opn)
      matching... (1 p) (3 P)
      covering... (1 its) (cost 1190.021)

   macro #147 (3 opn)
      matching... (1 p) (3 P)
      covering... (1 its) (cost 1190.021)

   macro #141 (3 opn)
      matching... (1 p) (3 P)
      covering... (1 its) (cost 1190.021)

   macro #135 (3 opn)
      matching... (1 p) (3 P)
      covering... (1 its) (cost 1190.021)

   macro #489 (1 opn)
      matching... (2 p) (2 P)
      covering... (2 its) (cost 1190.021)

   macro #125 (3 opn)
      matching... (1 p) (3 P)
      covering... (1 its) (cost 1190.021)

   macro #121 (3 opn)
      matching... (1 p) (3 P)
      covering... (1 its) (cost 1190.021)

   macro #115 (3 opn)
      matching... (1 p) (3 P)
      covering... (1 its) (cost 1190.021)

   macro #109 (3 opn)
      matching... (1 p) (3 P)
      covering... (1 its) (cost 1190.021)

   macro #103 (3 opn)
      matching... (1 p) (3 P)
      covering... (1 its) (cost 1190.021)

   macro #97 (3 opn)
      matching... (1 p) (3 P)
      covering... (1 its) (cost 1190.021)

   macro #91 (3 opn)
      matching... (1 p) (3 P)
      covering... (1 its) (cost 1190.021)

   macro #85 (3 opn)
      matching... (1 p) (3 P)
      covering... (1 its) (cost 1190.021)

   macro #79 (3 opn)
      matching... (1 p) (3 P)
      covering... (1 its) (cost 1190.021)

   macro #2629 (5 opn)
      matching... (5 p) (7 P)
      covering... (3 its) (cost 2359.064)

   macro #1993 (425 opn)
      matching... Reading enablings from: /media/4T/xilinx/Vitis/2023.2/aietools/data/versal_prod/lib//isg/me_chess.ena
Reading LIB/ISG from: /media/4T/xilinx/Vitis/2023.2/aietools/data/versal_prod/lib//isg/me.isb
Reading LIB/ISG from: /media/4T/xilinx/Vitis/2023.2/aietools/data/versal_prod/lib//isg/me_chess.lib
Reading LIB/ISG from: hdiff_lap.lib
Reading elongation rules from: /media/4T/xilinx/Vitis/2023.2/aietools/data/versal_prod/lib/elongation
Reading relocators from: /media/4T/xilinx/Vitis/2023.2/aietools/data/versal_prod/lib//isg/me.rlo with command tct_gcpp3 -nostdinc -nostdinc++ -lang-asm  -D'__AIENGINE__' -D'__AIE_ARCH__=10' -D'DEPLOYMENT_ELF=1' -D'__LOCK_FENCE_MODE__=0' -D'AIE_OPTION_SCALAR_FLOAT_ON_VECTOR' -D'__tct_tgt__=230622' -I'/media/4T/xilinx/Vitis/2023.2/aietools/data/versal_prod/lib/' -I'/media/4T/xilinx/Vitis/2023.2/aietools/data/versal_prod/lib//isg/'
Reading DSFG from: hdiff_lap.gvt
Reading initial values from: hdiff_lap.ini
Reading initial values from: hdiff_lap.sfg
Reading Dwarf register-list from file '/media/4T/xilinx/Vitis/2023.2/aietools/data/versal_prod/lib/isg/me_regs.txt' ...
Reading Dwarf register ID's from file '/media/4T/xilinx/Vitis/2023.2/aietools/data/versal_prod/lib/isg/me_regid.txt' ...

Dumping object file 'hdiff_lap.gvt.o' in ELF format with DWARF debug information (1)

tale user time   =    0.04 s  /     0.00 s 	hdiff_lap
tale system time =    0.03 s  /     0.01 s 	hdiff_lap
tale real time   =    0.07 s  /     0.00 s 	hdiff_lap

Reading enablings from: /media/4T/xilinx/Vitis/2023.2/aietools/data/versal_prod/lib/isg/me_chess.ena
Reading LIB/ISG/NML from: /media/4T/xilinx/Vitis/2023.2/aietools/data/versal_prod/lib/isg/me.isb
Reading LIB/ISG from: /media/4T/xilinx/Vitis/2023.2/aietools/data/versal_prod/lib/isg/me_chess.lib
Reading LIB/ISG from: /media/4T/xilinx/Vitis/2023.2/aietools/data/versal_prod/lib/isg/me_chess_bndl.isg
Reading LIB/ISG from: /media/4T/xilinx/Vitis/2023.2/aietools/data/versal_prod/lib/isg/me_chess_dr.isg
Reading DSFG from: hdiff_lap-Fhdiff_lap_.sfg
Collecting static variable register operations...


**** Bundling `Fhdiff_lap' ****

   macro #210 (4 opn)
      matching... (4 p) (7 P)
      covering... (4 its) (cost 3509.952)

   macro #1656 (266 opn)
      matching... (501 p) (866 P)
      covering... (1 its) (no cover found, retrying less greedy)
      matching... (602 p) (1377 P)
      covering... 1 2 3 4 5 6 7 8 9 10 11 12 13 (157 p) (1449 P)
      covering... 14 1 2 3 15 4 5 16 6 7 17 (7419 its) (cost 88848.757)

   macro #1513 (119 opn)
      matching... 18 19 20 (20555 its) (cost 198921.942)


Total cost = 302296.957

cosel user time   =    0.74 s  /     0.69 s 	7_1-main_
cosel system time =    0.05 s  /     0.02 s 	7_1-main_
cosel real time   =    0.79 s  /     0.71 s 	7_1-main_

--amnesia -v -p12 -q2 -eAM -rCLH -fR=2 +Oearly-fanout-complex +Odhls -Ono-prune-mappings +Oexcc +Oprefer-local-reg-moves -Ono-collapse-bundles --common 7_1-main_ me /media/4T/xilinx/Vitis/2023.2/aietools/data/versal_prod/lib +H/media/4T/xilinx/Vitis/2023.2/aietools/data/versal_prod/lib/elongation -x
Release: ASIP Programmer  U-2022.12-TGT-230622 
Tool: amnesia version U-2022.12#3eec2545bc#230622
Copyright 2014-2022 Synopsys, Inc.
This Synopsys software and all associated documentation are proprietary to
Synopsys, Inc. and may only be used pursuant to the terms and conditions of a
written license agreement with Synopsys, Inc. All other use, reproduction,
modification, or distribution of the Synopsys software or the associated
documentation is strictly prohibited.

Reading interprocedural optimisation data from: 7_1-main_.flc
Reading pattern DSFGs from: /media/4T/xilinx/Vitis/2023.2/aietools/data/versal_prod/lib/isg/me_chess_dr.sfg

application DSFG routing:

**** Routing 'F_main' ****
analysing connectivity in ISG
(137 p) (390 P)
      covering... (95 its) (cost 67857.165)


Total cost = 160215.874

cosel user time   =    0.62 s  /     0.56 s 	hdiff_lap-Fhdiff_lap_
cosel system time =    0.04 s  /     0.01 s 	hdiff_lap-Fhdiff_lap_
cosel real time   =    0.66 s  /     0.57 s 	hdiff_lap-Fhdiff_lap_

--amnesia -v -p12 -q2 -eAM -rCLH -fR=2 +Oearly-fanout-complex +Odhls -Ono-prune-mappings +Oexcc +Oprefer-local-reg-moves -Ono-collapse-bundles --common hdiff_lap-Fhdiff_lap_ me /media/4T/xilinx/Vitis/2023.2/aietools/data/versal_prod/lib +H/media/4T/xilinx/Vitis/2023.2/aietools/data/versal_prod/lib/elongation -x
Release: ASIP Programmer  U-2022.12-TGT-230622 
Tool: amnesia version U-2022.12#3eec2545bc#230622
Copyright 2014-2022 Synopsys, Inc.
This Synopsys software and all associated documentation are proprietary to
Synopsys, Inc. and may only be used pursuant to the terms and conditions of a
written license agreement with Synopsys, Inc. All other use, reproduction,
modification, or distribution of the Synopsys software or the associated
documentation is strictly prohibited.

Reading interprocedural optimisation data from: hdiff_lap-Fhdiff_lap_.flc
Reading pattern DSFGs from: /media/4T/xilinx/Vitis/2023.2/aietools/data/versal_prod/lib/isg/me_chess_dr.sfg

application DSFG routing:

**** Routing 'Fhdiff_lap' ****
initial DSFG transformations
initial timing
initialise routing
dependency hazard solving

1 of 4: (136 110 97 178 165 489 126 181 74 142 116 103 171 80 148 135 122 109 177 125 86 73 154 141 128 115 92 79 160 147 121 14 2752 98 85 166 153 182 23 104 91 172 159)
(fanout-hzds) (splits:1) (fanout-hzds) (splits:1) (fanout-hzds) (splits:1) (fanout-hzds) (splits:1) (fanout-hzds) (splits:1) (fanout-hzds) (splits:1) (fanout-hzds) (splits:1) (fanout-hzds) (splits:1) (fanout-hzds) (splits:1) (seq:18) 
2 of 4: (2776 9 10 2777 24)
(fanout-hzds) (splits:1) (fanout-hzds) (splits:1) (fanout-hzds) (splits:1) (fanout-hzds) (splits:1) (fanout-hzds) (splits:1) (fanout-hzds) (splits:1) (fanout-hzds) (splits:1) (fanout-hzds) (splits:1) (fanout-hzds) (splits:1) analysing connectivity in ISG

3 of 4: (4 1014 32 185 189 2629 184 188)

4 of 4: (192 1993)
(fanout-hzds) (splits:1) (fanout-hzds) (splits:1) (fanout-hzds) (splits:1) (fanout-hzds) (splits:1) (fanout-hzds) (splits:1) (fanout-hzds) (splits:1) (fanout-hzds) (splits:1) (fanout-hzds) (splits:1) (fanout-hzds) (splits:1) (fanout-hzds) (splits:1) 
sync/offset hazards solving


time (after hazard solving) =    0.08 s

routing control inputs

routing

1 of 4 ( 14 73 79 85 91 97 103 109 115 121 125 489 135 141 147 153 159 165 171 177 181 2752 23 )
# uses: 173 +1 +1 +1 +1 +1 +1 +1 +1 +1 +1 +3 +3 +3 +3 +3 +3 +3 +3 +3 (P)+1 +1 +1 +1 (R:t)-1 1 1 1 1 1 1 1 +1 (R:t)-1 1 1 1 1 1 1 1 +1 (R:t)-1 1 1 1 1 1 1 1 +1 (R:t)-1 1 1 1 1 1 initial DSFG transformations
1 1 +1 (R:t)-1 1 1 1 1 initial timing
1 1 initialise routing
1 dependency hazard solving

1 of 2: (4 1656 13)
(seq:2) (seq:3) +1 
2 of 2: (1513 210)
(R:t)-1 1 
sync/offset hazards solving
1 1 

time (after hazard solving) =    0.08 s

routing control inputs

routing
1 1 
1 of 2 ( 4 1656 13 )
# uses: 398 +1 1 +4 (R0:t)-1 1 +3 (P)(rlx +1)(P)+1 +1 +1 +1 +1 +1 +4 / +/ +512 / ++3 (P)-1 1 1 32 1 1 1 1 1 1 1 1 1 1 1 1 1 1 1 1 1 1 1 1 1 1 1 1 1 1 1 1 1 6 (P)-+1 1 1 1 1 1 1 1 1 1 1 1 1 1 1 1 1 1 1 1 1 1 1 1 1 1 1 1 1 1 1 1 6 (CLH:t)-1 1 +1 +1 +1 / ++1 +1 +1 +4 64 +3 (P)+-2 1 1 +1 1 1 1 +1 1 1 1 1 1 1 1 1 1 1 1 1 1 1 1 1 1 1 1 1 1 1 1 1 1 1 6 (CLH:t)-1 1 +1 +1 +1 +1 +1 +1 +4 / +/ +/ +96 +3 +1 +1 +1 +1 +1 +1 +4 +1 +1 +1 +1 +1 +1 +1 +/ ++3 (P:t)-1 1 1 1 1 1 +1 +1 +1 +1 +1 +1 +4 192 / +48 ++3 (P:t)-1 1 1 1 1 1 +1 +1 +1 +1 +1 +1 +4 384 / +64 +3 (P:t)-1 1 1 1 1 1 +1 +1 +1 +1 +1 +1 +4 +192 / +32 +3 (P:t)-1 1 1 1 1 1 +1 +1 +1 +1 +1 +1 +4 +2 +1 +1 +1 (VDH0)+1 ++3 (P:t)-1 1 1 1 1 1 +1 +1 +1 +1 +1 (P)64 +1 +4 +1 +1 (R:t)-1 1 1 1 1 1 1 1 +1 +1 +1 +1 +4 +1 +96 +4 +1 +1 (VH)+1 +1 +1 +1 +1 ++4 16 +4 (VDH0)(VRH0)(VRH0)+1 +64 +4 +1 +96 +4 (R)+4 +1 +1 (VH)+1 +1 +1 +8 +1 +2 +1 (VH)+1 +2 +2 +1 +2 +2 +1 (VDH0)(VRH0)(VCH0)(VRH2)+1 +8 +2 +4 +2 +1 +1 +1 +1 +2 +8 (R)+4 +1 +1 +24 +1 +2 +1 +1 +2 +2 +1 (VDH0)(VRH0)(VCH0)(VDH0)(VRH0)(VRH2)+1 +8 +4 +4 +2 +4 +1 +1 (VRH0)(VRH0)+(R)+4 96 (R)+2 (R)+1 +1 +1 (P)+1 (R:t)-1 4 1 1 1 1 1 1 (R)+1 +1 +1 +1 +1 (R:t)-1 4 1 1 1 1 1 1 +1 +1 +1 +1 +1 (R:t)-1 4 1 1 1 1 1 1 (R)+1 +1 +1 +1 (R:t)-1 4 1 1 1 1 1 1 +1 +1 +1 +1 +1 +1 (R:t)-1 4 1 1 1 1 1 1 +4 (R)+2 +1 (R:t)-1 4 +2 +1 1 1 +1 +1 1 1 +1 1 +1 2 +1 +(R)4 +1 (R:t)-+1 +1 1 1 1 4 1 1 1 1 +1 (R:t)-+1 1 1 1 1 +1 1 1 1 1 +2 +2 +1 (R)(VDH0)(VCH0)(AMH)(VDH0)(VRH0)(VRH2)-2 +1 (R:t)-1 9 1 1 1 1 1 1 1 +1 (R:t)-9 1 1 1 1 1 1 1 1 3 (R)6 1 +1 (R:t)-1 4 (VRH2)1 1 1 1 +1 1 1 +4 (R)+2 +1 (R:t)-1 4 +1 (VRH0)1 1 1 1 (VRH0)(rlx +1)(VRH0)1 1 +1 (R)(VRH0)-1 1 1 (VRH0)+1 (R:t)-1 1 1 1 +1 1 1 1 +1 4 +1 (R:t)-1 1 +1 1 1 +1 1 1 (VDH0)1 1 (VDH0)+1 (R)(VDH0)-1 1 1 +1 (R:t)-1 4 1 (VDH0)1 1 1 1 1 +1 +1 (R)+1 +1 +1 (R:t)-1 4 ++++++++++++++++++++++++++++++++++++++++++++++++++++++++++++1 ++++++++++++++1 1 1 1 1 +++++++++1 +++++++++++++++++++++++1 ++++++++++++++++++++++++1 (R)++++++++++++++++++++++1 (VCH)-1 1 1 2 +1 (R:t)-1 1 1 1 1 1 1 1 +1 +1 (R:t)-1 1 1 1 1 +1 1 1 1 +1 (R)+1 (R:t)-1 4 +1 1 1 1 1 1 1 +1 (R)+1 +1 (R:t)-1 4 1 1 +1 1 1 1 1 +1 (R)+1 +1 (R:t)-1 1 1 1 1 1 +1 1 1 +1 (R:t)-1 +1 1 1 1 1 1 1 1 +1 (R)+1 +1 +1 +1 (R:t)-1 4 1 1 +1 1 1 1 1 +1 (R)(VCH)+1 +1 (R:t)-1 (VCH)4 1 1 1 +1 1 1 1 +++++++++++1 ++++++++++(R)1 ++++++++1 ++++++1 ++++++1 +1 (R:t)-1 1 1 1 +++++1 1 1 1 1 (VCH)-1 1 1 2 (R)+1 (R:t)-1 1 1 1 1 1 +1 1 1 (R)+1 +1 +1 +1 +++++1 ++++1 +++++1 1 (R:t)-1 4 ++++1 1 1 1 1 1 1 ++++1 +++1 (R)+++1 +++1 +++1 +1 (R:t)-+1 +1 4 1 1 ++1 1 1 1 1 ++1 (P)(R)++1 (P)++1 (P)-1 1 +1 (R:t)1 -1 1 1 1 1 1 1 1 1 1 1 1 1 1 1 1 1 1 1 1 1 1 1 1 1 1 1 1 1 1 1 1 1 1 2 2 1 +1 1 (R:t)-1 1 1 1 1 (P)1 +1 1 1 (P)+1 (R)(P)-1 1 1 1 1 1 1 1 1 1 +1 1 (R:t)-1 1 1 1 1 4 1 1 1 1 1 1 1 1 1 1 1 1 1 1 1 1 1 2 1 2 1 1 1 1 (P)+1 (R)(P)-1 1 1 1 +1 1 1 (R:t)-1 1 1 4 1 1 1 1 1 1 1 1 1 1 1 1 1 1 1 1 1 1 1 1 1 2 2 1 1 1 1 3 1 2 1 (R)+1 (P)-1 1 1 1 1 1 1 1 1 1 +1 1 1 (R:t)-1 1 1 1 1 1 1 1 1 1 1 1 1 1 1 1 1 1 2 1 2 1 1 1 1 3 1 2 1 (P)(R)++1 +1 (R:t)-1 1 +1 1 1 1 1 1 +1 1 +1 (R)+1 +1 +1 +(R:t)-1 1 4 1 +1 1 1 1 1 1 +1 +1 (R)+1 +1 +1 (CS)-1 1 +1 1 1 (R:t)-1 1 1 1 1 4 1 1 1 1 1 1 1 1 1 1 1 1 1 1 1 1 1 1 1 1 1 1 1 1 1 1 1 1 1 1 1 (CS)-1 1 1 (R)3 1 1 1 1 1 1 1 1 1 +1 1 1 1 (R:t)-1 1 1 1 1 1 1 1 1 1 1 1 1 1 1 1 1 1 1 1 1 1 1 1 1 (CS)+1 +1 (R:t)-(CB)1 -1 1 1 1 1 1 1 1 1 1 1 1 1 1 1 1 1 1 1 1 1 1 1 1 1 1 1 1 1 1 1 1 1 1 1 1 1 1 1 1 (CB)-1 1 1 (R)1 1 1 1 1 1 1 1 1 1 1 1 1 1 1 1 1 1 1 1 1 1 1 1 1 1 1 1 1 1 (CB)+1 (CS)-1 1 1 3 1 1 1 1 1 1 1 1 1 1 1 1 1 1 1 1 1 1 1 1 1 1 1 1 1 1 1 1 1 (CS)(check) (check) (P)(P)


2 of 4 ( 4 2629 9 2777 2776 24 184 188 1014 32 )
# uses: 66 +1 +1 +1 +1 +1 +1 +1 +1 +1 +1 +1 +1 +

1 
2 of 2 ( 1513 210 )
# uses: 110 ++1 +1 +6 1 +1 ++1 +12 4 +1 +1 +1 +1 +1 +1 +1 ++1 +1 +1 +1 +1 +1 3 +1 +1 ++1 +1 3 +1 +1 ++2 1 ++1 2 +1 +1 ++1 6 +1 (P)+1 +1 ++1 2 +1 +1 +1 +1 +1 ++1 1 +1 +1 ++1 +1 +1 +1 +1 +1 +1 +1 (P)+1 +1 +1 +1 (P)+1 +1 +1 (check) (R)
# floating moves to bind: 8



3 of 4 ( 10 )
# uses: 35 +1 +1 +1 +1 +1 +1 +1 +1 +1 +1 (rlx +1)1 +1 +1 +1 +1 +1 +1 +1 +1 +1 +1 +1 +1 +1 +1 +1 +1 +1 +1 +1 +1 +1 +1 +1 +1 +1 (check) 


4 of 4 ( 1993 192 )
# uses: 193 +1 +1 +1 +3 +3 +3 +3 +3 +3 +1 +9 +1 +1 +1 +1 +1 +192 9 +3 +3 +3 +3 +1 +3 +3 (P)+3 (P)+1 +1 +1 +1 +1 +1 +1 +1 +1 +1 +1 +1 +1 +1 +12 +1 +1 +1 +1 (P)+1 (P)++1 1 ++1 +1 +4 +1 +1 +1 +1 +1 +1 +1 +1 +1 +1 +1 +1 +1 +1 +1 +1 +1 +8 +1 +1 +1 +1 +1 +1 +1 +1 +1 +1 +1 +1 +1 +1 +1 +1 +1 +1 +1 +1 +1 +3 +1 +1 +1 +1 +1 +3 +1 +1 +1 +1 +1 +3 +1 +1 +1 +1 +3 +1 +1 +1 192 +1 +3 (R)+1 +1 +1 +1 +3 +1 +1 +1 +1 +3 (R)+1 +1 +1 +1 +3 +1 +1 +1 +1 +3 (R)+1 +1 +1 +1 +3 (R)+1 +1 +3 (R)+1 +3 +1 +3 +1 +3 (R)(R)++1 +3 +1 +3 (R)(R)+1 +3 128 +1 +3 (R)(R)+1 +3 +1 +3 (R)(R)+1 +3 +1 +3 (R)(R)++1 +3 +1 +3 (R)(R)+1 +3 +1 +3 128 (R)(R)+1 +3 +1 +3 +1 +8 +8 (R)(R)++8 96 (R)(R)+8 +8 (R)+(R)+8 96 (R)(R)+8 +8 (R)(R)+1 +1 +1 +1 +1 (M)+1 (M)+1 (M)+3 (M)+1 +3 (M)+1 +1 +1 +1 +1 +1 +1 +1 +1 +1 +1 +2 +(M)+1 (M)(M)+3 +5 (check) (P)(R)128 / +


final flow graph transformations
64 Removing dead operations ...Expanding complex patterns ...Creating 'dr_move' opns ...
number of 'reduced cluster size' : 0

amnesia user time   =    1.26 s  /     1.26 s 	7_1-main_
amnesia system time =    0.01 s  /     0.01 s 	7_1-main_
amnesia real time   =    1.28 s  /     1.28 s 	7_1-main_

+--mist1 -v -k110 --common 7_1-main_ me /media/4T/xilinx/Vitis/2023.2/aietools/data/versal_prod/lib +H/media/4T/xilinx/Vitis/2023.2/aietools/data/versal_prod/lib/elongation -x
Release: ASIP Programmer  U-2022.12-TGT-230622 
Tool: mist version U-2022.12#3eec2545bc#230622
Copyright 2014-2022 Synopsys, Inc.
This Synopsys software and all associated documentation are proprietary to
Synopsys, Inc. and may only be used pursuant to the terms and conditions of a
written license agreement with Synopsys, Inc. All other use, reproduction,
modification, or distribution of the Synopsys software or the associated
documentation is strictly prohibited.

Mist1 : side effect checking is disabled
Using nop instruction classes specified in me_chess.lib

NOTICE: no instructions are printed in error nor debugfile,
        because the instruction length > 100

96 
NOTE : maximum range of occupy-stages for transitories = 8

looking up standalone NOP instruction
+1 +1 +1 (R:t)-1 1 1 1 1 1 1 1 1 +1 (P:t)-1 1 1 +1 (P:t)-1 1 1 +3 +1 +1 +3 +1 +1 +
Compiling all mappings: 0%..3 +1 +1 +3 +1 10%..+1 +3 20%..+1 +1 30%..+3 40%..+1 50%..+1 +3 +1 60%..(P)+1 +70%..6 +80%..90%..100%

adding manifest flow nodes ...

Constructing flow graphs ...
Scheduling basic blocks ...
scheduling macro #79     	-> # cycles: 1 
scheduling macro #85     	-> # cycles: 4 
scheduling macro #91     	-> # cycles: 4 
scheduling macro #97     	-> # cycles: 4 
scheduling macro #103     	-> # cycles: 4 
scheduling macro #109     	-> # cycles: 4 
scheduling macro #115     	-> # cycles: 4 
scheduling macro #121     	-> # cycles: 4 
scheduling macro #125     	-> # cycles: 4 
scheduling macro #489     	-> # cycles: 11 
scheduling macro #135     	-> # cycles: 10 
scheduling macro #141     	-> # cycles: 2 
scheduling macro #147     	-> # cycles: 4 
scheduling macro #153     	-> # cycles: 4 
scheduling macro #159     	-> # cycles: 4 
scheduling macro #165     	-> # cycles: 4 
scheduling macro #171     	-> # cycles: 4 
scheduling macro #177     	-> # cycles: 4 
scheduling macro #181     	-> # cycles: 4 
scheduling macro #2752     	-> # cycles: 96 58 
scheduling macro #2629     	-> # cycles: 14 
scheduling macro #10     	-> # cycles: 1 
scheduling macro #2777     	-> # cycles: 8 
scheduling macro #2776     	-> # cycles: 7 
scheduling macro #188     	-> # cycles: 9 
scheduling macro #1014     	-> # cycles: 20 
+48 scheduling macro #1993     	-> # cycles: +48 +1 (P)+1 +72 +1 +1 +1 +1 (P)+1 (P)+36 137 
+12 +1 (P)+1 +6 +1 +1 +1 +1 (P)+1 +1 (VDH0)(P)+1 (VDH0)-scheduling macro #192     	-> # cycles: 1 1 1 1 (VDH0)-1 1 1 14 

Total number of cycles = 352

Checking data/anti-dependencies beyond basic block boundaries
Checking resource conflicts beyond basic block boundaries
(VDH0)-1 1 1 (VDH0)-1 1 
mist1 user time   =    0.17 s  /     0.17 s 	7_1-main_
mist1 system time =    0.01 s  /     0.01 s 	7_1-main_
mist1 real time   =    0.18 s  /     0.18 s 	7_1-main_

--showcolor -v -b --common 7_1-main_ me /media/4T/xilinx/Vitis/2023.2/aietools/data/versal_prod/lib +H/media/4T/xilinx/Vitis/2023.2/aietools/data/versal_prod/lib/elongation -x
Release: 1 ASIP Programmer  U-2022.12-TGT-230622 
Tool: showcolor version U-2022.12#3eec2545bc#230622
Copyright 2014-2022 Synopsys, Inc.
This Synopsys software and all associated documentation are proprietary to
Synopsys, Inc. and may only be used pursuant to the terms and conditions of a
written license agreement with Synopsys, Inc. All other use, reproduction,
modification, or distribution of the Synopsys software or the associated
documentation is strictly prohibited.

Reading pattern DSFGs from: /media/4T/xilinx/Vitis/2023.2/aietools/data/versal_prod/lib/isg/me_chess_dr.sfg
(VDH0)+1 +1 (P)initialisation
(rlx +32)(P)+1 +3 +1 +1 +1 (P)+1 (P)+3 +1 +3 +1 (P)+1 (P)+3 +9 +8 +1 +3 +3 +3 +1 +1 +3 +3 (check) (P)


final flow graph transformations
Removing dead operations ...Expanding complex patterns ...expanding 12 complex patterns (4 loads 4 stores 4 constants )
upgraded carrier of signal _cst.10833,__rt.10835 to R
collect coupled operands: ..........Creating 'dr_move' opns ....................
number of 'reduced cluster size' : 4
.
amnesia user time   =    1.44 s  /     1.43 s 	hdiff_lap-Fhdiff_lap_
amnesia system time =    0.02 s  /     0.02 s 	hdiff_lap-Fhdiff_lap_
amnesia real time   =    1.44 s  /     1.44 s 	hdiff_lap-Fhdiff_lap_

..--mist1 -v -k110 --common hdiff_lap-Fhdiff_lap_ me /media/4T/xilinx/Vitis/2023.2/aietools/data/versal_prod/lib +H/media/4T/xilinx/Vitis/2023.2/aietools/data/versal_prod/lib/elongation -x
Release: ASIP Programmer  U-2022.12-TGT-230622 
Tool: mist version U-2022.12#3eec2545bc#230622
Copyright 2014-2022 Synopsys, Inc.
This Synopsys software and all associated documentation are proprietary to
Synopsys, Inc. and may only be used pursuant to the terms and conditions of a
written license agreement with Synopsys, Inc. All other use, reproduction,
modification, or distribution of the Synopsys software or the associated
documentation is strictly prohibited.

..Mist1 : side effect checking is disabled
Using nop instruction classes specified in me_chess.lib

NOTICE: no instructions are printed in error nor debugfile,
        because the instruction length > 100

...........................................................................................................................................................................................................................................................................................................................................................
  48 couplings found
collect RMW pairs: C LR M
NOTE : maximum range of occupy-stages for transitories = 8

looking up standalone NOP instruction
 P R
Compiling all mappings: 0%..10%..20%..30%.. SP40%..50%.. mcCarry
register: C {CL CH}
	rmw pairs: 0
60%..70%..80%..90%..100%

adding manifest flow nodes ...

Constructing flow graphs ...
	assigning fields: CL[0] CH[0]Scheduling basic blocks ...
 CH[1] CL[1] CH[2] CL[2] CL[3]
HW do-loop #1656 in "/media/4T/home/xianyijiang/my_sparta/aie/./ProcessUnit/hdiff_lap.cc", line 40: (loop #3) :
critical cycle of length 123 : b55 -> b57 -> b69 -> b70 -> b74 -> b76 -> b83 -> b86 -> b88 -> b93 -> b94 -> b96 -> b101 -> b102 -> b106 -> b107 -> b112 -> b113 -> b114 -> b530 -> b71 -> b73 -> b75 -> b81 -> b119 -> b121 -> b534 -> b84 -> b85 -> b535 -> b536 -> b122 -> b82 -> b87 -> b92 -> b391 -> b95 -> b103 -> b104 -> b403 -> b55
minimum length due to resources: 31
scheduling HW do-loop #1656     	-> # cycles:  CH[3] CH[4] CL[4] CH[5] CL[5] CL[6]
	postbalancing   : none
	rematerialising : 0 moves

register: LR
	assigning fields:
	postbalancing   : none
	rematerialising : 0 moves

register: M
	rmw pairs: 0
	assigning fields: 0 1 2 3 4 5 6136 
  -> HW do-loop #1656 in "/media/4T/home/xianyijiang/my_sparta/aie/./ProcessUnit/hdiff_lap.cc", line 133: (loop #3) : 136 cycles
 7
	postbalancing   : none
	rematerialising : 0 moves

register: P
	rmw pairs: 48
	coalescing      : ............................................scheduling macro #1513     	-> # cycles: ....
                          8 rmw fanout splits
	solving hazards : +(limit 1)+
	  -> 10 splits
	assigning fields: 6 7 1 2 353 
 5 0 4
	postbalancing   : none
	rematerialising : 0 moves

register: R
	rmw pairs: 0
	solving hazards : +scheduling macro #210     	-> # cycles: 8 

Total number of cycles = 197

Checking data/anti-dependencies beyond basic block boundaries
Checking resource conflicts beyond basic block boundaries

mist1 user time   =    0.09 s  /     0.09 s 	hdiff_lap-Fhdiff_lap_
mist1 system time =    0.00 s  /     0.00 s 	hdiff_lap-Fhdiff_lap_
mist1 real time   =    0.10 s  /     0.10 s 	hdiff_lap-Fhdiff_lap_

--showcolor -v -b --common hdiff_lap-Fhdiff_lap_ me /media/4T/xilinx/Vitis/2023.2/aietools/data/versal_prod/lib +H/media/4T/xilinx/Vitis/2023.2/aietools/data/versal_prod/lib/elongation -x
Release: ASIP Programmer  U-2022.12-TGT-230622 
Tool: showcolor version U-2022.12#3eec2545bc#230622
Copyright 2014-2022 Synopsys, Inc.
This Synopsys software and all associated documentation are proprietary to
Synopsys, Inc. and may only be used pursuant to the terms and conditions of a
written license agreement with Synopsys, Inc. All other use, reproduction,
modification, or distribution of the Synopsys software or the associated
documentation is strictly prohibited.

Reading pattern DSFGs from: /media/4T/xilinx/Vitis/2023.2/aietools/data/versal_prod/lib/isg/me_chess_dr.sfg

	  -> 1 splits
	assigning fields: 12initialisation
(limit 1)  13(limit 1)  14(limit 1)  15(limit 1)  10 11upgraded carrier of signal _cst.3892 to CLH
upgraded carrier of signal _cst.3894 to CLH
upgraded carrier of signal __ct_1048576.3896 to CLH
upgraded carrier of signal __ct_1687552.3898 to CLH
 8collect coupled operands: ....(limit 1)  9.....(limit 1)  5.....(limit 1) . 6.......(limit 1) . 7... 4.....x. 1.. 2. 3... 0..
	extra splits during assignment: 1
	postbalancing   : none
...................	rematerialising : .............................................................+..............................+ 2 ra_moves

register: SP
..	assigning fields:
	rematerialising : 0 moves

........register: mcCarry
	assigning fields:
	postbalancing   : none
	rematerialising : 0 moves

.align offsets:
	computing ideal alignment on mergeable borders: 
	handle assignment constraints
	reassign aligned offsets: CH CL M P. R
	updating reassigned offsets in sfg

collect coupled operands: ................................................
  112 couplings found
...............collect RMW pairs: BM.............................................................................................................................................................. C.......................................... CB...... CS. LC LE LR.... LS M. MD0...... P..........................................................................................................................................
  0 couplings found
solving cycles: none
 R S SP W mcCarry
register: BM {AML AMH}
	rmw pairs: 20
	coalescing      : ....................
                          1 rmw fanout splits
	solving hazards : +
	  -> 1 splits
	assigning fields: AML[0] AMH[0] AML[1] AMH[1] AML[2] AMH[2] AML[3]
	postbalancing   : none
	rematerialising : 0 moves

register: C {CL CH}
	rmw pairs: 4
	coalescing      : ....
                          0 rmw fanout splits
	assigning fields: CL[0] CH[0] CH[1]
memory: __spill_DM_stack
 CL[1]	assigning field:  0 CH[2] CL[2] CL[3] CH[3] CH[4] CL[4] CH[5] CL[5] CL[6] CH[6]
	postbalancing   : none
	rematerialising :  4+ 1 dr_move

register: CB
	rmw pairs: 0
	assigning fields: 0 1 2 3 4 5 8 6 7
	postbalancing   : none
	rematerialising : 0 moves

register: CS
	rmw pairs: 0
	assigning fields: 0 1 2 3 4 5 6 7
	postbalancing   : none
	rematerialising : 0 moves

register: LC
	assigning fields:
	rematerialising : 0 moves

register: LE
	assigning fields:
	rematerialising : 0 moves

register: LR
	assigning fields:
	postbalancing   : none
	rematerialising : 0 moves

register: LS
 12	assigning fields:
	rematerialising : 0 moves

register: M
	rmw pairs: 0
	assigning fields: 0 1
	postbalancing   : none
	rematerialising : 0 moves

register: MD0 {mdQ mdR mdRdx mdSQ mdSPARE0 mdFPAddMask mdFPMulMask}
	assigning fields:
	rematerialising : 0 moves

register: P
	rmw pairs: 37
	coalescing      : .....................................
                          2 rmw fanout splits
	solving hazards : ++
	  -> 2 splits
	assigning fields: 6 7 5 2 1 3 4 0
	postbalancing   :  16
           #1656 (#3)	: moved 1   mean max sdev 0.957 0.993 0.039 -> 0.928 0.976 0.034
	rematerialising : 0 moves

register: R
	rmw pairs: 0
	assigning fields: 10 11 8 9 12 13 14 15 4 0 1 20 2 3 5 6 7
	postbalancing   : none
	rematerialising : 0 moves

register: S
	rmw pairs: 0
	assigning fields: 0
	postbalancing   : none
	rematerialising : 0 moves

register: SP
	assigning fields:
	rematerialising : 0 moves

register: W {VL VH}
	rmw pairs: 0
 24 28 32 36 40	assigning fields: VL[3] 44 VH[3] VL[6] 48 VL[7] VL[1] 52 VL[2] 56 VL[4] VH[4] VL[5] 60 VL[0]
	postbalancing   :  64none
	rematerialising : 0 moves

register: mcCarry
 68	assigning fields:
	postbalancing   : none
	rematerialising : 0 moves

align offsets:
	computing ideal alignment on mergeable borders: ..
	handle assignment constraints
	reassign aligned offsets: {AMH AML}(!) CB(!) CH(!) CL(!) CS(!) M(!) P(!) R(!) S(!) {VH VL}(!)
	updating reassigned offsets in sfg

collect coupled operands: .. 72. 76. 80... 84.... 88. 92.. 96.. 100.. 104. 108. 112.. 116.... 120
.................
.....................................................solving cycles: ..none
................................................................................................
  51 couplings found

violated couplings: 1

Iteration required: enforce operand locations to satisfy coupled operand constraints
Please run RA1 again.

showcolor user time   =    0.22 s  /     0.22 s 	hdiff_lap-Fhdiff_lap_
showcolor system time =    0.01 s  /     0.01 s 	hdiff_lap-Fhdiff_lap_
showcolor real time   =    0.22 s  /     0.21 s 	hdiff_lap-Fhdiff_lap_

--amnesia -v -p12 -q2 -eAM -rCLH -fR=2 +Oearly-fanout-complex +Odhls -Ono-prune-mappings +Oexcc +Oprefer-local-reg-moves -Ono-collapse-bundles --common hdiff_lap-Fhdiff_lap_ me /media/4T/xilinx/Vitis/2023.2/aietools/data/versal_prod/lib +H/media/4T/xilinx/Vitis/2023.2/aietools/data/versal_prod/lib/elongation -x
Release: ASIP Programmer  U-2022.12-TGT-230622 
Tool: amnesia version U-2022.12#3eec2545bc#230622
Copyright 2014-2022 Synopsys, Inc.
This Synopsys software and all associated documentation are proprietary to
Synopsys, Inc. and may only be used pursuant to the terms and conditions of a
written license agreement with Synopsys, Inc. All other use, reproduction,
modification, or distribution of the Synopsys software or the associated
documentation is strictly prohibited.


10 ra_moves inserted

Writing LIB (with interprocedural optimisation data) to: 7_1-main__ra.lib
Reading interprocedural optimisation data from: hdiff_lap-Fhdiff_lap_.flc
Reading pattern DSFGs from: /media/4T/xilinx/Vitis/2023.2/aietools/data/versal_prod/lib/isg/me_chess_dr.sfg

showcolor user time   =    0.36 s  /     0.34 s 	7_1-main_
showcolor system time =    0.00 s  /     0.00 s 	7_1-main_
showcolor real time   =    0.37 s  /     0.35 s 	7_1-main_

--mist2 -v -D__AIENGINE__ -D__AIE_ARCH__=10 -DDEPLOYMENT_ELF=1 -D__LOCK_FENCE_MODE__=0 -DAIE_OPTION_SCALAR_FLOAT_ON_VECTOR -D__tct_tgt__=230622 +Omodo -k110 +Omsbr=2000 +Opnll +A +pnopALU +pnopLDA +pnopLDB +pnopSTS +pnopVEC +Ofexm +Onzmem +Ono-mapping-backtracking +Oalways-check-exec-paths +Omodulo-scheduling-minimize-folding-index +Omodulo-scheduling-lookahead-critical-transitory-class=AcqLdaRsrc_ID,AcqLdbRsrc_ID:2 +Odisable-spill-instr-class=LR_short_spill +Odisaggr-record-accesses +Oslr=crUPSMode +Oslr=crSRSMode -ggraph --common 7_1-main_ me /media/4T/xilinx/Vitis/2023.2/aietools/data/versal_prod/lib +H/media/4T/xilinx/Vitis/2023.2/aietools/data/versal_prod/lib/elongation -x
Release: ASIP Programmer  U-2022.12-TGT-230622 
Tool: mist version U-2022.12#3eec2545bc#230622
Copyright 2014-2022 Synopsys, Inc.
This Synopsys software and all associated documentation are proprietary to
Synopsys, Inc. and may only be used pursuant to the terms and conditions of a
written license agreement with Synopsys, Inc. All other use, reproduction,
modification, or distribution of the Synopsys software or the associated
documentation is strictly prohibited.

Mist2 : side effect checking is enabled
Using nop instruction classes specified in me_chess.lib

NOTICE: no instructions are printed in error nor debugfile,
        because the instruction length > 100


application DSFG routing:

**** Routing 'Fhdiff_lap' ****

NOTE: list of .dot file for folded graph in file: 7_1-main__s2_info/dot.txt
Reading elongation rules from: /media/4T/xilinx/Vitis/2023.2/aietools/data/versal_prod/lib/elongation

NOTE : maximum range of occupy-stages for transitories = 8

looking up standalone NOP instruction

Compiling all mappings: 0%..analysing connectivity in ISG
initial DSFG transformations
initial timing
initialise routing
dependency hazard solving

1 of 2: (4 1656 13)
(seq:2) (seq:3) 
2 of 2: (1513 210)

sync/offset hazards solving


time (after hazard solving) =    0.07 s

routing control inputs

routing

1 of 2 ( 4 1656 13 )
# uses: 398 +/ +/ +512 / +32 +10%../ +64 +2 +1 +20%../ +/ +/ +96 / +16 +1 +1 +1 +1 +1 +1 +1 +30%../ +192 / +48 +40%..384 / +64 50%..+192 / +32 +/ +64 60%..+/ +512 / +32 +1 +1 (VDH0)+1 +70%..64 / +256 / +256 / +64 +1 +80%..96 / +96 / +96 / +16 +1 +1 (VH)+1 +1 +1 +1 +1 +32 +16 (VDH0)(VRH0)(VRH0)+1 +90%..64 / +64 / +256 / +128 / +8 +1 +100%


review chess_separator_scheduler(offset > 0)
removing chess_separator blocks up to strength 2 in foldable loops
removing chess_separator blocks up to strength 2 (all)

jump threading ...
adding manifest flow nodes ...

Constructing flow graphs ...
96 / +96 / +48 Scheduling basic blocks ...
scheduling macro #79     	-> # cycles: 1 
scheduling macro #85     	-> # cycles: 4 
scheduling macro #91     	-> # cycles: 4 
scheduling macro #97     	-> # cycles: 4 
+scheduling macro #103     	-> # cycles: 4 
1 scheduling macro #109     	-> # cycles: 4 
scheduling macro #115     	-> # cycles: 4+ 
1 scheduling macro #121     	-> # cycles: 4 
scheduling macro #125     	-> # cycles: 4 
(VH)+1 +1 +1 +8 scheduling macro #489     	-> # cycles: +1 +8 8+1 (VH) 
+1 +2 +2 +1 scheduling macro #135     	-> # cycles: +2 +2 +1 (VDH0)(VRH0)(VCH0)(VRH2)+1 +8 +2 +4 +2 +1 +1 +1 +1 +2 +8 +1 10 
+1 scheduling macro #141     	-> # cycles: 2 
+scheduling macro #147     	-> # cycles: 4 
scheduling macro #153     	-> # cycles: 4 
scheduling macro #159     	-> # cycles: 4 
scheduling macro #165     	-> # cycles: 4 
scheduling macro #171     	-> # cycles: 4 
scheduling macro #177     	-> # cycles: 4 
scheduling macro #181     	-> # cycles: 4 
24 +1 +scheduling macro #2752     	-> # cycles: 8 +1 +1 +2 +2 +1 (VDH0)(VRH0)(VCH0)(VDH0)(VRH0)(VRH2)+1 +8 +4 +4 +2 +4 +1 +1 (VRH0)(VRH0)+96 / +24 +16 +8 +8 +4 +1 +1 +1 +2 +1 +4 +1 +16 +4 +1 +2 +2 +1 (VDH0)(VCH0)(AMH)(VDH0)(VRH0)(VRH2)-2 9 9 3 6 1 (VRH2)+1 +4 +2 +1 (VRH0)(VRH0)(rlx +1)(VRH0)+1 (VRH0)-1 1 1 (VRH0)+1 +4 +1 +1 (VDH0)(VDH0)+1 (VDH0)-1 1 1 (VDH0)+1 +1 +1 +1 ++++++++++++++++++++++++++++++++++++++++++++++++++++++++++++++++++++++++++1 +++++++++++++++++++++1 +++++++++++1 +++++++1 +++++++++++++++++1 ++++++++++++++++++++++1 (VCH)-1 1 1 2 +1 +1 +1 +1 +1 +1 +1 +1 +1 +1 +1 +1 +1 +1 +1 +1 +1 (VCH)+1 (VCH)+1 +++++++++++1 ++++++++++1 ++++++++1 ++++++1 ++++++1 +++++1 (VCH)-1 1 1 2 +1 +1 +1 +1 +1 +++++1 ++++1 ++++1 ++++1 ++++1 +++1 +++1 +++1 +++1 ++1 ++1 ++1 (P)++1 (P)++1 (P)-1 1 1 1 1 1 1 1 1 1 1 1 1 1 1 1 1 1 1 1 1 1 1 1 1 1 1 1 1 2 2 1 1 (P)+1 (P)+1 (P)-1 1 1 1 1 1 1 1 1 1 1 1 1 1 1 1 1 1 1 1 1 1 1 1 1 1 1 1 1 2 2 1 1 (P)+1 (P)-1 1 1 1 1 1 1 1 1 1 1 1 1 1 1 1 1 1 1 1 1 1 1 1 1 2 2 1 1 3 1 2 1 +1 (P)-1 1 1 1 1 1 1 1 1 1 1 1 1 1 1 1 1 1 1 1 1 1 1 1 1 2 2 1 1 3 1 2 1 (P)++1 +1 +1 +1 +1 +1 +1 +1 +1 +1 +1 +1 +1 (CS)-1 1 1 1 1 1 1 1 1 1 1 1 1 1 1 1 1 1 1 1 1 1 1 1 1 1 1 1 1 1 1 1 1 (CS)-1 1 1 3 1 1 1 1 1 1 1 1 1 1 1 1 1 1 1 1 1 1 1 1 1 1 1 1 1 1 1 1 1 (CS)+1 (CB_via_7)-1 1 1 1 1 2 2 2 1 1 (CB_via_7)-1 1 1 1 1 2 2 2 1 1 (CB_via_7)+1 (CSH_via_3)-1 1 1 1 1 1 1 1 1 1 (CSH_via_3)(check) (P)


2 of 2 ( 1513 210 )
# uses: 112 +3 +12 +3 +3 +2 +2 +6 +1 +2 +1 +192 +192 +3 +3 +2 +1 +2 +2 +64 +96 52+1 +2 +1 +1 +1 + 
scheduling macro #2629     	-> # cycles: 128 +128 14+ 
scheduling macro #10     	-> # cycles: 1 
scheduling macro #2777     	-> # cycles: 8 
scheduling macro #2776     	-> # cycles: 6 
scheduling macro #2779     	-> # cycles: 8 
scheduling macro #188     	-> # cycles: 1 
scheduling macro #2781     	-> # cycles: 5 
192 / +scheduling macro #1014     	-> # cycles: 15 
192 scheduling macro #1993     	-> # cycles: +192 / +192 / +64 +1 +1 +1 +1 +1 +1 +1 +1 +1 +1 +1 +1 (R:t)-1 1 1 1 1 1 1 1 1 +1 (P:t)-1 1 1 +1 (P:t)-1 1 1 +3 +1 +1 +3 +1 +1 +3 +1 +1 +3 +1 +1 +3 +1 +1 +3 +1 +1 +3 +1 (P)+1 +6 +96 +48 +48 +1 (P)+1 +72 +1 +1 +1 +1 (P)+1 (P)+36 +12 +1 (P)+1 +6 +1 +1 +1 +1 (P)+1 +1 (VDH0)(P)+1 (VDH0)-1 1 1 1 (VDH0)-1 1 1 (VDH0)+1 +1 (P)(rlx +32)(P)+1 +3 +1 +1 +1 (P)+1 (P)+3 +1 +3 +1 (P)+1 (P)+3 +9 +8 +3 +3 +3 +3 +1 +1 +3 +3 (check) (P)


final flow graph transformations
Removing dead operations ...Expanding complex patterns ...expanding 12 complex patterns (4 loads 4 stores 4 constants )
Creating 'dr_move' opns ...
number of 'reduced cluster size' : 16

amnesia user time   =    1.72 s  /     1.72 s 	hdiff_lap-Fhdiff_lap_
amnesia system time =    0.00 s  /     0.00 s 	hdiff_lap-Fhdiff_lap_
amnesia real time   =    1.73 s  /     1.72 s 	hdiff_lap-Fhdiff_lap_

--mist1 -v -k110 --common hdiff_lap-Fhdiff_lap_ me /media/4T/xilinx/Vitis/2023.2/aietools/data/versal_prod/lib +H/media/4T/xilinx/Vitis/2023.2/aietools/data/versal_prod/lib/elongation -x
Release: ASIP Programmer  U-2022.12-TGT-230622 
Tool: mist version U-2022.12#3eec2545bc#230622
Copyright 2014-2022 Synopsys, Inc.
This Synopsys software and all associated documentation are proprietary to
Synopsys, Inc. and may only be used pursuant to the terms and conditions of a
written license agreement with Synopsys, Inc. All other use, reproduction,
modification, or distribution of the Synopsys software or the associated
documentation is strictly prohibited.

Mist1 : side effect checking is disabled
Using nop instruction classes specified in me_chess.lib

NOTICE: no instructions are printed in error nor debugfile,
        because the instruction length > 100


NOTE : maximum range of occupy-stages for transitories = 8

looking up standalone NOP instruction

Compiling all mappings: 0%..10%..20%..30%..40%..50%..60%..70%..80%..90%..100%

adding manifest flow nodes ...

Constructing flow graphs ...
Scheduling basic blocks ...

HW do-loop #1656 in "/media/4T/home/xianyijiang/my_sparta/aie/./ProcessUnit/hdiff_lap.cc", line 40: (loop #3) :
critical cycle of length 123 : b55 -> b57 -> b69 -> b70 -> b74 -> b76 -> b83 -> b86 -> b88 -> b93 -> b94 -> b96 -> b101 -> b102 -> b106 -> b107 -> b112 -> b113 -> b114 -> b534 -> b71 -> b73 -> b75 -> b81 -> b119 -> b121 -> b538 -> b84 -> b85 -> b539 -> b540 -> b122 -> b82 -> b87 -> b92 -> b395 -> b95 -> b103 -> b104 -> b407 -> b55
minimum length due to resources: 30
scheduling HW do-loop #1656     	-> # cycles: 136 
  -> HW do-loop #1656 in "/media/4T/home/xianyijiang/my_sparta/aie/./ProcessUnit/hdiff_lap.cc", line 133: (loop #3) : 136 cycles
scheduling macro #1513     	-> # cycles: 53 
scheduling macro #210     	-> # cycles: 8 

Total number of cycles = 197

Checking data/anti-dependencies beyond basic block boundaries
Checking resource conflicts beyond basic block boundaries

mist1 user time   =    0.07 s  /     0.07 s 	hdiff_lap-Fhdiff_lap_
mist1 system time =    0.00 s  /     0.00 s 	hdiff_lap-Fhdiff_lap_
mist1 real time   =    0.08 s  /     0.08 s 	hdiff_lap-Fhdiff_lap_

--showcolor -v -b --common hdiff_lap-Fhdiff_lap_ me /media/4T/xilinx/Vitis/2023.2/aietools/data/versal_prod/lib +H/media/4T/xilinx/Vitis/2023.2/aietools/data/versal_prod/lib/elongation -x
Release: ASIP Programmer  U-2022.12-TGT-230622 
Tool: showcolor version U-2022.12#3eec2545bc#230622
Copyright 2014-2022 Synopsys, Inc.
This Synopsys software and all associated documentation are proprietary to
Synopsys, Inc. and may only be used pursuant to the terms and conditions of a
written license agreement with Synopsys, Inc. All other use, reproduction,
modification, or distribution of the Synopsys software or the associated
documentation is strictly prohibited.

Reading pattern DSFGs from: /media/4T/xilinx/Vitis/2023.2/aietools/data/versal_prod/lib/isg/me_chess_dr.sfg
initialisation
upgraded carrier of signal _cst.4038 to CLH
upgraded carrier of signal _cst.4040 to CLH
upgraded carrier of signal __ct_1048576.4042 to CLH
upgraded carrier of signal __ct_1687552.4044 to CLH
Reading operand couplings: 43 couplings
collect coupled operands: .................................................................................................................................................................................................
  112 couplings found
collect RMW pairs: BM C CB CS LC LE LR LS M MD0 P R S SP W mcCarry
register: BM {AML AMH}
	rmw pairs: 20
	coalescing      : ....................
                          1 rmw fanout splits
	solving hazards : +
	  -> 1 splits
	assigning fields: AML[0] AMH[0] AML[1] AMH[1] AML[2] AMH[2] AML[3]
	postbalancing   : none
	rematerialising : 0 moves

register: C {CL CH}
	rmw pairs: 4
	coalescing      : ....
                          0 rmw fanout splits
	assigning fields: CH[4] CH[5] CH[6] CH[7] CL[4] CL[5]
	postbalancing   : none
	rematerialising : + 1 dr_move

register: CB
	rmw pairs: 0
	assigning fields:
	postbalancing   : none
	rematerialising : 0 moves

register: CS
	rmw pairs: 0
	assigning fields: 0 1 2 4 5 6 7xx 3
	extra splits during assignment: 2
	postbalancing   : none
	rematerialising : + 2 ra_moves

register: LC
	assigning fields:
	rematerialising : 0 moves

register: LE
	assigning fields:
	rematerialising : 0 moves

register: LR
	assigning fields:
	postbalancing   : none
	rematerialising : 0 moves

register: LS
	assigning fields:
	rematerialising : 0 moves

register: M
	rmw pairs: 0
	assigning fields: 0 1 2
	postbalancing   : none
	rematerialising : 0 moves

register: MD0 {mdQ mdR mdRdx mdSQ mdSPARE0 mdFPAddMask mdFPMulMask}
	assigning fields:
	rematerialising : 0 moves

register: P
	rmw pairs: 37
	coalescing      : .....................................
                          2 rmw fanout splits
	solving hazards : ++
	  -> 2 splits
	assigning fields: 6 7 5 2 1 3 4 0
	postbalancing   : 
           #1656 (#3)	: moved 1   mean max sdev 0.957 0.993 0.039 -> 0.928 0.976 0.034
	rematerialising : 0 moves

register: R
	rmw pairs: 0
	assigning fields: 10 11 8 9 12 13 14 15 4 0 1 2 3 5 6 7
	postbalancing   : none
	rematerialising : 0 moves

register: S
	rmw pairs: 0
	assigning fields: 0
	postbalancing   : none
	rematerialising : 0 moves

register: SP
	assigning fields:
	rematerialising : 0 moves

register: W {VL VH}
	rmw pairs: 0
	assigning fields: VL[3] VH[3] VL[6] VL[7] VL[1] VL[2] VL[4] VH[4] VL[5] VL[0]
	postbalancing   : none
	rematerialising : 0 moves

register: mcCarry
	assigning fields:
	postbalancing   : none
	rematerialising : 0 moves

align offsets:
	computing ideal alignment on mergeable borders: ..
	handle assignment constraints
	reassign aligned offsets: {AMH AML}(!) CB(!) CH(!) CL(!) CS(!) M(!) P(!) R(!) S(!) {VH VL}(!)
	updating reassigned offsets in sfg

collect coupled operands: ...............................................................137... 
....................................................................................................................................
  51 couplings found
solving cycles: none

memory: __spill_DM_stack
	assigning field:  0 4 8 12 16 20 24 28 32 36 40 44 48 52scheduling macro #192     	-> # cycles:  56 60 64 68 72 76 80 84 88 92 96 100 104 108 112 116 120 124 128 132 136 140 144 148 152 156 160

solving cycles: none

2 ra_moves inserted (1 cyclic)
1 dr_move rematerialised

showcolor iterated 1 time to RA1

Writing LIB (with interprocedural optimisation data) to: hdiff_lap-Fhdiff_lap__ra.lib

showcolor user time   =    0.23 s  /     0.22 s 	hdiff_lap-Fhdiff_lap_
showcolor system time =    0.00 s  /     0.00 s 	hdiff_lap-Fhdiff_lap_
showcolor real time   =    0.23 s  /     0.22 s 	hdiff_lap-Fhdiff_lap_

--mist2 -v -D__AIENGINE__ -D__AIE_ARCH__=10 -DDEPLOYMENT_ELF=1 -D__LOCK_FENCE_MODE__=0 -DAIE_OPTION_SCALAR_FLOAT_ON_VECTOR -D__tct_tgt__=230622 +Omodo -k110 +Omsbr=2000 +Opnll +A +pnopALU +pnopLDA +pnopLDB +pnopSTS +pnopVEC +Ofexm +Onzmem +Ono-mapping-backtracking +Oalways-check-exec-paths +Omodulo-scheduling-minimize-folding-index +Omodulo-scheduling-lookahead-critical-transitory-class=AcqLdaRsrc_ID,AcqLdbRsrc_ID:2 +Odisable-spill-instr-class=LR_short_spill +Odisaggr-record-accesses +Oslr=crUPSMode +Oslr=crSRSMode -ggraph --common hdiff_lap-Fhdiff_lap_ me /media/4T/xilinx/Vitis/2023.2/aietools/data/versal_prod/lib +H/media/4T/xilinx/Vitis/2023.2/aietools/data/versal_prod/lib/elongation -x
Release: ASIP Programmer  U-2022.12-TGT-230622 
Tool: mist version U-2022.12#3eec2545bc#230622
Copyright 2014-2022 Synopsys, Inc.
This Synopsys software and all associated documentation are proprietary to
Synopsys, Inc. and may only be used pursuant to the terms and conditions of a
written license agreement with Synopsys, Inc. All other use, reproduction,
modification, or distribution of the Synopsys software or the associated
documentation is strictly prohibited.

Mist2 : side effect checking is enabled
Using nop instruction classes specified in me_chess.lib

NOTICE: no instructions are printed in error nor debugfile,
        because the instruction length > 100


NOTE: list of .dot file for folded graph in file: hdiff_lap-Fhdiff_lap__s2_info/dot.txt
Reading elongation rules from: /media/4T/xilinx/Vitis/2023.2/aietools/data/versal_prod/lib/elongation
20
NOTE : maximum range of occupy-stages for transitories = 8

looking up standalone NOP instruction
 

Total number of cycles = 348

Checking data/anti-dependencies beyond basic block boundaries
Checking resource conflicts beyond basic block boundaries
Checking pipeline hazards ...

Compiling all mappings: 0%..10%..20%..30%..40%..50%..60%..70%..
Instruction alignment adds 26 extra words
Filling in loop counts in instruction enabling ...
Re-filling in 'a', 'r' values in instruction enabling ...
Adjusting target addresses ...
Filling in target addresses in instruction enabling ...
Writing micro-code to ``7_1-main_.mic'' ...
80%..90%..100%


review chess_separator_scheduler(offset > 0)

HW do-loop #1656 in "/media/4T/home/xianyijiang/my_sparta/aie/./ProcessUnit/hdiff_lap.cc", line 40: (loop #3) :
critical cycle of length 113 : b55 -> b57 -> b69 -> b70 -> b74 -> b76 -> b83 -> b86 -> b88 -> b93 -> b94 -> b96 -> b101 -> b102 -> b106 -> b107 -> b112 -> b113 -> b114 -> b533 -> b71 -> b73 -> b75 -> b81 -> b119 -> b121 -> b537 -> b84 -> b85 -> b87 -> b92 -> b395 -> b95 -> b103 -> b104 -> b105 -> b120 -> b564 -> b55
minimum length due to resources: 30
scheduling HW do-loop #1656
(algo 1a)	-> # cycles: 
mist2 user time   =    2.47 s  /     2.47 s 	7_1-main_
mist2 system time =    0.04 s  /     0.04 s 	7_1-main_
mist2 real time   =    2.50 s  /     2.50 s 	7_1-main_

--tale -v -g -D__AIENGINE__ -D__AIE_ARCH__=10 -DDEPLOYMENT_ELF=1 -D__LOCK_FENCE_MODE__=0 -DAIE_OPTION_SCALAR_FLOAT_ON_VECTOR -D__tct_tgt__=230622 -V7_1 -L --common 7_1-main_ me /media/4T/xilinx/Vitis/2023.2/aietools/data/versal_prod/lib +H/media/4T/xilinx/Vitis/2023.2/aietools/data/versal_prod/lib/elongation -x
Release: ASIP Programmer  U-2022.12-TGT-230622 
Tool: tale version U-2022.12#3eec2545bc#230622
Copyright 2014-2022 Synopsys, Inc.
This Synopsys software and all associated documentation are proprietary to
Synopsys, Inc. and may only be used pursuant to the terms and conditions of a
written license agreement with Synopsys, Inc. All other use, reproduction,
modification, or distribution of the Synopsys software or the associated
documentation is strictly prohibited.

Reading elongation rules from: /media/4T/xilinx/Vitis/2023.2/aietools/data/versal_prod/lib/elongation
Reading relocators from: /media/4T/xilinx/Vitis/2023.2/aietools/data/versal_prod/lib//isg/me.rlo with command tct_gcpp3 -nostdinc -nostdinc++ -lang-asm  -D'__AIENGINE__' -D'__AIE_ARCH__=10' -D'DEPLOYMENT_ELF=1' -D'__LOCK_FENCE_MODE__=0' -D'AIE_OPTION_SCALAR_FLOAT_ON_VECTOR' -D'__tct_tgt__=230622' -I'/media/4T/xilinx/Vitis/2023.2/aietools/data/versal_prod/lib/' -I'/media/4T/xilinx/Vitis/2023.2/aietools/data/versal_prod/lib//isg/'
Reading DSFG from: 7_1.gvt
Reading Dwarf register-list from file '/media/4T/xilinx/Vitis/2023.2/aietools/data/versal_prod/lib/isg/me_regs.txt' ...
Reading Dwarf register ID's from file '/media/4T/xilinx/Vitis/2023.2/aietools/data/versal_prod/lib/isg/me_regid.txt' ...

Dumping object file '7_1-main_.o' in ELF format with DWARF debug information (1)
115  (exceeds -k 110)    -> no folding: 115
  -> HW do-loop #1656 in "/media/4T/home/xianyijiang/my_sparta/aie/./ProcessUnit/hdiff_lap.cc", line 133: (loop #3) : 115 cycles

jump threading ...
adding manifest flow nodes ...

Constructing flow graphs ...
Scheduling basic blocks ...
scheduling macro #1513     	-> # cycles: 
tale user time   =    0.06 s  /     0.05 s 	7_1-main_
tale system time =    0.01 s  /     0.01 s 	7_1-main_
tale real time   =    0.08 s  /     0.08 s 	7_1-main_

39 
scheduling macro #210     	-> # cycles: 8 

Total number of cycles = 162

Checking data/anti-dependencies beyond basic block boundaries
Checking resource conflicts beyond basic block boundaries
Checking pipeline hazards ...
bridge -v -I/media/4T/xilinx/Vitis/2023.2/aietools/data/versal_prod/lib -I/media/4T/xilinx/Vitis/2023.2/aietools/data/versal_prod/lib/isg -i -g -I/usr/xilinx/Vitis/2023.2/aietools/include -I/media/4T/home/xianyijiang/my_sparta/aie/. -I/media/4T/home/xianyijiang/my_sparta/aie/./ProcessUnit -I/media/4T/home/xianyijiang/my_sparta/aie/. -I/media/4T/home/xianyijiang/my_sparta/aie/./aie -I/media/4T/home/xianyijiang/my_sparta/aie/media/4T/home/xianyijiang/my_sparta/aie/. -I/media/4T/home/xianyijiang/my_sparta/aie/media/4T/home/xianyijiang/my_sparta/aie/./aie -I/media/4T/home/xianyijiang/my_sparta/aie/usr/xilinx/Vitis/2023.2/aietools/include -I/usr/xilinx/Vitis/2023.2/aietools/include -I/media/4T/xilinx/Vitis/2023.2/aietools/data/versal_prod/lib/runtime_cxx/libcxx-lite/include -I/media/4T/xilinx/Vitis/2023.2/aietools/data/versal_prod/lib/runtime_cxx/libs/libcxx-9.0.0/include-lite -I/media/4T/xilinx/Vitis/2023.2/aietools/data/versal_prod/lib/runtime/include -D__AIENGINE__ -D__AIE_ARCH__=10 -DDEPLOYMENT_ELF=1 -D__LOCK_FENCE_MODE__=0 -DAIE_OPTION_SCALAR_FLOAT_ON_VECTOR -D__tct_tgt__=230622 7_1.objlist -o../7_1.o -pme
Release: ASIP Programmer  U-2022.12-TGT-230622 
Tool: bridge version U-2022.12#3eec2545bc#230622
Copyright 2014-2022 Synopsys, Inc.
This Synopsys software and all associated documentation are proprietary to
Synopsys, Inc. and may only be used pursuant to the terms and conditions of a
written license agreement with Synopsys, Inc. All other use, reproduction,
modification, or distribution of the Synopsys software or the associated
documentation is strictly prohibited.

Reading enablings from: /media/4T/xilinx/Vitis/2023.2/aietools/data/versal_prod/lib/isg/me_das.ena
Reading LIB/ISG from: /media/4T/xilinx/Vitis/2023.2/aietools/data/versal_prod/lib/isg/me_das.isb
Reading LIB/ISG from: /media/4T/xilinx/Vitis/2023.2/aietools/data/versal_prod/lib/isg/me_chess_types.lib
Reading relocator definitions in file '/media/4T/xilinx/Vitis/2023.2/aietools/data/versal_prod/lib/isg/me.rlo'...
Creating link-memory
Reading '7_1.objlist' ...
    Adding '7_1-main_.o' with source reference offset 0
    Adding '7_1.gvt.o' with source reference offset 0
Reading objectfile '7_1-main_.o' with Dwarf info...
Reading objectfile '7_1.gvt.o' with Dwarf info...
Library search path: .
Library search path: 
Loading aliases information from file '7_1.aliases'
Creating object file '../7_1.o'...
    Adding '7_1.gvt.o'...

Instruction alignment adds 18 extra words
Filling in loop counts in instruction enabling ...
Re-filling in 'a', 'r' values in instruction enabling ...
Adjusting target addresses ...
Filling in target addresses in instruction enabling ...
Writing micro-code to ``hdiff_lap-Fhdiff_lap_.mic'' ...
    Adding '7_1-main_.o'...
Writing object file '../7_1.o' (1) ...

bridge user time   =    0.09 s  /     0.01 s 	../7_1.o
bridge system time =    0.02 s  /     0.00 s 	../7_1.o
bridge real time   =    0.11 s  /     0.01 s 	../7_1.o

darts -v -I/usr/xilinx/Vitis/2023.2/aietools/data/versal_prod/lib -d -h -I/usr/xilinx/Vitis/2023.2/aietools/include -I/media/4T/home/xianyijiang/my_sparta/aie/. -I/media/4T/home/xianyijiang/my_sparta/aie/./ProcessUnit -I/media/4T/home/xianyijiang/my_sparta/aie/. -I/media/4T/home/xianyijiang/my_sparta/aie/./aie -I/media/4T/home/xianyijiang/my_sparta/aie/media/4T/home/xianyijiang/my_sparta/aie/. -I/media/4T/home/xianyijiang/my_sparta/aie/media/4T/home/xianyijiang/my_sparta/aie/./aie -I/media/4T/home/xianyijiang/my_sparta/aie/usr/xilinx/Vitis/2023.2/aietools/include -I/usr/xilinx/Vitis/2023.2/aietools/include -I/usr/xilinx/Vitis/2023.2/aietools/data/versal_prod/lib/runtime_cxx/libcxx-lite/include -I/usr/xilinx/Vitis/2023.2/aietools/data/versal_prod/lib/runtime_cxx/libs/libcxx-9.0.0/include-lite -I/usr/xilinx/Vitis/2023.2/aietools/data/versal_prod/lib/runtime/include -D__AIENGINE__ -D__AIE_ARCH__=10 -DDEPLOYMENT_ELF=1 -D__LOCK_FENCE_MODE__=0 -DAIE_OPTION_SCALAR_FLOAT_ON_VECTOR -D__tct_tgt__=230622 -L +Ihex +nanno ../Release/7_1.o me
Release: ASIP Programmer  U-2022.12-TGT-230622 
Tool: darts version U-2022.12#3eec2545bc#230622
Copyright 2014-2022 Synopsys, Inc.
This Synopsys software and all associated documentation are proprietary to
Synopsys, Inc. and may only be used pursuant to the terms and conditions of a
written license agreement with Synopsys, Inc. All other use, reproduction,
modification, or distribution of the Synopsys software or the associated
documentation is strictly prohibited.


mist2 user time   =    0.82 s  /     0.82 s 	hdiff_lap-Fhdiff_lap_
mist2 system time =    0.02 s  /     0.01 s 	hdiff_lap-Fhdiff_lap_
mist2 real time   =    0.82 s  /     0.82 s 	hdiff_lap-Fhdiff_lap_

--tale -v -g -D__AIENGINE__ -D__AIE_ARCH__=10 -DDEPLOYMENT_ELF=1 -D__LOCK_FENCE_MODE__=0 -DAIE_OPTION_SCALAR_FLOAT_ON_VECTOR -D__tct_tgt__=230622 -Vhdiff_lap -L --common hdiff_lap-Fhdiff_lap_ me /media/4T/xilinx/Vitis/2023.2/aietools/data/versal_prod/lib +H/media/4T/xilinx/Vitis/2023.2/aietools/data/versal_prod/lib/elongation -x
Release: ASIP Programmer  U-2022.12-TGT-230622 
Tool: tale version U-2022.12#3eec2545bc#230622
Copyright 2014-2022 Synopsys, Inc.
This Synopsys software and all associated documentation are proprietary to
Synopsys, Inc. and may only be used pursuant to the terms and conditions of a
written license agreement with Synopsys, Inc. All other use, reproduction,
modification, or distribution of the Synopsys software or the associated
documentation is strictly prohibited.

Reading elongation rules from: /media/4T/xilinx/Vitis/2023.2/aietools/data/versal_prod/lib/elongation
Reading relocators from: /media/4T/xilinx/Vitis/2023.2/aietools/data/versal_prod/lib//isg/me.rlo with command tct_gcpp3 -nostdinc -nostdinc++ -lang-asm  -D'__AIENGINE__' -D'__AIE_ARCH__=10' -D'DEPLOYMENT_ELF=1' -D'__LOCK_FENCE_MODE__=0' -D'AIE_OPTION_SCALAR_FLOAT_ON_VECTOR' -D'__tct_tgt__=230622' -I'/media/4T/xilinx/Vitis/2023.2/aietools/data/versal_prod/lib/' -I'/media/4T/xilinx/Vitis/2023.2/aietools/data/versal_prod/lib//isg/'
Reading DSFG from: hdiff_lap.gvt
Reading Dwarf register-list from file '/media/4T/xilinx/Vitis/2023.2/aietools/data/versal_prod/lib/isg/me_regs.txt' ...
Reading Dwarf register ID's from file '/media/4T/xilinx/Vitis/2023.2/aietools/data/versal_prod/lib/isg/me_regid.txt' ...

Dumping object file 'hdiff_lap-Fhdiff_lap_.o' in ELF format with DWARF debug information (1)
Include paths: /usr/xilinx/Vitis/2023.2/aietools/data/versal_prod/lib:/usr/xilinx/Vitis/2023.2/aietools/include:/media/4T/home/xianyijiang/my_sparta/aie:/media/4T/home/xianyijiang/my_sparta/aie/ProcessUnit:/media/4T/home/xianyijiang/my_sparta/aie:/media/4T/home/xianyijiang/my_sparta/aie/aie:/media/4T/home/xianyijiang/my_sparta/aie/media/4T/home/xianyijiang/my_sparta/aie:/media/4T/home/xianyijiang/my_sparta/aie/media/4T/home/xianyijiang/my_sparta/aie/aie:/media/4T/home/xianyijiang/my_sparta/aie/usr/xilinx/Vitis/2023.2/aietools/include:/usr/xilinx/Vitis/2023.2/aietools/include:/usr/xilinx/Vitis/2023.2/aietools/data/versal_prod/lib/runtime_cxx/libcxx-lite/include:/usr/xilinx/Vitis/2023.2/aietools/data/versal_prod/lib/runtime_cxx/libs/libcxx-9.0.0/include-lite:/usr/xilinx/Vitis/2023.2/aietools/data/versal_prod/lib/runtime/include:.:/usr/xilinx/Vitis/2023.2/aietools/data/versal_prod/lib/isg
Reading enablings from: /usr/xilinx/Vitis/2023.2/aietools/data/versal_prod/lib/isg/me_das.ena
Reading binary LIB/ISG from: /usr/xilinx/Vitis/2023.2/aietools/data/versal_prod/lib/isg/me_das.isb
Parsing binary ISG

tale user time   =    0.02 s  /     0.02 s 	hdiff_lap-Fhdiff_lap_
tale system time =    0.01 s  /     0.01 s 	hdiff_lap-Fhdiff_lap_
tale real time   =    0.04 s  /     0.04 s 	hdiff_lap-Fhdiff_lap_

Parsing binary NML
Building ISG done.
Reading chess types from: /usr/xilinx/Vitis/2023.2/aietools/data/versal_prod/lib/isg/me_chess_types.lib
Reading LIB/ISG from: /usr/xilinx/Vitis/2023.2/aietools/data/versal_prod/lib/isg/me_chess_types.lib
Loading chess_types.lib file done.
bridge -v -I/media/4T/xilinx/Vitis/2023.2/aietools/data/versal_prod/lib -I/media/4T/xilinx/Vitis/2023.2/aietools/data/versal_prod/lib/isg -i -g -I/usr/xilinx/Vitis/2023.2/aietools/include -I/media/4T/home/xianyijiang/my_sparta/aie/. -I/media/4T/home/xianyijiang/my_sparta/aie/./ProcessUnit -I/media/4T/home/xianyijiang/my_sparta/aie/. -I/media/4T/home/xianyijiang/my_sparta/aie/./aie -I/media/4T/home/xianyijiang/my_sparta/aie/media/4T/home/xianyijiang/my_sparta/aie/. -I/media/4T/home/xianyijiang/my_sparta/aie/media/4T/home/xianyijiang/my_sparta/aie/./aie -I/media/4T/home/xianyijiang/my_sparta/aie/usr/xilinx/Vitis/2023.2/aietools/include -I/usr/xilinx/Vitis/2023.2/aietools/include -I/media/4T/xilinx/Vitis/2023.2/aietools/data/versal_prod/lib/runtime_cxx/libcxx-lite/include -I/media/4T/xilinx/Vitis/2023.2/aietools/data/versal_prod/lib/runtime_cxx/libs/libcxx-9.0.0/include-lite -I/media/4T/xilinx/Vitis/2023.2/aietools/data/versal_prod/lib/runtime/include -D__AIENGINE__ -D__AIE_ARCH__=10 -DDEPLOYMENT_ELF=1 -D__LOCK_FENCE_MODE__=0 -DAIE_OPTION_SCALAR_FLOAT_ON_VECTOR -D__tct_tgt__=230622 hdiff_lap.objlist -o../hdiff_lap.o -pme
Release: ASIP Programmer  U-2022.12-TGT-230622 
Tool: bridge version U-2022.12#3eec2545bc#230622
Copyright 2014-2022 Synopsys, Inc.
This Synopsys software and all associated documentation are proprietary to
Synopsys, Inc. and may only be used pursuant to the terms and conditions of a
written license agreement with Synopsys, Inc. All other use, reproduction,
modification, or distribution of the Synopsys software or the associated
documentation is strictly prohibited.

Reading relocators from: /usr/xilinx/Vitis/2023.2/aietools/data/versal_prod/lib/isg/me.rlo
Reading enablings from: /media/4T/xilinx/Vitis/2023.2/aietools/data/versal_prod/lib/isg/me_das.ena
Reading LIB/ISG from: /media/4T/xilinx/Vitis/2023.2/aietools/data/versal_prod/lib/isg/me_das.isb
Reading LIB/ISG from: /media/4T/xilinx/Vitis/2023.2/aietools/data/versal_prod/lib/isg/me_chess_types.lib
Reading relocator definitions in file '/media/4T/xilinx/Vitis/2023.2/aietools/data/versal_prod/lib/isg/me.rlo'...
Creating link-memory
Reading 'hdiff_lap.objlist' ...
    Adding 'hdiff_lap-Fhdiff_lap_.o' with source reference offset 0
    Adding 'hdiff_lap.gvt.o' with source reference offset 0
Reading objectfile 'hdiff_lap-Fhdiff_lap_.o' with Dwarf info...
Reading objectfile 'hdiff_lap.gvt.o' with Dwarf info...
Library search path: .
Library search path: 
Loading aliases information from file 'hdiff_lap.aliases'
Creating object file '../hdiff_lap.o'...
    Adding 'hdiff_lap.gvt.o'...
    Adding 'hdiff_lap-Fhdiff_lap_.o'...
Writing object file '../hdiff_lap.o' (1) ...

bridge user time   =    0.07 s  /     0.01 s 	../hdiff_lap.o
bridge system time =    0.03 s  /     0.00 s 	../hdiff_lap.o
bridge real time   =    0.09 s  /     0.00 s 	../hdiff_lap.o

darts -v -I/usr/xilinx/Vitis/2023.2/aietools/data/versal_prod/lib -d -h -I/usr/xilinx/Vitis/2023.2/aietools/include -I/media/4T/home/xianyijiang/my_sparta/aie/. -I/media/4T/home/xianyijiang/my_sparta/aie/./ProcessUnit -I/media/4T/home/xianyijiang/my_sparta/aie/. -I/media/4T/home/xianyijiang/my_sparta/aie/./aie -I/media/4T/home/xianyijiang/my_sparta/aie/media/4T/home/xianyijiang/my_sparta/aie/. -I/media/4T/home/xianyijiang/my_sparta/aie/media/4T/home/xianyijiang/my_sparta/aie/./aie -I/media/4T/home/xianyijiang/my_sparta/aie/usr/xilinx/Vitis/2023.2/aietools/include -I/usr/xilinx/Vitis/2023.2/aietools/include -I/usr/xilinx/Vitis/2023.2/aietools/data/versal_prod/lib/runtime_cxx/libcxx-lite/include -I/usr/xilinx/Vitis/2023.2/aietools/data/versal_prod/lib/runtime_cxx/libs/libcxx-9.0.0/include-lite -I/usr/xilinx/Vitis/2023.2/aietools/data/versal_prod/lib/runtime/include -D__AIENGINE__ -D__AIE_ARCH__=10 -DDEPLOYMENT_ELF=1 -D__LOCK_FENCE_MODE__=0 -DAIE_OPTION_SCALAR_FLOAT_ON_VECTOR -D__tct_tgt__=230622 -L +Ihex +nanno ../Release/hdiff_lap.o me
Release: ASIP Programmer  U-2022.12-TGT-230622 
Tool: darts version U-2022.12#3eec2545bc#230622
Copyright 2014-2022 Synopsys, Inc.
This Synopsys software and all associated documentation are proprietary to
Synopsys, Inc. and may only be used pursuant to the terms and conditions of a
written license agreement with Synopsys, Inc. All other use, reproduction,
modification, or distribution of the Synopsys software or the associated
documentation is strictly prohibited.

Include paths: /usr/xilinx/Vitis/2023.2/aietools/data/versal_prod/lib:/usr/xilinx/Vitis/2023.2/aietools/include:/media/4T/home/xianyijiang/my_sparta/aie:/media/4T/home/xianyijiang/my_sparta/aie/ProcessUnit:/media/4T/home/xianyijiang/my_sparta/aie:/media/4T/home/xianyijiang/my_sparta/aie/aie:/media/4T/home/xianyijiang/my_sparta/aie/media/4T/home/xianyijiang/my_sparta/aie:/media/4T/home/xianyijiang/my_sparta/aie/media/4T/home/xianyijiang/my_sparta/aie/aie:/media/4T/home/xianyijiang/my_sparta/aie/usr/xilinx/Vitis/2023.2/aietools/include:/usr/xilinx/Vitis/2023.2/aietools/include:/usr/xilinx/Vitis/2023.2/aietools/data/versal_prod/lib/runtime_cxx/libcxx-lite/include:/usr/xilinx/Vitis/2023.2/aietools/data/versal_prod/lib/runtime_cxx/libs/libcxx-9.0.0/include-lite:/usr/xilinx/Vitis/2023.2/aietools/data/versal_prod/lib/runtime/include:.:/usr/xilinx/Vitis/2023.2/aietools/data/versal_prod/lib/isg
Reading enablings from: /usr/xilinx/Vitis/2023.2/aietools/data/versal_prod/lib/isg/me_das.ena
Reading binary LIB/ISG from: /usr/xilinx/Vitis/2023.2/aietools/data/versal_prod/lib/isg/me_das.isb
Parsing binary ISG
Parsing binary NML
Building ISG done.
Reading chess types from: /usr/xilinx/Vitis/2023.2/aietools/data/versal_prod/lib/isg/me_chess_types.lib
Reading LIB/ISG from: /usr/xilinx/Vitis/2023.2/aietools/data/versal_prod/lib/isg/me_chess_types.lib
Loading chess_types.lib file done.
Reading relocators from: /usr/xilinx/Vitis/2023.2/aietools/data/versal_prod/lib/isg/me.rlo

Disassembling code of ``../Release/7_1.o''
Writing results to ``../Release/7_1.o.lst''

darts user time   =    0.36 s  /     0.24 s 	../Release/7_1.o
darts system time =    0.03 s  /     0.01 s 	../Release/7_1.o
darts real time   =    0.38 s  /     0.24 s 	../Release/7_1.o


Disassembling code of ``../Release/hdiff_lap.o''
Writing results to ``../Release/hdiff_lap.o.lst''

darts user time   =    0.29 s  /     0.18 s 	../Release/hdiff_lap.o
darts system time =    0.03 s  /     0.00 s 	../Release/hdiff_lap.o
darts real time   =    0.32 s  /     0.18 s 	../Release/hdiff_lap.o

Linking "../Release/7_1"
bridge -o../Release/7_1 ../Release/7_1.o ../Release/hdiff_lap.o -v -I/usr/xilinx/Vitis/2023.2/aietools/data/versal_prod/lib -I/usr/xilinx/Vitis/2023.2/aietools/data/versal_prod/lib/isg -g -I/usr/xilinx/Vitis/2023.2/aietools/include -I/media/4T/home/xianyijiang/my_sparta/aie/. -I/media/4T/home/xianyijiang/my_sparta/aie/./ProcessUnit -I/media/4T/home/xianyijiang/my_sparta/aie/. -I/media/4T/home/xianyijiang/my_sparta/aie/./aie -I/media/4T/home/xianyijiang/my_sparta/aie/media/4T/home/xianyijiang/my_sparta/aie/. -I/media/4T/home/xianyijiang/my_sparta/aie/media/4T/home/xianyijiang/my_sparta/aie/./aie -I/media/4T/home/xianyijiang/my_sparta/aie/usr/xilinx/Vitis/2023.2/aietools/include -I/usr/xilinx/Vitis/2023.2/aietools/include -I/usr/xilinx/Vitis/2023.2/aietools/data/versal_prod/lib/runtime_cxx/libcxx-lite/include -I/usr/xilinx/Vitis/2023.2/aietools/data/versal_prod/lib/runtime_cxx/libs/libcxx-9.0.0/include-lite -I/usr/xilinx/Vitis/2023.2/aietools/data/versal_prod/lib/runtime/include -D__AIENGINE__ -D__AIE_ARCH__=10 -DDEPLOYMENT_ELF=1 -D__LOCK_FENCE_MODE__=0 -DAIE_OPTION_SCALAR_FLOAT_ON_VECTOR -D__tct_tgt__=230622 -c7_1.bcf -L/usr/xilinx/Vitis/2023.2/aietools/data/versal_prod/lib/Release -L/usr/xilinx/Vitis/2023.2/aietools/data/versal_prod/lib/runtime/lib/Release -L/usr/xilinx/Vitis/2023.2/aietools/data/versal_prod/lib/softfloat/lib/Release -L/usr/xilinx/Vitis/2023.2/aietools/data/versal_prod/lib/runtime_cxx/libcxx-lite/lib/Release_LLVM -lme -lc -lm -lc++lite -lsoftfloat -S -no-split-segment-on-name -export-locals -yMSMEM,SSMEM,SSMEM_tlast,WSSMEM_tlast,SSMEM_nb_sc,MSMEM_nb_sc -iconfig extra_memories.bcf -m -fC -fS -fH +m -T +work ../Release/chesswork -pme
Release: ASIP Programmer  U-2022.12-TGT-230622 
Tool: bridge version U-2022.12#3eec2545bc#230622
Copyright 2014-2022 Synopsys, Inc.
This Synopsys software and all associated documentation are proprietary to
Synopsys, Inc. and may only be used pursuant to the terms and conditions of a
written license agreement with Synopsys, Inc. All other use, reproduction,
modification, or distribution of the Synopsys software or the associated
documentation is strictly prohibited.

Reading enablings from: /usr/xilinx/Vitis/2023.2/aietools/data/versal_prod/lib/isg/me_das.ena
Reading LIB/ISG from: /usr/xilinx/Vitis/2023.2/aietools/data/versal_prod/lib/isg/me_das.isb
Reading LIB/ISG from: /usr/xilinx/Vitis/2023.2/aietools/data/versal_prod/lib/isg/me_chess_types.lib
Reading configuration in file '7_1.bcf'...
Reading relocator definitions in file '/usr/xilinx/Vitis/2023.2/aietools/data/versal_prod/lib/isg/me.rlo'...
Creating link-memory
Reading objectfile '../Release/7_1.o' with Dwarf info...
Reading objectfile '../Release/hdiff_lap.o' with Dwarf info...
Library search path: .
Library search path: /usr/xilinx/Vitis/2023.2/aietools/data/versal_prod/lib/Release:/usr/xilinx/Vitis/2023.2/aietools/data/versal_prod/lib/runtime/lib/Release:/usr/xilinx/Vitis/2023.2/aietools/data/versal_prod/lib/softfloat/lib/Release:/usr/xilinx/Vitis/2023.2/aietools/data/versal_prod/lib/runtime_cxx/libcxx-lite/lib/Release_LLVM
Reading archive '/usr/xilinx/Vitis/2023.2/aietools/data/versal_prod/lib/Release/libme.a'...
Reading archive '/usr/xilinx/Vitis/2023.2/aietools/data/versal_prod/lib/runtime/lib/Release/libc.a'...
Reading archive '/usr/xilinx/Vitis/2023.2/aietools/data/versal_prod/lib/runtime/lib/Release/libm.a'...
Reading archive '/usr/xilinx/Vitis/2023.2/aietools/data/versal_prod/lib/runtime_cxx/libcxx-lite/lib/Release_LLVM/libc++lite.a'...
Reading archive '/usr/xilinx/Vitis/2023.2/aietools/data/versal_prod/lib/softfloat/lib/Release/libsoftfloat.a'...
Collecting symbols from object files...
Collecting absolute symbols...
Collecting stack range symbols...
Mapping and reserving symbols with fixed addresses...
    'buf0' (1024, DMb) at address 0x3a000
    'buf0d' (1024, DMb) at address 0x3e000
    'buf1' (1024, DMb) at address 0x24000
    'buf10' (1024, DMb) at address 0x2b000
    'buf10d' (1024, DMb) at address 0x2d800
    'buf11' (1024, DMb) at address 0x2dc00
    'buf11d' (1024, DMb) at address 0x2e400
    'buf1d' (1024, DMb) at address 0x20820
    'buf2' (1024, DMb) at address 0x36000
    'buf2d' (1024, DMb) at address 0x34000
    'buf3' (1024, DMb) at address 0x26000
    'buf3d' (1024, DMb) at address 0x22000
    'buf4' (1024, DMb) at address 0x3c000
    'buf4d' (1024, DMb) at address 0x38000
    'buf8' (1024, DMb) at address 0x28000
    'buf8d' (1024, DMb) at address 0x2e000
    'buf9' (1024, DMb) at address 0x2a000
    'buf9d' (1024, DMb) at address 0x29c00
    '_ZL11sync_buffer' (32) at address 0x20000
    '_ZN12me_primitive3ss0E' (1, WSS_rsrc1) at address 0x0
    '_ZN12me_primitive3ss1E' (1, WSS_rsrc2) at address 0x1
    '_ZN12me_primitive4sst0E' (1, SSMEM_tlast) at address 0x0
    '_ZN12me_primitive4sst1E' (1, SSMEM_tlast) at address 0x1
    '_ZN12me_primitive4ssc0E' (1, SSMEM_nb_sc) at address 0x0
    '_ZN12me_primitive4ssc1E' (1, SSMEM_nb_sc) at address 0x1
    '_ZN12me_primitive5wsst0E' (1, WSSMEM_tlast) at address 0x0
    '_ZN12me_primitive5wsst1E' (1, WSSMEM_tlast) at address 0x1
    '_ZN12me_primitive3ms0E' (1, WMS_rsrc1) at address 0x0
    '_ZN12me_primitive3ms1E' (1, WMS_rsrc2) at address 0x1
    '_ZN12me_primitive4msc0E' (1, MSMEM_nb_sc) at address 0x0
    '_ZN12me_primitive4msc1E' (1, MSMEM_nb_sc) at address 0x1
    '_main_init' (274) at address 0x0
Mapping _after chains...
Mapping after chain ...
    '_main' (2248) at address 0x120
Mapping _after chains...
Mapping and reserving overlays...
Overlaying pseudo-static stack-frame sections...
Creating call-tree...
Mapping defined and space (bss) symbols...
Mapping read-only symbols...
Mapping constructor and destructor sections...
Looking for duplicate symbols...
Creating call-tree...
Reserving text, data and space symbols found in 0 _mapping statements ...
Mapping and reserving global memory...
Reserving 7 text and data symbol(s) and 1 space symbol(s)...
    '_ZL7weights' (32, DMb)
    '_ZL12weights_rest' (32, DMb)
    'hdiff_lap' (1058, PM)
    'ZERO' (32, DMb, > 0/0)
    '_fini' (216, PM)
    '_ZL7atexits' (32, DM_bankA)
    '_ZL10atexit_cnt' (4, DM_bankA)
    '__cxa_finalize' (148, PM)
Applying relocators found in objectfiles...
    '../Release/7_1.o' (4505)
    '../Release/hdiff_lap.o' (488)
    '../Release/chesswork/.ear.work.22QrViH' (6)
    '../Release/chesswork/.ear.work.38bfYUp' (26)
    '../Release/chesswork/.ear.work.41SIBjb' (87)
    '../Release/chesswork/.ear.work.9zT5eVd' (86)
Creating physical data...
Creating executable file '../Release/7_1'...
Skipping memory 'MSMEM'
Skipping memory 'MSMEM_nb_sc'
Skipping memory 'SSMEM'
Skipping memory 'SSMEM_nb_sc'
Skipping memory 'SSMEM_tlast'
Skipping memory 'WSSMEM_tlast'
Creating memory-map

bridge user time   =    0.77 s  /     0.13 s 	../Release/7_1
bridge system time =    0.22 s  /     0.00 s 	../Release/7_1
bridge real time   =    1.00 s  /     0.13 s 	../Release/7_1

darts -v -I/usr/xilinx/Vitis/2023.2/aietools/data/versal_prod/lib -d -h -I/usr/xilinx/Vitis/2023.2/aietools/include -I/media/4T/home/xianyijiang/my_sparta/aie/. -I/media/4T/home/xianyijiang/my_sparta/aie/./ProcessUnit -I/media/4T/home/xianyijiang/my_sparta/aie/. -I/media/4T/home/xianyijiang/my_sparta/aie/./aie -I/media/4T/home/xianyijiang/my_sparta/aie/media/4T/home/xianyijiang/my_sparta/aie/. -I/media/4T/home/xianyijiang/my_sparta/aie/media/4T/home/xianyijiang/my_sparta/aie/./aie -I/media/4T/home/xianyijiang/my_sparta/aie/usr/xilinx/Vitis/2023.2/aietools/include -I/usr/xilinx/Vitis/2023.2/aietools/include -I/usr/xilinx/Vitis/2023.2/aietools/data/versal_prod/lib/runtime_cxx/libcxx-lite/include -I/usr/xilinx/Vitis/2023.2/aietools/data/versal_prod/lib/runtime_cxx/libs/libcxx-9.0.0/include-lite -I/usr/xilinx/Vitis/2023.2/aietools/data/versal_prod/lib/runtime/include -D__AIENGINE__ -D__AIE_ARCH__=10 -DDEPLOYMENT_ELF=1 -D__LOCK_FENCE_MODE__=0 -DAIE_OPTION_SCALAR_FLOAT_ON_VECTOR -D__tct_tgt__=230622 -L +Ihex +nanno +u ../Release/7_1 me
Release: ASIP Programmer  U-2022.12-TGT-230622 
Tool: darts version U-2022.12#3eec2545bc#230622
Copyright 2014-2022 Synopsys, Inc.
This Synopsys software and all associated documentation are proprietary to
Synopsys, Inc. and may only be used pursuant to the terms and conditions of a
written license agreement with Synopsys, Inc. All other use, reproduction,
modification, or distribution of the Synopsys software or the associated
documentation is strictly prohibited.

Include paths: /usr/xilinx/Vitis/2023.2/aietools/data/versal_prod/lib:/usr/xilinx/Vitis/2023.2/aietools/include:/media/4T/home/xianyijiang/my_sparta/aie:/media/4T/home/xianyijiang/my_sparta/aie/ProcessUnit:/media/4T/home/xianyijiang/my_sparta/aie:/media/4T/home/xianyijiang/my_sparta/aie/aie:/media/4T/home/xianyijiang/my_sparta/aie/media/4T/home/xianyijiang/my_sparta/aie:/media/4T/home/xianyijiang/my_sparta/aie/media/4T/home/xianyijiang/my_sparta/aie/aie:/media/4T/home/xianyijiang/my_sparta/aie/usr/xilinx/Vitis/2023.2/aietools/include:/usr/xilinx/Vitis/2023.2/aietools/include:/usr/xilinx/Vitis/2023.2/aietools/data/versal_prod/lib/runtime_cxx/libcxx-lite/include:/usr/xilinx/Vitis/2023.2/aietools/data/versal_prod/lib/runtime_cxx/libs/libcxx-9.0.0/include-lite:/usr/xilinx/Vitis/2023.2/aietools/data/versal_prod/lib/runtime/include:.:/usr/xilinx/Vitis/2023.2/aietools/data/versal_prod/lib/isg
Reading enablings from: /usr/xilinx/Vitis/2023.2/aietools/data/versal_prod/lib/isg/me_das.ena
Reading binary LIB/ISG from: /usr/xilinx/Vitis/2023.2/aietools/data/versal_prod/lib/isg/me_das.isb
Parsing binary ISG
Parsing binary NML
Building ISG done.
Reading chess types from: /usr/xilinx/Vitis/2023.2/aietools/data/versal_prod/lib/isg/me_chess_types.lib
Reading LIB/ISG from: /usr/xilinx/Vitis/2023.2/aietools/data/versal_prod/lib/isg/me_chess_types.lib
Loading chess_types.lib file done.
Reading relocators from: /usr/xilinx/Vitis/2023.2/aietools/data/versal_prod/lib/isg/me.rlo

Disassembling code of ``../Release/7_1''
Writing results to ``../Release/7_1.lst''
Writing results to ``../Release/7_1.srv''

darts user time   =    0.41 s  /     0.29 s 	../Release/7_1
darts system time =    0.03 s  /     0.00 s 	../Release/7_1
darts real time   =    0.44 s  /     0.29 s 	../Release/7_1

Compilation finished successfully (0 errors, 10 warnings) (11.75 s)
/usr/xilinx/Vitis/2023.2/aietools/bin/unwrapped/lnx64.o/coreverify -obj 7_1 -s 1024 -pm 16384
