SFG: hdiff_flux1-Fhdiff_flux1__s2.sfg

Offset  Macro node           Source ref                                                                  Cycle Instr Words    Scheduling graphs + reports
------  -------------------  --------------------------------------------------------------------------  ----- ----- -----    ---------------------------
        block m1             [/media/4T/home/xianyijiang/my_sparta/aie/./ProcessUnit/hdiff_flux1.cc:20]
000000  .  block m1223                                                                                     126   126   800    [m1223.dot]
        .  for m3            [/media/4T/home/xianyijiang/my_sparta/aie/./ProcessUnit/hdiff_flux1.cc:34]
000800  .  .  block m642                                                                                    94    94   480    [m642_crit_loop.dot] [m642_not_folded_loop.dot] [m642_unfolded_modulo_loop.dot] [m642_final_loop.dot] [m642_modulo.rpt]
001280  .  block m152                                                                                       10    10    44    [m152.dot]

Total cycles: 230, total instrs: 230, total words: 1324


Bundle schedule (instruction words shown before relocation)
---------------
000000  m1223    30 08 10 c0 08 05 21 0a 08 46 f0 9f                b513  (MOV.s10 m0, #32)                                         b519  (MOV.s9 r0, #0)                                           b111  (PADDS [p0], #8)                                          b517  (MOV.s12 m1, #160)                                        b491  (MOV ch2, p7)                                            
000012           08 ac c4 52 34 02 48 04 0b c0 00 3f                b113  (PADDA [p3], #24)                                         b112  (PADDB [p1], #8)                                          b126  (PADDS [sp], m1)                                          b514  (MOV.u20 p7, #0)                                         
000024           08 ac 84 56 a8 05 69 fe 42 c7 41 5f                b119  (PADDA [p2], #24)                                         b117  (PADDB [p5], #24)                                         b115  (PADDS [p4], #24)                                         b522  (MOV.s12 cs3, #-28)                                       b475  (MOV ch5, r4)                                            
000036           6e a8 19 c0 55 bb ff 04 02 40 00 3f                b137  (LDA p6, [p0], #16)                                       b523  (MOV.s9 r9, #2)                                           b483  (ST.SPIL p6, [sp, #-4])                                   b529  (MOV.u20 cl1, #0)                                        
000048           02 d1 f6 53 08 00 f0 05 02 b2 10 3f                b149  (VLDA wr0, [p7])                                          b150  (LDB ch3, [p0], #12)                                      b516  (MOV.s12 r8, #1)                                          b527  (MOV.u20 cl2, #274960)                                   
000060           49 b2 03 68 e8 01 f8 00 12 40 01 3f                b151  (LDA cs1, [p0], #-28)                                     b138  (VLDB wr1, [p7])                                          b525  (MOV.s12 r12, #3)                                         b528  (MOVT.s12 cl1, #1)                                       
000072           73 a6 e9 fa 60 00 00 a0 20 06 8f 5f                b127  (LDA r3, [p3], #12)                                       b496  (LDB p4, [sp, #-180])                                     b102  (ADD.NRM s0, r8, #0)                                      b464  (MOV r13, p0)                                            
000084           57 d0 ff d3 80 00 01 01 f1 04 92 1f                b139  (LDA ch7, [p3])                                           b129  (LDB r15, [p4], #12)                                      b123  (MOV.s12 lc, #0)                                          b466  (MOV cl0, cl1)                                           
000096           40 a7 7c 68 90 00 00 04 02 c0 00 3f                b131  (LDA cb0, [p5], #12)                                      b141  (LDB ch6, [p4])                                           b520  (MOV.u20 cl3, #0)                                        
000108           48 d1 46 cd 00 00 00 77                            b143  (LDA cs0, [p5])                                           b460  (MOV r4, p4)                                             
000116           54 a6 86 df 80 00 00 77                            b133  (LDA ch4, [p2], #12)                                      b462  (MOV r14, p5)                                            
000124           71 d0 80 00 17 43 fe 04 06 03 20 3f                b145  (LDA r1, [p2])                                            b124  (MOV.u20 ls, #0)                                          b534  (VST.SPIL wr0, [sp, #-64])                               
000136           74 bf d0 00 00 21 a2 f7                            b501  (MOV cb1, ch3)                                            b535  (VST.SPIL wr1, [sp, #-96])                               
000144           74 bf b0 00 00 2c c2 f7                            b465  (MOV m1, cs1)                                             b533  (VST.SPIL wr1, [sp, #-160])                              
000152           06 ff 41 08 c8 05 68 00 00 07 35 df                b152  (VLDB wr0, [p6], m0, cyc1)                                b121  (PADDS [p4], #24)                                         b537  (VLDA.SPIL wr1, [sp, #-96])                               b608  (MOV cb7, r3)                                            
000164           02 ff 84 77 c0 00 00 77                            b536  (VLDA.SPIL wr0, [sp, #-64])                               b610  (MOV cs7, ch7)                                           
000172           44 a7 00 00 15 bb 40 04 00 00 00 3f                b135  (LDA cb4, [p4], #12)                                      b154  (ST p6, [p0])                                             b521  (MOV.u20 ch0, #0)                                        
000184           4c d1 2f d4 30 00 00 04 06 c4 f0 3f                b147  (LDA cs4, [p4])                                           b155  (LDB p7, [p1], #16)                                       b125  (MOV.u20 le, #0)                                         
000196           41 a6 46 cd 40 00 00 77                            b156  (LDA cb1, [p1], #12)                                      b461  (MOV r5, p4)                                             
000204           49 b2 47 4b 00 00 00 77                            b157  (LDA cs1, [p1], #-28)                                     b602  (MOV p4, r4)                                             
000212           a6 85                                              b551  (MOV p0, p1)                                             
000214           ba 1f e0 01 28 76 57 f7                            b526  (MOVT.s12 cl2, #1893)                                     b532  (VST.SPIL wr0, [sp, #-128])                              
000222           80 00 00 48 04 00 07 f7                            b524  (MOV.u20 ch1, #131072)                                   
000230           80 00 00 c7 bb ea e7 f7                            b499  (LDA.SPIL p6, [sp, #-172])                               
000238           80 00 00 c7 a7 eb e7 f7                            b497  (LDA.SPIL p1, [sp, #-164])                               
000246           80 00 00 c7 bf ea 67 f7                            b498  (LDA.SPIL p7, [sp, #-176])                               
000254           00 01                                              NOP
000256           00 01                                              NOP
000258           02 11 c0 00 00 00 00 37                            b158  (VLDA wr0, [p7], m0, cyc1)                               
000266           80 00 00 c7 8b ec 27 f7                            b531  (VLDA.SPIL wr1, [sp, #-160])                             
000274           06 d1 ad fa d5 bf 41 17                            b153  (VLDA wr1, [p6])                                          b500  (LDB p6, [sp, #-168])                                     b160  (ST p7, [p1])                                            
000282           6d c6 cf 68 f4 02 b6 17                            b552  (LDA p5, [p3, cs3])                                       b159  (VLDB wd1, [p7])                                          b116  (PADDS [p6], #24)                                        
000290           00 00 04 56 30 00 00 0c 78 3f 02 3f                b120  (PADDB [p1], #24)                                         b530  (VLDA.SPIL wr0, [sp, #-128])                             
000302           43 a7 a3 fa 54 02 b7 17                            b130  (LDA cb3, [p6], #12)                                      b495  (LDB p1, [sp, #-184])                                     b118  (PADDS [p7], #24)                                        
000310           42 a6 79 68 c0 00 00 17                            b134  (LDA cb2, [p1], #12)                                      b142  (LDB cl4, [p6])                                          
000318           4a d0 7b 53 f2 0b 80 57                            b146  (LDA cs2, [p1])                                           b132  (LDB cl5, [p7], #12)                                      b502  (VMOV xd, xa)                                            
000326           62 d1 c6 e3 80 00 00 77                            b144  (LDA m2, [p7])                                            b463  (MOV cl6, p6)                                            
000334           a7 25                                              b459  (MOV r2, p1)                                             
000336           08 ad 84 67 c0 00 00 77                            b114  (PADDA [p6], #24)                                         b611  (MOV cs7, ch6)                                           
000344           12 71 47 f5 c0 00 00 77                            b554  (VLDA wc0, [p5], m0, cyc7)                                b616  (MOV cb7, r15)                                           
000352           46 a7 80 00 00 00 00 37                            b128  (LDA cb6, [p6], #12)                                     
000360           4e d1 80 00 02 db 8d b7                            b140  (LDA cs6, [p6])                                           b557  (ST p5, [p3, cs3])                                       
000368           6d c7 04 56 20 00 00 17                            b558  (LDA p5, [p4, cs3])                                       b122  (PADDB [p1], #24)                                        
000376           00 01                                              NOP
000378           45 a6 40 00 00 00 00 37                            b136  (LDA cb5, [p1], #12)                                     
000386           4d d0 40 00 00 00 00 37                            b148  (LDA cs5, [p1])                                          
000394           80 00 05 64 26 42 61 87                            b555  (VMUL.80 bm2, yd.s32, r9, c2, r0, wc0.s32, #0, c3, c0)   
000402           80 00 05 84 26 02 65 87                            b556  (VMAC.80 bm2, yd.s32, r8, c2, r0, wc0.s32, #0, c3, c1)   
000410           00 01                                              NOP
000412           11 75                                              b612  (MOV cb7, ch4)                                           
000414           16 71 47 17 c0 00 00 77                            b560  (VLDA wc1, [p5], m0, cyc7)                                b613  (MOV cs7, r1)                                            
000422           00 01                                              NOP
000424           5b 71 c0 00 00 3f 5a f7                            b565  (ST p5, [p4, cs3])                                        b604  (MOV p5, r14)                                            
000432           6c c7 40 00 00 00 00 37                            b567  (LDA p4, [p5, cs3])                                      
000440           00 01                                              NOP
000442           00 01                                              NOP
000444           6c c7 80 00 00 00 00 37                            b553  (LDA p4, [p6, cs3])                                      
000452           00 00 00 00 10 00 00 0e af fc 00 d6 42 70 26 30    b618  (VST.SPIL wc1, [sp, #-64])                                b562  (VMUL.80 bm0, yd.s32, r12, c2, r0, wc1.s32, #0, c3, c0)  
000468           00 00 00 00 10 00 00 0c 79 3f 82 d8 42 64 26 70    b619  (VLDA.SPIL wr2, [sp, #-64])                               b563  (VMAC.80 bm0, yd.s32, r9, c2, r0, wc1.s32, #0, c3, c1)   
000484           00 01                                              NOP
000486           00 01                                              NOP
000488           16 01 00 00 00 00 00 37                            b569  (VLDA wc1, [p4], m0, cyc0)                               
000496           00 01                                              NOP
000498           ad 98 e8 03                                        b574  (ST p4, [p5, cs3])                                       
000502           6c c6 84 eb 57 61 84 77                            b576  (LDA p4, [p2, cs3])                                       b559  (VST wc0, [p4], m0, cyc6)                                 b605  (MOV p5, cl6)                                            
000510           d1 cc 20 03                                        b561  (VST.80.SRSS bm2, s0, [p4], m0, cyc6)                    
000514           31 b5                                              b617  (MOV cs3, cl4)                                           
000516           ad 98 f0 03                                        b564  (ST p4, [p6, cs3])                                       
000520           80 00 05 64 26 42 63 47                            b571  (VMUL.80 bm1, yd.s32, r9, c2, r0, wc1.s32, #0, c3, c0)   
000528           80 00 05 84 26 42 66 47                            b572  (VMAC.80 bm1, ya.s32, r9, c2, r0, wc1.s32, #0, c3, c1)   
000536           00 01                                              NOP
000538           00 00 04 d5 cf f2 1e 77                            b621  (MOV.s12 cs7, #-28)                                       b607  (MOV cb7, cl5)                                           
000546           02 71 00 00 00 00 00 37                            b578  (VLDA wr0, [p4], m0, cyc7)                               
000554           6c cf 46 27 c0 00 00 77                            b566  (LDA p4, [p5, cs7])                                       b609  (MOV cs7, m2)                                            
000562           06 d1 00 00 02 d9 9d 37                            b580  (VLDA wr1, [p4])                                          b582  (ST p4, [p2, cs7])                                       
000570           00 01                                              NOP
000572           00 01                                              NOP
000574           00 01                                              NOP
000576           00 01                                              NOP
000578           00 01                                              NOP
000580           00 01                                              NOP
000582           00 00 3f c8 5b a8 62 37                            b568  (VST wr2, [p4], m0, cyc3)                                 b620  (MOV.s12 cs3, #-28)                                      
000590           d1 86 20 03                                        b570  (VST.80.SRSS bm0, s0, [p4], m0, cyc3)                    
000594           00 01                                              NOP
000596           5b 31 d0 00 00 39 5a f7                            b573  (ST p4, [p5, cs3])                                        b601  (MOV p5, r2)                                             
000604           6c c7 40 00 00 00 00 37                            b583  (LDA p4, [p5, cs3])                                      
000612           00 01                                              NOP
000614           00 01                                              NOP
000616           6c c7 c0 00 00 00 00 37                            b575  (LDA p4, [p7, cs3])                                      
000624           00 01                                              NOP
000626           00 01                                              NOP
000628           00 01                                              NOP
000630           00 01                                              NOP
000632           12 21 00 00 00 00 00 37                            b585  (VLDA wc0, [p4], m0, cyc2)                               
000640           00 01                                              NOP
000642           ad 98 e8 03                                        b588  (ST p4, [p5, cs3])                                       
000646           76 9c 40 00 00 3e da f7                            b577  (VST wc1, [p4], m0, cyc7)                                 b606  (MOV p5, r13)                                            
000654           6c c7 44 35 da 35 c4 77                            b590  (LDA p4, [p5, cs3])                                       b579  (VST.80.SRSS bm1, s0, [p4], m0, cyc7)                     b614  (MOV cb7, ch3)                                           
000662           85 f5                                              b615  (MOV cs7, m1)                                            
000664           ad 98 f8 03                                        b581  (ST p4, [p7, cs3])                                       
000668           80 00 05 64 26 42 60 c7                            b586  (VMUL.80 bm3, ya.s32, r9, c2, r0, wc0.s32, #0, c3, c0)   
000676           80 00 05 84 26 42 65 c7                            b587  (VMAC.80 bm3, yd.s32, r9, c2, r0, wc0.s32, #0, c3, c1)   
000684           00 01                                              NOP
000686           00 01                                              NOP
000688           00 01                                              NOP
000690           02 71 00 00 00 00 00 37                            b591  (VLDA wr0, [p4], m0, cyc7)                               
000698           06 d1 00 00 00 00 00 37                            b593  (VLDA wr1, [p4])                                         
000706           5b 31 d0 00 00 3a da f7                            b596  (ST p4, [p5, cs3])                                        b603  (MOV p5, r5)                                             
000714           6c c7 40 00 00 00 00 37                            b584  (LDA p4, [p5, cs3])                                      
000722           00 01                                              NOP
000724           00 01                                              NOP
000726           00 01                                              NOP
000728           6c c6 00 00 00 00 00 37                            b597  (LDA p4, [p0, cs3])                                      
000736           00 01                                              NOP
000738           00 01                                              NOP
000740           00 01                                              NOP
000742           bb 08 20 03                                        b589  (VST wc0, [p4], m0, cyc4)                                
000746           d1 e8 20 03                                        b592  (VST.80.SRSS bm3, s0, [p4], m0, cyc4)                    
000750           00 01                                              NOP
000752           ad 98 e8 03                                        b594  (ST p4, [p5, cs3])                                       
000756           6d c6 40 00 00 00 00 37                            b595  (LDA p5, [p1, cs3])                                      
000764           00 01                                              NOP
000766           00 01                                              NOP
000768           1a 11 00 00 00 00 00 37                            b598  (VLDA wd0, [p4], m0, cyc1)                               
000776           1e d1 00 00 00 00 00 37                            b599  (VLDA wd1, [p4])                                         
000784           00 00 00 00 05 b3 18 00 00 00 00 00 00 00 00 02    b600  (ST p4, [p0, cs3])                                       
000800  m642   1 6d c6 c0 00 00 00 00 37                            b49   (LDA p5, [p3, cs3])                                      
000808         1 00 01                                              NOP
000810         1 bb ca 28 03                                        b93   (VST wd1, [p5], m0, cyc5)                                
000814         1 bb 8a 28 03                                        b96   (VST wd0, [p5], m0, cyc5)                                
000818         1 00 01                                              NOP
000820         1 5b 71 90 00 00 39 ae f7                            b99   (ST p5, [p1, cs3])                                        b382  (MOV cb7, r3)                                            
000828         1 1d f5                                              b393  (MOV cs7, ch7)                                           
000830         1 00 01                                              NOP
000832         1 12 71 40 00 00 00 00 37                            b51   (VLDA wc0, [p5], m0, cyc7)                               
000840         1 00 01                                              NOP
000842         1 5b 71 b0 00 00 3a 58 f7                            b54   (ST p5, [p3, cs3])                                        b339  (MOV p4, r4)                                             
000850         1 6d c7 00 00 00 00 00 37                            b55   (LDA p5, [p4, cs3])                                      
000858         1 00 01                                              NOP
000860         1 00 01                                              NOP
000862         1 00 01                                              NOP
000864         1 00 01                                              NOP
000866         1 19 f5                                              b407  (MOV cs7, ch6)                                           
000868         1 fd 75                                              b447  (MOV cb7, r15)                                           
000870         1 00 01                                              NOP
000872         1 16 71 40 00 00 00 00 37                            b57   (VLDA wc1, [p5], m0, cyc7)                               
000880         1 00 01                                              NOP
000882         1 5b 71 c0 00 00 3f 5a f7                            b62   (ST p5, [p4, cs3])                                        b355  (MOV p5, r14)                                            
000890         1 6c c7 40 00 00 00 00 37                            b64   (LDA p4, [p5, cs3])                                      
000898         1 00 01                                              NOP
000900         1 00 01                                              NOP
000902         1 00 01                                              NOP
000904         1 00 01                                              NOP
000906         1 00 01                                              NOP
000908         1 00 01                                              NOP
000910         1 6c c7 80 00 00 00 00 37                            b50   (LDA p4, [p6, cs3])                                      
000918         1 16 01 00 00 00 00 00 37                            b66   (VLDA wc1, [p4], m0, cyc0)                               
000926         1 80 00 05 64 26 42 61 87                            b52   (VMUL.80 bm2, yd.s32, r9, c2, r0, wc0.s32, #0, c3, c0)   
000934         1 ad 98 ed 84 26 02 65 87                            b71   (ST p4, [p5, cs3])                                        b53   (VMAC.80 bm2, yd.s32, r8, c2, r0, wc0.s32, #0, c3, c1)   
000942         1 6c c6 80 00 00 00 00 37                            b73   (LDA p4, [p2, cs3])                                      
000950         1 00 01                                              NOP
000952         1 80 00 05 64 27 02 63 07                            b59   (VMUL.80 bm0, yd.s32, r12, c2, r0, wc1.s32, #0, c3, c0)  
000960         1 00 00 00 00 10 00 00 0e af fc 00 d8 42 64 26 70    b457  (VST.SPIL wc1, [sp, #-64])                                b60   (VMAC.80 bm0, yd.s32, r9, c2, r0, wc1.s32, #0, c3, c1)   
000976         1 bb 0c 20 03                                        b56   (VST wc0, [p4], m0, cyc6)                                
000980         1 a3 98 40 00 00 22 2e f7                            b58   (VST.80.SRSS bm2, s0, [p4], m0, cyc6)                     b419  (MOV cb7, ch4)                                           
000988         1 c5 f5                                              b425  (MOV cs7, r1)                                            
000990         1 00 00 3f c8 7a d9 8f 37                            b61   (ST p4, [p6, cs3])                                        b550  (MOV.s12 cs7, #-28)                                      
000998         1 02 71 04 eb 40 00 00 77                            b75   (VLDA wr0, [p4], m0, cyc7)                                b361  (MOV p5, cl6)                                            
001006         1 6c cf 40 00 00 00 00 37                            b63   (LDA p4, [p5, cs7])                                      
001014         1 80 00 00 c7 93 f8 27 f7                            b458  (VLDA.SPIL wr2, [sp, #-64])                              
001022         1 00 01                                              NOP
001024         1 00 01                                              NOP
001026         1 80 00 05 64 26 42 63 47                            b68   (VMUL.80 bm1, yd.s32, r9, c2, r0, wc1.s32, #0, c3, c0)   
001034         1 80 00 05 84 26 42 66 47                            b69   (VMAC.80 bm1, ya.s32, r9, c2, r0, wc1.s32, #0, c3, c1)   
001042         1 31 b5                                              b453  (MOV cs3, cl4)                                           
001044         1 06 d1 00 00 02 d9 9d 37                            b77   (VLDA wr1, [p4])                                          b79   (ST p4, [p2, cs7])                                       
001052         1 ba 86 20 03                                        b65   (VST wr2, [p4], m0, cyc3)                                
001056         1 00 00 3f c8 5d 18 62 37                            b67   (VST.80.SRSS bm0, s0, [p4], m0, cyc3)                     b549  (MOV.s12 cs3, #-28)                                      
001064         1 00 01                                              NOP
001066         1 5b 31 d0 00 00 39 5a f7                            b70   (ST p4, [p5, cs3])                                        b335  (MOV p5, r2)                                             
001074         1 6c c7 40 00 00 00 00 37                            b80   (LDA p4, [p5, cs3])                                      
001082         1 00 01                                              NOP
001084         1 00 01                                              NOP
001086         1 00 01                                              NOP
001088         1 00 01                                              NOP
001090         1 00 01                                              NOP
001092         1 00 01                                              NOP
001094         1 6c c7 c0 00 00 00 00 37                            b72   (LDA p4, [p7, cs3])                                      
001102         1 12 21 00 00 00 00 00 37                            b82   (VLDA wc0, [p4], m0, cyc2)                               
001110         1 00 01                                              NOP
001112         1 5b 31 d0 00 00 3e da f7                            b85   (ST p4, [p5, cs3])                                        b371  (MOV p5, r13)                                            
001120         1 6c c7 40 00 00 00 00 37                            b87   (LDA p4, [p5, cs3])                                      
001128         1 35 75                                              b378  (MOV cb7, cl5)                                           
001130         1 89 f5                                              b389  (MOV cs7, m2)                                            
001132         1 00 01                                              NOP
001134         1 bb 4e 20 03                                        b74   (VST wc1, [p4], m0, cyc7)                                
001138         1 a3 5c 40 00 00 21 ae f7                            b76   (VST.80.SRSS bm1, s0, [p4], m0, cyc7)                     b435  (MOV cb7, ch3)                                           
001146         1 85 f5                                              b441  (MOV cs7, m1)                                            
001148         1 ad 98 f8 03                                        b78   (ST p4, [p7, cs3])                                       
001152         1 02 71 00 00 00 00 00 37                            b88   (VLDA wr0, [p4], m0, cyc7)                               
001160         1 00 01                                              NOP
001162         1 5b 31 d0 00 00 3a da f7                            b94   (ST p4, [p5, cs3])                                        b345  (MOV p5, r5)                                             
001170         1 6c c7 40 00 00 00 00 37                            b81   (LDA p4, [p5, cs3])                                      
001178         1 00 01                                              NOP
001180         1 80 00 05 64 26 42 60 c7                            b83   (VMUL.80 bm3, ya.s32, r9, c2, r0, wc0.s32, #0, c3, c0)   
001188         1 80 00 05 84 26 42 65 c7                            b84   (VMAC.80 bm3, yd.s32, r9, c2, r0, wc0.s32, #0, c3, c1)   
001196         1 6c c6 00 00 00 00 00 37                            b95   (LDA p4, [p0, cs3])                                      
001204         1 00 01                                              NOP
001206         1 00 01                                              NOP
001208         1 06 d1 00 00 00 00 00 37                            b90   (VLDA wr1, [p4])                                         
001216         1 bb 08 20 03                                        b86   (VST wc0, [p4], m0, cyc4)                                
001220         1 d1 e8 20 03                                        b89   (VST.80.SRSS bm3, s0, [p4], m0, cyc4)                    
001224         1 00 01                                              NOP
001226         1 ad 98 e8 03                                        b91   (ST p4, [p5, cs3])                                       
001230         1 6d c6 40 00 00 00 00 37                            b92   (LDA p5, [p1, cs3])                                      
001238         1 00 01                                              NOP
001240         1 00 00 00 03                                        NOP
001244         1 1a 11 00 00 00 00 00 37                            b97   (VLDA wd0, [p4], m0, cyc1)                               
001252         1 1e d1 00 00 00 00 00 00 00 00 00 1f                b98   (VLDA wd1, [p4])                                         
001264         1 00 00 00 00 05 b3 18 00 00 00 00 00 00 00 00 02    b100  (ST p4, [p0, cs3])                                       
001280  m152     80 00 00 c7 bb ff e7 f7                            b484  (LDA.SPIL p6, [sp, #-4])                                 
001288           00 01                                              NOP
001290           bb ca 28 03                                        b622  (VST wd1, [p5], m0, cyc5)                                
001294           bb 8a 28 03                                        b623  (VST wd0, [p5], m0, cyc5)                                
001298           01 01                                              b48   (RET lr)                                                 
001300           00 01                                              .swstall "delay_slot"
001302           00 01                                              .swstall "delay_slot"
001304           00 00 04 5d 0f b0 46 77                            b518  (MOV.s12 m3, #-160)                                       b476  (MOV r4, ch5)                                            
001312           08 96 04 2b c0 00 00 77                            b47   (PADDA [sp], m3)                                          b492  (MOV p7, ch2)                                            
001320           ad b8 c8 03                                        b624  (ST p5, [p1, cs3])                                       
