Tue Mar 10 12:13:11 2026: Running xcd server. This server was built by gradle.
Tue Mar 10 12:13:11 2026: Server was asked to start on port: '33655'
Tue Mar 10 12:13:11 2026: Server is using token UUID: '2b2c2a1e-7c1c-407b-b521-cc9bfffe8708'
Tue Mar 10 12:13:11 2026: SESSION_MGR: creating session with session uuid: '6d04a3e9-ade5-4ab9-8d63-1f78fcd2ec76' and name 'default'
Tue Mar 10 12:13:11 2026: Attempting to start server on port '33655'
Tue Mar 10 12:13:11 2026: XCD main fifo: created main fifo '/tmp/xcdmain2b2c2a1e-7c1c-407b-b521-cc9bfffe8708', fd read = 13
Tue Mar 10 12:13:11 2026: Running Dispatch Server
Tue Mar 10 12:13:11 2026: Version 2.2.0
Tue Mar 10 12:13:12 2026: Dispatch Server: Accepted socket connection from client
Tue Mar 10 12:13:12 2026: Starting Socket connection
Tue Mar 10 12:13:12 2026: EXCHANGE_TOKEN received, server token: 2b2c2a1e-7c1c-407b-b521-cc9bfffe8708, passed token: 2b2c2a1e-7c1c-407b-b521-cc9bfffe8708
Tue Mar 10 12:13:13 2026: DISPATCH_HANDLER: Adding handler from function makeHandler in library libxv_system_diagram
Tue Mar 10 12:13:13 2026: SESSION_MGR: creating session with session uuid: '4a263d30-a54e-41c1-b0f6-db11d9f51ff8' and name 'v++_compile_Work'
Tue Mar 10 12:13:13 2026: KERNEL_SVC: creating session with uuid: '4a263d30-a54e-41c1-b0f6-db11d9f51ff8' and name 'v++_compile_Work'
Tue Mar 10 12:13:13 2026: GUIDANCE_SMGR: creating guidance session with uuid: '4a263d30-a54e-41c1-b0f6-db11d9f51ff8' and name 'v++_compile_Work'
Tue Mar 10 12:13:13 2026: SYSTEM_DIAGRAM: creating session with uuid: '4a263d30-a54e-41c1-b0f6-db11d9f51ff8' and name 'v++_compile_Work'
Tue Mar 10 12:13:29 2026: Dispatch Server: Accepted socket connection from client
Tue Mar 10 12:13:29 2026: Starting Socket connection
Tue Mar 10 12:13:29 2026: SESSION_MGR: creating session with session uuid: '1b75c40c-20ff-4f68-9345-f1b2d3960f1b' and name 'AIE Compilation'
Tue Mar 10 12:13:29 2026: KERNEL_SVC: creating session with uuid: '1b75c40c-20ff-4f68-9345-f1b2d3960f1b' and name 'AIE Compilation'
Tue Mar 10 12:13:29 2026: GUIDANCE_SMGR: creating guidance session with uuid: '1b75c40c-20ff-4f68-9345-f1b2d3960f1b' and name 'AIE Compilation'
Tue Mar 10 12:13:29 2026: SYSTEM_DIAGRAM: creating session with uuid: '1b75c40c-20ff-4f68-9345-f1b2d3960f1b' and name 'AIE Compilation'
Tue Mar 10 12:13:30 2026: SESSION_MGR: closing session for UUID '1b75c40c-20ff-4f68-9345-f1b2d3960f1b' with name ''
Tue Mar 10 12:13:30 2026: KERNEL_SVC: closing session for UUID '1b75c40c-20ff-4f68-9345-f1b2d3960f1b' with name ''
Tue Mar 10 12:13:30 2026: GUIDANCE_SMGR: closing session for UUID '1b75c40c-20ff-4f68-9345-f1b2d3960f1b' with name ''
Tue Mar 10 12:13:31 2026: SYSTEM_DIAGRAM: closing session for UUID '1b75c40c-20ff-4f68-9345-f1b2d3960f1b' with name ''
Tue Mar 10 12:13:31 2026: SESSION_MGR: closing session for UUID '4a263d30-a54e-41c1-b0f6-db11d9f51ff8' with name 'v++_compile_Work'
Tue Mar 10 12:13:31 2026: KERNEL_SVC: closing session for UUID '4a263d30-a54e-41c1-b0f6-db11d9f51ff8' with name 'v++_compile_Work'
Tue Mar 10 12:13:31 2026: GUIDANCE_SMGR: closing session for UUID '4a263d30-a54e-41c1-b0f6-db11d9f51ff8' with name 'v++_compile_Work'
Tue Mar 10 12:13:31 2026: SYSTEM_DIAGRAM: closing session for UUID '4a263d30-a54e-41c1-b0f6-db11d9f51ff8' with name 'v++_compile_Work'
Tue Mar 10 12:13:31 2026: STOP_SERVER received, server token: 2b2c2a1e-7c1c-407b-b521-cc9bfffe8708, passed token: 2b2c2a1e-7c1c-407b-b521-cc9bfffe8708
Tue Mar 10 12:13:31 2026: Socket received request to stop server.
Tue Mar 10 12:13:31 2026: Dispatch Server: do_await_stop
Tue Mar 10 12:13:31 2026: Dispatch Server: stopping mainFifo_
Tue Mar 10 12:13:31 2026: XCD main fifo: Stopping
Tue Mar 10 12:13:31 2026: XCD main fifo: do_read error code: Operation canceled
Tue Mar 10 12:13:31 2026: XCD main fifo: bytes_transferred: 0
Tue Mar 10 12:13:31 2026: SERVER: destructor for server bound to port 33655
Tue Mar 10 12:13:31 2026: XCD main fifo: Good unlink of /tmp/xcdmain2b2c2a1e-7c1c-407b-b521-cc9bfffe8708
Tue Mar 10 12:13:31 2026: Server exiting with status 0.
Tue Mar 10 12:13:31 2026: Closing log file.
