
// File generated by darts version U-2022.12#3eec2545bc#230622, Tue Mar 10 16:46:22 2026
// Copyright 2014-2022 Synopsys, Inc. All rights reserved.
// darts -v -I/usr/xilinx/Vitis/2023.2/aietools/data/versal_prod/lib -d -h -I/usr/xilinx/Vitis/2023.2/aietools/include -I/media/4T/home/xianyijiang/my_sparta/aie/. -I/media/4T/home/xianyijiang/my_sparta/aie/./ProcessUnit -I/media/4T/home/xianyijiang/my_sparta/aie/. -I/media/4T/home/xianyijiang/my_sparta/aie/./aie -I/media/4T/home/xianyijiang/my_sparta/aie/media/4T/home/xianyijiang/my_sparta/aie/. -I/media/4T/home/xianyijiang/my_sparta/aie/media/4T/home/xianyijiang/my_sparta/aie/./aie -I/media/4T/home/xianyijiang/my_sparta/aie/usr/xilinx/Vitis/2023.2/aietools/include -I/usr/xilinx/Vitis/2023.2/aietools/include -I/usr/xilinx/Vitis/2023.2/aietools/data/versal_prod/lib/runtime_cxx/libcxx-lite/include -I/usr/xilinx/Vitis/2023.2/aietools/data/versal_prod/lib/runtime_cxx/libs/libcxx-9.0.0/include-lite -I/usr/xilinx/Vitis/2023.2/aietools/data/versal_prod/lib/runtime/include -D__AIENGINE__ -D__AIE_ARCH__=10 -DDEPLOYMENT_ELF=1 -D__LOCK_FENCE_MODE__=0 -DAIE_OPTION_SCALAR_FLOAT_ON_VECTOR -D__tct_tgt__=230622 -L +Ihex +nanno ../Release/7_1.o me

// Release: ipp U-2022.12-TGT-230622
.data_segment_name
.data local 4 _ZL11sync_buffer DMb
	0x0
	0x0
	0x0
	0x0
	0xff
	0xff
	0xff
	0xff
	0x0
	0x0
	0x0
	0x0
	0x0
	0x0
	0x0
	0x0
	0x0
	0x0
	0x0
	0x0
	0x0
	0x0
	0x0
	0x0
	0x0
	0x0
	0x0
	0x0
	0x0
	0x0
	0x0
	0x0

.undef local data _ZL11sync_buffer

.data_segment_name
.bss global 16 buf0 DMb 1024

.data_segment_name
.bss global 16 buf0d DMb 1024

.data_segment_name
.bss global 16 buf1 DMb 1024

.data_segment_name
.bss global 16 buf10 DMb 1024

.data_segment_name
.bss global 16 buf10d DMb 1024

.data_segment_name
.bss global 16 buf11 DMb 1024

.data_segment_name
.bss global 16 buf11d DMb 1024

.data_segment_name
.bss global 16 buf1d DMb 1024

.data_segment_name
.bss global 16 buf2 DMb 1024

.data_segment_name
.bss global 16 buf2d DMb 1024

.data_segment_name
.bss global 16 buf3 DMb 1024

.data_segment_name
.bss global 16 buf3d DMb 1024

.data_segment_name
.bss global 16 buf4 DMb 1024

.data_segment_name
.bss global 16 buf4d DMb 1024

.data_segment_name
.bss global 16 buf8 DMb 1024

.data_segment_name
.bss global 16 buf8d DMb 1024

.data_segment_name
.bss global 16 buf9 DMb 1024

.data_segment_name
.bss global 16 buf9d DMb 1024

.undef global data _ZN12me_primitive3ss0E


.undef global data _ZN12me_primitive3ms0E


.undef global data _ZN12me_primitive4sst0E


.undef global data _ZN12me_primitive4ssc0E


.undef global data _ZN12me_primitive5wsst0E


.undef global data _ZN12me_primitive4msc0E


.undef global data _ZN12me_primitive3ss1E


.undef global data _ZN12me_primitive3ms1E


.undef global data _ZN12me_primitive4sst1E


.undef global data _ZN12me_primitive4ssc1E


.undef global data _ZN12me_primitive5wsst1E


.undef global data _ZN12me_primitive4msc1E


.undef global data ZERO

.undef global data ONES

.text_segment_name
.text global 16 _main
.label _main___func_begin0
.function_start
	     0    0x34 0x0c 0x58 0xc0 0x09 0x40 0x40 0x04 0x00 0x40 0x00 0x3f                      MOV.s10 m4, #49;    MOV.s9 r8, #0;                                    MOV.s12 m0, #640;             MOV.u20 ch1, #buf1;           NOP
	    12    0x08 0x90 0x1e 0xc2 0x0f 0x7c 0x44 0x04 0x00 0x80 0x00 0x3f                      PADDA [sp], m0;     MOV.s9 r14, #16;                                  MOV.s12 m2, #-264;            MOV.u20 ch2, #buf0;           NOP
	    24    0x30 0x0c 0xd9 0xc6 0x48 0x10 0x78 0x04 0x02 0x00 0x00 0x3f                      MOV.s10 m0, #51;    MOV.s9 r9, #50;                                   MOV.s12 r12, #32;             MOV.u20 cl0, #buf8;           NOP
	    36    0x31 0x05 0x5f 0xc2 0x40 0x00 0x01 0x00 0x2f 0x60 0x15 0xdf                      MOV.s10 m1, #21;    MOV.s9 r15, #18;    NOP;                          MOV.s12 r13, #2;              MOV r7, sp
	    48    0x00 0x00 0x11 0xc2 0x2b 0x7f 0xe9 0x00 0x1d 0xc7 0x7a 0x1f                      NOP;                MOV.s9 r1, #17;     ST p7, [sp, #-48];            MOV.s12 r7, #1;               MOV p0, r7
	    60    0x00 0x00 0x14 0xc6 0x0b 0xa7 0xeb 0xdf 0x49 0x46 0x8a 0x5f                      NOP;                MOV.s9 r4, #48;     ST r4, [sp, #-44];            MOV.s12 m5, #-524;            MOV p1, p0
	    72    0x00 0x00 0x12 0xc4 0x2e 0xe0 0x46 0x0d 0x1f 0xf1 0x44 0x3f                      NOP;                MOV.s9 r2, #33;                                   MOV.s12 m3, #-576;            ST.SPIL ch1, [sp, #-236];     NOP
.noswbrkpt
	    84    0x08 0x86 0x50 0xc2 0x6f 0x96 0x4e 0x0d 0x2f 0xf4 0x84 0x3f                      PADDA [p1], m3;     MOV.s9 r0, #19;                                   MOV.s12 m7, #-212;            ST.SPIL ch2, [sp, #-184];     NOP
.nohwbrkpt
.noswbrkpt
	    96    0x00 0x00 0x1b 0xc2 0xcb 0xdf 0xe3 0xe5 0xc8 0xc6 0x9a 0x9f                      NOP;                MOV.s9 r11, #22;    ST r11, [sp, #-60];           MOV.s12 m3, #-420;            MOV p2, p1
.noswbrkpt
	   108    0x08 0x8a 0x80 0x00 0x15 0xbb 0xf3 0x04 0x00 0x00 0x00 0x3f                      PADDA [p2], m5;     NOP;                ST p6, [sp, #-52];                                          MOV.u20 ch0, #buf2;           NOP
.nohwbrkpt
.noswbrkpt
	   120    0x08 0x8e 0x1a 0xc2 0x8b 0xd7 0xe5 0xec 0x49 0x46 0xab 0xdf                      PADDA [p0], m7;     MOV.s9 r10, #20;    ST r10, [sp, #-56];           MOV.s12 m5, #-316;            MOV p7, p2
.nohwbrkpt
.noswbrkpt
	   132    0x08 0x8b 0xc0 0x00 0x0b 0xe7 0xbb 0xe9 0x09 0x46 0x8b 0x9f                      PADDA [p7], m5;     NOP;                ST r12, [sp, #-140];          MOV.s12 m5, #-368;            MOV p6, p0
.nohwbrkpt
.noswbrkpt
	   144    0x08 0x85 0x80 0x00 0x0b 0xef 0xbd 0xe2 0x88 0x86 0xfb 0x5f                      PADDA [p6], m2;     NOP;                ST r13, [sp, #-136];          MOV.s12 m2, #-472;            MOV p5, p7
.noswbrkpt
	   156    0x08 0x8b 0x40 0x00 0x0e 0xc6 0x4c 0x0d 0x1f 0xf0 0x84 0x3f                      PADDA [p5], m5;     NOP;                                              MOV.s12 m6, #-628;            ST.SPIL ch1, [sp, #-248];     NOP
.nohwbrkpt
.noswbrkpt
	   168    0x5e 0x7e 0x00 0x00 0x00 0x36 0xd6 0xf7                                                                                  ST r9, [sp, #-128];           NOP;                          MOV p3, p5
.noswbrkpt
	   176    0x08 0x84 0xc0 0x00 0x10 0x00 0x00 0x0d 0x2f 0xf3 0xc4 0x3f                      PADDA [p3], m2;     NOP;                NOP;                                                        ST.SPIL ch2, [sp, #-196];     NOP
.nohwbrkpt
.noswbrkpt
	   188    0x5f 0xfe 0x10 0x00 0x00 0x35 0xd8 0xf7                                                                                  ST r15, [sp, #-124];          NOP;                          MOV p4, p3
	   196    0x80 0x00 0x00 0xd8 0xfe 0x44 0x47 0xf7                                                                                  NOP;                                                        ST.SPIL cl0, [sp, #-444];     NOP
	   204    0xad 0xdf 0x78 0x40 0xcc 0x00 0x07 0xf7                                                                                  ST p6, [sp, #-68];                                          MOV.u20 r3, #buf11;           NOP
	   212    0x80 0x00 0x00 0xf8 0xff 0x24 0x47 0xf7                                                                                  NOP;                                                        ST.SPIL r8, [sp, #-220];      NOP
	   220    0x80 0x00 0x00 0xd0 0xfe 0xe0 0x47 0xf7                                                                                  NOP;                                                        ST.SPIL ch0, [sp, #-288];     NOP
	   228    0x80 0x00 0x00 0xf4 0xff 0x58 0x47 0xf7                                                                                  NOP;                                                        ST.SPIL r4, [sp, #-168];      NOP
	   236    0xad 0xff 0x70 0x40 0xd8 0x00 0x07 0xf7                                                                                  ST p7, [sp, #-72];                                          MOV.u20 r6, #buf4;            NOP
	   244    0xad 0x3f 0x48 0x40 0x24 0x00 0x07 0xf7                                                                                  ST p1, [sp, #-92];                                          MOV.u20 cl1, #buf3;           NOP
	   252    0xad 0x5f 0x50 0x40 0xd4 0x00 0x07 0xf7                                                                                  ST p2, [sp, #-88];                                          MOV.u20 r5, #buf9;            NOP
	   260    0xad 0x7f 0x58 0x40 0x28 0x00 0x07 0xf7                                                                                  ST p3, [sp, #-84];                                          MOV.u20 cl2, #buf10;          NOP
	   268    0x80 0x00 0x00 0xd8 0xfe 0x38 0x47 0xf7                                                                                  NOP;                                                        ST.SPIL cl0, [sp, #-456];     NOP
	   276    0x80 0x00 0x00 0xf3 0xfd 0xa8 0x47 0xf7                                                                                  NOP;                                                        ST.SPIL r3, [sp, #-600];      NOP
	   284    0x80 0x00 0x00 0xf7 0xff 0x28 0x47 0xf7                                                                                  NOP;                                                        ST.SPIL r7, [sp, #-216];      NOP
	   292    0xad 0xbf 0x68 0x40 0x2c 0x00 0x07 0xf7                                                                                  ST p5, [sp, #-76];                                          MOV.u20 cl3, #buf1d;          NOP
	   300    0x80 0x00 0x00 0xd0 0xfe 0xd4 0x47 0xf7                                                                                  NOP;                                                        ST.SPIL ch0, [sp, #-300];     NOP
	   308    0x80 0x00 0x00 0xe4 0xff 0x5c 0x47 0xf7                                                                                  NOP;                                                        ST.SPIL m4, [sp, #-164];      NOP
	   316    0xad 0x1f 0x80 0x40 0x0c 0x00 0x07 0xf7                                                                                  ST p0, [sp, #-64];                                          MOV.u20 ch3, #buf0d;          NOP
	   324    0x80 0x00 0x00 0xf6 0xfe 0x78 0x47 0xf7                                                                                  NOP;                                                        ST.SPIL r6, [sp, #-392];      NOP
	   332    0x80 0x00 0x00 0xd9 0xfe 0xac 0x47 0xf7                                                                                  NOP;                                                        ST.SPIL cl1, [sp, #-340];     NOP
	   340    0x80 0x00 0x00 0xf5 0xfe 0x10 0x47 0xf7                                                                                  NOP;                                                        ST.SPIL r5, [sp, #-496];      NOP
	   348    0x80 0x00 0x00 0xda 0xfd 0xdc 0x47 0xf7                                                                                  NOP;                                                        ST.SPIL cl2, [sp, #-548];     NOP
	   356    0x80 0x00 0x00 0xfe 0xfe 0x54 0x47 0xf7                                                                                  NOP;                                                        ST.SPIL r14, [sp, #-428];     NOP
	   364    0x80 0x00 0x00 0xf3 0xfd 0x9c 0x47 0xf7                                                                                  NOP;                                                        ST.SPIL r3, [sp, #-612];      NOP
	   372    0x80 0x00 0x00 0xdb 0xff 0x18 0x47 0xf7                                                                                  NOP;                                                        ST.SPIL cl3, [sp, #-232];     NOP
	   380    0x80 0x00 0x00 0xfc 0xfe 0xf0 0x47 0xf7                                                                                  NOP;                                                        ST.SPIL r12, [sp, #-272];     NOP
	   388    0x80 0x00 0x00 0xd3 0xff 0x4c 0x47 0xf7                                                                                  NOP;                                                        ST.SPIL ch3, [sp, #-180];     NOP
	   396    0x80 0x00 0x00 0xf6 0xfe 0x6c 0x47 0xf7                                                                                  NOP;                                                        ST.SPIL r6, [sp, #-404];      NOP
	   404    0x80 0x00 0x00 0xd9 0xfe 0xa0 0x47 0xf7                                                                                  NOP;                                                        ST.SPIL cl1, [sp, #-352];     NOP
	   412    0x80 0x00 0x00 0xf5 0xfe 0x04 0x47 0xf7                                                                                  NOP;                                                        ST.SPIL r5, [sp, #-508];      NOP
	   420    0x80 0x00 0x00 0xda 0xfd 0xd0 0x47 0xf7                                                                                  NOP;                                                        ST.SPIL cl2, [sp, #-560];     NOP
.noswbrkpt
	   428    0x08 0x8d 0x00 0x00 0x10 0x00 0x00 0x0d 0xbf 0xf0 0xc4 0x3f                      PADDA [p4], m6;     NOP;                NOP;                                                        ST.SPIL cl3, [sp, #-244];     NOP
.nohwbrkpt
.noswbrkpt
	   440    0x5e 0x34 0x60 0x00 0x00 0x36 0x5c 0xf7                                                                                  ST r8, [p6];                  NOP;                          MOV p6, p4
	   448    0x08 0x87 0x91 0xc2 0xf0 0x00 0x00 0x0f 0x1f 0xe5 0x84 0x3f                      PADDA [p6], m3;     MOV.s9 r1, #23;     NOP;                                                        ST.SPIL r1, [sp, #-424];      NOP
	   460    0x00 0x00 0x12 0xc0 0x70 0x00 0x00 0x0f 0x2f 0xef 0x44 0x3f                      NOP;                MOV.s9 r2, #3;      NOP;                                                        ST.SPIL r2, [sp, #-268];      NOP
	   472    0x80 0x00 0x00 0xd3 0xff 0x40 0x47 0xf7                                                                                  NOP;                                                        ST.SPIL ch3, [sp, #-192];     NOP
	   480    0x80 0x00 0x00 0xfb 0xfd 0xb8 0x47 0xf7                                                                                  NOP;                                                        ST.SPIL r11, [sp, #-584];     NOP
	   488    0x80 0x00 0x00 0xf9 0xfe 0x88 0x47 0xf7                                                                                  NOP;                                                        ST.SPIL r9, [sp, #-376];      NOP
	   496    0x80 0x00 0x00 0xfd 0xfe 0xbc 0x47 0xf7                                                                                  NOP;                                                        ST.SPIL r13, [sp, #-324];     NOP
	   504    0x80 0x00 0x00 0xff 0xfe 0x20 0x47 0xf7                                                                                  NOP;                                                        ST.SPIL r15, [sp, #-480];     NOP
	   512    0x80 0x00 0x00 0xfa 0xfd 0xec 0x47 0xf7                                                                                  NOP;                                                        ST.SPIL r10, [sp, #-532];     NOP
	   520    0x50 0x03 0x10 0xf1 0xfd 0xbc 0x47 0xf7                                                                                                                MOV.s12 r1, #1024;            ST.SPIL r1, [sp, #-580];      NOP
	   528    0xaf 0x1a 0x00 0x40 0x34 0x00 0x07 0xf7                                                                                  ST r8, [p0];                                                MOV.u20 cl5, #buf2d;          NOP
	   536    0x80 0x00 0x00 0xe0 0xfe 0x8c 0x47 0xf7                                                                                  NOP;                                                        ST.SPIL m0, [sp, #-372];      NOP
	   544    0xad 0x9f 0x40 0x40 0x10 0x00 0x07 0xf7                                                                                  ST p4, [sp, #-96];                                          MOV.u20 ch4, #buf4d;          NOP
	   552    0x80 0x00 0x00 0xf2 0xfe 0xc0 0x47 0xf7                                                                                  NOP;                                                        ST.SPIL r2, [sp, #-320];      NOP
	   560    0x80 0x00 0x00 0xf0 0xfe 0x24 0x47 0xf7                                                                                  NOP;                                                        ST.SPIL r0, [sp, #-476];      NOP
	   568    0x80 0x00 0x00 0xe1 0xfd 0xf0 0x47 0xf7                                                                                  NOP;                                                        ST.SPIL m1, [sp, #-528];      NOP
	   576    0xad 0xdf 0x60 0x40 0x30 0x00 0x07 0xf7                                                                                  ST p6, [sp, #-80];                                          MOV.u20 cl4, #buf3d;          NOP
	   584    0xaf 0xdf 0x10 0x40 0x2c 0x00 0x07 0xf7                                                                                  ST r14, [sp, #-120];                                        MOV.u20 cl3, #buf8d;          NOP
	   592    0xae 0xff 0xb8 0x40 0x0c 0x00 0x07 0xf7                                                                                  ST r7, [sp, #-36];                                          MOV.u20 ch3, #buf9d;          NOP
	   600    0xaf 0x1e 0xc8 0x40 0x14 0x00 0x07 0xf7                                                                                  ST r8, [sp, #-156];                                         MOV.u20 ch5, #buf10d;         NOP
	   608    0xa9 0x1f 0xb0 0x40 0x38 0x00 0x07 0xf7                                                                                  ST lr, [sp, #-40];                                          MOV.u20 cl6, #buf11d;         NOP
	   616    0x80 0x00 0x00 0xdd 0xfe 0xe4 0x47 0xf7                                                                                  NOP;                                                        ST.SPIL cl5, [sp, #-284];     NOP
	   624    0x80 0x00 0x00 0xd4 0xfe 0x7c 0x47 0xf7                                                                                  NOP;                                                        ST.SPIL ch4, [sp, #-388];     NOP
	   632    0x80 0x00 0x00 0xdc 0xfe 0xb0 0x47 0xf7                                                                                  NOP;                                                        ST.SPIL cl4, [sp, #-336];     NOP
	   640    0x80 0x00 0x00 0xdb 0xfe 0x48 0x47 0xf7                                                                                  NOP;                                                        ST.SPIL cl3, [sp, #-440];     NOP
	   648    0x80 0x00 0x00 0xd3 0xfe 0x14 0x47 0xf7                                                                                  NOP;                                                        ST.SPIL ch3, [sp, #-492];     NOP
	   656    0x80 0x00 0x00 0xd5 0xfd 0xe0 0x47 0xf7                                                                                  NOP;                                                        ST.SPIL ch5, [sp, #-544];     NOP
	   664    0x80 0x00 0x00 0xde 0xfd 0xac 0x47 0xf7                                                                                  NOP;                                                        ST.SPIL cl6, [sp, #-596];     NOP
	   672    0x80 0x00 0x00 0xdd 0xfe 0xd8 0x47 0xf7                                                                                  NOP;                                                        ST.SPIL cl5, [sp, #-296];     NOP
	   680    0x80 0x00 0x00 0xd4 0xfe 0x70 0x47 0xf7                                                                                  NOP;                                                        ST.SPIL ch4, [sp, #-400];     NOP
	   688    0x80 0x00 0x00 0xdc 0xfe 0xa4 0x47 0xf7                                                                                  NOP;                                                        ST.SPIL cl4, [sp, #-348];     NOP
	   696    0x80 0x00 0x00 0xdb 0xfe 0x3c 0x47 0xf7                                                                                  NOP;                                                        ST.SPIL cl3, [sp, #-452];     NOP
	   704    0x80 0x00 0x00 0xd3 0xfe 0x08 0x47 0xf7                                                                                  NOP;                                                        ST.SPIL ch3, [sp, #-504];     NOP
	   712    0x80 0x00 0x00 0xd5 0xfd 0xd4 0x47 0xf7                                                                                  NOP;                                                        ST.SPIL ch5, [sp, #-556];     NOP
	   720    0x80 0x00 0x00 0xde 0xfd 0xa0 0x47 0xf7                                                                                  NOP;                                                        ST.SPIL cl6, [sp, #-608];     NOP
	   728    0xaf 0x1a 0x38 0x40 0xbc 0x00 0x07 0xf7                                                                                  ST r8, [p7];                                                MOV.u20 p7, #_ZL11sync_buffer;NOP
	   736    0xaf 0x1a 0x30 0x03                                                              NOP;                                    ST r8, [p6]
	   740    0xaf 0x1a 0x28 0x03                                                              NOP;                                    ST r8, [p5]
	   744    0xaf 0x1a 0x18 0x03                                                              NOP;                                    ST r8, [p3]
	   748    0xaf 0x1a 0x10 0x03                                                              NOP;                                    ST r8, [p2]
	   752    0xaf 0x1a 0x08 0x03                                                              NOP;                                    ST r8, [p1]
	   756    0xaf 0x1a 0x20 0x03                                                              NOP;                                    ST r8, [p4]
	   760    0x80 0x00 0x00 0xd2 0xff 0x44 0x47 0xf7                                                                                  NOP;                                                        ST.SPIL ch2, [sp, #-188];     NOP
	   768    0x80 0x00 0x00 0xd1 0xff 0x10 0x47 0xf7                                                                                  NOP;                                                        ST.SPIL ch1, [sp, #-240];     NOP
	   776    0x80 0x00 0x00 0xf6 0xfe 0x74 0x47 0xf7                                                                                  NOP;                                                        ST.SPIL r6, [sp, #-396];      NOP
	   784    0x80 0x00 0x00 0xd2 0xff 0x38 0x47 0xf7                                                                                  NOP;                                                        ST.SPIL ch2, [sp, #-200];     NOP
	   792    0x80 0x00 0x00 0xd1 0xff 0x04 0x47 0xf7                                                                                  NOP;                                                        ST.SPIL ch1, [sp, #-252];     NOP
	   800    0x80 0x00 0x00 0xd0 0xfe 0xdc 0x47 0xf7                                                                                  NOP;                                                        ST.SPIL ch0, [sp, #-292];     NOP
	   808    0x80 0x00 0x00 0xd9 0xfe 0xa8 0x47 0xf7                                                                                  NOP;                                                        ST.SPIL cl1, [sp, #-344];     NOP
	   816    0x80 0x00 0x00 0xd8 0xfe 0x40 0x47 0xf7                                                                                  NOP;                                                        ST.SPIL cl0, [sp, #-448];     NOP
	   824    0x80 0x00 0x00 0xf5 0xfe 0x0c 0x47 0xf7                                                                                  NOP;                                                        ST.SPIL r5, [sp, #-500];      NOP
	   832    0x80 0x00 0x00 0xda 0xfd 0xd8 0x47 0xf7                                                                                  NOP;                                                        ST.SPIL cl2, [sp, #-552];     NOP
	   840    0x80 0x00 0x00 0xf3 0xfd 0xa4 0x47 0xf7                                                                                  NOP;                                                        ST.SPIL r3, [sp, #-604];      NOP
	   848    0x80 0x00 0x00 0xf6 0xfe 0x68 0x47 0xf7                                                                                  NOP;                                                        ST.SPIL r6, [sp, #-408];      NOP
	   856    0x80 0x00 0x00 0xd2 0xff 0x34 0x47 0xf7                                                                                  NOP;                                                        ST.SPIL ch2, [sp, #-204];     NOP
	   864    0x80 0x00 0x00 0xd1 0xff 0x00 0x47 0xf7                                                                                  NOP;                                                        ST.SPIL ch1, [sp, #-256];     NOP
	   872    0x80 0x00 0x00 0xd0 0xfe 0xd0 0x47 0xf7                                                                                  NOP;                                                        ST.SPIL ch0, [sp, #-304];     NOP
	   880    0x80 0x00 0x00 0xd9 0xfe 0x9c 0x47 0xf7                                                                                  NOP;                                                        ST.SPIL cl1, [sp, #-356];     NOP
	   888    0x80 0x00 0x00 0xd8 0xfe 0x34 0x47 0xf7                                                                                  NOP;                                                        ST.SPIL cl0, [sp, #-460];     NOP
	   896    0x80 0x00 0x00 0xf5 0xfe 0x00 0x47 0xf7                                                                                  NOP;                                                        ST.SPIL r5, [sp, #-512];      NOP
	   904    0x80 0x00 0x00 0xda 0xfd 0xcc 0x47 0xf7                                                                                  NOP;                                                        ST.SPIL cl2, [sp, #-564];     NOP
	   912    0x80 0x00 0x00 0xf3 0xfd 0x98 0x47 0xf7                                                                                  NOP;                                                        ST.SPIL r3, [sp, #-616];      NOP
	   920    0x80 0x00 0x00 0xf1 0xfe 0x80 0x47 0xf7                                                                                  NOP;                                                        ST.SPIL r1, [sp, #-384];      NOP
	   928    0x80 0x00 0x00 0xf1 0xff 0x50 0x47 0xf7                                                                                  NOP;                                                        ST.SPIL r1, [sp, #-176];      NOP
	   936    0x80 0x00 0x00 0xf1 0xff 0x1c 0x47 0xf7                                                                                  NOP;                                                        ST.SPIL r1, [sp, #-228];      NOP
	   944    0x80 0x00 0x00 0xf1 0xfe 0xe8 0x47 0xf7                                                                                  NOP;                                                        ST.SPIL r1, [sp, #-280];      NOP
	   952    0x80 0x00 0x00 0xf1 0xfe 0xb4 0x47 0xf7                                                                                  NOP;                                                        ST.SPIL r1, [sp, #-332];      NOP
	   960    0x80 0x00 0x00 0xf1 0xfe 0x4c 0x47 0xf7                                                                                  NOP;                                                        ST.SPIL r1, [sp, #-436];      NOP
	   968    0x80 0x00 0x00 0xf1 0xfe 0x18 0x47 0xf7                                                                                  NOP;                                                        ST.SPIL r1, [sp, #-488];      NOP
	   976    0x80 0x00 0x00 0xf1 0xfd 0xe4 0x47 0xf7                                                                                  NOP;                                                        ST.SPIL r1, [sp, #-540];      NOP
	   984    0x80 0x00 0x00 0xf1 0xfd 0xb0 0x47 0xf7                                                                                  NOP;                                                        ST.SPIL r1, [sp, #-592];      NOP
	   992    0x80 0x00 0x00 0xf1 0xfe 0x84 0x47 0xf7                                                                                  NOP;                                                        ST.SPIL r1, [sp, #-380];      NOP
	  1000    0x80 0x00 0x00 0xf1 0xff 0x54 0x47 0xf7                                                                                  NOP;                                                        ST.SPIL r1, [sp, #-172];      NOP
	  1008    0x80 0x00 0x00 0xf1 0xff 0x20 0x47 0xf7                                                                                  NOP;                                                        ST.SPIL r1, [sp, #-224];      NOP
	  1016    0x80 0x00 0x00 0xf1 0xfe 0xec 0x47 0xf7                                                                                  NOP;                                                        ST.SPIL r1, [sp, #-276];      NOP
	  1024    0x80 0x00 0x00 0xf1 0xfe 0xb8 0x47 0xf7                                                                                  NOP;                                                        ST.SPIL r1, [sp, #-328];      NOP
	  1032    0x80 0x00 0x00 0xf1 0xfe 0x50 0x47 0xf7                                                                                  NOP;                                                        ST.SPIL r1, [sp, #-432];      NOP
	  1040    0x80 0x00 0x00 0xf1 0xfe 0x1c 0x47 0xf7                                                                                  NOP;                                                        ST.SPIL r1, [sp, #-484];      NOP
	  1048    0x80 0x00 0x00 0xf1 0xfd 0xe8 0x47 0xf7                                                                                  NOP;                                                        ST.SPIL r1, [sp, #-536];      NOP
	  1056    0x80 0x00 0x00 0xf1 0xfd 0xb4 0x47 0xf7                                                                                  NOP;                                                        ST.SPIL r1, [sp, #-588];      NOP
	  1064    0xaf 0x14 0x78 0x03                                                              NOP;                                    ST r8, [p7], #4
	  1068    0x3e 0x00 0x00 0x00 0x10 0x00 0x00 0x0f 0x6f 0xe6 0x44 0x3f                      MOV.s10 r6, #0;     NOP;                NOP;                                                        ST.SPIL r6, [sp, #-412];      NOP
	  1080    0x80 0x00 0x00 0xd2 0xff 0x34 0x47 0xf7                                                                                  NOP;                                                        ST.SPIL ch2, [sp, #-204];     NOP
	  1088    0x80 0x00 0x00 0xd1 0xff 0x00 0x47 0xf7                                                                                  NOP;                                                        ST.SPIL ch1, [sp, #-256];     NOP
	  1096    0x80 0x00 0x00 0xd0 0xfe 0xcc 0x47 0xf7                                                                                  NOP;                                                        ST.SPIL ch0, [sp, #-308];     NOP
	  1104    0x80 0x00 0x00 0xd9 0xfe 0x98 0x47 0xf7                                                                                  NOP;                                                        ST.SPIL cl1, [sp, #-360];     NOP
	  1112    0x80 0x00 0x00 0xd8 0xfe 0x30 0x47 0xf7                                                                                  NOP;                                                        ST.SPIL cl0, [sp, #-464];     NOP
	  1120    0x80 0x00 0x00 0xf5 0xfd 0xfc 0x47 0xf7                                                                                  NOP;                                                        ST.SPIL r5, [sp, #-516];      NOP
	  1128    0x80 0x00 0x00 0xda 0xfd 0xc8 0x47 0xf7                                                                                  NOP;                                                        ST.SPIL cl2, [sp, #-568];     NOP
	  1136    0x00 0x00 0x00 0x00 0x10 0x00 0x00 0x0f 0x3f 0xd9 0x44 0x80 0x00 0x00 0x00 0x00  NOP;                NOP;                NOP;                          NOP;                          ST.SPIL r3, [sp, #-620];      NOP;                                    NOP
.label TGT_F_main_1152
.loop_nesting 1
	  1152    0x00 0x00 0x35 0xdf 0xf0 0x00 0x00 0x0c 0x76 0x3f 0x46 0x3f                      NOP;                LDB r5, [p7], #-4;  NOP;                                                        LDA.SPIL cl0, [sp, #-96];     NOP
	  1164    0x80 0x00 0x00 0xc7 0xb3 0xf4 0xe7 0xf7                                                                                  NOP;                                                        LDA.SPIL p4, [sp, #-92];      NOP
	  1172    0x80 0x00 0x00 0xc7 0xa3 0xf5 0x67 0xf7                                                                                  NOP;                                                        LDA.SPIL p0, [sp, #-88];      NOP
	  1180    0x80 0x00 0x00 0xc7 0xb7 0xf5 0xe7 0xf7                                                                                  NOP;                                                        LDA.SPIL p5, [sp, #-84];      NOP
	  1188    0x00 0x01                                                                        NOP
	  1190    0x00 0x01                                                                        NOP
	  1192    0x00 0x01                                                                        NOP
	  1194    0x00 0x01                                                                        NOP
	  1196    0x80 0x00 0x00 0x80 0xa0 0x82 0x07 0xf7                                                                                  NOP;                                                        BEQZ r5,#TGT_F_main_2080;     NOP
.delay_slot
	  1204    0x80 0x00 0x00 0xc7 0xaf 0xf6 0xe7 0xf7                                                                                  NOP;                                                        LDA.SPIL p3, [sp, #-76];      NOP
.delay_slot
	  1212    0x80 0x00 0x00 0xc7 0xab 0xf7 0x67 0xf7                                                                                  NOP;                                                        LDA.SPIL p2, [sp, #-72];      NOP
.delay_slot
	  1220    0x80 0x00 0x00 0xc7 0xa7 0xf7 0xe7 0xf7                                                                                  NOP;                                                        LDA.SPIL p1, [sp, #-68];      NOP
.delay_slot
	  1228    0x80 0x00 0x00 0xef 0xff 0x98 0x47 0xf7                                                                                  NOP;                                                        ST.SPIL p7, [sp, #-104];      NOP
.delay_slot
	  1236    0x80 0x00 0x00 0xf5 0xff 0x9c 0x47 0xf7                                                                                  NOP;                                                        ST.SPIL r5, [sp, #-100];      NOP
	  1244    0x80 0x00 0x00 0xc7 0xbf 0xf8 0x67 0xf7                                                                                  NOP;                                                        LDA.SPIL p7, [sp, #-64];      NOP
	  1252    0x80 0x00 0x00 0xd8 0xff 0x8c 0x47 0xf7                                                                                  NOP;                                                        ST.SPIL cl0, [sp, #-116];     NOP
	  1260    0x80 0x00 0x00 0xec 0xff 0x68 0x47 0xf7                                                                                  NOP;                                                        ST.SPIL p4, [sp, #-152];      NOP
	  1268    0x80 0x00 0x00 0xeb 0xff 0x70 0x47 0xf7                                                                                  NOP;                                                        ST.SPIL p3, [sp, #-144];      NOP
	  1276    0x80 0x00 0x00 0xea 0xff 0x6c 0x47 0xf7                                                                                  NOP;                                                        ST.SPIL p2, [sp, #-148];      NOP
	  1284    0x80 0x00 0x00 0xe9 0xff 0x94 0x47 0xf7                                                                                  NOP;                                                        ST.SPIL p1, [sp, #-108];      NOP
	  1292    0x80 0x00 0x00 0xe8 0xff 0x90 0x47 0xf7                                                                                  NOP;                                                        ST.SPIL p0, [sp, #-112];      NOP
	  1300    0x00 0x00 0x00 0x00 0x10 0x00 0x00 0x0e 0xdf 0xf7 0xc4 0x3f                      NOP;                NOP;                NOP;                                                        ST.SPIL p5, [sp, #-132];      NOP
.label TGT_F_main_1312
.loop_nesting 2
	  1312    0x14 0x74 0x30 0x03                                                              NOP;                                                                  ACQ r4, #1, r7
	  1316    0x00 0x01                                                                        NOP
	  1318    0x00 0x01                                                                        NOP
	  1320    0x00 0x01                                                                        NOP
	  1322    0x14 0x76 0x30 0x03                                                              NOP;                                                                  ACQ r6, #1, r7
	  1326    0x00 0x01                                                                        NOP
	  1328    0x00 0x01                                                                        NOP
	  1330    0x00 0x01                                                                        NOP
	  1332    0x14 0x7c 0x30 0x03                                                              NOP;                                                                  ACQ r12, #1, r7
	  1336    0x00 0x01                                                                        NOP
	  1338    0x00 0x01                                                                        NOP
	  1340    0x00 0x01                                                                        NOP
	  1342    0x14 0x7d 0x30 0x03                                                              NOP;                                                                  ACQ r13, #1, r7
	  1346    0x00 0x01                                                                        NOP
	  1348    0x00 0x01                                                                        NOP
	  1350    0x00 0x01                                                                        NOP
	  1352    0x14 0x79 0x30 0x03                                                              NOP;                                                                  ACQ r9, #1, r7
	  1356    0x00 0x01                                                                        NOP
	  1358    0x00 0x01                                                                        NOP
	  1360    0x00 0x01                                                                        NOP
	  1362    0x14 0x8e 0x30 0x03                                                              NOP;                                                                  ACQ r14, #1, r8
	  1366    0x00 0x01                                                                        NOP
	  1368    0x00 0x01                                                                        NOP
	  1370    0x00 0x01                                                                        NOP
	  1372    0x14 0x8f 0x30 0x03                                                              NOP;                                                                  ACQ r15, #1, r8
	  1376    0x00 0x01                                                                        NOP
	  1378    0x00 0x01                                                                        NOP
	  1380    0x00 0x01                                                                        NOP
	  1382    0x14 0x8a 0x30 0x03                                                              NOP;                                                                  ACQ r10, #1, r8
	  1386    0x00 0x01                                                                        NOP
	  1388    0x00 0x01                                                                        NOP
	  1390    0x00 0x01                                                                        NOP
	  1392    0x14 0x8b 0x30 0x03                                                              NOP;                                                                  ACQ r11, #1, r8
.swstall mem_acquire0
	  1396    0x00 0x01                                                                        NOP
.swstall mem_acquire0
	  1398    0x00 0x01                                                                        NOP
	  1400    0x80 0x00 0x00 0xa0 0x20 0x00 0x07 0xf7                                                                                  NOP;                                                        JAL #hdiff_lap;               NOP
.delay_slot
	  1408    0x80 0x00 0x00 0xec 0xff 0xf8 0x47 0xf7                                                                                  NOP;                                                        ST.SPIL p4, [sp, #-8];        NOP
.delay_slot
	  1416    0x80 0x00 0x00 0xe8 0xff 0xfc 0x47 0xf7                                                                                  NOP;                                                        ST.SPIL p0, [sp, #-4];        NOP
.delay_slot
	  1424    0x56 0x3f 0xd0 0x00 0x00 0x37 0x58 0xf7                                                                                  ST cl0, [sp, #-12];           NOP;                          MOV p4, p6
.delay_slot
	  1432    0x0d 0xf4 0x18 0x03                                                              NOP;                                                                                                MOV p0, p7
.delay_slot
.swstall delay_slot
	  1436    0x00 0x00 0x00 0x03                                                              NOP;                                                                  NOP
.return_address
	  1440    0x00 0x00 0x30 0x1f 0x48 0x00 0x78 0x77                                          NOP;                                                                  MOV.s12 r12, #0;              MOV.s8 r13, #1
	  1448    0x00 0x01                                                                        NOP
	  1450    0x00 0x01                                                                        NOP
	  1452    0x80 0x00 0x00 0xc7 0xd7 0xec 0xe7 0xf7                                                                                  NOP;                                                        LDA.SPIL r5, [sp, #-156];     NOP
	  1460    0x80 0x00 0x00 0xc7 0xe3 0xee 0xe7 0xf7                                                                                  NOP;                                                        LDA.SPIL r8, [sp, #-140];     NOP
	  1468    0x80 0x00 0x00 0xc7 0xfb 0xef 0x67 0xf7                                                                                  NOP;                                                        LDA.SPIL r14, [sp, #-136];    NOP
	  1476    0x16 0xc4 0x30 0x03                                                              NOP;                                                                  REL r4, #1, r12
	  1480    0x80 0x00 0x00 0xc7 0xff 0xf0 0x67 0xf7                                                                                  NOP;                                                        LDA.SPIL r15, [sp, #-128];    NOP
	  1488    0x80 0x00 0x00 0xc7 0xe7 0xf1 0x67 0xf7                                                                                  NOP;                                                        LDA.SPIL r9, [sp, #-120];     NOP
	  1496    0x80 0x00 0x00 0xc7 0xdb 0xf0 0xe7 0xf7                                                                                  NOP;                                                        LDA.SPIL r6, [sp, #-124];     NOP
	  1504    0x00 0x01                                                                        NOP
	  1506    0x16 0xc5 0x30 0x03                                                              NOP;                                                                  REL r5, #1, r12
	  1510    0x00 0x01                                                                        NOP
	  1512    0x00 0x01                                                                        NOP
	  1514    0x00 0x01                                                                        NOP
	  1516    0x16 0xc8 0x30 0x03                                                              NOP;                                                                  REL r8, #1, r12
	  1520    0x00 0x01                                                                        NOP
	  1522    0x00 0x01                                                                        NOP
	  1524    0x00 0x01                                                                        NOP
	  1526    0x16 0xce 0x30 0x03                                                              NOP;                                                                  REL r14, #1, r12
	  1530    0x00 0x01                                                                        NOP
	  1532    0x00 0x01                                                                        NOP
	  1534    0x00 0x01                                                                        NOP
	  1536    0x16 0xcf 0x30 0x03                                                              NOP;                                                                  REL r15, #1, r12
	  1540    0x00 0x01                                                                        NOP
	  1542    0x00 0x01                                                                        NOP
	  1544    0x00 0x01                                                                        NOP
	  1546    0x16 0xd9 0x30 0x03                                                              NOP;                                                                  REL r9, #1, r13
	  1550    0x00 0x01                                                                        NOP
	  1552    0x00 0x01                                                                        NOP
	  1554    0x00 0x01                                                                        NOP
	  1556    0x16 0xd6 0x30 0x03                                                              NOP;                                                                  REL r6, #1, r13
	  1560    0x00 0x01                                                                        NOP
	  1562    0x00 0x01                                                                        NOP
	  1564    0x00 0x01                                                                        NOP
	  1566    0x16 0xda 0x30 0x03                                                              NOP;                                                                  REL r10, #1, r13
	  1570    0x00 0x01                                                                        NOP
	  1572    0x00 0x01                                                                        NOP
	  1574    0x00 0x01                                                                        NOP
	  1576    0x16 0xdb 0x30 0x03                                                              NOP;                                                                  REL r11, #1, r13
	  1580    0x6d 0xf8 0xc4 0x56 0xd4 0x02 0xb7 0x04 0x0e 0x80 0x00 0x3f                      LDA p5, [sp, #-116];PADDB [p6], #24;    PADDS [p7], #24;                                            MOV.u20 r10, #buf11;          NOP
	  1592    0x70 0xfd 0xc0 0x00 0x10 0x00 0x00 0x04 0x0f 0xc0 0x00 0x3f                      LDA r0, [sp, #-36]; NOP;                NOP;                                                        MOV.u20 r15, #buf11d;         NOP
	  1604    0x68 0xf9 0x00 0x00 0x10 0x00 0x00 0x04 0x0d 0x80 0x00 0x3f                      LDA p0, [sp, #-112];NOP;                NOP;                                                        MOV.u20 r6, #buf9;            NOP
	  1616    0x6b 0xf7 0x00 0x00 0x10 0x00 0x00 0x04 0x0e 0x40 0x00 0x3f                      LDA p3, [sp, #-144];NOP;                NOP;                                                        MOV.u20 r9, #buf9d;           NOP
	  1628    0x69 0xf9 0x40 0x00 0x10 0x00 0x00 0x04 0x0d 0xc0 0x00 0x3f                      LDA p1, [sp, #-108];NOP;                NOP;                                                        MOV.u20 r7, #buf3;            NOP
	  1640    0x6a 0xf6 0xc0 0x00 0x10 0x00 0x00 0x04 0x0e 0x00 0x00 0x3f                      LDA p2, [sp, #-148];NOP;                NOP;                                                        MOV.u20 r8, #buf3d;           NOP
	  1652    0x6c 0xf6 0x80 0x00 0x10 0x00 0x00 0x04 0x0f 0x80 0x00 0x3f                      LDA p4, [sp, #-152];NOP;                NOP;                                                        MOV.u20 r14, #buf0;           NOP
.noswbrkpt
	  1664    0x00 0x00 0x3e 0xfc 0xf0 0x00 0x00 0x04 0x0f 0x40 0x00 0x3f                      NOP;                LDB r14, [sp, #-100];NOP;                                                       MOV.u20 r13, #buf0d;          NOP
.nohwbrkpt
.noswbrkpt
	  1676    0x08 0xad 0x6b 0xfb 0xf0 0x00 0x00 0x04 0x0d 0x40 0x00 0x3f                      PADDA [p5], #24;    LDB p5, [sp, #-132];NOP;                                                        MOV.u20 r5, #buf4;            NOP
.nohwbrkpt
.noswbrkpt
	  1688    0x1e 0xfa 0xa0 0x40 0xfc 0x00 0x07 0xf7                                                                                                                ITE_EQZ r10, r10, r15, r0;    MOV.u20 r15, #buf2d;          NOP
.nohwbrkpt
.noswbrkpt
	  1696    0x08 0xac 0x0f 0x6f 0x6a 0xf5 0x76 0xb7                                          PADDA [p0], #24;                        ST r10, [p5], #-12;           ITE_EQZ r13, r14, r13, r0
.nohwbrkpt
.noswbrkpt
	  1704    0x08 0xac 0xcf 0x4b 0x4a 0xf5 0x7e 0xb7                                          PADDA [p3], #24;                        ST r10, [p5], #-4;            ITE_EQZ r9, r6, r9, r0
.nohwbrkpt
.noswbrkpt
	  1712    0x08 0xac 0x40 0x00 0x15 0xea 0xf5 0x04 0x0e 0x80 0x00 0x3f                      PADDA [p1], #24;    NOP;                ST r10, [p5], #-8;                                          MOV.u20 r10, #buf2;           NOP
.nohwbrkpt
.noswbrkpt
	  1724    0x08 0xac 0x80 0x00 0x15 0xe6 0xe8 0x04 0x0e 0xc0 0x00 0x3f                      PADDA [p2], #24;    NOP;                ST r9, [p0], #-12;                                          MOV.u20 r11, #buf4d;          NOP
.nohwbrkpt
.noswbrkpt
	  1736    0x08 0xad 0x0f 0xbc 0x42 0xdb 0xf1 0xb7                                          PADDA [p4], #24;                        ST p5, [sp, #-116];           ITE_NEZ r8, r8, r7, r0
.nohwbrkpt
.noswbrkpt
	  1744    0x5e 0x6f 0x83 0xdf 0x54 0x36 0x90 0xf7                                                                                  ST r9, [p0], #-4;             ITE_EQZ r10, r10, r15, r0;    MOV cl0, p5
	  1752    0x08 0xad 0x4f 0x5a 0xda 0xf3 0x78 0x37                                          PADDA [p5], #24;                        ST r9, [p0], #-8;             ITE_EQZ r11, r5, r11, r0
	  1760    0xaf 0x17 0x58 0x40 0xe4 0x00 0x07 0xf7                                                                                  ST r8, [p3], #-12;                                          MOV.u20 r9, #buf1;            NOP
	  1768    0xaf 0xb7 0x78 0x40 0xfc 0x00 0x07 0xf7                                                                                  ST r13, [p7], #-12;                                         MOV.u20 r15, #buf1d;          NOP
	  1776    0x5e 0xee 0xe3 0xdf 0x33 0x90 0x7e 0xf7                                                                                  ST r11, [p6], #-12;           ITE_EQZ r9, r9, r15, r0;      MOV.s8 r15, #32
	  1784    0xaf 0x17 0xd8 0x40 0xd0 0x00 0x07 0xf7                                                                                  ST r8, [p3], #-4;                                           MOV.u20 r4, #buf10;           NOP
	  1792    0xaf 0xb7 0xf8 0x40 0xd8 0x00 0x07 0xf7                                                                                  ST r13, [p7], #-4;                                          MOV.u20 r6, #buf10d;          NOP
	  1800    0xaf 0x77 0xf0 0x40 0xc4 0x00 0x07 0xf7                                                                                  ST r11, [p6], #-4;                                          MOV.u20 r1, #buf8;            NOP
	  1808    0xaf 0x37 0x48 0x40 0xdc 0x00 0x07 0xf7                                                                                  ST r9, [p1], #-12;                                          MOV.u20 r7, #buf8d;           NOP
	  1816    0x5e 0x2f 0x33 0xcc 0x91 0x8a 0xec 0xf7                                                                                  ST r8, [p3], #-8;             ITE_EQZ r8, r4, r6, r0;       MOV.s8 r6, #21
	  1824    0x00 0x00 0x11 0xc2 0x2b 0xed 0xee 0x79 0xc5 0xf0 0x3f 0x5f                      NOP;                MOV.s9 r1, #17;     ST r13, [p7], #-8;            ITE_EQZ r7, r1, r7, r0;       MOV.s8 r13, #3
	  1836    0x00 0x00 0x1c 0xc4 0x2b 0xdd 0xec 0xef 0xb1 0x70 0x2e 0xdf                      NOP;                MOV.s9 r12, #33;    ST r11, [p6], #-8;            LT r5, r12, r14;              MOV.s8 r11, #2
	  1848    0x5e 0x6f 0x93 0xf7 0xbb 0x98 0x76 0xf7                                                                                  ST r9, [p1], #-4;             ITE_NEZ r13, r13, r11, r0;    MOV.s8 r11, #48
	  1856    0x00 0x00 0x1e 0xc2 0xeb 0xcd 0xe2 0xc5 0x79 0x73 0x1e 0x5f                      NOP;                MOV.s9 r14, #23;    ST r9, [p1], #-8;             SUB r5, r14, r5;              MOV.s8 r9, #49
	  1868    0x5e 0xae 0xa3 0xff 0x99 0x8b 0x7e 0xf7                                                                                  ST r10, [p2], #-12;           ITE_NEZ r12, r12, r15, r0;    MOV.s8 r15, #22
	  1876    0x5d 0xee 0xd3 0xf7 0x29 0x89 0xf2 0xf7                                                                                  ST r7, [p5], #-12;            ITE_NEZ r4, r9, r11, r0;      MOV.s8 r9, #19
	  1884    0x5e 0x2e 0xc3 0xff 0xd7 0x89 0x7e 0xf7                                                                                  ST r8, [p4], #-12;            ITE_NEZ r11, r14, r15, r0;    MOV.s8 r15, #18
	  1892    0x00 0x00 0x0f 0xfc 0xfa 0xf5 0x7d 0x37                                          NOP;                                    ST r10, [p2], #-4;            ITE_NEZ r15, r9, r15, r0
	  1900    0xae 0xf7 0xe8 0x03                                                              NOP;                                    ST r7, [p5], #-4
	  1904    0xaf 0x17 0xe0 0x03                                                              NOP;                                    ST r8, [p4], #-4
	  1908    0x00 0x00 0x20 0x29 0xd2 0xf5 0x79 0x37                                          NOP;                                    ST r10, [p2], #-8;            MOV.s12 r10, #20
	  1916    0x5d 0xef 0x53 0xcd 0x55 0x88 0x6c 0xf7                                                                                  ST r7, [p5], #-8;             ITE_EQZ r10, r10, r6, r0;     MOV.s8 r6, #16
	  1924    0xaf 0x17 0xa0 0x03                                                              NOP;                                    ST r8, [p4], #-8
	  1928    0x80 0x00 0x00 0xfc 0xff 0x74 0x47 0xf7                                                                                  NOP;                                                        ST.SPIL r12, [sp, #-140];     NOP
	  1936    0x80 0x00 0x00 0xfd 0xff 0x78 0x47 0xf7                                                                                  NOP;                                                        ST.SPIL r13, [sp, #-136];     NOP
	  1944    0x80 0x00 0x00 0xec 0xff 0x68 0x47 0xf7                                                                                  NOP;                                                        ST.SPIL p4, [sp, #-152];      NOP
	  1952    0x80 0x00 0x00 0xe8 0xff 0x90 0x47 0xf7                                                                                  NOP;                                                        ST.SPIL p0, [sp, #-112];      NOP
	  1960    0x80 0x00 0x00 0xed 0xff 0x7c 0x47 0xf7                                                                                  NOP;                                                        ST.SPIL p5, [sp, #-132];      NOP
	  1968    0x80 0x00 0x00 0xeb 0xff 0x70 0x47 0xf7                                                                                  NOP;                                                        ST.SPIL p3, [sp, #-144];      NOP
	  1976    0x80 0x00 0x00 0xea 0xff 0x6c 0x47 0xf7                                                                                  NOP;                                                        ST.SPIL p2, [sp, #-148];      NOP
	  1984    0x80 0x00 0x00 0xe9 0xff 0x94 0x47 0xf7                                                                                  NOP;                                                        ST.SPIL p1, [sp, #-108];      NOP
	  1992    0xae 0xbf 0x38 0x90 0xa0 0x52 0x07 0xf7                                                                                  ST r5, [sp, #-100];                                         BNEZ r5,#TGT_F_main_1312;     NOP
.delay_slot
	  2000    0x00 0x00 0x0f 0x0b 0x72 0xff 0xf0 0xb7                                          NOP;                                    ST r15, [sp, #-124];          ITE_EQZ r14, r6, r1, r0
.delay_slot
	  2008    0x00 0x00 0x18 0xc6 0x4b 0xf7 0xc4 0x69 0xc1 0xb3 0x3d 0xdf                      NOP;                MOV.s9 r8, #50;     ST r14, [sp, #-120];          NEZ r6, r0;                   MOV.s8 r7, #51
.delay_slot
	  2020    0x5d 0xbd 0x93 0xcf 0x13 0x80 0xee 0xf7                                                                                  ST r6, [sp, #-156];           ITE_EQZ r9, r8, r7, r0;       MOV.s8 r7, #1
.delay_slot
	  2028    0x00 0x00 0x18 0x83 0x8a 0xf3 0xf0 0x37                                          NOP;                                    ST r9, [sp, #-128];           SUB r1, r7, r0
.delay_slot
	  2036    0x00 0x00 0x18 0xc0 0x10 0x00 0x00 0x0f 0x1f 0xfd 0xc4 0x3f                      NOP;                MOV.s9 r8, #0;      NOP;                                                        ST.SPIL r1, [sp, #-36];       NOP
.loop_nesting 1
	  2048    0x80 0x00 0x00 0xa0 0x00 0x83 0x07 0xf7                                                                                  NOP;                                                        J #TGT_F_main_2096;           NOP
.delay_slot
	  2056    0x80 0x00 0x00 0xc7 0xbf 0xf3 0x67 0xf7                                                                                  NOP;                                                        LDA.SPIL p7, [sp, #-104];     NOP
.delay_slot
	  2064    0x80 0x00 0x00 0xc7 0xbb 0xf6 0x67 0xf7                                                                                  NOP;                                                        LDA.SPIL p6, [sp, #-80];      NOP
.delay_slot
.swstall delay_slot
	  2072    0x00 0x01                                                                        NOP
.delay_slot
.swstall delay_slot
	  2074    0x00 0x01                                                                        NOP
.delay_slot
.swstall delay_slot
	  2076    0x00 0x00 0x00 0x03                                                              NOP;                                                                  NOP
.label TGT_F_main_2080
	  2080    0x00 0x00 0x00 0x00 0x10 0x00 0x00 0x0c 0x7b 0xff 0x36 0x80 0x00 0x00 0x00 0x00  NOP;                NOP;                NOP;                          NOP;                          LDA.SPIL p7, [sp, #-104];     NOP;                                    NOP
.label TGT_F_main_2096
.swstall chess_separator_scheduler
	  2096    0x00 0x01                                                                        NOP
.swstall chess_separator_scheduler
	  2098    0x00 0x01                                                                        NOP
.swstall chess_separator_scheduler
	  2100    0x00 0x01                                                                        NOP
.swstall chess_separator_scheduler
	  2102    0x00 0x01                                                                        NOP
.swstall chess_separator_scheduler
	  2104    0x00 0x01                                                                        NOP
.swstall chess_separator_scheduler
	  2106    0x00 0x01                                                                        NOP
.swstall chess_separator_scheduler
	  2108    0x00 0x01                                                                        NOP
.swstall chess_separator_scheduler
	  2110    0x00 0x01                                                                        NOP
	  2112    0x04 0x00 0x20 0x03                                                              NOP;                                                                  EVENT #2
.swstall chess_separator_scheduler
	  2116    0x00 0x01                                                                        NOP
.swstall chess_separator_scheduler
	  2118    0x00 0x01                                                                        NOP
.swstall chess_separator_scheduler
	  2120    0x00 0x01                                                                        NOP
.swstall chess_separator_scheduler
	  2122    0x00 0x01                                                                        NOP
.swstall chess_separator_scheduler
	  2124    0x00 0x01                                                                        NOP
	  2126    0x75 0xa3 0xc0 0x00 0x00 0x00 0x00 0x37                                          LDA r5, [p7], #4;                       NOP;                          NOP
	  2134    0x00 0x01                                                                        NOP
	  2136    0x00 0x01                                                                        NOP
	  2138    0x00 0x01                                                                        NOP
	  2140    0x00 0x01                                                                        NOP
	  2142    0x00 0x01                                                                        NOP
	  2144    0x00 0x01                                                                        NOP
	  2146    0x00 0x01                                                                        NOP
	  2148    0x3a 0x58 0x50 0x03                                                              NOP;                                                                  GE r5, r8, r5
	  2152    0x80 0x00 0x00 0x90 0xa0 0x48 0x07 0xf7                                                                                  NOP;                                                        BNEZ r5,#TGT_F_main_1152;     NOP
.delay_slot
.swstall delay_slot
	  2160    0x00 0x01                                                                        NOP
.delay_slot
.swstall delay_slot
	  2162    0x00 0x01                                                                        NOP
.delay_slot
.swstall delay_slot
	  2164    0x00 0x01                                                                        NOP
.delay_slot
.swstall delay_slot
	  2166    0x00 0x01                                                                        NOP
.delay_slot
.swstall delay_slot
	  2168    0x00 0x01                                                                        NOP
.loop_nesting 0
	  2170    0x7a 0xfc 0xb0 0x0c 0x0e 0xc0 0x40 0x77                                          LDA r10, [sp, #-56];                                                  MOV.s12 m0, #-640;            MOV.s8 r0, #0
	  2178    0x80 0x00 0x00 0xc7 0xef 0xf8 0xe7 0xf7                                                                                  NOP;                                                        LDA.SPIL r11, [sp, #-60];     NOP
	  2186    0x80 0x00 0x00 0xc7 0xd3 0xfa 0xe7 0xf7                                                                                  NOP;                                                        LDA.SPIL r4, [sp, #-44];      NOP
	  2194    0x80 0x00 0x00 0xc7 0xbf 0xfa 0x67 0xf7                                                                                  NOP;                                                        LDA.SPIL p7, [sp, #-48];      NOP
	  2202    0x80 0x00 0x00 0xc7 0xbb 0xf9 0xe7 0xf7                                                                                  NOP;                                                        LDA.SPIL p6, [sp, #-52];      NOP
	  2210    0x58 0xfd 0xb8 0x03                                                              NOP;                LDB lr, [sp, #-40]
	  2214    0x08 0x90 0x00 0x00 0x00 0x00 0x00 0x37                                          PADDA [sp], m0;                         NOP;                          NOP
	  2222    0x00 0x01                                                                        NOP
	  2224    0x00 0x01                                                                        NOP
	  2226    0x00 0x01                                                                        NOP
	  2228    0x00 0x01                                                                        NOP
	  2230    0x00 0x01                                                                        NOP
	  2232    0x00 0x01                                                                        NOP
	  2234    0x00 0x01                                                                        NOP
.end_of_main
	  2236    0x01 0x01                                                                        RET lr
.delay_slot
.swstall delay_slot
	  2238    0x00 0x01                                                                        NOP
.delay_slot
.swstall delay_slot
	  2240    0x00 0x01                                                                        NOP
.delay_slot
.swstall delay_slot
	  2242    0x00 0x01                                                                        NOP
.delay_slot
.swstall delay_slot
	  2244    0x00 0x01                                                                        NOP
.label _main__end last
.label _main___func_end0 last
.delay_slot
.swstall delay_slot
	  2246    0x00 0x01                                                                        NOP

.undef global data main

.undef global data buf0

.undef global data buf0d

.undef global data buf1

.undef global data buf1d

.undef global data buf2

.undef global data buf2d

.undef global data buf3

.undef global data buf3d

.undef global data buf4

.undef global data buf4d

.undef global data buf8

.undef global data buf8d

.undef global data buf9

.undef global data buf9d

.undef global data buf10

.undef global data buf10d

.undef global data buf11

.undef global data buf11d

.undef global text hdiff_lap

