
// File generated by darts version U-2022.12#3eec2545bc#230622, Tue Mar 10 16:46:22 2026
// Copyright 2014-2022 Synopsys, Inc. All rights reserved.
// darts -v -I/usr/xilinx/Vitis/2023.2/aietools/data/versal_prod/lib -d -h -I/usr/xilinx/Vitis/2023.2/aietools/include -I/media/4T/home/xianyijiang/my_sparta/aie/. -I/media/4T/home/xianyijiang/my_sparta/aie/./ProcessUnit -I/media/4T/home/xianyijiang/my_sparta/aie/. -I/media/4T/home/xianyijiang/my_sparta/aie/./aie -I/media/4T/home/xianyijiang/my_sparta/aie/media/4T/home/xianyijiang/my_sparta/aie/. -I/media/4T/home/xianyijiang/my_sparta/aie/media/4T/home/xianyijiang/my_sparta/aie/./aie -I/media/4T/home/xianyijiang/my_sparta/aie/usr/xilinx/Vitis/2023.2/aietools/include -I/usr/xilinx/Vitis/2023.2/aietools/include -I/usr/xilinx/Vitis/2023.2/aietools/data/versal_prod/lib/runtime_cxx/libcxx-lite/include -I/usr/xilinx/Vitis/2023.2/aietools/data/versal_prod/lib/runtime_cxx/libs/libcxx-9.0.0/include-lite -I/usr/xilinx/Vitis/2023.2/aietools/data/versal_prod/lib/runtime/include -D__AIENGINE__ -D__AIE_ARCH__=10 -DDEPLOYMENT_ELF=1 -D__LOCK_FENCE_MODE__=0 -DAIE_OPTION_SCALAR_FLOAT_ON_VECTOR -D__tct_tgt__=230622 -L +Ihex +nanno ../Release/hdiff_lap.o me

// Release: ipp U-2022.12-TGT-230622
.data_segment_name
.rodata local 32 _ZL7weights DMb
	0xfc
	0xff
	0xff
	0xff
	0xfc
	0xff
	0xff
	0xff
	0xfc
	0xff
	0xff
	0xff
	0xfc
	0xff
	0xff
	0xff
	0xfc
	0xff
	0xff
	0xff
	0xfc
	0xff
	0xff
	0xff
	0xfc
	0xff
	0xff
	0xff
	0xfc
	0xff
	0xff
	0xff

.data_segment_name
.rodata local 32 _ZL12weights_rest DMb
	0xff
	0xff
	0xff
	0xff
	0xff
	0xff
	0xff
	0xff
	0xff
	0xff
	0xff
	0xff
	0xff
	0xff
	0xff
	0xff
	0xff
	0xff
	0xff
	0xff
	0xff
	0xff
	0xff
	0xff
	0xff
	0xff
	0xff
	0xff
	0xff
	0xff
	0xff
	0xff

.undef local data _ZL7weights

.undef local data _ZL12weights_rest

.undef global data _ZN12me_primitive3ss0E


.undef global data _ZN12me_primitive3ms0E


.undef global data _ZN12me_primitive4sst0E


.undef global data _ZN12me_primitive4ssc0E


.undef global data _ZN12me_primitive5wsst0E


.undef global data _ZN12me_primitive4msc0E


.undef global data _ZN12me_primitive3ss1E


.undef global data _ZN12me_primitive3ms1E


.undef global data _ZN12me_primitive4sst1E


.undef global data _ZN12me_primitive4ssc1E


.undef global data _ZN12me_primitive5wsst1E


.undef global data _ZN12me_primitive4msc1E


.undef global data ZERO

.undef global data ONES

.text_segment_name
.text global 16 hdiff_lap
.label _hdiff_lap___func_begin0
.function_start
	     0    0x30 0x08 0x18 0xc0 0x28 0x05 0x27 0x0c 0x08 0x46 0xf1 0x1f                      MOV.s10 m0, #32;    MOV.s9 r8, #1;      PADDS [p3], #8;               MOV.s12 m1, #192;             MOV ch4, p7
	    12    0x08 0xad 0x04 0x52 0x34 0x02 0x48 0x04 0x0b 0xc0 0x00 0x3f                      PADDA [p4], #24;    PADDB [p1], #8;     PADDS [sp], m1;                                             MOV.u20 p7, #ZERO;            NOP
	    24    0x08 0xad 0x44 0x56 0x14 0x02 0xb2 0x05 0x02 0x72 0x10 0x3f                      PADDA [p5], #24;    PADDB [p0], #24;    PADDS [p2], #24;                                            MOV.u20 cl1, #274960;         NOP
.noswbrkpt
	    36    0x1e 0xd1 0xed 0xd4 0x6f 0xf2 0x1e 0x04 0x02 0x80 0x00 0x3f                      VLDA wd1, [p7];     LDB p6, [p3], #16;                                MOV.s12 cs7, #-28;            MOV.u20 cl2, #0;              NOP
.nohwbrkpt
.noswbrkpt
	    48    0x40 0xa6 0xcd 0x68 0xe5 0x01 0x00 0x00 0x12 0x47 0x65 0x3f                      LDA cb0, [p3], #12; VLDB wd0, [p7];                                   ADD.NRM s0, r8, #0;           MOVT.s12 cl1, #1893;          NOP
.nohwbrkpt
.noswbrkpt
	    60    0x48 0xb2 0xd0 0xc0 0x15 0xbb 0xff 0x07 0x20 0x7a 0x98 0x3f                      LDA cs0, [p3], #-28;MOV.s9 r0, #0;      ST p6, [sp, #-4];                                           MOV.u20 ch1, #834200;         NOP
.nohwbrkpt
.noswbrkpt
	    72    0x42 0xa7 0x19 0xc0 0x40 0x00 0x01 0x02 0x01 0x06 0xbb 0xdf                      LDA cb2, [p4], #12; MOV.s9 r9, #2;      NOP;                          MOV.s12 lc, #32;              MOV p7, p3
	    84    0x4a 0xd1 0x1c 0xc0 0x6f 0xf0 0x42 0x00 0x12 0x80 0x01 0x3f                      LDA cs2, [p4];      MOV.s9 r12, #3;                                   MOV.s12 m1, #-32;             MOVT.s12 cl2, #1;             NOP
	    96    0x43 0xa6 0x86 0xcf 0xc8 0x02 0x7a 0x77                                          LDA cb3, [p2], #12;                                                   MOV.s12 r13, #4;              MOV r15, p4
	   104    0x41 0xa6 0x3a 0x68 0x50 0x00 0x00 0x04 0x0b 0x00 0x00 0x3f                      LDA cb1, [p0], #12; LDB ch5, [p2];      NOP;                                                        MOV.u20 p4, #_ZL12weights_rest;NOP
	   116    0x44 0xa7 0x4b 0x68 0x97 0x7b 0xfc 0x06 0x72 0xc0 0x00 0x3f                      LDA cb4, [p5], #12; VLDB wc1, [p4];     VST wd1, [sp, #-128];                                       MOV.u20 cl3, #638976;         NOP
	   128    0x4c 0xd1 0x40 0x00 0x17 0x73 0xfd 0x04 0x0b 0x00 0x00 0x3f                      LDA cs4, [p5];      NOP;                VST wd0, [sp, #-96];                                        MOV.u20 p4, #_ZL7weights;     NOP
.noswbrkpt
	   140    0x1e 0xff 0x07 0x68 0x83 0xa0 0xc0 0x57                                          VLDA wd1, [sp, #-128];VLDB wr3, [p4];                                                               MOV ch6, r4
.nohwbrkpt
.noswbrkpt
	   148    0x49 0xd0 0x00 0x00 0x17 0x7b 0xfa 0x04 0x06 0x01 0x60 0x3f                      LDA cs1, [p0];      NOP;                VST wd1, [sp, #-192];                                       MOV.u20 ls, #(ZLS_Fhdiff_lap_352 + 0);NOP
	   160    0x1a 0x01 0x80 0x00 0x10 0x00 0x00 0x04 0x06 0xc3 0xf0 0x3f                      VLDA wd0, [p6], m0, cyc0;NOP;           NOP;                                                        MOV.u20 le, #(ZLE_Fhdiff_lap_1008 + 0);NOP
.noswbrkpt
	   172    0x1a 0xff 0x46 0x8f 0x80 0x00 0x00 0x77                                          VLDA wd0, [sp, #-96];                                                 NOP;                          MOV r14, p0
.nohwbrkpt
.noswbrkpt
	   180    0xad 0xda 0x18 0x03                                                              NOP;                                    ST p6, [p3]
.nohwbrkpt
.noswbrkpt
	   184    0x6c 0xa8 0x46 0xac 0x57 0x6b 0xfe 0x77                                          LDA p4, [p1], #16;                      VST wc1, [sp, #-64];                                        MOV r1, p2
.nohwbrkpt
.noswbrkpt
	   192    0x45 0xa6 0x44 0x93 0x40 0x00 0x00 0x77                                          LDA cb5, [p1], #12;                                                   NOP;                          MOV cl5, cl1
.nohwbrkpt
.noswbrkpt
	   200    0x4d 0xb2 0x44 0xa2 0x00 0x00 0x00 0x77                                          LDA cs5, [p1], #-28;                                                  NOP;                          MOV cl0, cl2
.nohwbrkpt
.noswbrkpt
	   208    0xa6 0xb5                                                                        MOV p3, p1
.nohwbrkpt
.noswbrkpt
	   210    0xbb 0x9f 0xd8 0x40 0x30 0x00 0x07 0xf7                                                                                  VST wd0, [sp, #-160];                                       MOV.u20 cl4, #0;              NOP
	   218    0x80 0x00 0x00 0x48 0x08 0x00 0x07 0xf7                                                                                  NOP;                                                        MOV.u20 ch2, #131072;         NOP
.noswbrkpt
	   226    0x6c 0xf3 0x80 0x00 0x10 0x00 0x00 0x04 0x40 0xc0 0x00 0x3f                      LDA p4, [sp, #-200];NOP;                NOP;                                                        MOV.u20 ch3, #65536;          NOP
.nohwbrkpt
.noswbrkpt
	   238    0x69 0xf3 0x40 0x00 0x10 0x00 0x00 0x00 0x10 0x4f 0xed 0x3f                      LDA p1, [sp, #-204];NOP;                NOP;                                                        MOVT.s12 ch1, #-19;           NOP
.nohwbrkpt
.noswbrkpt
	   250    0x6e 0xf3 0xc0 0x00 0x10 0x00 0x00 0x00 0x12 0xc0 0x01 0x3f                      LDA p6, [sp, #-196];NOP;                NOP;                                                        MOVT.s12 cl3, #1;             NOP
.nohwbrkpt
.noswbrkpt
	   262    0x80 0x00 0x00 0x40 0x00 0x00 0x07 0xf7                                                                                  NOP;                                                        MOV.u20 ch0, #0;              NOP
.nohwbrkpt
.noswbrkpt
	   270    0x00 0x01                                                                        NOP
.nohwbrkpt
.noswbrkpt
	   272    0x1a 0x51 0x00 0x00 0x00 0x00 0x00 0x37                                          VLDA wd0, [p4], m0, cyc5;               NOP;                          NOP
.nohwbrkpt
.noswbrkpt
	   280    0x80 0x00 0x00 0xc7 0xbb 0xe8 0x27 0xf7                                                                                  NOP;                                                        VLDA.SPIL wd1, [sp, #-192];   NOP
.nohwbrkpt
.noswbrkpt
	   288    0x06 0xd1 0x0d 0x7f 0x75 0xb3 0x41 0x17                                          VLDA wr1, [p4];     VLDB wd0, [sp, #-160];ST p4, [p1]
.nohwbrkpt
.noswbrkpt
	   296    0x08 0xad 0x0f 0x68 0xc0 0x00 0x00 0x17                                          PADDA [p4], #24;    VLDB wd1, [p6];                                   NOP
.nohwbrkpt
.noswbrkpt
	   304    0x08 0xac 0x40 0x00 0x00 0x00 0x00 0x37                                          PADDA [p1], #24;                        NOP;                          NOP
.nohwbrkpt
.noswbrkpt
	   312    0x57 0xa7 0x04 0x56 0xc0 0x00 0x00 0x17                                          LDA ch7, [p4], #12; PADDB [p6], #24;                                  NOP
.nohwbrkpt
.noswbrkpt
	   320    0x74 0xa6 0x73 0xe8 0x80 0x00 0x00 0x17                                          LDA r4, [p1], #12;  LDB r3, [p4];                                     NOP
.nohwbrkpt
.noswbrkpt
	   328    0x46 0xa7 0xa5 0x68 0x32 0x6a 0x00 0x57                                          LDA cb6, [p6], #12; LDB m2, [p1];                                                                   VMOV xa, xd
	   336    0x4e 0xd1 0x86 0xcc 0x80 0x00 0x00 0x77                                          LDA cs6, [p6];                                                        NOP;                          MOV r2, p4
	   344    0x00 0x00 0x00 0x03                                                              NOP;                                                                  NOP
	   348    0x00 0x00 0x00 0x03                                                              NOP;                                                                  NOP
.label ZLS_Fhdiff_lap_352
.loop_nesting 1
.begin_of_loop
	   352    0x12 0xff 0xa1 0xe7 0x42 0x2b 0x60 0x57                                          VLDA wc0, [sp, #-64];LDB p0, [p2, cs7];                                                             MOV cs3, ch5
	   360    0xfa 0xc5                                                                        MOV p4, r14
	   362    0x48 0xed 0x98 0x03                                                              NOP;                                                                                                VMOV wc1, wr3
	   366    0xcd 0xf5                                                                        MOV cs7, r3
	   368    0x1d 0x75                                                                        MOV cb7, ch7
	   370    0x00 0x01                                                                        NOP
	   372    0x00 0x01                                                                        NOP
.noswbrkpt
	   374    0x00 0x00 0x0f 0x91 0xb1 0x00 0x3e 0xb2 0x13 0x22 0xc0 0x4f                      NOP;                                    NOP;                                                        MOV.s8 cs3, #-28;             NOP;                                    VMUL.80 bm2, ya.s32, r9, c5, r0, wc0.s32, #0, c4, c0
.nohwbrkpt
.noswbrkpt
	   386    0x02 0x30 0x20 0x00 0x00 0x00 0x06 0xb2 0x13 0x02 0xc0 0x6f                      VLDA wr0, [p0], m0, cyc3;               NOP;                          NOP;                                                        NOP;                                    VMUL.80 bm3, ya.s32, r8, c5, r0, wc0.s32, #0, c4, c0
	   398    0x06 0xd0 0x20 0x00 0x00 0x00 0x06 0xc2 0x13 0x02 0xc0 0xef                      VLDA wr1, [p0];                         NOP;                          NOP;                                                        NOP;                                    VMAC.80 bm3, yd.s32, r8, c5, r0, wc0.s32, #0, c4, c0
	   410    0x5a 0x31 0xa1 0xfe 0xa1 0x00 0x3e 0xb2 0x13 0x82 0xc0 0x8f                      NOP;                                    ST p0, [p2, cs3];                                           MOV p2, r15;                  NOP;                                    VMUL.80 bm0, yd.s32, r12, c5, r0, wc0.s32, #0, c4, c0
	   422    0x68 0xc6 0xe0 0x00 0x00 0x00 0x06 0xc2 0x13 0x22 0xc0 0xcf                      LDA p0, [p3, cs3];                      NOP;                          NOP;                                                        NOP;                                    VMAC.80 bm2, yd.s32, r9, c5, r0, wc0.s32, #0, c4, c0
	   434    0x00 0x01                                                                        NOP
	   436    0x00 0x01                                                                        NOP
	   438    0x00 0x01                                                                        NOP
	   440    0x00 0x01                                                                        NOP
	   442    0x80 0x00 0x05 0x84 0x24 0x05 0x80 0xc7                                          NOP;                                    NOP;                                                                                                                              VMAC.80 bm3, ya.s32, r0, c5, r0, wc0.s32, #0, c4, c0
	   450    0x80 0x00 0x05 0x84 0x27 0x05 0x8a 0x07                                          NOP;                                    NOP;                                                                                                                              VMAC.80 bm0, ya.s32, r12, c5, r0, wc1.s32, #0, c4, c2
	   458    0x80 0x00 0x05 0x84 0x26 0x05 0x80 0x87                                          NOP;                                    NOP;                                                                                                                              VMAC.80 bm2, ya.s32, r8, c5, r0, wc0.s32, #0, c4, c0
	   466    0x08 0x52 0x20 0x00 0x00 0x00 0x06 0xc2 0x13 0x02 0xc5 0x6f                      PADDA [p0], m1, cyc5;                   NOP;                          NOP;                                                        NOP;                                    VMAC.80 bm3, ya.s32, r8, c5, r0, wc1.s32, #0, c4, c2
	   478    0x80 0x00 0x05 0x84 0x26 0x45 0x80 0x07                                          NOP;                                    NOP;                                                                                                                              VMAC.80 bm0, ya.s32, r9, c5, r0, wc0.s32, #0, c4, c0
	   486    0x1a 0x50 0x20 0x00 0x00 0x00 0x06 0xc2 0x13 0x22 0xc5 0x4f                      VLDA wd0, [p0], m0, cyc5;               NOP;                          NOP;                                                        NOP;                                    VMAC.80 bm2, ya.s32, r9, c5, r0, wc1.s32, #0, c4, c2
	   498    0x1e 0xd0 0x20 0x00 0x00 0x00 0x06 0xc2 0x13 0x22 0xc0 0x6f                      VLDA wd1, [p0];                         NOP;                          NOP;                                                        NOP;                                    VMAC.80 bm3, ya.s32, r9, c5, r0, wc0.s32, #0, c4, c0
	   510    0xad 0x18 0xdd 0x84 0x27 0x05 0x80 0x87                                          NOP;                                    ST p0, [p3, cs3];                                                                                                                 VMAC.80 bm2, ya.s32, r12, c5, r0, wc0.s32, #0, c4, c0
	   518    0x68 0xc7 0x20 0x00 0x00 0x00 0x06 0xb2 0x13 0x22 0xc0 0x2f                      LDA p0, [p4, cs3];                      NOP;                          NOP;                                                        NOP;                                    VMUL.80 bm1, ya.s32, r9, c5, r0, wc0.s32, #0, c4, c0
	   530    0x80 0x00 0x05 0x84 0x27 0x45 0x80 0x07                                          NOP;                                    NOP;                                                                                                                              VMAC.80 bm0, ya.s32, r13, c5, r0, wc0.s32, #0, c4, c0
	   538    0x00 0x01                                                                        NOP
	   540    0x00 0x01                                                                        NOP
	   542    0x81 0xec 0x20 0x03                                                              NOP;                                    VMOVS.80.SRSS wr2, bm3, s0
.noswbrkpt
	   546    0x80 0x00 0x05 0x84 0x26 0x45 0x8b 0x47                                          NOP;                                    NOP;                                                                                                                              VMAC.80 bm1, yd.s32, r9, c5, r0, wc1.s32, #0, c4, c2
.nohwbrkpt
.noswbrkpt
	   554    0x00 0x00 0x08 0x44 0x31 0x00 0x3e 0xc2 0x13 0x02 0xc0 0xaf                      NOP;                                    NOP;                                                        VMOV aml3, aml1;              NOP;                                    VMAC.80 bm1, yd.s32, r8, c5, r0, wc0.s32, #0, c4, c0
.nohwbrkpt
.noswbrkpt
	   566    0x00 0x00 0x08 0x54 0x71 0x00 0x3e 0xc2 0x13 0x82 0xc0 0x8f                      NOP;                                    NOP;                                                        VMOV amh3, amh1;              NOP;                                    VMAC.80 bm0, yd.s32, r12, c5, r0, wc0.s32, #0, c4, c0
	   578    0x02 0x10 0x00 0x00 0x00 0x00 0x00 0x37                                          VLDA wr0, [p0], m0, cyc1;               NOP;                          NOP
	   586    0x06 0xd0 0x00 0x00 0x00 0x00 0x00 0x37                                          VLDA wr1, [p0];                         NOP;                          NOP
	   594    0xad 0x18 0xe0 0x03                                                              NOP;                                    ST p0, [p4, cs3]
	   598    0x68 0xc6 0x80 0x00 0x00 0x00 0x00 0x37                                          LDA p0, [p2, cs3];                      NOP;                          NOP
	   606    0x00 0x01                                                                        NOP
	   608    0x00 0x01                                                                        NOP
.noswbrkpt
	   610    0x68 0xc7 0x40 0x00 0x00 0x00 0x00 0x37                                          LDA p0, [p5, cs3];                      NOP;                          NOP
.nohwbrkpt
.noswbrkpt
	   618    0x00 0x01                                                                        NOP
.nohwbrkpt
.noswbrkpt
	   620    0x80 0x00 0x05 0x84 0x26 0x45 0x80 0x47                                          NOP;                                    NOP;                                                                                                                              VMAC.80 bm1, ya.s32, r9, c5, r0, wc0.s32, #0, c4, c0
.nohwbrkpt
.noswbrkpt
	   628    0x80 0x00 0x05 0x84 0x27 0x05 0x81 0x47                                          NOP;                                    NOP;                                                                                                                              VMAC.80 bm1, yd.s32, r12, c5, r0, wc0.s32, #0, c4, c0
.nohwbrkpt
.noswbrkpt
	   636    0x00 0x01                                                                        NOP
.nohwbrkpt
.noswbrkpt
	   638    0x02 0x20 0x00 0x00 0x00 0x00 0x00 0x37                                          VLDA wr0, [p0], m0, cyc2;               NOP;                          NOP
.nohwbrkpt
.noswbrkpt
	   646    0x06 0xd0 0x00 0x00 0x00 0x00 0x00 0x37                                          VLDA wr1, [p0];                         NOP;                          NOP
.nohwbrkpt
.noswbrkpt
	   654    0xad 0x18 0xd0 0x03                                                              NOP;                                    ST p0, [p2, cs3]
	   658    0x6a 0xc7 0xc0 0x00 0x00 0x00 0x00 0x37                                          LDA p2, [p7, cs3];                      NOP;                          NOP
	   666    0x00 0x01                                                                        NOP
	   668    0x00 0x01                                                                        NOP
	   670    0x00 0x01                                                                        NOP
	   672    0x00 0x01                                                                        NOP
	   674    0x00 0x00 0x00 0x00 0x10 0x00 0x00 0x0e 0x2f 0xfa 0x00 0xd8 0x42 0x64 0x58 0x0c  NOP;                NOP;                NOP;                          NOP;                          VST.SPIL wr1, [sp, #-96];     NOP;                                    VMAC.80 bm3, ya.s32, r9, c5, r0, wc0.s32, #0, c4, c0
	   690    0x00 0x01                                                                        NOP
	   692    0x00 0x01                                                                        NOP
	   694    0x08 0x02 0x80 0x00 0x00 0x00 0x00 0x37                                          PADDA [p2], m1, cyc0;                   NOP;                          NOP
	   702    0x00 0x01                                                                        NOP
	   704    0x1a 0x00 0x80 0x00 0x00 0x00 0x00 0x37                                          VLDA wd0, [p2], m0, cyc0;               NOP;                          NOP
	   712    0x1e 0xd0 0x80 0x00 0x00 0x00 0x00 0x37                                          VLDA wd1, [p2];                         NOP;                          NOP
	   720    0xad 0x58 0xf8 0x03                                                              NOP;                                    ST p2, [p7, cs3]
	   724    0x6a 0xc6 0xc0 0x00 0x00 0x00 0x00 0x37                                          LDA p2, [p3, cs3];                      NOP;                          NOP
	   732    0x00 0x01                                                                        NOP
	   734    0x00 0x01                                                                        NOP
	   736    0x00 0x01                                                                        NOP
	   738    0x00 0x01                                                                        NOP
	   740    0x00 0x00 0x00 0x00 0x10 0x00 0x00 0x0e 0xef 0xf6 0x00 0xd8 0x42 0x64 0x58 0xbc  NOP;                NOP;                NOP;                          NOP;                          VST.SPIL wd1, [sp, #-160];    NOP;                                    VMAC.80 bm3, yd.s32, r9, c5, r0, wc1.s32, #0, c4, c2
.noswbrkpt
	   756    0x00 0x00 0x00 0x00 0x10 0x00 0x00 0x0c 0x7b 0xbe 0xc2 0xd8 0x42 0x60 0x58 0x1c  NOP;                NOP;                NOP;                          NOP;                          VLDA.SPIL wd1, [sp, #-160];   NOP;                                    VMAC.80 bm3, yd.s32, r8, c5, r0, wc0.s32, #0, c4, c0
.nohwbrkpt
.noswbrkpt
	   772    0x80 0x00 0x05 0x84 0x27 0x05 0x81 0xc7                                          NOP;                                    NOP;                                                                                                                              VMAC.80 bm3, yd.s32, r12, c5, r0, wc0.s32, #0, c4, c0
	   780    0x02 0x50 0x80 0x00 0x00 0x00 0x00 0x37                                          VLDA wr0, [p2], m0, cyc5;               NOP;                          NOP
	   788    0x00 0x01                                                                        NOP
	   790    0xad 0x58 0xd8 0x03                                                              NOP;                                    ST p2, [p3, cs3]
	   794    0x00 0x01                                                                        NOP
	   796    0x00 0x01                                                                        NOP
.noswbrkpt
	   798    0x68 0xc7 0xc0 0x00 0x00 0x1c 0xc0 0x37                                          LDA p0, [p7, cs3];                      VMOVS.80.SRSS wr0, bm2, s0;   NOP
.nohwbrkpt
.noswbrkpt
	   806    0x00 0x01                                                                        NOP
.nohwbrkpt
.noswbrkpt
	   808    0x80 0x00 0x00 0xe0 0xff 0x80 0x07 0xf7                                                                                  NOP;                                                        VST.SPIL wr0, [sp, #-128];    NOP
.nohwbrkpt
.noswbrkpt
	   816    0x48 0x29 0x98 0x00 0x34 0x01 0x2c 0x47                                          NOP;                                                                                                VMOV wr1, wr0;                                                        VCMP xc, r5, ya.s32, r0, c1, r0, c1, c3
.nohwbrkpt
.noswbrkpt
	   824    0x48 0x6a 0x98 0x03                                                              NOP;                                                                                                VMOV wr2, wr1
.nohwbrkpt
.noswbrkpt
	   828    0xbb 0x08 0x00 0x03                                                              NOP;                                    VST wc0, [p0], m0, cyc4
.nohwbrkpt
.noswbrkpt
	   832    0x00 0x01                                                                        NOP
.nohwbrkpt
.noswbrkpt
	   834    0xad 0x18 0xe8 0x03                                                              NOP;                                    ST p0, [p5, cs3]
.noswbrkpt
	   838    0x68 0xc7 0x8d 0x00 0x00 0x00 0x00 0x17                                          LDA p0, [p6, cs3];  VLDB wd0, [p0], m0, cyc0;                         NOP
.nohwbrkpt
.noswbrkpt
	   846    0x1e 0xd0 0x00 0x00 0x00 0x00 0x00 0x37                                          VLDA wd1, [p0];                         NOP;                          NOP
.nohwbrkpt
.noswbrkpt
	   854    0xad 0x18 0xf8 0x03                                                              NOP;                                    ST p0, [p7, cs3]
.noswbrkpt
	   858    0x80 0x00 0x00 0xc7 0x8b 0xf4 0x27 0xf7                                                                                  NOP;                                                        VLDA.SPIL wr1, [sp, #-96];    NOP
.nohwbrkpt
.noswbrkpt
	   866    0x06 0xd0 0x87 0x1a 0x80 0x00 0x00 0x77                                          VLDA wr1, [p2];                                                       NOP;                          MOV p2, r1
.nohwbrkpt
.noswbrkpt
	   874    0x81 0x8c 0x60 0x03                                                              NOP;                                    VMOVS.80.SRSS wd0, bm0, s0
.nohwbrkpt
.noswbrkpt
	   878    0x81 0xac 0x20 0x03                                                              NOP;                                    VMOVS.80.SRSS wr2, bm1, s0
.nohwbrkpt
.noswbrkpt
	   882    0x81 0xec 0x00 0xec 0xff 0x40 0x07 0xf7                                                                                  VMOVS.80.SRSS wr0, bm3, s0;                                 VST.SPIL wd0, [sp, #-192];    NOP
.nohwbrkpt
.noswbrkpt
	   890    0x00 0x00 0x00 0x00 0x10 0x00 0x00 0x0c 0x7b 0x3e 0x82 0x80 0x03 0x40 0x12 0xd8  NOP;                NOP;                NOP;                          NOP;                          VLDA.SPIL wd0, [sp, #-192];   NOP;                                    VCMP xc, r6, yd.s32, r0, c1, r0, c1, c3
.nohwbrkpt
.noswbrkpt
	   906    0x48 0x6a 0x98 0x00 0x34 0x01 0x2c 0x87                                          NOP;                                                                                                VMOV wr2, wr1;                                                        VCMP xc, r6, ya.s32, r0, c1, r0, c1, c3
.nohwbrkpt
.noswbrkpt
	   914    0xbb 0x0c 0x00 0x03                                                              NOP;                                    VST wc0, [p0], m0, cyc6
	   918    0x00 0x01                                                                        NOP
	   920    0x5a 0x31 0xe0 0x00 0x00 0x39 0x50 0xf7                                                                                  ST p0, [p6, cs3];             NOP;                          MOV p0, r2
	   928    0x6c 0xc6 0x00 0x00 0x00 0x00 0x00 0x37                                          LDA p4, [p0, cs3];                      NOP;                          NOP
.noswbrkpt
	   936    0x80 0x00 0x00 0xc7 0x83 0xf0 0x27 0xf7                                                                                  NOP;                                                        VLDA.SPIL wr0, [sp, #-128];   NOP
.nohwbrkpt
.noswbrkpt
	   944    0x00 0x01                                                                        NOP
.nohwbrkpt
.noswbrkpt
	   946    0x00 0x01                                                                        NOP
.nohwbrkpt
.noswbrkpt
	   948    0x00 0x01                                                                        NOP
.nohwbrkpt
.noswbrkpt
	   950    0x00 0x01                                                                        NOP
.nohwbrkpt
.noswbrkpt
	   952    0x00 0x01                                                                        NOP
.nohwbrkpt
.noswbrkpt
	   954    0x0e 0x8b 0x98 0x00 0x34 0x01 0x2c 0xc7                                          NOP;                                                                                                MOV cb7, r4;                                                          VCMP xc, r7, ya.s32, r0, c1, r0, c1, c3
.nohwbrkpt
.noswbrkpt
	   962    0x76 0x1c 0x40 0x00 0x00 0x31 0x3e 0xf7                                                                                  VST wc0, [p4], m0, cyc7;      NOP;                          MOV cs7, m2
	   970    0x00 0x01                                                                        NOP
	   972    0xad 0x98 0xc0 0x03                                                              NOP;                                    ST p4, [p0, cs3]
	   976    0x6c 0xc6 0x40 0x00 0x00 0x00 0x00 0x37                                          LDA p4, [p1, cs3];                      NOP;                          NOP
	   984    0x00 0x01                                                                        NOP
	   986    0x00 0x01                                                                        NOP
	   988    0x00 0x01                                                                        NOP
	   990    0x00 0x01                                                                        NOP
	   992    0x00 0x01                                                                        NOP
	   994    0x00 0x01                                                                        NOP
.noswbrkpt
	   996    0x7f 0x90 0xf0 0x03                                                              NOP;                                                                  MOV.s12 cs7, #-28
.nohwbrkpt
.noswbrkpt
	  1000    0xbb 0x0e 0x20 0x03                                                              NOP;                                    VST wc0, [p4], m0, cyc7
	  1004    0x00 0x00 0x00 0x03                                                              NOP;                                                                  NOP
.label ZLE_Fhdiff_lap_1008
.end_of_loop
	  1008    0x00 0x00 0x00 0x00 0x05 0xb3 0x39 0x00 0x00 0x00 0x00 0x00 0x00 0x00 0x00 0x02  NOP;                NOP;                ST p4, [p1, cs7];             NOP;                          NOP;                          NOP;                                    NOP
.loop_nesting 0
	  1024    0x80 0x00 0x00 0xc7 0xbb 0xff 0xe7 0xf7                                                                                  NOP;                                                        LDA.SPIL p6, [sp, #-4];       NOP
	  1032    0x00 0x01                                                                        NOP
	  1034    0x01 0x01                                                                        RET lr
.delay_slot
.swstall delay_slot
	  1036    0x00 0x01                                                                        NOP
.delay_slot
.swstall delay_slot
	  1038    0x00 0x01                                                                        NOP
.delay_slot
	  1040    0x00 0x00 0x04 0x6d 0x0f 0xa0 0x46 0x77                                          NOP;                                                                  MOV.s12 m3, #-192;            MOV r4, ch6
.delay_slot
	  1048    0x08 0x96 0x04 0x4b 0xc0 0x00 0x00 0x77                                          PADDA [sp], m3;                                                       NOP;                          MOV p7, ch4
.label hdiff_lap__end last
.label _hdiff_lap___func_end0 last
.delay_slot
.swstall delay_slot
	  1056    0x00 0x01                                                                        NOP

.undef global data ZERO



.direct_eval +,-,(,)
