SFG: hdiff_lap-Fhdiff_lap__s2.sfg

Offset  Macro node           Source ref                                                                Cycle Instr Words    Scheduling graphs + reports
------  -------------------  ------------------------------------------------------------------------  ----- ----- -----    ---------------------------
        block m1             [/media/4T/home/xianyijiang/my_sparta/aie/./ProcessUnit/hdiff_lap.cc:20]
000000  .  block m1513                                                                                    39    39   352    [m1513.dot]
        .  for m3            [/media/4T/home/xianyijiang/my_sparta/aie/./ProcessUnit/hdiff_lap.cc:40]
000352  .  .  block m1656                                                                                115   115   672    [m1656_crit_loop.dot] [m1656_not_folded_loop.dot]
001024  .  block m210                                                                                      8     8    34    [m210.dot]

Total cycles: 162, total instrs: 162, total words: 1058


Bundle schedule (instruction words shown before relocation)
---------------
000000  m1513    30 08 18 c0 28 05 27 0c 08 46 f1 1f                b507  (MOV.s10 m0, #32)                                         b510  (MOV.s9 r8, #1)                                           b140  (PADDS [p3], #8)                                          b511  (MOV.s12 m1, #192)                                        b482  (MOV ch4, p7)                                            
000012           08 ad 04 52 34 02 48 04 0b c0 00 3f                b146  (PADDA [p4], #24)                                         b141  (PADDB [p1], #8)                                          b152  (PADDS [sp], m1)                                          b508  (MOV.u20 p7, #0)                                         
000024           08 ad 44 56 14 02 b2 05 02 72 10 3f                b143  (PADDA [p5], #24)                                         b145  (PADDB [p0], #24)                                         b142  (PADDS [p2], #24)                                         b526  (MOV.u20 cl1, #274960)                                   
000036           1e d1 ed d4 6f f2 1e 04 02 80 00 3f                b163  (VLDA wd1, [p7])                                          b160  (LDB p6, [p3], #16)                                       b518  (MOV.s12 cs7, #-28)                                       b530  (MOV.u20 cl2, #0)                                        
000048           40 a6 cd 68 e5 01 00 00 12 47 65 3f                b172  (LDA cb0, [p3], #12)                                      b171  (VLDB wd0, [p7])                                          b126  (ADD.NRM s0, r8, #0)                                      b525  (MOVT.s12 cl1, #1893)                                    
000060           48 b2 d0 c0 15 bb ff 07 20 7a 98 3f                b173  (LDA cs0, [p3], #-28)                                     b515  (MOV.s9 r0, #0)                                           b490  (ST.SPIL p6, [sp, #-4])                                   b528  (MOV.u20 ch1, #834200)                                   
000072           42 a7 19 c0 40 00 01 02 01 06 bb df                b157  (LDA cb2, [p4], #12)                                      b519  (MOV.s9 r9, #2)                                           b149  (MOV.s12 lc, #0)                                          b566  (MOV p7, p3)                                             
000084           4a d1 1c c0 6f f0 42 00 12 80 01 3f                b168  (LDA cs2, [p4])                                           b520  (MOV.s9 r12, #3)                                          b523  (MOV.s12 m1, #-32)                                        b529  (MOVT.s12 cl2, #1)                                       
000096           43 a6 86 cf c8 02 7a 77                            b153  (LDA cb3, [p2], #12)                                      b524  (MOV.s12 r13, #4)                                         b460  (MOV r15, p4)                                            
000104           41 a6 3a 68 50 00 00 04 0b 00 00 3f                b156  (LDA cb1, [p0], #12)                                      b164  (LDB ch5, [p2])                                           b513  (MOV.u20 p4, #0)                                         
000116           44 a7 4b 68 97 7b fc 06 72 c0 00 3f                b154  (LDA cb4, [p5], #12)                                      b162  (VLDB wc1, [p4])                                          b532  (MOV.u20 cl3, #638976)                                    b546  (VST.SPIL wd1, [sp, #-128])                              
000128           4c d1 40 00 17 73 fd 04 0b 00 00 3f                b165  (LDA cs4, [p5])                                           b512  (MOV.u20 p4, #0)                                          b545  (VST.SPIL wd0, [sp, #-96])                               
000140           1e ff 07 68 83 a0 c0 57                            b161  (VLDB wr3, [p4])                                          b474  (MOV ch6, r4)                                             b548  (VLDA.SPIL wd1, [sp, #-128])                             
000148           49 d0 00 00 17 7b fa 04 06 01 60 3f                b167  (LDA cs1, [p0])                                           b150  (MOV.u20 ls, #0)                                          b542  (VST.SPIL wd1, [sp, #-192])                              
000160           1a 01 80 00 10 00 00 04 06 c3 f0 3f                b174  (VLDA wd0, [p6], m0, cyc0)                                b151  (MOV.u20 le, #0)                                         
000172           1a ff 46 8f 80 00 00 77                            b462  (MOV r14, p0)                                             b547  (VLDA.SPIL wd0, [sp, #-96])                              
000180           ad da 18 03                                        b176  (ST p6, [p3])                                            
000184           6c a8 46 ac 57 6b fe 77                            b177  (LDA p4, [p1], #16)                                       b463  (MOV r1, p2)                                              b497  (VST.SPIL wc1, [sp, #-64])                               
000192           45 a6 44 93 40 00 00 77                            b178  (LDA cb5, [p1], #12)                                      b464  (MOV cl5, cl1)                                           
000200           4d b2 44 a2 00 00 00 77                            b179  (LDA cs5, [p1], #-28)                                     b465  (MOV cl0, cl2)                                           
000208           a6 b5                                              b567  (MOV p3, p1)                                             
000210           bb 9f d8 40 30 00 07 f7                            b516  (MOV.u20 cl4, #0)                                         b541  (VST.SPIL wd0, [sp, #-160])                              
000218           80 00 00 48 08 00 07 f7                            b521  (MOV.u20 ch2, #131072)                                   
000226           6c f3 80 00 10 00 00 04 40 c0 00 3f                b495  (LDA.SPIL p4, [sp, #-200])                                b522  (MOV.u20 ch3, #65536)                                    
000238           69 f3 40 00 10 00 00 00 10 4f ed 3f                b494  (LDA.SPIL p1, [sp, #-204])                                b527  (MOVT.s12 ch1, #-19)                                     
000250           6e f3 c0 00 10 00 00 00 12 c0 01 3f                b496  (LDA.SPIL p6, [sp, #-196])                                b531  (MOVT.s12 cl3, #1)                                       
000262           80 00 00 40 00 00 07 f7                            b552  (MOV.u20 ch0, #0)                                        
000270           00 01                                              NOP
000272           1a 51 00 00 00 00 00 37                            b180  (VLDA wd0, [p4], m0, cyc5)                               
000280           80 00 00 c7 bb e8 27 f7                            b544  (VLDA.SPIL wd1, [sp, #-192])                             
000288           06 d1 0d 7f 75 b3 41 17                            b181  (VLDA wr1, [p4])                                          b543  (VLDB wd0, [sp, #-160])                                   b182  (ST p4, [p1])                                            
000296           08 ad 0f 68 c0 00 00 17                            b147  (PADDA [p4], #24)                                         b175  (VLDB wd1, [p6])                                         
000304           08 ac 40 00 00 00 00 37                            b148  (PADDA [p1], #24)                                        
000312           57 a7 04 56 c0 00 00 17                            b158  (LDA ch7, [p4], #12)                                      b144  (PADDB [p6], #24)                                        
000320           74 a6 73 e8 80 00 00 17                            b159  (LDA r4, [p1], #12)                                       b169  (LDB r3, [p4])                                           
000328           46 a7 a5 68 32 6a 00 57                            b155  (LDA cb6, [p6], #12)                                      b170  (LDB m2, [p1])                                            b498  (VMOV xa, xd)                                            
000336           4e d1 86 cc 80 00 00 77                            b166  (LDA cs6, [p6])                                           b461  (MOV r2, p4)                                             
000344           00 00 00 03                                        NOP
000348           00 00 00 03                                        NOP
000352  m1656  1 12 ff a1 e7 42 2b 60 57                            b55   (LDB p0, [p2, cs7])                                       b337  (VLDA.SPIL wc0, [sp, #-64])                               b441  (MOV cs3, ch5)                                           
000360         1 fa c5                                              b399  (MOV p4, r14)                                            
000362         1 48 ed 98 03                                        b355  (VMOV wc1, wr3)                                          
000366         1 cd f5                                              b437  (MOV cs7, r3)                                            
000368         1 1d 75                                              b451  (MOV cb7, ch7)                                           
000370         1 00 01                                              NOP
000372         1 00 01                                              NOP
000374         1 00 00 0f 91 b1 00 3e b2 13 22 c0 4f                b565  (MOV.s8 cs3, #-28)                                        b50   (VMUL.80 bm2, ya.s32, r9, c5, r0, wc0.s32, #0, c4, c0)   
000386         1 02 30 20 00 00 00 06 b2 13 02 c0 6f                b57   (VLDA wr0, [p0], m0, cyc3)                                b51   (VMUL.80 bm3, ya.s32, r8, c5, r0, wc0.s32, #0, c4, c0)   
000398         1 06 d0 20 00 00 00 06 c2 13 02 c0 ef                b58   (VLDA wr1, [p0])                                          b54   (VMAC.80 bm3, yd.s32, r8, c5, r0, wc0.s32, #0, c4, c0)   
000410         1 5a 31 a1 fe a1 00 3e b2 13 82 c0 8f                b69   (ST p0, [p2, cs3])                                        b389  (MOV p2, r15)                                             b52   (VMUL.80 bm0, yd.s32, r12, c5, r0, wc0.s32, #0, c4, c0)  
000422         1 68 c6 e0 00 00 00 06 c2 13 22 c0 cf                b70   (LDA p0, [p3, cs3])                                       b53   (VMAC.80 bm2, yd.s32, r9, c5, r0, wc0.s32, #0, c4, c0)   
000434         1 00 01                                              NOP
000436         1 00 01                                              NOP
000438         1 00 01                                              NOP
000440         1 00 01                                              NOP
000442         1 80 00 05 84 24 05 80 c7                            b63   (VMAC.80 bm3, ya.s32, r0, c5, r0, wc0.s32, #0, c4, c0)   
000450         1 80 00 05 84 27 05 8a 07                            b66   (VMAC.80 bm0, ya.s32, r12, c5, r0, wc1.s32, #0, c4, c2)  
000458         1 80 00 05 84 26 05 80 87                            b60   (VMAC.80 bm2, ya.s32, r8, c5, r0, wc0.s32, #0, c4, c0)   
000466         1 08 52 20 00 00 00 06 c2 13 02 c5 6f                b74   (PADDA [p0], m1, cyc5)                                    b64   (VMAC.80 bm3, ya.s32, r8, c5, r0, wc1.s32, #0, c4, c2)   
000478         1 80 00 05 84 26 45 80 07                            b67   (VMAC.80 bm0, ya.s32, r9, c5, r0, wc0.s32, #0, c4, c0)   
000486         1 1a 50 20 00 00 00 06 c2 13 22 c5 4f                b76   (VLDA wd0, [p0], m0, cyc5)                                b61   (VMAC.80 bm2, ya.s32, r9, c5, r0, wc1.s32, #0, c4, c2)   
000498         1 1e d0 20 00 00 00 06 c2 13 22 c0 6f                b77   (VLDA wd1, [p0])                                          b65   (VMAC.80 bm3, ya.s32, r9, c5, r0, wc0.s32, #0, c4, c0)   
000510         1 ad 18 dd 84 27 05 80 87                            b83   (ST p0, [p3, cs3])                                        b62   (VMAC.80 bm2, ya.s32, r12, c5, r0, wc0.s32, #0, c4, c0)  
000518         1 68 c7 20 00 00 00 06 b2 13 22 c0 2f                b86   (LDA p0, [p4, cs3])                                       b59   (VMUL.80 bm1, ya.s32, r9, c5, r0, wc0.s32, #0, c4, c0)   
000530         1 80 00 05 84 27 45 80 07                            b68   (VMAC.80 bm0, ya.s32, r13, c5, r0, wc0.s32, #0, c4, c0)  
000538         1 00 01                                              NOP
000540         1 00 01                                              NOP
000542         1 81 ec 20 03                                        b72   (VMOVS.80.SRSS wr2, bm3, s0)                             
000546         1 80 00 05 84 26 45 8b 47                            b79   (VMAC.80 bm1, yd.s32, r9, c5, r0, wc1.s32, #0, c4, c2)   
000554         1 00 00 08 44 31 00 3e c2 13 02 c0 af                b568  (VMOV aml3, aml1)                                         b80   (VMAC.80 bm1, yd.s32, r8, c5, r0, wc0.s32, #0, c4, c0)   
000566         1 00 00 08 54 71 00 3e c2 13 82 c0 8f                b569  (VMOV amh3, amh1)                                         b78   (VMAC.80 bm0, yd.s32, r12, c5, r0, wc0.s32, #0, c4, c0)  
000578         1 02 10 00 00 00 00 00 37                            b88   (VLDA wr0, [p0], m0, cyc1)                               
000586         1 06 d0 00 00 00 00 00 37                            b89   (VLDA wr1, [p0])                                         
000594         1 ad 18 e0 03                                        b93   (ST p0, [p4, cs3])                                       
000598         1 68 c6 80 00 00 00 00 37                            b94   (LDA p0, [p2, cs3])                                      
000606         1 00 01                                              NOP
000608         1 00 01                                              NOP
000610         1 68 c7 40 00 00 00 00 37                            b56   (LDA p0, [p5, cs3])                                      
000618         1 00 01                                              NOP
000620         1 80 00 05 84 26 45 80 47                            b90   (VMAC.80 bm1, ya.s32, r9, c5, r0, wc0.s32, #0, c4, c0)   
000628         1 80 00 05 84 27 05 81 47                            b91   (VMAC.80 bm1, yd.s32, r12, c5, r0, wc0.s32, #0, c4, c0)  
000636         1 00 01                                              NOP
000638         1 02 20 00 00 00 00 00 37                            b96   (VLDA wr0, [p0], m0, cyc2)                               
000646         1 06 d0 00 00 00 00 00 37                            b98   (VLDA wr1, [p0])                                         
000654         1 ad 18 d0 03                                        b101  (ST p0, [p2, cs3])                                       
000658         1 6a c7 c0 00 00 00 00 37                            b102  (LDA p2, [p7, cs3])                                      
000666         1 00 01                                              NOP
000668         1 00 01                                              NOP
000670         1 00 01                                              NOP
000672         1 00 01                                              NOP
000674         1 00 00 00 00 10 00 00 0e 2f fa 00 d8 42 64 58 0c    b534  (VST.SPIL wr1, [sp, #-96])                                b99   (VMAC.80 bm3, ya.s32, r9, c5, r0, wc0.s32, #0, c4, c0)   
000690         1 00 01                                              NOP
000692         1 00 01                                              NOP
000694         1 08 02 80 00 00 00 00 37                            b106  (PADDA [p2], m1, cyc0)                                   
000702         1 00 01                                              NOP
000704         1 1a 00 80 00 00 00 00 37                            b107  (VLDA wd0, [p2], m0, cyc0)                               
000712         1 1e d0 80 00 00 00 00 37                            b108  (VLDA wd1, [p2])                                         
000720         1 ad 58 f8 03                                        b112  (ST p2, [p7, cs3])                                       
000724         1 6a c6 c0 00 00 00 00 37                            b113  (LDA p2, [p3, cs3])                                      
000732         1 00 01                                              NOP
000734         1 00 01                                              NOP
000736         1 00 01                                              NOP
000738         1 00 01                                              NOP
000740         1 00 00 00 00 10 00 00 0e ef f6 00 d8 42 64 58 bc    b538  (VST.SPIL wd1, [sp, #-160])                               b109  (VMAC.80 bm3, yd.s32, r9, c5, r0, wc1.s32, #0, c4, c2)   
000756         1 00 00 00 00 10 00 00 0c 7b be c2 d8 42 60 58 1c    b540  (VLDA.SPIL wd1, [sp, #-160])                              b110  (VMAC.80 bm3, yd.s32, r8, c5, r0, wc0.s32, #0, c4, c0)   
000772         1 80 00 05 84 27 05 81 c7                            b111  (VMAC.80 bm3, yd.s32, r12, c5, r0, wc0.s32, #0, c4, c0)  
000780         1 02 50 80 00 00 00 00 37                            b114  (VLDA wr0, [p2], m0, cyc5)                               
000788         1 00 01                                              NOP
000790         1 ad 58 d8 03                                        b118  (ST p2, [p3, cs3])                                       
000794         1 00 01                                              NOP
000796         1 00 01                                              NOP
000798         1 68 c7 c0 00 00 1c c0 37                            b119  (LDA p0, [p7, cs3])                                       b71   (VMOVS.80.SRSS wr0, bm2, s0)                             
000806         1 00 01                                              NOP
000808         1 80 00 00 e0 ff 80 07 f7                            b533  (VST.SPIL wr0, [sp, #-128])                              
000816         1 48 29 98 00 34 01 2c 47                            b309  (VMOV wr1, wr0)                                           b73   (VCMP xc, r5, ya.s32, r0, c1, r0, c1, c3)                
000824         1 48 6a 98 03                                        b310  (VMOV wr2, wr1)                                          
000828         1 bb 08 00 03                                        b75   (VST wc0, [p0], m0, cyc4)                                
000832         1 00 01                                              NOP
000834         1 ad 18 e8 03                                        b81   (ST p0, [p5, cs3])                                       
000838         1 68 c7 8d 00 00 00 00 17                            b82   (LDA p0, [p6, cs3])                                       b121  (VLDB wd0, [p0], m0, cyc0)                               
000846         1 1e d0 00 00 00 00 00 37                            b122  (VLDA wd1, [p0])                                         
000854         1 ad 18 f8 03                                        b124  (ST p0, [p7, cs3])                                       
000858         1 80 00 00 c7 8b f4 27 f7                            b536  (VLDA.SPIL wr1, [sp, #-96])                              
000866         1 06 d0 87 1a 80 00 00 77                            b116  (VLDA wr1, [p2])                                          b407  (MOV p2, r1)                                             
000874         1 81 8c 60 03                                        b84   (VMOVS.80.SRSS wd0, bm0, s0)                             
000878         1 81 ac 20 03                                        b97   (VMOVS.80.SRSS wr2, bm1, s0)                             
000882         1 81 ec 00 ec ff 40 07 f7                            b115  (VMOVS.80.SRSS wr0, bm3, s0)                              b537  (VST.SPIL wd0, [sp, #-192])                              
000890         1 00 00 00 00 10 00 00 0c 7b 3e 82 80 03 40 12 d8    b539  (VLDA.SPIL wd0, [sp, #-192])                              b85   (VCMP xc, r6, yd.s32, r0, c1, r0, c1, c3)                
000906         1 48 6a 98 00 34 01 2c 87                            b311  (VMOV wr2, wr1)                                           b100  (VCMP xc, r6, ya.s32, r0, c1, r0, c1, c3)                
000914         1 bb 0c 00 03                                        b87   (VST wc0, [p0], m0, cyc6)                                
000918         1 00 01                                              NOP
000920         1 5a 31 e0 00 00 39 50 f7                            b92   (ST p0, [p6, cs3])                                        b395  (MOV p0, r2)                                             
000928         1 6c c6 00 00 00 00 00 37                            b95   (LDA p4, [p0, cs3])                                      
000936         1 80 00 00 c7 83 f0 27 f7                            b535  (VLDA.SPIL wr0, [sp, #-128])                             
000944         1 00 01                                              NOP
000946         1 00 01                                              NOP
000948         1 00 01                                              NOP
000950         1 00 01                                              NOP
000952         1 00 01                                              NOP
000954         1 0e 8b 98 00 34 01 2c c7                            b447  (MOV cb7, r4)                                             b117  (VCMP xc, r7, ya.s32, r0, c1, r0, c1, c3)                
000962         1 76 1c 40 00 00 31 3e f7                            b103  (VST wc0, [p4], m0, cyc7)                                 b457  (MOV cs7, m2)                                            
000970         1 00 01                                              NOP
000972         1 ad 98 c0 03                                        b104  (ST p4, [p0, cs3])                                       
000976         1 6c c6 40 00 00 00 00 37                            b105  (LDA p4, [p1, cs3])                                      
000984         1 00 01                                              NOP
000986         1 00 01                                              NOP
000988         1 00 01                                              NOP
000990         1 00 01                                              NOP
000992         1 00 01                                              NOP
000994         1 00 01                                              NOP
000996         1 7f 90 f0 03                                        b564  (MOV.s12 cs7, #-28)                                      
001000         1 bb 0e 20 03                                        b120  (VST wc0, [p4], m0, cyc7)                                
001004         1 00 00 00 03                                        NOP
001008         1 00 00 00 00 05 b3 39 00 00 00 00 00 00 00 00 02    b123  (ST p4, [p1, cs7])                                       
001024  m210     80 00 00 c7 bb ff e7 f7                            b491  (LDA.SPIL p6, [sp, #-4])                                 
001032           00 01                                              NOP
001034           01 01                                              b49   (RET lr)                                                 
001036           00 01                                              .swstall "delay_slot"
001038           00 01                                              .swstall "delay_slot"
001040           00 00 04 6d 0f a0 46 77                            b514  (MOV.s12 m3, #-192)                                       b475  (MOV r4, ch6)                                            
001048           08 96 04 4b c0 00 00 77                            b48   (PADDA [sp], m3)                                          b483  (MOV p7, ch4)                                            
001056           00 01                                              .swstall "delay_slot"
