INFO: [aiecompiler 77-3355] ###[Start]: Reading in platform specification from /usr/xilinx/Vitis/2023.2/base_platforms/xilinx_vck190_base_202320_1/xilinx_vck190_base_202320_1.xpfm
INFO: [aiecompiler 55-2099] Unable to extract 'pdi_files' from /usr/xilinx/Vitis/2023.2/base_platforms/xilinx_vck190_base_202320_1/hw/hw.xsa to /usr/xilinx/Vitis/2023.2/base_platforms/xilinx_vck190_base_202320_1/hw/extracted/vitis_design_wrapper_0. XSA may not contain 'pdi_files' or the destination directory is read-only
INFO: [aiecompiler 55-2053] elapsed time for repository (/usr/xilinx/Vivado/2023.2/data/embeddedsw) loading 0 seconds
INFO: [aiecompiler 77-3354] ###[Finish]:  Reading in platform specification from /usr/xilinx/Vitis/2023.2/base_platforms/xilinx_vck190_base_202320_1/xilinx_vck190_base_202320_1.xpfm
INFO: [aiecompiler 21-403] Loading part xcvc1902-vsva2197-2MP-e-S
INFO: [aiecompiler 77-3379] Extracted physical device part from platform is : xcvc1902-vsva2197-2MP-e-S 
INFO: [aiecompiler 77-297] Cmd Line : /usr/xilinx/Vitis/2023.2/aietools/bin/unwrapped/lnx64.o/aiecompiler --config /media/4T/home/xianyijiang/my_sparta/aie/Work/aie_hw.cfg 
INFO: [aiecompiler 77-404] Executing Cmd: ${XILINX_VITIS_AIETOOLS}/tps/lnx64/gcc/bin/g++ -E -std=c++17 -D__ADF_FRONTEND__ -D__AIE_ARCH__=10 -I/usr/xilinx/Vitis/2023.2/aietools/include  -I .  -I /usr/xilinx/Vitis/2023.2/aietools/include -I /media/4T/home/xianyijiang/my_sparta/aie/./aie -I /media/4T/home/xianyijiang/my_sparta/aie/./ /media/4T/home/xianyijiang/my_sparta/aie/./TopGraph.cpp > /media/4T/home/xianyijiang/my_sparta/aie/./Work/temp/TopGraph.ii
INFO: [aiecompiler 77-404] Executing Cmd: graph_preprocessor /media/4T/home/xianyijiang/my_sparta/aie/./Work/temp/TopGraph.ii -o /media/4T/home/xianyijiang/my_sparta/aie/./Work/temp/TopGraph.processed.ii -report-core-dump  -- -std=c++17  -ftemplate-depth=2048  -Wno-return-stack-address  -Wno-missing-declarations  -Wno-parentheses-equality  -Wno-shift-negative-value  
INFO: [aiecompiler 77-404] Executing Cmd: ${XILINX_VITIS_AIETOOLS}/tps/lnx64/gcc/bin/g++  -std=c++17  -I .  /media/4T/home/xianyijiang/my_sparta/aie/./Work/temp/TopGraph.processed.ii -o /media/4T/home/xianyijiang/my_sparta/aie/./Work/temp/TopGraph.out -L /usr/xilinx/Vitis/2023.2/aietools/lib/lnx64.o -g -O0 -Wl,--unresolved-symbols=ignore-all  -Wno-return-stack-address  -Wno-missing-declarations  -lfxml_meir_frontend  -lfxml_adf_api_frontend 
INFO: [aiecompiler 77-404] Executing Cmd: /media/4T/home/xianyijiang/my_sparta/aie/./Work/temp/TopGraph.out -I /usr/xilinx/Vitis/2023.2/aietools/include -I /media/4T/home/xianyijiang/my_sparta/aie/./aie -I /media/4T/home/xianyijiang/my_sparta/aie/./ -workdir=/media/4T/home/xianyijiang/my_sparta/aie/./Work -aiearch=aie -log-level=2 --pl-axi-lite=0 --enable-multi-layer=0 --disable-dma-autostart=0 --enable-light-cdo=0 --large-program-memory=0
INFO: [aiecompiler 77-749] Reading logical device VC1902.json
WARNING: [aiecompiler 77-5890] 'k_lap.in[0]' is a window port. Window ports are deprecated in this release and will be obsoleted in future releases. We recommend using io buffers instead.
WARNING: [aiecompiler 77-5890] 'k_lap.in[1]' is a window port. Window ports are deprecated in this release and will be obsoleted in future releases. We recommend using io buffers instead.
WARNING: [aiecompiler 77-5890] 'k_lap.in[2]' is a window port. Window ports are deprecated in this release and will be obsoleted in future releases. We recommend using io buffers instead.
WARNING: [aiecompiler 77-5890] 'k_lap.in[3]' is a window port. Window ports are deprecated in this release and will be obsoleted in future releases. We recommend using io buffers instead.
WARNING: [aiecompiler 77-5890] 'k_lap.in[4]' is a window port. Window ports are deprecated in this release and will be obsoleted in future releases. We recommend using io buffers instead.
WARNING: [aiecompiler 77-5890] 'k_lap.out[0]' is a window port. Window ports are deprecated in this release and will be obsoleted in future releases. We recommend using io buffers instead.
WARNING: [aiecompiler 77-5890] 'k_lap.out[1]' is a window port. Window ports are deprecated in this release and will be obsoleted in future releases. We recommend using io buffers instead.
WARNING: [aiecompiler 77-5890] 'k_lap.out[2]' is a window port. Window ports are deprecated in this release and will be obsoleted in future releases. We recommend using io buffers instead.
WARNING: [aiecompiler 77-5890] 'k_lap.out[3]' is a window port. Window ports are deprecated in this release and will be obsoleted in future releases. We recommend using io buffers instead.
WARNING: [aiecompiler 77-5890] 'k_flux1.in[0]' is a window port. Window ports are deprecated in this release and will be obsoleted in future releases. We recommend using io buffers instead.
WARNING: [aiecompiler 77-5890] 'k_flux1.in[1]' is a window port. Window ports are deprecated in this release and will be obsoleted in future releases. We recommend using io buffers instead.
WARNING: [aiecompiler 77-5890] 'k_flux1.in[2]' is a window port. Window ports are deprecated in this release and will be obsoleted in future releases. We recommend using io buffers instead.
WARNING: [aiecompiler 77-5890] 'k_flux1.in[3]' is a window port. Window ports are deprecated in this release and will be obsoleted in future releases. We recommend using io buffers instead.
WARNING: [aiecompiler 77-5890] 'k_flux1.in[4]' is a window port. Window ports are deprecated in this release and will be obsoleted in future releases. We recommend using io buffers instead.
WARNING: [aiecompiler 77-5890] 'k_flux1.in[5]' is a window port. Window ports are deprecated in this release and will be obsoleted in future releases. We recommend using io buffers instead.
WARNING: [aiecompiler 77-5890] 'k_flux1.in[6]' is a window port. Window ports are deprecated in this release and will be obsoleted in future releases. We recommend using io buffers instead.
WARNING: [aiecompiler 77-5890] 'k_flux1.out[0]' is a window port. Window ports are deprecated in this release and will be obsoleted in future releases. We recommend using io buffers instead.
WARNING: [aiecompiler 77-5890] 'k_flux1.out[1]' is a window port. Window ports are deprecated in this release and will be obsoleted in future releases. We recommend using io buffers instead.
WARNING: [aiecompiler 77-5890] 'k_flux1.out[2]' is a window port. Window ports are deprecated in this release and will be obsoleted in future releases. We recommend using io buffers instead.
WARNING: [aiecompiler 77-5890] 'k_flux1.out[3]' is a window port. Window ports are deprecated in this release and will be obsoleted in future releases. We recommend using io buffers instead.
WARNING: [aiecompiler 77-5890] 'k_flux1.out[4]' is a window port. Window ports are deprecated in this release and will be obsoleted in future releases. We recommend using io buffers instead.
WARNING: [aiecompiler 77-5890] 'k_flux2.in[0]' is a window port. Window ports are deprecated in this release and will be obsoleted in future releases. We recommend using io buffers instead.
WARNING: [aiecompiler 77-5890] 'k_flux2.in[1]' is a window port. Window ports are deprecated in this release and will be obsoleted in future releases. We recommend using io buffers instead.
WARNING: [aiecompiler 77-5890] 'k_flux2.in[2]' is a window port. Window ports are deprecated in this release and will be obsoleted in future releases. We recommend using io buffers instead.
WARNING: [aiecompiler 77-5890] 'k_flux2.in[3]' is a window port. Window ports are deprecated in this release and will be obsoleted in future releases. We recommend using io buffers instead.
WARNING: [aiecompiler 77-5890] 'k_flux2.in[4]' is a window port. Window ports are deprecated in this release and will be obsoleted in future releases. We recommend using io buffers instead.
WARNING: [aiecompiler 77-5890] 'k_flux2.out[0]' is a window port. Window ports are deprecated in this release and will be obsoleted in future releases. We recommend using io buffers instead.
Writing AI Engine constraints file '/media/4T/home/xianyijiang/my_sparta/aie/./Work/temp/TopGraph_meir_constraints.json'
Reading constraints schema from /usr/xilinx/Vitis/2023.2/aietools/data/aietools_constr_schema.json
INFO: [aiecompiler 77-44894] Executing Cmd: aieir_be --time-passes=0  --disable-om-fifo-insertion=false  --logcfg-file=  --trace-plio-width=64  --pl-freq=450  --show-loggers=false  --fast-nonlinearfloats=false  --broadcast-enable-core=true  --high-performance=false  --kernel-address-location=false  --target=hw --swfifo-threshold=40  --single-mm2s-channel=false  --workdir=/media/4T/home/xianyijiang/my_sparta/aie/./Work  --exit-after=complete  --event-trace-config=  --test-iterations=-1  --stacksize=1024  --known-tripcount=false  --platform=/usr/xilinx/Vitis/2023.2/base_platforms/xilinx_vck190_base_202320_1/xilinx_vck190_base_202320_1.xpfm  --event-trace-custom-config=  --output-archive=libadf.a  --write-partitioned-file=true  --schemafile=AIEGraphSchema.json  --disable-multirate=false  --include="/usr/xilinx/Vitis/2023.2/aietools/include" --include="/media/4T/home/xianyijiang/my_sparta/aie/./aie" --include="/media/4T/home/xianyijiang/my_sparta/aie/./" --fastmath=false  --event-trace-advanced-mapping=0  --lock-fence-mode=1  --enable-reconfig=false  --evaluate-fifo-depth=false  --gen-graph-cleanup=false  --use-canonical-net-names=false  --event-trace-port=gmio --use-phy-shim=true  --xlopt=0  --graph-iterator-event=false  --trace-aiesim-option=0  --mapped-soln-udm=  --optimize-pktids=false  --no-init=false  --adf-api-log-level=2  --num-trace-streams=16  --fast-floats=true  --quiet=false  --exec-timed=0  --Xchess="main:backend.mist2.xargs=-ggraph" --routed-soln-udm=  --large-kernel-program=false  --enable-profiling=false  --runtime-opt=true  --part=  --disable-transform-merge-broadcast=false  --verbose=true  --kernel-compile-replacement=  --event-trace-bounding-box=  --heapsize=1024  --logical-arch=  --enable-reconfig-dma-autostart=false  --nodot-graph=false  --disable-dma-autostart=false  --include-mem-tile=  --disable-transform-broadcast-split=true  --json=/media/4T/home/xianyijiang/my_sparta/aie/./Work/temp/TopGraph.json
INFO: [aiecompiler 77-3355] ###[Start]: Reading in platform specification from /usr/xilinx/Vitis/2023.2/base_platforms/xilinx_vck190_base_202320_1/xilinx_vck190_base_202320_1.xpfm
INFO: [aiecompiler 55-2099] Unable to extract 'pdi_files' from /usr/xilinx/Vitis/2023.2/base_platforms/xilinx_vck190_base_202320_1/hw/hw.xsa to /usr/xilinx/Vitis/2023.2/base_platforms/xilinx_vck190_base_202320_1/hw/extracted/vitis_design_wrapper_0. XSA may not contain 'pdi_files' or the destination directory is read-only
INFO: [aiecompiler 55-2053] elapsed time for repository (/usr/xilinx/Vivado/2023.2/data/embeddedsw) loading 0 seconds
INFO: [aiecompiler 77-3354] ###[Finish]:  Reading in platform specification from /usr/xilinx/Vitis/2023.2/base_platforms/xilinx_vck190_base_202320_1/xilinx_vck190_base_202320_1.xpfm
INFO: [aiecompiler 21-403] Loading part xcvc1902-vsva2197-2MP-e-S
INFO: [aiecompiler 77-3379] Extracted physical device part from platform is : xcvc1902-vsva2197-2MP-e-S 
INFO: [aiecompiler 77-749] Reading logical device VC1902.json
INFO: [aiecompiler 77-750] Reading physical device xcvc1902-vsva2197-2MP-e-S
INFO: [aiecompiler 77-951] ###Start:Loading Device Part xcvc1902-vsva2197-2MP-e-S
INFO: [aiecompiler 77-950] ###Finish(0u 0s 0w):Loading Device Part xcvc1902-vsva2197-2MP-e-S
INFO: [aiecompiler 77-4400] Finish reading physical device xcvc1902-vsva2197-2MP-e-S
INFO: [aiecompiler 77-951] ###Start:Loading Device Part xcvc1902-vsva2197-2MP-e-S
INFO: [aiecompiler 77-950] ###Finish(0u 0s 0w):Loading Device Part xcvc1902-vsva2197-2MP-e-S
DEBUG:BuildIR:### Building AIEIr 
INFO: [aiecompiler 77-757] Opening input file: /media/4T/home/xianyijiang/my_sparta/aie/./Work/temp/TopGraph.json
INFO: [aiecompiler 77-43940] Emitting AIEIr in file: /media/4T/home/xianyijiang/my_sparta/aie/./Work/temp/TopGraph_aieir_dump.txt
DEBUG:BuildIR:### Done with  Building AIEIr 
INFO: [aiecompiler 77-656] Processing Graph 'root'
DEBUG:MultirateAnalysis:### Entering MULTIRATE ANALYSIS pass
INFO: [aiecompiler 77-5917] Repetition count for topStencil.core.k_lap is 1.
INFO: [aiecompiler 77-5917] Repetition count for topStencil.core.k_flux1 is 1.
INFO: [aiecompiler 77-5917] Repetition count for topStencil.core.k_flux2 is 1.
DEBUG:MultirateAnalysis:### Completing MULTIRATE ANALYSIS pass
DEBUG:TransformIR:### Performing AIEIr transformations on graph 'root'
DEBUG:TransformIR:### Done with  AIEIr transformations
DEBUG:ConstraintsProcessor:###Entering Constraints Processor Phase
DEBUG:ConstraintsProcessor:###Reading Constraints From JSON File /media/4T/home/xianyijiang/my_sparta/aie/./Work/temp/TopGraph_meir_constraints.json
DEBUG:ConstraintsProcessor:###Done Constraints Processor Phase
DEBUG:AIEngineDrc:###Enter: DRC Phase
INFO: [aiecompiler 77-43929] DRC Results: 0 Errors
DEBUG:AIEngineDrc:###Exit: DRC Phase
DEBUG:MapperPartitioner:###Entering Mapper Partitioning Phase
INFO: [aiecompiler 77-281] ###Writing Partition Data To JSON File /media/4T/home/xianyijiang/my_sparta/aie/./Work/temp/TopGraph_partition.json
DEBUG:MapperPartitioner:###Done Mapper Partitioning Phase (0.160000 secs)
DEBUG:AIEngineUDMData:###Enter: UDM Data Phase
###Start:Translating MeIr Netlist To UDM Netlist
###Finish(0.05u 0s 0.04w):Translating AIEIr Netlist To UDM Netlist.
###Start:Translating Complete AIEIr Netlist To UDM Netlist
###Finish(0u 0s 0.01w):Translating Complete AIEIr Netlist To UDM Netlist
###Start:Creating Floorplan...
INFO: [aiecompiler 18-6359] No Clock Expansion Window constraints config file entry for device xcvc1902.  GCLK Deskew mode will be Off and cannot be enabled via GCLK_DESKEW override.
INFO: [aiecompiler 18-5720] The default GCLK Deskew mode is Off.
###Finish(0.85u 0.04s 0.88w):Creating Floorplan...
###Start:Translating Constraints..
###Finish(0u 0s 0w):Translating Constraints..
###Start:Translating Constraints..
###Finish(0u 0s 0w):Translating Constraints..
DEBUG:AIEngineUDMData:###Exit: UDM Data Phase
DEBUG:AIEnginePartitionSolutionAnnotator:###Entering Partition Solution Annotator Phase
DEBUG:AIEnginePartitionSolutionAnnotator:####### Start Annotating UDM Solution After Partitioning
DEBUG:AIEngineUDMData:###Start:Writing Complete UDM Netlist To File /media/4T/home/xianyijiang/my_sparta/aie/./Work/temp/TopGraph_aie_full_netlist.aiexn
DEBUG:AIEngineUDMData:###Finish:Writing Complete UDM Netlist To File /media/4T/home/xianyijiang/my_sparta/aie/./Work/temp/TopGraph_aie_full_netlist.aiexn
DEBUG:AIEnginePartitionSolutionAnnotator:####### Finish Annotating UDM Solution After Partition
DEBUG:AIEnginePartitionSolutionAnnotator:###Done Partition Solution Annotator Phase
DEBUG:PostPartitionDrc:###Enter: Post Partition DRC Phase
INFO: [aiecompiler 77-43966] Post Partition DRC Results: 0 Errors
DEBUG:PostPartitionDrc:###Exit: Post Partition DRC Phase
DEBUG:AIEngineDesignAnalyzer:###Enter: Design Analyzer Phase
DEBUG:AIEngineDesignAnalyzer:Insert FIFO
DEBUG:AIEngineDesignAnalyzer:Adding Core local memory colocation constraints
DEBUG:AIEngineDesignAnalyzer:###Exit: Design Analyzer Phase Finished Successfully
DEBUG:AIEngineUDMPlacer:###Enter: UDM Mapper Phase
DEBUG:AIEngineUDMPlacer:###Start: Running UDM Placer
DEBUG:AIEngineUDMPlacer:###Writing Pre-mapped solDB To JSON File /media/4T/home/xianyijiang/my_sparta/aie/./Work/temp/TopGraph_aie_premapped.aiesol
DEBUG:AIEngineUDMPlacer:###Writing Placer Constraints To JSON File /media/4T/home/xianyijiang/my_sparta/aie/./Work/temp/TopGraph_aie_constraints_for_placer.aiecst
Writing AI Engine constraints file '/media/4T/home/xianyijiang/my_sparta/aie/./Work/temp/TopGraph_aie_constraints_for_placer.aiecst'
Reading constraints schema from /usr/xilinx/Vitis/2023.2/aietools/data/aietools_constr_schema.json
Check AIE-PRE-MAPPER has run: 0 errors
AIE Mapper Partitioner succeeded.
INFO: [aiecompiler 47-778] Running Pass 1 of AIE Mapper.
INFO: [aiecompiler 47-777] Running Global placer
INFO: [aiecompiler 47-776] Running Detail placer
Check AIE-MAPPER has run: 0 errors
AIE Mapper Solution Checker succeeded.
DEBUG:AIEngineUDMPlacer:###Finish: UDM Placer Finished Successfully
DEBUG:AIEngineUDMPlacer:###Finish: Running UDM Placer
DEBUG:AIEngineUDMPlacer:###Exit: UDM Mapper Phase (5.610000 secs)
DEBUG:AIEngineUDMSolutionAnnotator:###Entering UDM Solution Annotator Phase
DEBUG:AIEngineUDMSolutionAnnotator:####### Start Annotating UDM Solution
INFO: [aiecompiler 77-280] ###Writing Mapped Data To JSON File /media/4T/home/xianyijiang/my_sparta/aie/./Work/temp/TopGraph_mapped.json
DEBUG:AIEngineUDMSolutionAnnotator:###adding mapping section
INFO: [aiecompiler 77-1012] Writing Mapping Information To Constraints File /media/4T/home/xianyijiang/my_sparta/aie/./Work/temp/TopGraph_aie_mapped.aiecst
 ####=>writeBufferInfoListAsConstraint 0x5ac24e50 binfos.size() 2 i0_pi0 allBufferInfos: 2
 ####=>writeBufferInfoListAsConstraint 0x5ac2c1f0 binfos.size() 2 i0_pi1 allBufferInfos: 2
 ####=>writeBufferInfoListAsConstraint 0x5ac152d0 binfos.size() 2 i0_pi2 allBufferInfos: 2
 ####=>writeBufferInfoListAsConstraint 0x5ac0c510 binfos.size() 2 i0_pi3 allBufferInfos: 2
 ####=>writeBufferInfoListAsConstraint 0x5ac0a2a0 binfos.size() 2 i0_pi4 allBufferInfos: 2
 ####=>writeBufferInfoListAsConstraint 0x5ac02ca0 binfos.size() 2 i0_po0 allBufferInfos: 2
 ####=>writeBufferInfoListAsConstraint 0x5abe61c0 binfos.size() 2 i0_po1 allBufferInfos: 2
 ####=>writeBufferInfoListAsConstraint 0x5bf54560 binfos.size() 2 i0_po2 allBufferInfos: 2
 ####=>writeBufferInfoListAsConstraint 0x5bf523a0 binfos.size() 2 i0_po3 allBufferInfos: 2
 ####=>writeBufferInfoListAsConstraint 0x5b9b5660 binfos.size() 2 i1_pi0 allBufferInfos: 2
 ####=>writeBufferInfoListAsConstraint 0x5bf51d70 binfos.size() 2 i1_pi1 allBufferInfos: 2
 ####=>writeBufferInfoListAsConstraint 0x5bf50870 binfos.size() 2 i1_pi2 allBufferInfos: 2
 ####=>writeBufferInfoListAsConstraint 0x5bf4e160 binfos.size() 2 i1_pi3 allBufferInfos: 2
 ####=>writeBufferInfoListAsConstraint 0x5bf67230 binfos.size() 2 i1_pi4 allBufferInfos: 2
 ####=>writeBufferInfoListAsConstraint 0x5bf5a2a0 binfos.size() 2 i1_pi5 allBufferInfos: 2
 ####=>writeBufferInfoListAsConstraint 0x5bf59ea0 binfos.size() 2 i1_pi6 allBufferInfos: 2
 ####=>writeBufferInfoListAsConstraint 0x5bf67930 binfos.size() 2 i1_po0 allBufferInfos: 2
 ####=>writeBufferInfoListAsConstraint 0x5bf4fe50 binfos.size() 2 i1_po1 allBufferInfos: 2
 ####=>writeBufferInfoListAsConstraint 0x5bf500a0 binfos.size() 2 i1_po2 allBufferInfos: 2
 ####=>writeBufferInfoListAsConstraint 0x5bf5cea0 binfos.size() 2 i1_po3 allBufferInfos: 2
 ####=>writeBufferInfoListAsConstraint 0x5bf5d0f0 binfos.size() 2 i1_po4 allBufferInfos: 2
 ####=>writeBufferInfoListAsConstraint 0x5bf54dd0 binfos.size() 2 i2_pi0 allBufferInfos: 2
 ####=>writeBufferInfoListAsConstraint 0x5bf55020 binfos.size() 2 i2_pi1 allBufferInfos: 2
 ####=>writeBufferInfoListAsConstraint 0x5bf67d90 binfos.size() 2 i2_pi2 allBufferInfos: 2
 ####=>writeBufferInfoListAsConstraint 0x5bf67fe0 binfos.size() 2 i2_pi3 allBufferInfos: 2
 ####=>writeBufferInfoListAsConstraint 0x5bf68260 binfos.size() 2 i2_pi4 allBufferInfos: 2
 ####=>writeBufferInfoListAsConstraint 0x5bf68600 binfos.size() 2 i2_po0 allBufferInfos: 2
Writing AI Engine constraints file '/media/4T/home/xianyijiang/my_sparta/aie/./Work/temp/TopGraph_aie_mapped.aiecst'
Reading constraints schema from /usr/xilinx/Vitis/2023.2/aietools/data/aietools_constr_schema.json
DEBUG:AIEngineUDMSolutionAnnotator:####### Finish Annotating UDM Solution
DEBUG:AIEngineUDMSolutionAnnotator:###Done UDM Solution Annotator Phase
INFO: [aiecompiler 77-43944] Entering MAPPING ANALYSIS pass 
INFO: [aiecompiler 77-43959] Mapped filename /media/4T/home/xianyijiang/my_sparta/aie/./Work/temp/TopGraph_mapped.json
INFO: [aiecompiler 77-4161] Generating AIE shim-constraint file at: /media/4T/home/xianyijiang/my_sparta/aie/./Work/arch/aie_interface.aieintfcst
INFO: [aiecompiler 77-4165] Opening AIE shim-constraints schema JSON file: /usr/xilinx/Vivado/2023.2/data/parts/xilinx/common/noc/schemas/constraints.json
INFO: [aiecompiler 77-43937] Done with MAPPING ANALYSIS pass 
DEBUG:LogicalArchWriter:### Entering Logical Arch Writer
DEBUG:LogicalArchWriter:### Building Logical Arch Model
INFO: [aiecompiler 77-310] Generating logical architecture in file /media/4T/home/xianyijiang/my_sparta/aie/./Work/arch/logical_arch_aie.larch
INFO: [aiecompiler 77-313] Initializing logical architecture from file /media/4T/home/xianyijiang/my_sparta/aie/./Work/arch/logical_arch_aie.larch
DEBUG:LogicalArchWriter:### Done writing Logical Arch
INFO: [aiecompiler 77-43943] Entering INTERPOSER ANALYSIS pass
INFO: [aiecompiler 77-43934] Done with  INTERPOSER ANALYSIS pass
DEBUG:LockAllocation:### Entering LOCK ALLOCATION pass
DEBUG:LockAllocation:### Done with LOCK ALLOCATION pass
DEBUG:StreamAllocation:### Entering STREAM ALLOCATION pass
DEBUG:StreamAllocation:### Done with STREAM ALLOCATION pass
DEBUG:DMAAllocation:### Entering DMA ALLOCATION pass
INFO: [aiecompiler 77-45065] For port 'topStencil.core.k_lap.in[0]', allocated DMA is 'tile: aie, col:8, row:1, channel:0, dir:s2mm'
INFO: [aiecompiler 77-45065] For port 'topStencil.core.k_lap.in[1]', allocated DMA is 'tile: aie, col:7, row:0, channel:0, dir:s2mm'
INFO: [aiecompiler 77-45065] For port 'topStencil.core.k_lap.in[2]', allocated DMA is 'tile: aie, col:7, row:2, channel:0, dir:s2mm'
INFO: [aiecompiler 77-45065] For port 'topStencil.core.k_lap.in[3]', allocated DMA is 'tile: aie, col:7, row:0, channel:1, dir:s2mm'
INFO: [aiecompiler 77-45065] For port 'topStencil.core.k_lap.in[4]', allocated DMA is 'tile: aie, col:8, row:1, channel:1, dir:s2mm'
INFO: [aiecompiler 77-45065] For port 'topStencil.core.k_flux1.in[0]', allocated DMA is 'tile: aie, col:7, row:3, channel:0, dir:s2mm'
INFO: [aiecompiler 77-45065] For port 'topStencil.core.k_flux1.in[1]', allocated DMA is 'tile: aie, col:6, row:2, channel:0, dir:s2mm'
INFO: [aiecompiler 77-45065] For port 'topStencil.core.k_flux1.in[2]', allocated DMA is 'tile: aie, col:6, row:2, channel:1, dir:s2mm'
INFO: [aiecompiler 77-45065] For port 'topStencil.core.k_flux2.out[0]', allocated DMA is 'tile: aie, col:8, row:3, channel:0, dir:mm2s'
DEBUG:DMAAllocation:### Done with DMA ALLOCATION pass
DEBUG:MathEngineUDMRouter:###Start: Running UDM Router
Target Part xcvc1902-vsva2197-2MP-e-S 0x271e72c0
Create HARTArchHelperV8
Create HARTArchHelperV8
Create HARTArchHelperV10
HARTArchConstsV10::initialize
BOUNCE_MIN_DIST 1, 1
HARTArchConstsV10::initialize - done
New Arch Helper: 0x64b8c1c0 for device: 0x271e72c0
INFO: [aiecompiler 35-3142] AIE Router building the Nodegraph
Target Part: xcvc1902-vsva2197-2MP-e-S 0x271e72c0
Cols: 50 Rows: 9
Slave Net Limit: 4
FirstActiveCoreTileCol 0 FirstArctiveCoreTileRow 0
FirstActiveCoreTileCol 0 FirstArctiveCoreTileRow 1
Num tile types: 8
Adding tile type: AIE_INTF_A_CORE with 262 nodes.
Adding tile type: AIE_INTF_B0_CORE with 3324 nodes.
Adding tile type: AIE_INTF_B1_CORE with 3220 nodes.
Adding tile type: AIE_INTF_B2_CORE with 3220 nodes.
Adding tile type: AIE_INTF_B3_CORE with 3158 nodes.
Adding tile type: AIE_INTF_C_CORE with 3324 nodes.
Adding tile type: AIE_TILE with 744 nodes.
Adding tile type: AIE_TILE_MY with 744 nodes.
Number of Tiles created: 450
INFO: [aiecompiler 35-3197] AIE Router finished building the Nodegraph.
INFO: [aiecompiler 35-3196] AIE Router Nodegraph build cpu time 7.720000 wall time 7.730000
INFO: [aiecompiler 35-3225] AIE Router starting Netlist building.
INFO: [aiecompiler 35-3162] AIE Router creating Pin Mapper
Running AIE Post-Map Finalizer.
Post-Map Finalizer succeeded.
INFO: [aiecompiler 35-3211] AIE Router finished creating Pin Mapper.
INFO: [aiecompiler 35-3212] AIE Router Pin Mapper creation cpu time 0.030000 wall time 0.030000
Instance: hdiff_in0 is placed at AIE_PL_X6Y0
Instance: hdiff_in1 is placed at AIE_PL_X5Y0
Instance: hdiff_in2 is placed at AIE_PL_X6Y0
Instance: hdiff_in3 is placed at AIE_PL_X6Y0
Instance: hdiff_in4 is placed at AIE_PL_X6Y0
Instance: hdiff_in5 is placed at AIE_PL_X6Y0
Instance: hdiff_in6 is placed at AIE_PL_X6Y0
Instance: hdiff_in7 is placed at AIE_PL_X5Y0
Instance: hdiff_out0 is placed at AIE_PL_X6Y0
Instance: topStencil.core.k_flux1 is placed at AIE_CORE_X7Y2
Instance: topStencil.core.k_flux2 is placed at AIE_CORE_X7Y3
Instance: topStencil.core.k_lap is placed at AIE_CORE_X7Y1
Created Net for : net7 : 0 , 2
Net : 0 has demand: 100 : 1.000000
Term:  term (10: 6,0,1430)D  0 is 1. 0
Term:  term (8: 6,3,76)L  1 is 1. 0
Created Net for : net6 : 2 , 4
Net : 1 has demand: 100 : 1.000000
Term:  term (1: 7,0,1430)D  2 is 1. 1
Term:  term (8: 6,3,73)L  3 is 1. 1
Created Net for : net5 : 4 , 6
Net : 2 has demand: 100 : 1.000000
Term:  term (2: 7,0,1421)D  4 is 1. 2
Term:  term (8: 7,4,73)L  5 is 1. 2
Created Net for : net4 : 6 , 8
Net : 3 has demand: 100 : 1.000000
Term:  term (3: 7,0,1436)D  6 is 1. 3
Term:  term (7: 8,2,76)L  7 is 1. 3
Created Net for : net3 : 8 , 10
Net : 4 has demand: 100 : 1.000000
Term:  term (4: 7,0,1418)D  8 is 1. 4
Term:  term (7: 7,1,76)L  9 is 1. 4
Created Net for : net2 : 10 , 12
Net : 5 has demand: 100 : 1.000000
Term:  term (5: 7,0,1424)D  10 is 1. 5
Term:  term (7: 7,3,73)L  11 is 1. 5
Created Net for : net17 : 12 , 14
Net : 6 has demand: 100 : 1.000000
Term:  term (9: 8,4,23)D  12 is 1. 6
Term:  term (0: 7,0,1577)L  13 is 1. 6
Created Net for : net1 : 14 , 16
Net : 7 has demand: 100 : 1.000000
Term:  term (11: 6,0,1421)D  14 is 1. 7
Term:  term (7: 7,1,73)L  15 is 1. 7
Created Net for : net0 : 16 , 18
Net : 8 has demand: 100 : 1.000000
Term:  term (6: 7,0,1433)D  16 is 1. 8
Term:  term (7: 8,2,73)L  17 is 1. 8
Number of Horizontal Crossings across a cut: 36
Post Netlist Builder Checksum | NetGraph: 4115809b | NumContArr: 5931b140
INFO: [aiecompiler 35-3182] AIE Router finished building the Netlist.
INFO: [aiecompiler 35-3183] AIE Router Netlist building cpu time 0.030000 wall time 0.040000
INFO: [aiecompiler 35-3223] AIE Router starting Constraint Manager.
Reading area constraints.
Area group: Exclude(Exclusive)  Contain Routing Rects : {{(0, 1)(49, 8)} {(0, 0)(49, 0)}  excluding portions of netIds from this group: { } containing portions of netIds in this group: { 0 1 2 3 4 5 6 7 8 }
INFO: [aiecompiler 35-3148] AIE Router finished reading area constraints.
INFO: [aiecompiler 35-3147] AIE Router Constraint Manager cpu time 0.000000 wall time 0.000000
Fifo threshold is 40.
INFO: [aiecompiler 35-3326] AIE Router starting projection of pins
Running AIE Post-Map Finalizer.
Post-Map Finalizer succeeded.
Projecting Net 0 of logical net net7 
Projecting Net 1 of logical net net6 
Projecting Net 2 of logical net net5 
Projecting Net 3 of logical net net4 
Projecting Net 4 of logical net net3 
Projecting Net 5 of logical net net2 
Projecting Net 6 of logical net net17 
Projecting Net 7 of logical net net1 
Projecting Net 8 of logical net net0 
INFO: [aiecompiler 35-3325] AIE Router finished projection of pins
INFO: [aiecompiler 35-3324] AIE Router Projection cpu time -0.000000 wall time -0.000000
INFO: [aiecompiler 35-3224] AIE Router starting Cost Builder.
INFO: [aiecompiler 35-3152] AIE Router finished Cost Builder.
INFO: [aiecompiler 35-3151] AIE Router Cost Builder cpu time -0.000000 wall time -0.000000
Router is running in timing mode: 0
Trace merge enabled: 1
Found 9 nets and 0 trace nets.
INFO: [aiecompiler 35-3226] AIE Router starting to route nets.
In routeIR
Initializing AIERouter
About to generate capMap
Reset capMap
Done generating capMap
About to create routeNetData
Created routeNetImage
Cost Coeffs: m_costCoef 1, m_congCostCoef 0.3, m_iterCostCoef 0.4, m_histCostCoef 3
CostMgr nodeGraph::getClkRgnInfo status: 0
Creating HDRTPinDelayHelperV10 for floorplan 0x60e6c060
HDRTPinDelayHelperV10:: Creating pin delay helper
popping debug nodes from file  set using param route.printExpandDebugNodes
Min Local Branch Penalty = 10
Min Type Branch Penalty = 10
Outbound Branch Penalty = 20
Creating routeNetData
Created routeNetData
Done setting delay costs
Done with creating routeNetData
About to create routeTaskMgr
Created congestion calculator obj
Done Initializing AIERouter
Num nets to route: 9
BufferFromBel: buf0 on (8,1,1) has: <0,1024>
BufferFromBel: buf0 on (8,1,1) has: <globalOffset, fullSize> <8192,1024>
BufferFromBel: buf1 on (7,0,2) has: <0,1024>
BufferFromBel: buf1 on (7,0,2) has: <globalOffset, fullSize> <16384,1024>
BufferFromBel: buf2 on (7,2,3) has: <0,1024>
BufferFromBel: buf2 on (7,2,3) has: <globalOffset, fullSize> <24576,1024>
BufferFromBel: buf3 on (7,0,3) has: <0,1024>
BufferFromBel: buf3 on (7,0,3) has: <globalOffset, fullSize> <24576,1024>
BufferFromBel: buf4 on (8,1,2) has: <0,1024>
BufferFromBel: buf4 on (8,1,2) has: <globalOffset, fullSize> <16384,1024>
BufferFromBel: buf5 on (7,3,1) has: <3072,1024>
BufferFromBel: buf5 on (7,3,1) has: <globalOffset, fullSize> <11264,1024>
BufferFromBel: buf6 on (6,2,0) has: <0,1024>
BufferFromBel: buf6 on (6,2,0) has: <globalOffset, fullSize> <0,1024>
BufferFromBel: buf7 on (6,2,2) has: <0,1024>
BufferFromBel: buf7 on (6,2,2) has: <globalOffset, fullSize> <16384,1024>
BufferFromBel: buf8 on (7,1,0) has: <0,1024>
BufferFromBel: buf8 on (7,1,0) has: <globalOffset, fullSize> <0,1024>
BufferFromBel: buf9 on (7,1,1) has: <0,1024>
BufferFromBel: buf9 on (7,1,1) has: <globalOffset, fullSize> <8192,1024>
BufferFromBel: buf10 on (7,1,1) has: <4096,1024>
BufferFromBel: buf10 on (7,1,1) has: <globalOffset, fullSize> <12288,1024>
BufferFromBel: buf11 on (7,1,2) has: <7168,1024>
BufferFromBel: buf11 on (7,1,2) has: <globalOffset, fullSize> <23552,1024>
BufferFromBel: buf12 on (7,2,0) has: <0,2048>
BufferFromBel: buf12 on (7,2,0) has: <globalOffset, fullSize> <0,2048>
BufferFromBel: buf13 on (7,3,3) has: <4096,2048>
BufferFromBel: buf13 on (7,3,3) has: <globalOffset, fullSize> <28672,2048>
BufferFromBel: buf14 on (7,3,0) has: <4096,2048>
BufferFromBel: buf14 on (7,3,0) has: <globalOffset, fullSize> <4096,2048>
BufferFromBel: buf15 on (7,3,3) has: <6144,2048>
BufferFromBel: buf15 on (7,3,3) has: <globalOffset, fullSize> <30720,2048>
BufferFromBel: buf16 on (7,3,2) has: <0,2048>
BufferFromBel: buf16 on (7,3,2) has: <globalOffset, fullSize> <16384,2048>
BufferFromBel: buf17 on (8,3,2) has: <0,1024>
BufferFromBel: buf17 on (8,3,2) has: <globalOffset, fullSize> <16384,1024>
BufferFromBel: sysmem18 on (7,0,0) has: <0,2080>
BufferFromBel: sysmem18 on (7,0,0) has: <globalOffset, fullSize> <0,2080>
BufferFromBel: sysmem19 on (7,1,3) has: <2048,2080>
BufferFromBel: sysmem19 on (7,1,3) has: <globalOffset, fullSize> <26624,2080>
BufferFromBel: sysmem20 on (8,3,0) has: <0,2080>
BufferFromBel: sysmem20 on (8,3,0) has: <globalOffset, fullSize> <0,2080>
BufferFromBel: buf0d on (8,1,3) has: <0,1024>
BufferFromBel: buf0d on (8,1,3) has: <globalOffset, fullSize> <24576,1024>
BufferFromBel: buf1d on (7,0,0) has: <2080,1024>
BufferFromBel: buf1d on (7,0,0) has: <globalOffset, fullSize> <2080,1024>
BufferFromBel: buf2d on (7,2,2) has: <0,1024>
BufferFromBel: buf2d on (7,2,2) has: <globalOffset, fullSize> <16384,1024>
BufferFromBel: buf3d on (7,0,1) has: <0,1024>
BufferFromBel: buf3d on (7,0,1) has: <globalOffset, fullSize> <8192,1024>
BufferFromBel: buf4d on (8,1,0) has: <0,1024>
BufferFromBel: buf4d on (8,1,0) has: <globalOffset, fullSize> <0,1024>
BufferFromBel: buf5d on (7,3,2) has: <7168,1024>
BufferFromBel: buf5d on (7,3,2) has: <globalOffset, fullSize> <23552,1024>
BufferFromBel: buf6d on (6,2,1) has: <0,1024>
BufferFromBel: buf6d on (6,2,1) has: <globalOffset, fullSize> <8192,1024>
BufferFromBel: buf7d on (6,2,3) has: <0,1024>
BufferFromBel: buf7d on (6,2,3) has: <globalOffset, fullSize> <24576,1024>
BufferFromBel: buf8d on (7,1,3) has: <0,1024>
BufferFromBel: buf8d on (7,1,3) has: <globalOffset, fullSize> <24576,1024>
BufferFromBel: buf9d on (7,1,0) has: <7168,1024>
BufferFromBel: buf9d on (7,1,0) has: <globalOffset, fullSize> <7168,1024>
BufferFromBel: buf10d on (7,1,2) has: <6144,1024>
BufferFromBel: buf10d on (7,1,2) has: <globalOffset, fullSize> <22528,1024>
BufferFromBel: buf11d on (7,1,3) has: <1024,1024>
BufferFromBel: buf11d on (7,1,3) has: <globalOffset, fullSize> <25600,1024>
BufferFromBel: buf12d on (7,2,1) has: <1376,2048>
BufferFromBel: buf12d on (7,2,1) has: <globalOffset, fullSize> <9568,2048>
BufferFromBel: buf13d on (7,3,1) has: <4096,2048>
BufferFromBel: buf13d on (7,3,1) has: <globalOffset, fullSize> <12288,2048>
BufferFromBel: buf14d on (7,3,2) has: <5120,2048>
BufferFromBel: buf14d on (7,3,2) has: <globalOffset, fullSize> <21504,2048>
BufferFromBel: buf15d on (7,3,0) has: <6144,2048>
BufferFromBel: buf15d on (7,3,0) has: <globalOffset, fullSize> <6144,2048>
BufferFromBel: buf16d on (7,3,1) has: <6144,2048>
BufferFromBel: buf16d on (7,3,1) has: <globalOffset, fullSize> <14336,2048>
BufferFromBel: buf17d on (8,3,1) has: <1024,1024>
BufferFromBel: buf17d on (8,3,1) has: <globalOffset, fullSize> <9216,1024>
Total number of components: 1
No FIFO terms found to need Global ILP, skipping

--GLOBAL Congestion:
Utilization threshold used for congestion level computation: 1
Congestion Report
North Dir Cong Level = 0 Max Cong = 0.833333 No Congested Regions.
South Dir Cong Level = 0 Max Cong = 0.25 No Congested Regions.
East Dir Cong Level = 0 Max Cong = 0.5 No Congested Regions.
West Dir Cong Level = 0 Max Cong = 0.25 No Congested Regions.

------------------------------
Reporting congestion hotspots
------------------------------
Direction: North
----------------
Congested clusters found at Level 0
Effective congestion level: 0 Aspect Ratio: 1 Sparse Ratio: 0
Direction: South
----------------
Congested clusters found at Level 0
Effective congestion level: 0 Aspect Ratio: 1 Sparse Ratio: 0
Direction: East
----------------
Congested clusters found at Level 0
Effective congestion level: 0 Aspect Ratio: 1 Sparse Ratio: 0
Direction: West
----------------
Congested clusters found at Level 0
Effective congestion level: 0 Aspect Ratio: 1 Sparse Ratio: 0


INFO: [aiecompiler 35-21] Average Estimated Local Routing Congestion:
 +-----------+-------------+-------------+
 | Direction | Region Size | Utilization |
 +-----------+-------------+-------------+
 | North     | 1 x 1       |      83.33% |
 | South     | 1 x 1       |      25.00% |
 | East      | 1 x 1       |      50.00% |
 | West      | 1 x 1       |      25.00% |
 +-----------+-------------+-------------+

Initial Routing Congestion Level : 0
NORTH:
*********************************************************************************************************************************
* 1             * 2             * 3             * 4             * 5             * 6             * 7             * 8             *
*********************************************************************************************************************************
| 30000 (2.67%) | 30000 (2.00%) | 30000 (1.33%) | 30000 (0.33%) | 30000 (0.00%) | 30000 (0.00%) | 30000 (0.00%) | 30000 (0.00%) |
~~~~~~~~~~~~~~~~~~~~~~~~~~~~~~~~~~~~~~~~~~~~~~~~~~~~~~~~~~~~~~~~~~~~~~~~~~~~~~~~~~~~~~~~~~~~~~~~~~~~~~~~~~~~~~~~~~~~~~~~~~~~~~~~~
SOUTH:
*********************************************************************************************************************************
* 1             * 2             * 3             * 4             * 5             * 6             * 7             * 8             *
*********************************************************************************************************************************
| 20000 (0.50%) | 20000 (0.50%) | 20000 (0.50%) | 20000 (0.50%) | 20000 (0.00%) | 20000 (0.00%) | 20000 (0.00%) | 20000 (0.00%) |
~~~~~~~~~~~~~~~~~~~~~~~~~~~~~~~~~~~~~~~~~~~~~~~~~~~~~~~~~~~~~~~~~~~~~~~~~~~~~~~~~~~~~~~~~~~~~~~~~~~~~~~~~~~~~~~~~~~~~~~~~~~~~~~~~
EAST:
****************************************************************************************************************************************************************************************************************************************************************************************************************************************************************************************************************************************************************************************************************************************************************************************************************************************************************************************************************************************************************
* 1            * 2            * 3            * 4            * 5            * 6            * 7            * 8            * 9            * 10           * 11           * 12           * 13           * 14           * 15           * 16           * 17           * 18           * 19           * 20           * 21           * 22           * 23           * 24           * 25           * 26           * 27           * 28           * 29           * 30           * 31           * 32           * 33           * 34           * 35           * 36           * 37           * 38           * 39           * 40           * 41           * 42           * 43           * 44           * 45           * 46           * 47           * 48           * 49           *
****************************************************************************************************************************************************************************************************************************************************************************************************************************************************************************************************************************************************************************************************************************************************************************************************************************************************************************************************************************************************************
| 3600 (0.00%) | 3600 (0.00%) | 3600 (0.00%) | 3600 (0.00%) | 3600 (0.00%) | 3600 (0.00%) | 3600 (2.78%) | 3600 (5.56%) | 3600 (0.00%) | 3600 (0.00%) | 3600 (0.00%) | 3600 (0.00%) | 3600 (0.00%) | 3600 (0.00%) | 3600 (0.00%) | 3600 (0.00%) | 3600 (0.00%) | 3600 (0.00%) | 3600 (0.00%) | 3600 (0.00%) | 3600 (0.00%) | 3600 (0.00%) | 3600 (0.00%) | 3600 (0.00%) | 3600 (0.00%) | 3600 (0.00%) | 3600 (0.00%) | 3600 (0.00%) | 3600 (0.00%) | 3600 (0.00%) | 3600 (0.00%) | 3600 (0.00%) | 3600 (0.00%) | 3600 (0.00%) | 3600 (0.00%) | 3600 (0.00%) | 3600 (0.00%) | 3600 (0.00%) | 3600 (0.00%) | 3600 (0.00%) | 3600 (0.00%) | 3600 (0.00%) | 3600 (0.00%) | 3600 (0.00%) | 3600 (0.00%) | 3600 (0.00%) | 3600 (0.00%) | 3600 (0.00%) | 3600 (0.00%) |
~~~~~~~~~~~~~~~~~~~~~~~~~~~~~~~~~~~~~~~~~~~~~~~~~~~~~~~~~~~~~~~~~~~~~~~~~~~~~~~~~~~~~~~~~~~~~~~~~~~~~~~~~~~~~~~~~~~~~~~~~~~~~~~~~~~~~~~~~~~~~~~~~~~~~~~~~~~~~~~~~~~~~~~~~~~~~~~~~~~~~~~~~~~~~~~~~~~~~~~~~~~~~~~~~~~~~~~~~~~~~~~~~~~~~~~~~~~~~~~~~~~~~~~~~~~~~~~~~~~~~~~~~~~~~~~~~~~~~~~~~~~~~~~~~~~~~~~~~~~~~~~~~~~~~~~~~~~~~~~~~~~~~~~~~~~~~~~~~~~~~~~~~~~~~~~~~~~~~~~~~~~~~~~~~~~~~~~~~~~~~~~~~~~~~~~~~~~~~~~~~~~~~~~~~~~~~~~~~~~~~~~~~~~~~~~~~~~~~~~~~~~~~~~~~~~~~~~~~~~~~~~~~~~~~~~~~~~~~~~~~~~~~~~~~~~~~~~~~~~~~~~~~~~~~~~~~~~~~~~~~~~~~~~~~~~~~~~~~~~~~~~~~~~~~~~~~~~~~~~~~~~~~~~~~~~~~~~~~~~~~~~~~~~~~~~~~~~~~~~~~~~~~~~~~~~~~~~~~~~~~~~~~~~~~~~~~~~~~~~~~~~~~~~~~~~~~~~~~~~~~~~~~~~~~~~~~~~~~~~~~~~~~~~~~~~~~~~~~~~~~~~~~~~~~~~~~~~~~~~~~~~~~~~~~~~~~~~~
WEST:
****************************************************************************************************************************************************************************************************************************************************************************************************************************************************************************************************************************************************************************************************************************************************************************************************************************************************************************************************************************************************************
* 1            * 2            * 3            * 4            * 5            * 6            * 7            * 8            * 9            * 10           * 11           * 12           * 13           * 14           * 15           * 16           * 17           * 18           * 19           * 20           * 21           * 22           * 23           * 24           * 25           * 26           * 27           * 28           * 29           * 30           * 31           * 32           * 33           * 34           * 35           * 36           * 37           * 38           * 39           * 40           * 41           * 42           * 43           * 44           * 45           * 46           * 47           * 48           * 49           *
****************************************************************************************************************************************************************************************************************************************************************************************************************************************************************************************************************************************************************************************************************************************************************************************************************************************************************************************************************************************************************
| 3600 (0.00%) | 3600 (0.00%) | 3600 (0.00%) | 3600 (0.00%) | 3600 (0.00%) | 3600 (0.00%) | 3600 (2.78%) | 3600 (2.78%) | 3600 (0.00%) | 3600 (0.00%) | 3600 (0.00%) | 3600 (0.00%) | 3600 (0.00%) | 3600 (0.00%) | 3600 (0.00%) | 3600 (0.00%) | 3600 (0.00%) | 3600 (0.00%) | 3600 (0.00%) | 3600 (0.00%) | 3600 (0.00%) | 3600 (0.00%) | 3600 (0.00%) | 3600 (0.00%) | 3600 (0.00%) | 3600 (0.00%) | 3600 (0.00%) | 3600 (0.00%) | 3600 (0.00%) | 3600 (0.00%) | 3600 (0.00%) | 3600 (0.00%) | 3600 (0.00%) | 3600 (0.00%) | 3600 (0.00%) | 3600 (0.00%) | 3600 (0.00%) | 3600 (0.00%) | 3600 (0.00%) | 3600 (0.00%) | 3600 (0.00%) | 3600 (0.00%) | 3600 (0.00%) | 3600 (0.00%) | 3600 (0.00%) | 3600 (0.00%) | 3600 (0.00%) | 3600 (0.00%) | 3600 (0.00%) |
~~~~~~~~~~~~~~~~~~~~~~~~~~~~~~~~~~~~~~~~~~~~~~~~~~~~~~~~~~~~~~~~~~~~~~~~~~~~~~~~~~~~~~~~~~~~~~~~~~~~~~~~~~~~~~~~~~~~~~~~~~~~~~~~~~~~~~~~~~~~~~~~~~~~~~~~~~~~~~~~~~~~~~~~~~~~~~~~~~~~~~~~~~~~~~~~~~~~~~~~~~~~~~~~~~~~~~~~~~~~~~~~~~~~~~~~~~~~~~~~~~~~~~~~~~~~~~~~~~~~~~~~~~~~~~~~~~~~~~~~~~~~~~~~~~~~~~~~~~~~~~~~~~~~~~~~~~~~~~~~~~~~~~~~~~~~~~~~~~~~~~~~~~~~~~~~~~~~~~~~~~~~~~~~~~~~~~~~~~~~~~~~~~~~~~~~~~~~~~~~~~~~~~~~~~~~~~~~~~~~~~~~~~~~~~~~~~~~~~~~~~~~~~~~~~~~~~~~~~~~~~~~~~~~~~~~~~~~~~~~~~~~~~~~~~~~~~~~~~~~~~~~~~~~~~~~~~~~~~~~~~~~~~~~~~~~~~~~~~~~~~~~~~~~~~~~~~~~~~~~~~~~~~~~~~~~~~~~~~~~~~~~~~~~~~~~~~~~~~~~~~~~~~~~~~~~~~~~~~~~~~~~~~~~~~~~~~~~~~~~~~~~~~~~~~~~~~~~~~~~~~~~~~~~~~~~~~~~~~~~~~~~~~~~~~~~~~~~~~~~~~~~~~~~~~~~~~~~~~~~~~~~~~~~~~~~~~~~
INFO: [aiecompiler 35-3366] Initial Estimated Cut Congestion
NORTH: No Congestion
SOUTH: No Congestion
EAST: No Congestion
WEST: No Congestion


MT: cpu time 0.020000 wall time 0.020000
New CongCostCoef: 0.3
New IterCostCoef: 0.4
INFO: [aiecompiler 35-3172] AIE Router is on Global Iteration: 0
 Local Iteration: 2
During local iter 2 : 0 data nets were re-routed for congestion
Updating history
Generating stats
Reporting stats
INFO: [aiecompiler 35-3130] AIE Router Local Iteration Report: 
    IterNum: 2
    Nets Routed: 0
    Total Expand: 0.001404M
    Total Pop: 0.000685M
    Total Eval: 0.001404M
    Total nodes with num nets overflow: 0
    Total node congestion because of nets: 0
    Total num of over utilized nodes : 0
    Total over utilization : 0

There are no negative slack systems in this design, skipping router balancing
Done with data net routing
Local Iter: cpu time 0.000000, wall time 0.010000
Global Iter: cpu time 0.000000, 0.010000
Trace graph pruning is enabled
Found buffer at bel: AIE_MEMGRP_BANK0
Found buffer at bel: AIE_MEMGRP_BANK1
Found buffer at bel: AIE_MEMGRP_BANK2
Found buffer at bel: AIE_MEMGRP_BANK3
Found buffer at bel: AIE_MEMGRP_BANK0
Found buffer at bel: AIE_MEMGRP_BANK1
Found buffer at bel: AIE_MEMGRP_BANK2
Found buffer at bel: AIE_MEMGRP_BANK0
Found buffer at bel: AIE_MEMGRP_BANK1
Found buffer at bel: AIE_MEMGRP_BANK2
Found buffer at bel: AIE_MEMGRP_BANK3
Found buffer at bel: AIE_MEMGRP_BANK0
Found buffer at bel: AIE_MEMGRP_BANK1
Found buffer at bel: AIE_MEMGRP_BANK2
Found buffer at bel: AIE_MEMGRP_BANK3
Found buffer at bel: AIE_MEMGRP_BANK0
Found buffer at bel: AIE_MEMGRP_BANK1
Found buffer at bel: AIE_MEMGRP_BANK2
Found buffer at bel: AIE_MEMGRP_BANK3
Found buffer at bel: AIE_MEMGRP_BANK0
Found buffer at bel: AIE_MEMGRP_BANK1
Found buffer at bel: AIE_MEMGRP_BANK2
Found buffer at bel: AIE_MEMGRP_BANK3
Found buffer at bel: AIE_MEMGRP_BANK0
Found buffer at bel: AIE_MEMGRP_BANK1
Found buffer at bel: AIE_MEMGRP_BANK2
Found buffer at bel: AIE_MEMGRP_BANK3
Found 0 new trace nets to route
INFO: [aiecompiler 35-3329] Trace Net Routing Global Iteration 0
New CongCostCoef: 0.3
New IterCostCoef: 0.4
Trace Net Routing Local Iteration: 2
Updating history
Generating stats
Reporting stats
INFO: [aiecompiler 35-3130] AIE Router Local Iteration Report: 
    IterNum: 2
    Nets Routed: 0
    Total Expand: 0.001404M
    Total Pop: 0.000685M
    Total Eval: 0.001404M
    Total nodes with num nets overflow: 0
    Total node congestion because of nets: 0
    Total num of over utilized nodes : 0
    Total over utilization : 0

Trace net routing converged, total trace nets routed in this phase: 0
Trace Net Routing Local Iter: cpu time 0.010000, wall time 0.000000
No new trace nets to route
Trace Net Routing Local Iteration: 3
Updating history
Generating stats
Reporting stats
INFO: [aiecompiler 35-3130] AIE Router Local Iteration Report: 
    IterNum: 3
    Nets Routed: 0
    Total Expand: 0.001404M
    Total Pop: 0.000685M
    Total Eval: 0.001404M
    Total nodes with num nets overflow: 0
    Total node congestion because of nets: 0
    Total num of over utilized nodes : 0
    Total over utilization : 0

Trace net routing converged, total trace nets routed in this phase: 0
Trace Net Routing Local Iter: cpu time 0.000000, wall time 0.010000
Trace Net Routing Global Iter: cpu time 0.010000, 0.010000
Number of trace nets that were skipped routing: 0
INFO: [aiecompiler 35-3391] Estimated FIFO Congestion
*******************************************
* Type        * Region Size * Utilisation *
*******************************************
| Switch FIFO | 1x1         |  0.00%      |
| DMA FIFO    | 1x1         |  100.00%    |
~~~~~~~~~~~~~~~~~~~~~~~~~~~~~~~~~~~~~~~~~~~
DMA FIFO Congestion Report:
Bounded by tiles (Lower Left Tile -> Upper Right Tile):
    AIE_TILE_X7Y1->AIE_TILE_X7Y1


Post Router Checksum | NetGraph: f0f28fe | NumContArr: 86ffb6a3
INFO: [aiecompiler 35-3220] AIE Router finished routing nets.
INFO: [aiecompiler 35-3219] AIE Router routing cpu time 0.120000 wall time 0.130000
Running AIE Post-Map Finalizer.
Post-Map Finalizer succeeded.
No shared packet switched routing resources used in this design
Total Data net Wirelength is : 28
Total Trace net Wirelength is : 0
INFO: [aiecompiler 35-3252] AIE Router successfully routed all nets.
Deposit net 0
Deposited tree of size 15 for net net7
Deposit net 1
Deposited tree of size 18 for net net6
Deposit net 2
Deposited tree of size 18 for net net5
Deposit net 3
Deposited tree of size 18 for net net4
Deposit net 4
Deposited tree of size 9 for net net3
Deposit net 5
Deposited tree of size 18 for net net2
Deposit net 6
Deposited tree of size 21 for net net17
Deposit net 7
Deposited tree of size 12 for net net1
Deposit net 8
Deposited tree of size 15 for net net0
Total Number of unique Switch FIFOs: 0
Running AIE Post-Map Finalizer.
Post-Map Finalizer succeeded.
Ordered merge post process: Adding BD config broadcast nets
Running AIE Post-Map Finalizer.
Post-Map Finalizer succeeded.
Check routing solution
Found 12 placed insts
Found 9 nets to be routed
9 nets to route
0 nets have no route solution
0 nets have invalid pin assignment
0 nets not fully routed
0 nets were skipped routing
0 nodes exceeding max demand
Wall = 0.0 secs
Check AIE-ROUTER has run: 0 errors
HDRTPinDelayHelperV10:: Clearing pin delay helper
Releasing pin delay helper for floorplan 0x60e6c060
HDRTPinDelayHelperV10:: Releasing Pin Dly Helper
NodeGraph Released.
DeviceData Released.
DEBUG:MathEngineUDMRouter:###Finish: UDM Router Finished Successfully
 ####=>writeBufferInfoListAsConstraint 0x5ac24e50 binfos.size() 2 i0_pi0 allBufferInfos: 2
 ####=>writeBufferInfoListAsConstraint 0x5ac2c1f0 binfos.size() 2 i0_pi1 allBufferInfos: 2
 ####=>writeBufferInfoListAsConstraint 0x5ac152d0 binfos.size() 2 i0_pi2 allBufferInfos: 2
 ####=>writeBufferInfoListAsConstraint 0x5ac0c510 binfos.size() 2 i0_pi3 allBufferInfos: 2
 ####=>writeBufferInfoListAsConstraint 0x5ac0a2a0 binfos.size() 2 i0_pi4 allBufferInfos: 2
 ####=>writeBufferInfoListAsConstraint 0x5ac02ca0 binfos.size() 2 i0_po0 allBufferInfos: 2
 ####=>writeBufferInfoListAsConstraint 0x5abe61c0 binfos.size() 2 i0_po1 allBufferInfos: 2
 ####=>writeBufferInfoListAsConstraint 0x5bf54560 binfos.size() 2 i0_po2 allBufferInfos: 2
 ####=>writeBufferInfoListAsConstraint 0x5bf523a0 binfos.size() 2 i0_po3 allBufferInfos: 2
 ####=>writeBufferInfoListAsConstraint 0x5b9b5660 binfos.size() 2 i1_pi0 allBufferInfos: 2
 ####=>writeBufferInfoListAsConstraint 0x5bf51d70 binfos.size() 2 i1_pi1 allBufferInfos: 2
 ####=>writeBufferInfoListAsConstraint 0x5bf50870 binfos.size() 2 i1_pi2 allBufferInfos: 2
 ####=>writeBufferInfoListAsConstraint 0x5bf4e160 binfos.size() 2 i1_pi3 allBufferInfos: 2
 ####=>writeBufferInfoListAsConstraint 0x5bf67230 binfos.size() 2 i1_pi4 allBufferInfos: 2
 ####=>writeBufferInfoListAsConstraint 0x5bf5a2a0 binfos.size() 2 i1_pi5 allBufferInfos: 2
 ####=>writeBufferInfoListAsConstraint 0x5bf59ea0 binfos.size() 2 i1_pi6 allBufferInfos: 2
 ####=>writeBufferInfoListAsConstraint 0x5bf67930 binfos.size() 2 i1_po0 allBufferInfos: 2
 ####=>writeBufferInfoListAsConstraint 0x5bf4fe50 binfos.size() 2 i1_po1 allBufferInfos: 2
 ####=>writeBufferInfoListAsConstraint 0x5bf500a0 binfos.size() 2 i1_po2 allBufferInfos: 2
 ####=>writeBufferInfoListAsConstraint 0x5bf5cea0 binfos.size() 2 i1_po3 allBufferInfos: 2
 ####=>writeBufferInfoListAsConstraint 0x5bf5d0f0 binfos.size() 2 i1_po4 allBufferInfos: 2
 ####=>writeBufferInfoListAsConstraint 0x5bf54dd0 binfos.size() 2 i2_pi0 allBufferInfos: 2
 ####=>writeBufferInfoListAsConstraint 0x5bf55020 binfos.size() 2 i2_pi1 allBufferInfos: 2
 ####=>writeBufferInfoListAsConstraint 0x5bf67d90 binfos.size() 2 i2_pi2 allBufferInfos: 2
 ####=>writeBufferInfoListAsConstraint 0x5bf67fe0 binfos.size() 2 i2_pi3 allBufferInfos: 2
 ####=>writeBufferInfoListAsConstraint 0x5bf68260 binfos.size() 2 i2_pi4 allBufferInfos: 2
 ####=>writeBufferInfoListAsConstraint 0x5bf68600 binfos.size() 2 i2_po0 allBufferInfos: 2
DEBUG:MathEngineUDMRouter:###Write Routing Infomration To Constraints File
Writing AI Engine constraints file '/media/4T/home/xianyijiang/my_sparta/aie/./Work/temp/TopGraph_aie_routed.aiecst'
Reading constraints schema from /usr/xilinx/Vitis/2023.2/aietools/data/aietools_constr_schema.json
DEBUG:MathEngineUDMRouter:###Finish: Running UDM Router (7.920000 secs)
DEBUG:MathEngineUDMRouter:###Exit: UDM Router Phase
DEBUG:TileRouter:### Entering TILE ROUTER pass
INFO: [aiecompiler 77-336] Producing aieshim solution for router in /media/4T/home/xianyijiang/my_sparta/aie/./Work/arch/aieshim_solution.aiesol
WARNING: [aiecompiler 77-45003] Unable to read AIE/PL Interface ID from XSA
DEBUG:TileRouter:### Done with TILE ROUTER pass
INFO: [aiecompiler 77-43942] Entering Dump_Partition_Graph pass 
INFO: [aiecompiler 77-404] Executing Cmd: dot -Tpng /media/4T/home/xianyijiang/my_sparta/aie/./Work/temp/TopGraph_mapped_post.dot -o /media/4T/home/xianyijiang/my_sparta/aie/./Work/reports/TopGraph_mapped_post.png
INFO: [aiecompiler 77-43936] Done with Dump_Partition_Graph pass 
DEBUG:SwitchConfig:### Entering Stream Switch Configuration pass
DEBUG:SwitchConfig:### Done with Stream Switch Configuration pass
DEBUG:MainMaker:### Entering Main Maker Pass 
INFO: [aiecompiler 77-43972] Writing proc file /media/4T/home/xianyijiang/my_sparta/aie/./Work/aie/7_1/src/7_1.cc
DEBUG:MainMaker:topStencil.core.k_lap 1
INFO: [aiecompiler 77-43972] Writing proc file /media/4T/home/xianyijiang/my_sparta/aie/./Work/aie/7_2/src/7_2.cc
DEBUG:MainMaker:topStencil.core.k_flux1 1
INFO: [aiecompiler 77-43972] Writing proc file /media/4T/home/xianyijiang/my_sparta/aie/./Work/aie/7_3/src/7_3.cc
DEBUG:MainMaker:topStencil.core.k_flux2 1
DEBUG:MainMaker:### Done with Main Maker Pass
INFO: [aiecompiler 77-44974] runtime-opt stats: Avoided compilation of 0 cores out of 3 cores.
DEBUG:GlobalMemoryAccess:### Entering GlobalMemory Handler pass
INFO: [aiecompiler 77-329] No Global Memory IO Nodes - nothing to do in this pass
DEBUG:GlobalMemoryAccess:### Done with NoC compiler
DEBUG:GlobalMemoryAccess:### Done with GlobalMemory Handler pass (0.000000 secs)
INFO: [aiecompiler 77-43946] Entering XPE_Report_Generator pass 
INFO: [aiecompiler 77-43938] Done with XPE_Report_Generator pass 
DEBUG:GenSimConfigJSON:### Entering GENERATE SIMULATOR JSON CONFIGURATION pass
DEBUG:GenSimConfigJSON:### Done with GENERATE SIMULATOR JSON CONFIGURATION pass
DEBUG:LinkerGen:### Entering Linker and Elf Generation Pass 
INFO: [aiecompiler 77-43951] Generating CHESS Project File for processor at (7,1)
INFO: [aiecompiler 77-43952] Generating Linker script in /media/4T/home/xianyijiang/my_sparta/aie/./Work/aie/7_1/scripts/7_1.bcf
INFO: [aiecompiler 77-404] Executing Cmd: mkdir -p /media/4T/home/xianyijiang/my_sparta/aie/./Work/aie/7_1/timestamped_log;

INFO: [aiecompiler 77-43951] Generating CHESS Project File for processor at (7,2)
INFO: [aiecompiler 77-43952] Generating Linker script in /media/4T/home/xianyijiang/my_sparta/aie/./Work/aie/7_2/scripts/7_2.bcf
INFO: [aiecompiler 77-404] Executing Cmd: mkdir -p /media/4T/home/xianyijiang/my_sparta/aie/./Work/aie/7_2/timestamped_log;

INFO: [aiecompiler 77-43951] Generating CHESS Project File for processor at (7,3)
INFO: [aiecompiler 77-43952] Generating Linker script in /media/4T/home/xianyijiang/my_sparta/aie/./Work/aie/7_3/scripts/7_3.bcf
INFO: [aiecompiler 77-404] Executing Cmd: mkdir -p /media/4T/home/xianyijiang/my_sparta/aie/./Work/aie/7_3/timestamped_log;

DEBUG:LinkerGen:### Done with Linker and Elf Generation Pass
DEBUG:ElfGen:### Entering ELF GENERATOR pass
INFO: [aiecompiler 77-404] Executing Cmd: make -C /media/4T/home/xianyijiang/my_sparta/aie/./Work/aie -O -j 8 -f 7_1.elfgen.Makefile -f 7_2.elfgen.Makefile -f 7_3.elfgen.Makefile all 2>&1;

INFO: [aiecompiler 77-404] Executing Cmd: rm -f /media/4T/home/xianyijiang/my_sparta/aie/./Work/aie/7_1.elfgen.Makefile /media/4T/home/xianyijiang/my_sparta/aie/./Work/aie/7_2.elfgen.Makefile /media/4T/home/xianyijiang/my_sparta/aie/./Work/aie/7_3.elfgen.Makefile;

DEBUG:ElfGen:### Done with ELF GENERATOR pass (15.660000 secs)
DEBUG:PLAnalysis:### Entering PL ANALYSIS pass
DEBUG:PLAnalysis:### Completing PL ANALYSIS pass
DEBUG:CControlProgramMaker:### Entering CONTROL PROGRAM MAKER pass
INFO: [aiecompiler 77-5774] The AIE partition identified post placement and routing on basis of used columns is '6:3'
DEBUG:CControlProgramMaker:### Done with CONTROL PROGRAM MAKER pass
DEBUG:CompilePLBlocks:### Entering Compile PL Blocks pass
INFO: [aiecompiler 77-43879] ### Compiling PL Block ps_i12
INFO: [aiecompiler 77-43964] Opened file : /media/4T/home/xianyijiang/my_sparta/aie/./Work/ps/c_rts/systemC/generated-source/genwrapper_for_ps_i12.cpp
INFO: [aiecompiler 77-404] Executing Cmd: make -C /media/4T/home/xianyijiang/my_sparta/aie/./Work/ps/c_rts/systemC -f Makefile all
DEBUG:CompilePLBlocks:### Done with Compile PL Blocks pass (3.650000 secs)
DEBUG:AIEConfigGenerator:### Entering AIE CDO Generator pass
INFO: [aiecompiler 77-43964] Opened file : /media/4T/home/xianyijiang/my_sparta/aie/./Work/ps/cdo/generated-source/cdo_main.cpp
INFO: [aiecompiler 77-43964] Opened file : /media/4T/home/xianyijiang/my_sparta/aie/./Work/ps/cdo/generated-source/gen_cdo.cpp
INFO: [aiecompiler 77-43964] Opened file : /media/4T/home/xianyijiang/my_sparta/aie/./Work/ps/cdo/generated-source/gen_cdo.h
INFO: [aiecompiler 77-43964] Opened file : /media/4T/home/xianyijiang/my_sparta/aie/./Work/ps/cdo/generateAIEConfig
INFO: [aiecompiler 77-43964] Opened file : /media/4T/home/xianyijiang/my_sparta/aie/./Work/ps/cdo/Makefile
INFO: [aiecompiler 77-404] Executing Cmd: make -C /media/4T/home/xianyijiang/my_sparta/aie/./Work/ps/cdo -f Makefile all
DEBUG:AIEConfigGenerator:### Done with AIE CDO Generator pass
DEBUG:AIEConfigForTrace:### Started AIE CONFIG FOR TRACE Generator pass
DEBUG:AIEConfigForTrace:### Done with AIE CONFIG FOR TRACE Generator pass
DEBUG:ControlProgramData:### Entering Control Program Data Generation pass
DEBUG:ControlProgramData:### Completing Control Program Data Generation pass
DEBUG:BuildCFGraph:### Entering Build CFGraph pass
INFO: [aiecompiler 77-5857] Start building AIE IP
INFO: [aiecompiler 77-5855] Number of AIE IP ports are : 9
INFO: [aiecompiler 77-5848] Added port on AIE IP: S00_AXIS  -->  hdiff_in0
INFO: [aiecompiler 77-5848] Added port on AIE IP: S01_AXIS  -->  hdiff_in1
INFO: [aiecompiler 77-5848] Added port on AIE IP: S02_AXIS  -->  hdiff_in2
INFO: [aiecompiler 77-5848] Added port on AIE IP: S03_AXIS  -->  hdiff_in3
INFO: [aiecompiler 77-5848] Added port on AIE IP: S04_AXIS  -->  hdiff_in4
INFO: [aiecompiler 77-5848] Added port on AIE IP: S05_AXIS  -->  hdiff_in5
INFO: [aiecompiler 77-5848] Added port on AIE IP: S06_AXIS  -->  hdiff_in6
INFO: [aiecompiler 77-5848] Added port on AIE IP: S07_AXIS  -->  hdiff_in7
INFO: [aiecompiler 77-5848] Added port on AIE IP: M00_AXIS  -->  hdiff_out0
INFO: [aiecompiler 77-5850] Done building AIE IP
DEBUG:BuildCFGraph:### CF Graph is built
INFO: [aiecompiler 77-43941] Entering Compiler Report Generator pass 
INFO: [aiecompiler 77-43883] ####Writing Placement For Nodes 
INFO: [aiecompiler 77-43935] Done with AIE Tools Report Generator pass 
INFO: [aiecompiler 77-43881] ### Entering Packager pass
DEBUG:AIEngineUDMData:###Start:Writing UDM Netlist To File /media/4T/home/xianyijiang/my_sparta/aie/./Work/temp/TopGraph_aie_netlist.aiexn
DEBUG:AIEngineUDMData:###Finish:Writing UDM Netlist To File /media/4T/home/xianyijiang/my_sparta/aie/./Work/temp/TopGraph_aie_netlist.aiexn
DEBUG:AIEngineUDMData:###Start:Writing UDM Constraints To File /media/4T/home/xianyijiang/my_sparta/aie/./Work/temp/TopGraph_aie_constraints.aiecst
Writing AI Engine constraints file '/media/4T/home/xianyijiang/my_sparta/aie/./Work/temp/TopGraph_aie_constraints.aiecst'
Reading constraints schema from /usr/xilinx/Vitis/2023.2/aietools/data/aietools_constr_schema.json
DEBUG:AIEngineUDMData:###Finish:Writing UDM Constraints To File /media/4T/home/xianyijiang/my_sparta/aie/./Work/temp/TopGraph_aie_constraints.aiecst
INFO: [aiecompiler 77-1083] Adding hardware components under: /media/4T/home/xianyijiang/my_sparta/aie/./Work/temp/hw.o 
INFO: [aiecompiler 77-1085] Adding software components under: /media/4T/home/xianyijiang/my_sparta/aie/./Work/temp/sw.o 
INFO: [aiecompiler 77-5380] Adding config components under: /media/4T/home/xianyijiang/my_sparta/aie/./Work/temp/cfg.o
INFO: [aiecompiler 77-1086] Generating hand-off archive: libadf.a
INFO: [aiecompiler 77-43880] ### Done with Packager pass (0 secs)
INFO: [aiecompiler 77-44881] Run completed. Find additional information in:
	Guidance: /media/4T/home/xianyijiang/my_sparta/aie/./Work/reports/guidance.html

INFO: [aiecompiler 77-44882] Use the vitis_analyzer tool to visualize and navigate the relevant reports. Run: 
	vitis_analyzer /media/4T/home/xianyijiang/my_sparta/aie/./Work/TopGraph.aiecompile_summary

Compilation Complete
(WARNING:1, CRITICAL-WARNING:0, ERROR:0)
