
// File generated by darts version U-2022.12#3eec2545bc#230622, Tue Mar 10 16:46:24 2026
// Copyright 2014-2022 Synopsys, Inc. All rights reserved.
// darts -v -I/usr/xilinx/Vitis/2023.2/aietools/data/versal_prod/lib -d -h -I/usr/xilinx/Vitis/2023.2/aietools/include -I/media/4T/home/xianyijiang/my_sparta/aie/. -I/media/4T/home/xianyijiang/my_sparta/aie/./ProcessUnit -I/media/4T/home/xianyijiang/my_sparta/aie/. -I/media/4T/home/xianyijiang/my_sparta/aie/./aie -I/media/4T/home/xianyijiang/my_sparta/aie/media/4T/home/xianyijiang/my_sparta/aie/. -I/media/4T/home/xianyijiang/my_sparta/aie/media/4T/home/xianyijiang/my_sparta/aie/./aie -I/media/4T/home/xianyijiang/my_sparta/aie/usr/xilinx/Vitis/2023.2/aietools/include -I/usr/xilinx/Vitis/2023.2/aietools/include -I/usr/xilinx/Vitis/2023.2/aietools/data/versal_prod/lib/runtime_cxx/libcxx-lite/include -I/usr/xilinx/Vitis/2023.2/aietools/data/versal_prod/lib/runtime_cxx/libs/libcxx-9.0.0/include-lite -I/usr/xilinx/Vitis/2023.2/aietools/data/versal_prod/lib/runtime/include -D__AIENGINE__ -D__AIE_ARCH__=10 -DDEPLOYMENT_ELF=1 -D__LOCK_FENCE_MODE__=0 -DAIE_OPTION_SCALAR_FLOAT_ON_VECTOR -D__tct_tgt__=230622 -L +Ihex +nanno ../Release/7_2.o me

// Release: ipp U-2022.12-TGT-230622
.data_segment_name
.data local 4 _ZL11sync_buffer DMb
	0x0
	0x0
	0x0
	0x0
	0xff
	0xff
	0xff
	0xff
	0x0
	0x0
	0x0
	0x0
	0x0
	0x0
	0x0
	0x0
	0x0
	0x0
	0x0
	0x0
	0x0
	0x0
	0x0
	0x0
	0x0
	0x0
	0x0
	0x0
	0x0
	0x0
	0x0
	0x0

.undef local data _ZL11sync_buffer

.data_segment_name
.bss global 16 buf10 DMb 1024

.data_segment_name
.bss global 16 buf10d DMb 1024

.data_segment_name
.bss global 16 buf11 DMb 1024

.data_segment_name
.bss global 16 buf11d DMb 1024

.data_segment_name
.bss global 16 buf12 DMb 2048

.data_segment_name
.bss global 16 buf12d DMb 2048

.data_segment_name
.bss global 16 buf13 DMb 2048

.data_segment_name
.bss global 16 buf13d DMb 2048

.data_segment_name
.bss global 16 buf14 DMb 2048

.data_segment_name
.bss global 16 buf14d DMb 2048

.data_segment_name
.bss global 16 buf15 DMb 2048

.data_segment_name
.bss global 16 buf15d DMb 2048

.data_segment_name
.bss global 16 buf16 DMb 2048

.data_segment_name
.bss global 16 buf16d DMb 2048

.data_segment_name
.bss global 16 buf5 DMb 1024

.data_segment_name
.bss global 16 buf5d DMb 1024

.data_segment_name
.bss global 16 buf6 DMb 1024

.data_segment_name
.bss global 16 buf6d DMb 1024

.data_segment_name
.bss global 16 buf7 DMb 1024

.data_segment_name
.bss global 16 buf7d DMb 1024

.data_segment_name
.bss global 16 buf8 DMb 1024

.data_segment_name
.bss global 16 buf8d DMb 1024

.data_segment_name
.bss global 16 buf9 DMb 1024

.data_segment_name
.bss global 16 buf9d DMb 1024

.undef global data _ZN12me_primitive3ss0E


.undef global data _ZN12me_primitive3ms0E


.undef global data _ZN12me_primitive4sst0E


.undef global data _ZN12me_primitive4ssc0E


.undef global data _ZN12me_primitive5wsst0E


.undef global data _ZN12me_primitive4msc0E


.undef global data _ZN12me_primitive3ss1E


.undef global data _ZN12me_primitive3ms1E


.undef global data _ZN12me_primitive4sst1E


.undef global data _ZN12me_primitive4ssc1E


.undef global data _ZN12me_primitive5wsst1E


.undef global data _ZN12me_primitive4msc1E


.undef global data ZERO

.undef global data ONES

.text_segment_name
.text global 16 _main
.label _main___func_begin0
.function_start
	     0    0x32 0x00 0xd1 0xc2 0x09 0xa0 0x40 0x04 0x02 0x40 0x00 0x3f                      MOV.s10 m2, #3;     MOV.s9 r1, #16;                                   MOV.s12 m0, #832;             MOV.u20 cl1, #buf6;           NOP
	    12    0x08 0x90 0x18 0xc2 0x28 0x11 0x78 0x04 0x0d 0x40 0x00 0x3f                      PADDA [sp], m0;     MOV.s9 r8, #17;                                   MOV.s12 r12, #34;             MOV.u20 r5, #buf13;           NOP
	    24    0x30 0x08 0x5f 0xc0 0x48 0x00 0x7a 0x04 0x00 0x00 0x00 0x3f                      MOV.s10 m0, #33;    MOV.s9 r15, #2;                                   MOV.s12 r13, #0;              MOV.u20 ch0, #buf12;          NOP
	    36    0x31 0x04 0xd0 0xc0 0x2e 0xd0 0x4a 0x0d 0x9f 0xef 0x44 0x3f                      MOV.s10 m1, #19;    MOV.s9 r0, #1;                                    MOV.s12 m5, #-608;            ST.SPIL cl1, [sp, #-268];     NOP
	    48    0x33 0x09 0x59 0xc4 0xef 0x38 0x4e 0x0d 0x9f 0xee 0x84 0x3f                      MOV.s10 m3, #37;    MOV.s9 r9, #39;                                   MOV.s12 m7, #-400;            ST.SPIL cl1, [sp, #-280];     NOP
	    60    0x00 0x00 0x13 0xc4 0x0e 0x82 0x48 0x0f 0x5f 0xd8 0x84 0x3f                      NOP;                MOV.s9 r3, #32;                                   MOV.s12 m4, #-764;            ST.SPIL r5, [sp, #-632];      NOP
	    72    0x00 0x00 0x1e 0xc2 0x40 0x00 0x01 0xd6 0xc9 0xa0 0x15 0xdf                      NOP;                MOV.s9 r14, #18;    NOP;                          MOV.s12 m6, #-660;            MOV r7, sp
	    84    0x80 0x00 0x00 0xf1 0xff 0x04 0x47 0xf7                                                                                  NOP;                                                        ST.SPIL r1, [sp, #-252];      NOP
	    92    0x80 0x00 0x00 0xf5 0xfd 0x7c 0x47 0xf7                                                                                  NOP;                                                        ST.SPIL r5, [sp, #-644];      NOP
	   100    0x80 0x00 0x00 0xd0 0xfd 0xbc 0x47 0xf7                                                                                  NOP;                                                        ST.SPIL ch0, [sp, #-580];     NOP
	   108    0x00 0x00 0x1a 0xc4 0x75 0xeb 0xf3 0x04 0x00 0x40 0x00 0x3f                      NOP;                MOV.s9 r10, #35;    ST r10, [sp, #-52];                                         MOV.u20 ch1, #buf8;           NOP
	   120    0xad 0xff 0xa0 0x40 0xd8 0x00 0x07 0xf7                                                                                  ST p7, [sp, #-48];                                          MOV.u20 r6, #buf9;            NOP
	   128    0x5b 0xbf 0x50 0x00 0x00 0x3b 0xd0 0xf7                                                                                  ST p6, [sp, #-44];            NOP;                          MOV p0, r7
	   136    0x00 0x00 0x18 0xc6 0x50 0x00 0x00 0x0f 0x8f 0xf0 0x84 0x3f                      NOP;                MOV.s9 r8, #50;     NOP;                                                        ST.SPIL r8, [sp, #-248];      NOP
	   148    0x80 0x00 0x00 0xfc 0xfd 0x98 0x47 0xf7                                                                                  NOP;                                                        ST.SPIL r12, [sp, #-616];     NOP
	   156    0x80 0x00 0x00 0xd0 0xfd 0xb0 0x47 0xf7                                                                                  NOP;                                                        ST.SPIL ch0, [sp, #-592];     NOP
	   164    0x80 0x00 0x00 0xd1 0xfe 0x8c 0x47 0xf7                                                                                  NOP;                                                        ST.SPIL ch1, [sp, #-372];     NOP
	   172    0x80 0x00 0x00 0xf6 0xfe 0x58 0x47 0xf7                                                                                  NOP;                                                        ST.SPIL r6, [sp, #-424];      NOP
.noswbrkpt
	   180    0x08 0x8a 0x1b 0xc4 0xcb 0xdf 0xe5 0xe3 0xc9 0x46 0x8b 0x1f                      PADDA [p0], m5;     MOV.s9 r11, #38;    ST r11, [sp, #-56];           MOV.s12 m5, #-452;            MOV p4, p0
.nohwbrkpt
.noswbrkpt
	   192    0x08 0x8b 0x14 0xc5 0x0b 0xa7 0xed 0xea 0x49 0x46 0x8a 0x9f                      PADDA [p4], m5;     MOV.s9 r4, #40;     ST r4, [sp, #-40];            MOV.s12 m5, #-348;            MOV p2, p0
.nohwbrkpt
.noswbrkpt
	   204    0x08 0x8e 0x80 0x00 0x0b 0x9f 0xa1 0xd3 0x89 0xc6 0xca 0xdf                      PADDA [p2], m7;     NOP;                ST r3, [sp, #-192];           MOV.s12 m7, #-712;            MOV p3, p4
.noswbrkpt
	   216    0x08 0x8a 0xda 0xc6 0x6f 0x6c 0x4a 0x0f 0xaf 0xd9 0xc4 0x3f                      PADDA [p3], m5;     MOV.s9 r10, #51;                                  MOV.s12 m5, #-296;            ST.SPIL r10, [sp, #-612];     NOP
.nohwbrkpt
.noswbrkpt
	   228    0x5f 0xbd 0x50 0x00 0x00 0x35 0xda 0xf7                                                                                  ST r14, [sp, #-172];          NOP;                          MOV p5, p3
.noswbrkpt
	   236    0x08 0x8b 0x40 0x00 0x0e 0x68 0x4a 0x0f 0x8f 0xdc 0xc4 0x3f                      PADDA [p5], m5;     NOP;                                              MOV.s12 m5, #-816;            ST.SPIL r8, [sp, #-564];      NOP
.nohwbrkpt
.noswbrkpt
	   248    0x5f 0xfd 0x80 0x00 0x00 0x36 0xde 0xf7                                                                                  ST r15, [sp, #-160];          NOP;                          MOV p7, p5
.noswbrkpt
	   256    0x08 0x8f 0xc0 0x00 0x10 0x00 0x00 0x0d 0x1f 0xe8 0x04 0x3f                      PADDA [p7], m7;     NOP;                NOP;                                                        ST.SPIL ch1, [sp, #-384];     NOP
.nohwbrkpt
.noswbrkpt
	   268    0x5e 0x3d 0xa0 0x00 0x00 0x37 0xdc 0xf7                                                                                  ST r8, [sp, #-152];           NOP;                          MOV p6, p7
	   276    0x80 0x00 0x00 0xf6 0xfe 0x4c 0x47 0xf7                                                                                  NOP;                                                        ST.SPIL r6, [sp, #-436];      NOP
	   284    0x80 0x00 0x00 0xfa 0xfd 0xd0 0x47 0xf7                                                                                  NOP;                                                        ST.SPIL r10, [sp, #-560];     NOP
	   292    0xad 0x5f 0x70 0x40 0x10 0x00 0x07 0xf7                                                                                  ST p2, [sp, #-72];                                          MOV.u20 ch4, #buf12d;         NOP
	   300    0x80 0x00 0x00 0xfd 0xfe 0x9c 0x47 0xf7                                                                                  NOP;                                                        ST.SPIL r13, [sp, #-356];     NOP
	   308    0x80 0x00 0x00 0xff 0xfe 0x68 0x47 0xf7                                                                                  NOP;                                                        ST.SPIL r15, [sp, #-408];     NOP
	   316    0xad 0x9f 0x68 0x40 0xc8 0x00 0x07 0xf7                                                                                  ST p4, [sp, #-76];                                          MOV.u20 r2, #buf15;           NOP
	   324    0x7c 0x32 0x20 0xe2 0xfe 0x6c 0x47 0xf7                                                                                                                MOV.s12 m2, #-244;            ST.SPIL m2, [sp, #-404];      NOP
	   332    0x80 0x00 0x00 0xd4 0xfd 0xc0 0x47 0xf7                                                                                  NOP;                                                        ST.SPIL ch4, [sp, #-576];     NOP
	   340    0x80 0x00 0x00 0xf0 0xfe 0xa0 0x47 0xf7                                                                                  NOP;                                                        ST.SPIL r0, [sp, #-352];      NOP
	   348    0xad 0x1f 0x50 0x40 0x30 0x00 0x07 0xf7                                                                                  ST p0, [sp, #-88];                                          MOV.u20 cl4, #buf8d;          NOP
	   356    0xad 0xbf 0x80 0x40 0x2c 0x00 0x07 0xf7                                                                                  ST p5, [sp, #-64];                                          MOV.u20 cl3, #buf9d;          NOP
	   364    0x80 0x00 0x00 0xf2 0xfd 0x20 0x47 0xf7                                                                                  NOP;                                                        ST.SPIL r2, [sp, #-736];      NOP
	   372    0x80 0x00 0x00 0xd4 0xfd 0xb4 0x47 0xf7                                                                                  NOP;                                                        ST.SPIL ch4, [sp, #-588];     NOP
	   380    0x80 0x00 0x00 0xdc 0xfe 0x90 0x47 0xf7                                                                                  NOP;                                                        ST.SPIL cl4, [sp, #-368];     NOP
	   388    0x80 0x00 0x00 0xdb 0xfe 0x5c 0x47 0xf7                                                                                  NOP;                                                        ST.SPIL cl3, [sp, #-420];     NOP
	   396    0x80 0x00 0x00 0xf2 0xfd 0x14 0x47 0xf7                                                                                  NOP;                                                        ST.SPIL r2, [sp, #-748];      NOP
	   404    0x80 0x00 0x00 0xdc 0xfe 0x84 0x47 0xf7                                                                                  NOP;                                                        ST.SPIL cl4, [sp, #-380];     NOP
	   412    0x80 0x00 0x00 0xdb 0xfe 0x50 0x47 0xf7                                                                                  NOP;                                                        ST.SPIL cl3, [sp, #-432];     NOP
	   420    0xaf 0xba 0x10 0x40 0x10 0x00 0x07 0xf7                                                                                  ST r13, [p2];                                               MOV.u20 ch4, #buf13d;         NOP
	   428    0x80 0x00 0x00 0xfb 0xfd 0x30 0x47 0xf7                                                                                  NOP;                                                        ST.SPIL r11, [sp, #-720];     NOP
.noswbrkpt
	   436    0x08 0x8b 0x86 0xea 0x95 0xf7 0x44 0x77                                          PADDA [p6], m5;                         ST r13, [p4];                                               MOV p2, p6
.nohwbrkpt
.noswbrkpt
	   444    0x08 0x88 0x86 0xeb 0x15 0xf7 0x40 0x77                                          PADDA [p2], m4;                         ST r13, [p0];                                               MOV p4, p6
.nohwbrkpt
.noswbrkpt
	   452    0x08 0x8d 0x06 0xaa 0x15 0xf3 0xdb 0x77                                          PADDA [p4], m6;                         ST r12, [sp, #-148];                                        MOV p0, p2
.noswbrkpt
	   460    0x08 0x84 0x19 0xc4 0x90 0x00 0x00 0x0f 0x9f 0xd3 0x44 0x3f                      PADDA [p0], m2;     MOV.s9 r9, #36;     NOP;                                                        ST.SPIL r9, [sp, #-716];      NOP
.nohwbrkpt
.noswbrkpt
	   472    0x5e 0x7d 0xc0 0x00 0x00 0x34 0x52 0xf7                                                                                  ST r9, [sp, #-144];           NOP;                          MOV p1, p0
	   480    0x80 0x00 0x00 0xd4 0xfd 0x8c 0x47 0xf7                                                                                  NOP;                                                        ST.SPIL ch4, [sp, #-628];     NOP
	   488    0xad 0x5f 0x38 0x40 0x08 0x00 0x07 0xf7                                                                                  ST p2, [sp, #-100];                                         MOV.u20 ch2, #buf5;           NOP
	   496    0xad 0xdf 0x30 0x40 0x0c 0x00 0x07 0xf7                                                                                  ST p6, [sp, #-104];                                         MOV.u20 ch3, #buf15d;         NOP
	   504    0x80 0x00 0x00 0xd4 0xfd 0x80 0x47 0xf7                                                                                  NOP;                                                        ST.SPIL ch4, [sp, #-640];     NOP
	   512    0x80 0x00 0x00 0xd2 0xff 0x28 0x47 0xf7                                                                                  NOP;                                                        ST.SPIL ch2, [sp, #-216];     NOP
	   520    0x80 0x00 0x00 0xd3 0xfd 0x24 0x47 0xf7                                                                                  NOP;                                                        ST.SPIL ch3, [sp, #-732];     NOP
	   528    0x80 0x00 0x00 0xd3 0xfd 0x18 0x47 0xf7                                                                                  NOP;                                                        ST.SPIL ch3, [sp, #-744];     NOP
	   536    0xaf 0xba 0x10 0x40 0x10 0x00 0x07 0xf7                                                                                  ST r13, [p2];                                               MOV.u20 ch4, #buf6d;          NOP
	   544    0x80 0x00 0x00 0xd2 0xff 0x1c 0x47 0xf7                                                                                  NOP;                                                        ST.SPIL ch2, [sp, #-228];     NOP
	   552    0x80 0x00 0x00 0xd4 0xfe 0xf8 0x47 0xf7                                                                                  NOP;                                                        ST.SPIL ch4, [sp, #-264];     NOP
	   560    0x80 0x00 0x00 0xf3 0xff 0x38 0x47 0xf7                                                                                  NOP;                                                        ST.SPIL r3, [sp, #-200];      NOP
	   568    0xaf 0xba 0x20 0x40 0x20 0x00 0x07 0xf7                                                                                  ST r13, [p4];                                               MOV.u20 cl0, #buf16;          NOP
	   576    0xad 0xff 0x40 0x40 0x28 0x00 0x07 0xf7                                                                                  ST p7, [sp, #-96];                                          MOV.u20 cl2, #buf7;           NOP
	   584    0x80 0x00 0x00 0xd4 0xfe 0xec 0x47 0xf7                                                                                  NOP;                                                        ST.SPIL ch4, [sp, #-276];     NOP
	   592    0x77 0x52 0x00 0xe0 0xff 0x3c 0x47 0xf7                                                                                                                MOV.s12 m0, #-556;            ST.SPIL m0, [sp, #-196];      NOP
.noswbrkpt
	   600    0x08 0x80 0x40 0x00 0x15 0xf7 0x45 0x04 0x0d 0xc0 0x00 0x3f                      PADDA [p1], m0;     NOP;                ST r13, [p5];                                               MOV.u20 r7, #buf5d;           NOP
.nohwbrkpt
.noswbrkpt
	   612    0x5c 0x7d 0x20 0x00 0x00 0x34 0xda 0xf7                                                                                  ST r1, [sp, #-184];           NOP;                          MOV p5, p1
	   620    0x80 0x00 0x00 0xd8 0xfc 0xec 0x47 0xf7                                                                                  NOP;                                                        ST.SPIL cl0, [sp, #-788];     NOP
	   628    0x80 0x00 0x00 0xf2 0xfd 0x1c 0x47 0xf7                                                                                  NOP;                                                        ST.SPIL r2, [sp, #-740];      NOP
	   636    0x80 0x00 0x00 0xf5 0xfd 0x84 0x47 0xf7                                                                                  NOP;                                                        ST.SPIL r5, [sp, #-636];      NOP
	   644    0x80 0x00 0x00 0xda 0xfe 0xc0 0x47 0xf7                                                                                  NOP;                                                        ST.SPIL cl2, [sp, #-320];     NOP
	   652    0xad 0x9f 0x48 0x40 0x10 0x80 0x07 0xf7                                                                                  ST p4, [sp, #-92];                                          MOV.u20 ch4, #2048;           NOP
	   660    0x80 0x00 0x00 0xf7 0xff 0x2c 0x47 0xf7                                                                                  NOP;                                                        ST.SPIL r7, [sp, #-212];      NOP
	   668    0x80 0x00 0x00 0xd8 0xfc 0xe0 0x47 0xf7                                                                                  NOP;                                                        ST.SPIL cl0, [sp, #-800];     NOP
	   676    0x80 0x00 0x00 0xf2 0xfd 0x10 0x47 0xf7                                                                                  NOP;                                                        ST.SPIL r2, [sp, #-752];      NOP
	   684    0xad 0x3f 0x58 0x40 0xe8 0x00 0x07 0xf7                                                                                  ST p1, [sp, #-84];                                          MOV.u20 r10, #buf11;          NOP
	   692    0x80 0x00 0x00 0xf5 0xfd 0x78 0x47 0xf7                                                                                  NOP;                                                        ST.SPIL r5, [sp, #-648];      NOP
	   700    0x80 0x00 0x00 0xda 0xfe 0xb4 0x47 0xf7                                                                                  NOP;                                                        ST.SPIL cl2, [sp, #-332];     NOP
	   708    0x00 0x00 0x17 0xc5 0x30 0x00 0x00 0x0f 0x7f 0xf2 0x04 0x3f                      NOP;                MOV.s9 r7, #41;     NOP;                                                        ST.SPIL r7, [sp, #-224];      NOP
	   720    0x80 0x00 0x00 0xf4 0xfc 0xfc 0x47 0xf7                                                                                  NOP;                                                        ST.SPIL r4, [sp, #-772];      NOP
	   728    0x80 0x00 0x00 0xd4 0xfd 0x28 0x47 0xf7                                                                                  NOP;                                                        ST.SPIL ch4, [sp, #-728];     NOP
	   736    0x80 0x00 0x00 0xfa 0xfd 0xf0 0x47 0xf7                                                                                  NOP;                                                        ST.SPIL r10, [sp, #-528];     NOP
	   744    0x80 0x00 0x00 0xd4 0xfd 0x90 0x47 0xf7                                                                                  NOP;                                                        ST.SPIL ch4, [sp, #-624];     NOP
	   752    0xaf 0xba 0x00 0x40 0x0c 0x00 0x07 0xf7                                                                                  ST r13, [p0];                                               MOV.u20 ch3, #buf10;          NOP
	   760    0x80 0x00 0x00 0xfe 0xfe 0xd0 0x47 0xf7                                                                                  NOP;                                                        ST.SPIL r14, [sp, #-304];     NOP
	   768    0xad 0x7f 0x78 0x40 0x2c 0x00 0x07 0xf7                                                                                  ST p3, [sp, #-68];                                          MOV.u20 cl3, #buf14;          NOP
	   776    0x00 0x00 0x17 0xc0 0xd0 0x00 0x00 0x0f 0x7f 0xd0 0x04 0x3f                      NOP;                MOV.s9 r7, #6;      NOP;                                                        ST.SPIL r7, [sp, #-768];      NOP
	   788    0x78 0x22 0x10 0xe1 0xfe 0xd4 0x47 0xf7                                                                                                                MOV.s12 m1, #-504;            ST.SPIL m1, [sp, #-300];      NOP
	   796    0x08 0x83 0x40 0x00 0x10 0x00 0x00 0x0d 0x4f 0xd2 0xc4 0x3f                      PADDA [p5], m1;     NOP;                NOP;                                                        ST.SPIL ch4, [sp, #-724];     NOP
	   808    0x80 0x00 0x00 0xfa 0xfd 0xe4 0x47 0xf7                                                                                  NOP;                                                        ST.SPIL r10, [sp, #-540];     NOP
	   816    0x80 0x00 0x00 0xd4 0xfd 0x94 0x47 0xf7                                                                                  NOP;                                                        ST.SPIL ch4, [sp, #-620];     NOP
	   824    0x80 0x00 0x00 0xd3 0xfe 0x24 0x47 0xf7                                                                                  NOP;                                                        ST.SPIL ch3, [sp, #-476];     NOP
	   832    0xad 0xbf 0x60 0x40 0x14 0x00 0x07 0xf7                                                                                  ST p5, [sp, #-80];                                          MOV.u20 ch5, #buf7d;          NOP
	   840    0x80 0x00 0x00 0xdb 0xfd 0x54 0x47 0xf7                                                                                  NOP;                                                        ST.SPIL cl3, [sp, #-684];     NOP
	   848    0x00 0x00 0x12 0xc0 0xf0 0x00 0x00 0x0f 0x2f 0xd0 0xc4 0x3f                      NOP;                MOV.s9 r2, #7;      NOP;                                                        ST.SPIL r2, [sp, #-756];      NOP
	   860    0x80 0x00 0x00 0xf7 0xfe 0x00 0x47 0xf7                                                                                  NOP;                                                        ST.SPIL r7, [sp, #-512];      NOP
	   868    0x00 0x00 0x15 0xc0 0x90 0x00 0x00 0x0f 0x5f 0xd7 0x44 0x3f                      NOP;                MOV.s9 r5, #4;      NOP;                                                        ST.SPIL r5, [sp, #-652];      NOP
	   880    0x80 0x00 0x00 0xd3 0xfe 0x18 0x47 0xf7                                                                                  NOP;                                                        ST.SPIL ch3, [sp, #-488];     NOP
	   888    0x80 0x00 0x00 0xd5 0xfe 0xc4 0x47 0xf7                                                                                  NOP;                                                        ST.SPIL ch5, [sp, #-316];     NOP
	   896    0x80 0x00 0x00 0xdb 0xfd 0x48 0x47 0xf7                                                                                  NOP;                                                        ST.SPIL cl3, [sp, #-696];     NOP
	   904    0x00 0x00 0x12 0xc0 0xb0 0x00 0x00 0x0f 0x2f 0xe0 0x44 0x3f                      NOP;                MOV.s9 r2, #5;      NOP;                                                        ST.SPIL r2, [sp, #-508];      NOP
	   916    0x80 0x00 0x00 0xd5 0xfe 0xb8 0x47 0xf7                                                                                  NOP;                                                        ST.SPIL ch5, [sp, #-328];     NOP
	   924    0x80 0x00 0x00 0xf5 0xfe 0x34 0x47 0xf7                                                                                  NOP;                                                        ST.SPIL r5, [sp, #-460];      NOP
	   932    0x80 0x00 0x00 0xf9 0xfd 0x64 0x47 0xf7                                                                                  NOP;                                                        ST.SPIL r9, [sp, #-668];      NOP
	   940    0x50 0x03 0x20 0xf2 0xfe 0x38 0x47 0xf7                                                                                                                MOV.s12 r2, #1024;            ST.SPIL r2, [sp, #-456];      NOP
	   948    0xaf 0xba 0x18 0x40 0x34 0x00 0x07 0xf7                                                                                  ST r13, [p3];                                               MOV.u20 cl5, #buf11d;         NOP
	   956    0xad 0x1f 0x88 0x40 0x38 0x00 0x07 0xf7                                                                                  ST p0, [sp, #-60];                                          MOV.u20 cl6, #buf10d;         NOP
	   964    0x80 0x00 0x00 0xe3 0xfd 0x68 0x47 0xf7                                                                                  NOP;                                                        ST.SPIL m3, [sp, #-664];      NOP
	   972    0xae 0xfe 0xc8 0x40 0x30 0x00 0x07 0xf7                                                                                  ST r7, [sp, #-156];                                         MOV.u20 cl4, #buf14d;         NOP
	   980    0xae 0xbe 0xe8 0x40 0x14 0x00 0x07 0xf7                                                                                  ST r5, [sp, #-140];                                         MOV.u20 ch5, #buf16d;         NOP
	   988    0x80 0x00 0x00 0xdd 0xfd 0xf4 0x47 0xf7                                                                                  NOP;                                                        ST.SPIL cl5, [sp, #-524];     NOP
	   996    0x80 0x00 0x00 0xde 0xfe 0x28 0x47 0xf7                                                                                  NOP;                                                        ST.SPIL cl6, [sp, #-472];     NOP
	  1004    0x80 0x00 0x00 0xdc 0xfd 0x58 0x47 0xf7                                                                                  NOP;                                                        ST.SPIL cl4, [sp, #-680];     NOP
	  1012    0x80 0x00 0x00 0xd5 0xfc 0xf0 0x47 0xf7                                                                                  NOP;                                                        ST.SPIL ch5, [sp, #-784];     NOP
	  1020    0x80 0x00 0x00 0xdd 0xfd 0xe8 0x47 0xf7                                                                                  NOP;                                                        ST.SPIL cl5, [sp, #-536];     NOP
	  1028    0x80 0x00 0x00 0xde 0xfe 0x1c 0x47 0xf7                                                                                  NOP;                                                        ST.SPIL cl6, [sp, #-484];     NOP
	  1036    0x80 0x00 0x00 0xdc 0xfd 0x4c 0x47 0xf7                                                                                  NOP;                                                        ST.SPIL cl4, [sp, #-692];     NOP
	  1044    0x80 0x00 0x00 0xd5 0xfc 0xe4 0x47 0xf7                                                                                  NOP;                                                        ST.SPIL ch5, [sp, #-796];     NOP
	  1052    0xaf 0xba 0x08 0x40 0xa8 0x00 0x07 0xf7                                                                                  ST r13, [p1];                                               MOV.u20 p2, #_ZL11sync_buffer;NOP
	  1060    0xaf 0xba 0x28 0x03                                                              NOP;                                    ST r13, [p5]
	  1064    0x80 0x00 0x00 0xd2 0xff 0x24 0x47 0xf7                                                                                  NOP;                                                        ST.SPIL ch2, [sp, #-220];     NOP
	  1072    0x80 0x00 0x00 0xd9 0xfe 0xf0 0x47 0xf7                                                                                  NOP;                                                        ST.SPIL cl1, [sp, #-272];     NOP
	  1080    0x80 0x00 0x00 0xda 0xfe 0xbc 0x47 0xf7                                                                                  NOP;                                                        ST.SPIL cl2, [sp, #-324];     NOP
	  1088    0x80 0x00 0x00 0xd1 0xfe 0x88 0x47 0xf7                                                                                  NOP;                                                        ST.SPIL ch1, [sp, #-376];     NOP
	  1096    0x80 0x00 0x00 0xf6 0xfe 0x54 0x47 0xf7                                                                                  NOP;                                                        ST.SPIL r6, [sp, #-428];      NOP
	  1104    0xaf 0xba 0x38 0x03                                                              NOP;                                    ST r13, [p7]
	  1108    0xaf 0xba 0x30 0x03                                                              NOP;                                    ST r13, [p6]
	  1112    0x80 0x00 0x00 0xfa 0xfd 0xec 0x47 0xf7                                                                                  NOP;                                                        ST.SPIL r10, [sp, #-532];     NOP
	  1120    0x80 0x00 0x00 0xd2 0xff 0x18 0x47 0xf7                                                                                  NOP;                                                        ST.SPIL ch2, [sp, #-232];     NOP
	  1128    0x80 0x00 0x00 0xd9 0xfe 0xe4 0x47 0xf7                                                                                  NOP;                                                        ST.SPIL cl1, [sp, #-284];     NOP
	  1136    0x80 0x00 0x00 0xda 0xfe 0xb0 0x47 0xf7                                                                                  NOP;                                                        ST.SPIL cl2, [sp, #-336];     NOP
	  1144    0x80 0x00 0x00 0xd1 0xfe 0x7c 0x47 0xf7                                                                                  NOP;                                                        ST.SPIL ch1, [sp, #-388];     NOP
	  1152    0x80 0x00 0x00 0xf6 0xfe 0x48 0x47 0xf7                                                                                  NOP;                                                        ST.SPIL r6, [sp, #-440];      NOP
	  1160    0x80 0x00 0x00 0xd3 0xfe 0x20 0x47 0xf7                                                                                  NOP;                                                        ST.SPIL ch3, [sp, #-480];     NOP
	  1168    0x80 0x00 0x00 0xd0 0xfd 0xb8 0x47 0xf7                                                                                  NOP;                                                        ST.SPIL ch0, [sp, #-584];     NOP
	  1176    0x80 0x00 0x00 0xdb 0xfd 0x50 0x47 0xf7                                                                                  NOP;                                                        ST.SPIL cl3, [sp, #-688];     NOP
	  1184    0x80 0x00 0x00 0xd8 0xfc 0xe8 0x47 0xf7                                                                                  NOP;                                                        ST.SPIL cl0, [sp, #-792];     NOP
	  1192    0x80 0x00 0x00 0xfa 0xfd 0xe0 0x47 0xf7                                                                                  NOP;                                                        ST.SPIL r10, [sp, #-544];     NOP
	  1200    0x80 0x00 0x00 0xd2 0xff 0x14 0x47 0xf7                                                                                  NOP;                                                        ST.SPIL ch2, [sp, #-236];     NOP
	  1208    0x80 0x00 0x00 0xd9 0xfe 0xe0 0x47 0xf7                                                                                  NOP;                                                        ST.SPIL cl1, [sp, #-288];     NOP
	  1216    0x80 0x00 0x00 0xda 0xfe 0xac 0x47 0xf7                                                                                  NOP;                                                        ST.SPIL cl2, [sp, #-340];     NOP
	  1224    0x80 0x00 0x00 0xd1 0xfe 0x78 0x47 0xf7                                                                                  NOP;                                                        ST.SPIL ch1, [sp, #-392];     NOP
	  1232    0x80 0x00 0x00 0xf6 0xfe 0x44 0x47 0xf7                                                                                  NOP;                                                        ST.SPIL r6, [sp, #-444];      NOP
	  1240    0x80 0x00 0x00 0xd3 0xfe 0x14 0x47 0xf7                                                                                  NOP;                                                        ST.SPIL ch3, [sp, #-492];     NOP
	  1248    0x80 0x00 0x00 0xd0 0xfd 0xac 0x47 0xf7                                                                                  NOP;                                                        ST.SPIL ch0, [sp, #-596];     NOP
	  1256    0x80 0x00 0x00 0xdb 0xfd 0x44 0x47 0xf7                                                                                  NOP;                                                        ST.SPIL cl3, [sp, #-700];     NOP
	  1264    0x80 0x00 0x00 0xd8 0xfc 0xdc 0x47 0xf7                                                                                  NOP;                                                        ST.SPIL cl0, [sp, #-804];     NOP
	  1272    0x80 0x00 0x00 0xf2 0xfd 0xf8 0x47 0xf7                                                                                  NOP;                                                        ST.SPIL r2, [sp, #-520];      NOP
	  1280    0x80 0x00 0x00 0xf2 0xff 0x30 0x47 0xf7                                                                                  NOP;                                                        ST.SPIL r2, [sp, #-208];      NOP
	  1288    0x80 0x00 0x00 0xf2 0xfe 0xfc 0x47 0xf7                                                                                  NOP;                                                        ST.SPIL r2, [sp, #-260];      NOP
	  1296    0x80 0x00 0x00 0xf2 0xfe 0xc8 0x47 0xf7                                                                                  NOP;                                                        ST.SPIL r2, [sp, #-312];      NOP
	  1304    0x80 0x00 0x00 0xf2 0xfe 0x94 0x47 0xf7                                                                                  NOP;                                                        ST.SPIL r2, [sp, #-364];      NOP
	  1312    0x80 0x00 0x00 0xf2 0xfe 0x60 0x47 0xf7                                                                                  NOP;                                                        ST.SPIL r2, [sp, #-416];      NOP
	  1320    0x80 0x00 0x00 0xf2 0xfe 0x2c 0x47 0xf7                                                                                  NOP;                                                        ST.SPIL r2, [sp, #-468];      NOP
	  1328    0x80 0x00 0x00 0xd4 0xfd 0xc4 0x47 0xf7                                                                                  NOP;                                                        ST.SPIL ch4, [sp, #-572];     NOP
	  1336    0x80 0x00 0x00 0xd4 0xfd 0x5c 0x47 0xf7                                                                                  NOP;                                                        ST.SPIL ch4, [sp, #-676];     NOP
	  1344    0x80 0x00 0x00 0xd4 0xfc 0xf4 0x47 0xf7                                                                                  NOP;                                                        ST.SPIL ch4, [sp, #-780];     NOP
	  1352    0x80 0x00 0x00 0xf2 0xfd 0xfc 0x47 0xf7                                                                                  NOP;                                                        ST.SPIL r2, [sp, #-516];      NOP
	  1360    0x80 0x00 0x00 0xf2 0xff 0x34 0x47 0xf7                                                                                  NOP;                                                        ST.SPIL r2, [sp, #-204];      NOP
	  1368    0x80 0x00 0x00 0xf2 0xff 0x00 0x47 0xf7                                                                                  NOP;                                                        ST.SPIL r2, [sp, #-256];      NOP
	  1376    0x80 0x00 0x00 0xf2 0xfe 0xcc 0x47 0xf7                                                                                  NOP;                                                        ST.SPIL r2, [sp, #-308];      NOP
	  1384    0x80 0x00 0x00 0xf2 0xfe 0x98 0x47 0xf7                                                                                  NOP;                                                        ST.SPIL r2, [sp, #-360];      NOP
	  1392    0x80 0x00 0x00 0xf2 0xfe 0x64 0x47 0xf7                                                                                  NOP;                                                        ST.SPIL r2, [sp, #-412];      NOP
	  1400    0x3a 0x00 0x00 0x00 0x10 0x00 0x00 0x0f 0x2f 0xe3 0x04 0x3f                      MOV.s10 r2, #0;     NOP;                NOP;                                                        ST.SPIL r2, [sp, #-464];      NOP
	  1412    0x80 0x00 0x00 0xd4 0xfd 0xc8 0x47 0xf7                                                                                  NOP;                                                        ST.SPIL ch4, [sp, #-568];     NOP
	  1420    0x80 0x00 0x00 0xd4 0xfd 0x60 0x47 0xf7                                                                                  NOP;                                                        ST.SPIL ch4, [sp, #-672];     NOP
	  1428    0x80 0x00 0x00 0xd4 0xfc 0xf8 0x47 0xf7                                                                                  NOP;                                                        ST.SPIL ch4, [sp, #-776];     NOP
	  1436    0xaf 0xb4 0x50 0x03                                                              NOP;                                    ST r13, [p2], #4
	  1440    0x00 0x00 0x1a 0xc0 0x30 0x00 0x00 0x0f 0xaf 0xdd 0xc4 0x3f                      NOP;                MOV.s9 r10, #1;     NOP;                                                        ST.SPIL r10, [sp, #-548];     NOP
	  1452    0x80 0x00 0x00 0xd2 0xff 0x14 0x47 0xf7                                                                                  NOP;                                                        ST.SPIL ch2, [sp, #-236];     NOP
	  1460    0x80 0x00 0x00 0xd9 0xfe 0xe0 0x47 0xf7                                                                                  NOP;                                                        ST.SPIL cl1, [sp, #-288];     NOP
	  1468    0x80 0x00 0x00 0xda 0xfe 0xac 0x47 0xf7                                                                                  NOP;                                                        ST.SPIL cl2, [sp, #-340];     NOP
	  1476    0x80 0x00 0x00 0xd1 0xfe 0x78 0x47 0xf7                                                                                  NOP;                                                        ST.SPIL ch1, [sp, #-392];     NOP
	  1484    0x80 0x00 0x00 0xf6 0xfe 0x44 0x47 0xf7                                                                                  NOP;                                                        ST.SPIL r6, [sp, #-444];      NOP
	  1492    0x80 0x00 0x00 0xd3 0xfe 0x10 0x47 0xf7                                                                                  NOP;                                                        ST.SPIL ch3, [sp, #-496];     NOP
	  1500    0x80 0x00 0x00 0xd0 0xfd 0xa8 0x47 0xf7                                                                                  NOP;                                                        ST.SPIL ch0, [sp, #-600];     NOP
	  1508    0x80 0x00 0x00 0xdb 0xfd 0x40 0x47 0xf7                                                                                  NOP;                                                        ST.SPIL cl3, [sp, #-704];     NOP
	  1516    0x80 0x00 0x00 0xd8 0xfc 0xd8 0x47 0xf7                                                                                  NOP;                                                        ST.SPIL cl0, [sp, #-808];     NOP
	  1524    0x00 0x00 0x00 0x00 0x10 0x00 0x00 0x0f 0xdf 0xf7 0x84 0x3f                      NOP;                NOP;                NOP;                                                        ST.SPIL r13, [sp, #-136];     NOP
	  1536    0x00 0x00 0x00 0x00 0x10 0x00 0x00 0x0c 0x8f 0xfd 0xc4 0x80 0x00 0x00 0x00 0x00  NOP;                NOP;                NOP;                          NOP;                          ST.SPIL lr, [sp, #-36];       NOP;                                    NOP
.label TGT_F_main_1552
.loop_nesting 1
	  1552    0x00 0x00 0x36 0xdf 0x50 0x00 0x00 0x0c 0x74 0x7f 0x36 0x3f                      NOP;                LDB r6, [p2], #-4;  NOP;                                                        LDA.SPIL ch1, [sp, #-104];    NOP
	  1564    0x80 0x00 0x00 0xc7 0xbf 0xf3 0xe7 0xf7                                                                                  NOP;                                                        LDA.SPIL p7, [sp, #-100];     NOP
	  1572    0x80 0x00 0x00 0xc7 0x63 0xf4 0x67 0xf7                                                                                  NOP;                                                        LDA.SPIL cl0, [sp, #-96];     NOP
	  1580    0x80 0x00 0x00 0xc7 0xbb 0xf4 0xe7 0xf7                                                                                  NOP;                                                        LDA.SPIL p6, [sp, #-92];      NOP
	  1588    0x58 0xfa 0xb8 0x03                                                              NOP;                LDB lr, [sp, #-88]
	  1592    0x00 0x01                                                                        NOP
	  1594    0x00 0x01                                                                        NOP
	  1596    0x00 0x00 0x00 0x03                                                              NOP;                                                                  NOP
	  1600    0x80 0x00 0x00 0x80 0xc0 0xad 0x07 0xf7                                                                                  NOP;                                                        BEQZ r6,#TGT_F_main_2768;     NOP
.delay_slot
	  1608    0x80 0x00 0x00 0xc7 0xb3 0xf6 0xe7 0xf7                                                                                  NOP;                                                        LDA.SPIL p4, [sp, #-76];      NOP
.delay_slot
	  1616    0x80 0x00 0x00 0xc7 0xaf 0xf7 0x67 0xf7                                                                                  NOP;                                                        LDA.SPIL p3, [sp, #-72];      NOP
.delay_slot
	  1624    0x80 0x00 0x00 0xc7 0x43 0xf8 0x67 0xf7                                                                                  NOP;                                                        LDA.SPIL ch0, [sp, #-64];     NOP
.delay_slot
	  1632    0x80 0x00 0x00 0xea 0xff 0x94 0x47 0xf7                                                                                  NOP;                                                        ST.SPIL p2, [sp, #-108];      NOP
.delay_slot
	  1640    0x80 0x00 0x00 0xf6 0xff 0x58 0x47 0xf7                                                                                  NOP;                                                        ST.SPIL r6, [sp, #-168];      NOP
	  1648    0x80 0x00 0x00 0xc7 0xab 0xf7 0xe7 0xf7                                                                                  NOP;                                                        LDA.SPIL p2, [sp, #-68];      NOP
	  1656    0x80 0x00 0x00 0xe9 0xff 0x8c 0x47 0xf7                                                                                  NOP;                                                        ST.SPIL p1, [sp, #-116];      NOP
	  1664    0x80 0x00 0x00 0xd1 0xff 0x7c 0x47 0xf7                                                                                  NOP;                                                        ST.SPIL ch1, [sp, #-132];     NOP
	  1672    0x80 0x00 0x00 0xec 0xff 0x50 0x47 0xf7                                                                                  NOP;                                                        ST.SPIL p4, [sp, #-176];      NOP
	  1680    0x80 0x00 0x00 0xeb 0xff 0x44 0x47 0xf7                                                                                  NOP;                                                        ST.SPIL p3, [sp, #-188];      NOP
	  1688    0x80 0x00 0x00 0xd0 0xff 0x90 0x47 0xf7                                                                                  NOP;                                                        ST.SPIL ch0, [sp, #-112];     NOP
	  1696    0x80 0x00 0x00 0xef 0xff 0x80 0x47 0xf7                                                                                  NOP;                                                        ST.SPIL p7, [sp, #-128];      NOP
	  1704    0x80 0x00 0x00 0xd8 0xff 0x4c 0x47 0xf7                                                                                  NOP;                                                        ST.SPIL cl0, [sp, #-180];     NOP
	  1712    0x80 0x00 0x00 0xea 0xff 0x5c 0x47 0xf7                                                                                  NOP;                                                        ST.SPIL p2, [sp, #-164];      NOP
	  1720    0x80 0x00 0x00 0xee 0xff 0x84 0x47 0xf7                                                                                  NOP;                                                        ST.SPIL p6, [sp, #-124];      NOP
	  1728    0x00 0x00 0x00 0x00 0x10 0x00 0x00 0x0c 0x8f 0xf8 0x84 0x80 0x00 0x00 0x00 0x00  NOP;                NOP;                NOP;                          NOP;                          ST.SPIL lr, [sp, #-120];      NOP;                                    NOP
.label TGT_F_main_1744
.loop_nesting 2
	  1744    0x14 0x03 0x30 0x03                                                              NOP;                                                                  ACQ r3, #1, r0
	  1748    0x00 0x01                                                                        NOP
	  1750    0x00 0x01                                                                        NOP
	  1752    0x00 0x01                                                                        NOP
	  1754    0x14 0x01 0x30 0x03                                                              NOP;                                                                  ACQ r1, #1, r0
	  1758    0x00 0x01                                                                        NOP
	  1760    0x00 0x01                                                                        NOP
	  1762    0x00 0x01                                                                        NOP
	  1764    0x14 0x0e 0x30 0x03                                                              NOP;                                                                  ACQ r14, #1, r0
	  1768    0x00 0x01                                                                        NOP
	  1770    0x00 0x01                                                                        NOP
	  1772    0x00 0x01                                                                        NOP
	  1774    0x14 0x02 0x30 0x03                                                              NOP;                                                                  ACQ r2, #1, r0
	  1778    0x00 0x01                                                                        NOP
	  1780    0x00 0x01                                                                        NOP
	  1782    0x00 0x01                                                                        NOP
	  1784    0x14 0x0f 0x30 0x03                                                              NOP;                                                                  ACQ r15, #1, r0
	  1788    0x00 0x01                                                                        NOP
	  1790    0x00 0x01                                                                        NOP
	  1792    0x00 0x01                                                                        NOP
	  1794    0x14 0x05 0x30 0x03                                                              NOP;                                                                  ACQ r5, #1, r0
	  1798    0x00 0x01                                                                        NOP
	  1800    0x00 0x01                                                                        NOP
	  1802    0x00 0x01                                                                        NOP
	  1804    0x14 0x07 0x30 0x03                                                              NOP;                                                                  ACQ r7, #1, r0
	  1808    0x00 0x01                                                                        NOP
	  1810    0x00 0x01                                                                        NOP
	  1812    0x00 0x01                                                                        NOP
	  1814    0x14 0xd8 0x30 0x03                                                              NOP;                                                                  ACQ r8, #1, r13
	  1818    0x00 0x01                                                                        NOP
	  1820    0x00 0x01                                                                        NOP
	  1822    0x00 0x01                                                                        NOP
	  1824    0x14 0xdc 0x30 0x03                                                              NOP;                                                                  ACQ r12, #1, r13
	  1828    0x00 0x01                                                                        NOP
	  1830    0x00 0x01                                                                        NOP
	  1832    0x00 0x01                                                                        NOP
	  1834    0x14 0xd9 0x30 0x03                                                              NOP;                                                                  ACQ r9, #1, r13
	  1838    0x00 0x01                                                                        NOP
	  1840    0x00 0x01                                                                        NOP
	  1842    0x00 0x01                                                                        NOP
	  1844    0x14 0xdb 0x30 0x03                                                              NOP;                                                                  ACQ r11, #1, r13
	  1848    0x00 0x01                                                                        NOP
	  1850    0x00 0x01                                                                        NOP
	  1852    0x00 0x01                                                                        NOP
	  1854    0x14 0xd4 0x30 0x03                                                              NOP;                                                                  ACQ r4, #1, r13
.swstall mem_acquire0
	  1858    0x00 0x01                                                                        NOP
.swstall mem_acquire0
	  1860    0x00 0x01                                                                        NOP
.swstall mem_acquire0
	  1862    0x00 0x01                                                                        NOP
	  1864    0x80 0x00 0x00 0xc8 0xff 0xf8 0x47 0xf7                                                                                  NOP;                                                        ST.SPIL lr, [sp, #-8];        NOP
	  1872    0x80 0x00 0x00 0xef 0xff 0xec 0x47 0xf7                                                                                  NOP;                                                        ST.SPIL p7, [sp, #-20];       NOP
	  1880    0xad 0xdf 0xe8 0xa0 0x20 0x00 0x07 0xf7                                                                                  ST p6, [sp, #-12];                                          JAL #hdiff_flux1;             NOP
.delay_slot
	  1888    0x5a 0x7f 0xf0 0x00 0x00 0x24 0x5e 0xf7                                                                                  ST p1, [sp, #-4];             NOP;                          MOV p7, cl0
.delay_slot
	  1896    0x0d 0xb7 0x18 0x03                                                              NOP;                                                                                                MOV p6, p5
.delay_slot
	  1900    0x5b 0xff 0xc0 0x00 0x00 0x20 0xde 0xf7                                                                                  ST p7, [sp, #-16];            NOP;                          MOV p7, ch1
.delay_slot
	  1908    0x5b 0xff 0xa0 0x00 0x00 0x20 0x52 0xf7                                                                                  ST p7, [sp, #-24];            NOP;                          MOV p1, ch0
.delay_slot
	  1916    0x0d 0x17 0x98 0x03                                                              NOP;                                                                                                MOV p7, p0
.return_address
	  1920    0x00 0x00 0x30 0x1f 0x08 0x00 0x7a 0x77                                          NOP;                                                                  MOV.s12 r13, #0;              MOV.s8 r12, #1
	  1928    0x00 0x01                                                                        NOP
	  1930    0x00 0x01                                                                        NOP
	  1932    0x80 0x00 0x00 0xc7 0xe7 0xe8 0x67 0xf7                                                                                  NOP;                                                        LDA.SPIL r9, [sp, #-192];     NOP
	  1940    0x80 0x00 0x00 0xc7 0xcb 0xe9 0x67 0xf7                                                                                  NOP;                                                        LDA.SPIL r2, [sp, #-184];     NOP
	  1948    0x80 0x00 0x00 0xc7 0xdf 0xea 0xe7 0xf7                                                                                  NOP;                                                        LDA.SPIL r7, [sp, #-172];     NOP
	  1956    0x80 0x00 0x00 0xc7 0xd7 0xef 0x67 0xf7                                                                                  NOP;                                                        LDA.SPIL r5, [sp, #-136];     NOP
	  1964    0x80 0x00 0x00 0xc7 0xff 0xec 0x67 0xf7                                                                                  NOP;                                                        LDA.SPIL r15, [sp, #-160];    NOP
	  1972    0x80 0x00 0x00 0xc7 0xfb 0xee 0xe7 0xf7                                                                                  NOP;                                                        LDA.SPIL r14, [sp, #-140];    NOP
	  1980    0x80 0x00 0x00 0xc7 0xe3 0xec 0xe7 0xf7                                                                                  NOP;                                                        LDA.SPIL r8, [sp, #-156];     NOP
	  1988    0x80 0x00 0x00 0xc7 0xdb 0xed 0x67 0xf7                                                                                  NOP;                                                        LDA.SPIL r6, [sp, #-152];     NOP
	  1996    0x16 0xd9 0x30 0x03                                                              NOP;                                                                  REL r9, #1, r13
	  2000    0x80 0x00 0x00 0xc7 0xe7 0xed 0xe7 0xf7                                                                                  NOP;                                                        LDA.SPIL r9, [sp, #-148];     NOP
	  2008    0x80 0x00 0x00 0xc7 0xc7 0xee 0x67 0xf7                                                                                  NOP;                                                        LDA.SPIL r1, [sp, #-144];     NOP
	  2016    0x00 0x01                                                                        NOP
	  2018    0x16 0xd2 0x30 0x03                                                              NOP;                                                                  REL r2, #1, r13
	  2022    0x00 0x01                                                                        NOP
	  2024    0x00 0x01                                                                        NOP
	  2026    0x00 0x01                                                                        NOP
	  2028    0x16 0xd7 0x30 0x03                                                              NOP;                                                                  REL r7, #1, r13
	  2032    0x00 0x01                                                                        NOP
	  2034    0x00 0x01                                                                        NOP
	  2036    0x00 0x01                                                                        NOP
	  2038    0x16 0xd5 0x30 0x03                                                              NOP;                                                                  REL r5, #1, r13
	  2042    0x00 0x01                                                                        NOP
	  2044    0x00 0x01                                                                        NOP
	  2046    0x00 0x01                                                                        NOP
	  2048    0x16 0xdf 0x30 0x03                                                              NOP;                                                                  REL r15, #1, r13
	  2052    0x00 0x01                                                                        NOP
	  2054    0x00 0x01                                                                        NOP
	  2056    0x00 0x01                                                                        NOP
	  2058    0x16 0xde 0x30 0x03                                                              NOP;                                                                  REL r14, #1, r13
	  2062    0x00 0x01                                                                        NOP
	  2064    0x00 0x01                                                                        NOP
	  2066    0x00 0x01                                                                        NOP
	  2068    0x16 0xd8 0x30 0x03                                                              NOP;                                                                  REL r8, #1, r13
	  2072    0x00 0x01                                                                        NOP
	  2074    0x00 0x01                                                                        NOP
	  2076    0x00 0x01                                                                        NOP
	  2078    0x16 0xc6 0x30 0x03                                                              NOP;                                                                  REL r6, #1, r12
	  2082    0x00 0x01                                                                        NOP
	  2084    0x00 0x01                                                                        NOP
	  2086    0x00 0x01                                                                        NOP
	  2088    0x16 0xc9 0x30 0x03                                                              NOP;                                                                  REL r9, #1, r12
	  2092    0x00 0x01                                                                        NOP
	  2094    0x00 0x01                                                                        NOP
	  2096    0x00 0x01                                                                        NOP
	  2098    0x16 0xc1 0x30 0x03                                                              NOP;                                                                  REL r1, #1, r12
	  2102    0x00 0x01                                                                        NOP
	  2104    0x00 0x01                                                                        NOP
	  2106    0x00 0x01                                                                        NOP
	  2108    0x16 0xcb 0x30 0x03                                                              NOP;                                                                  REL r11, #1, r12
	  2112    0xeb 0x05                                                                        MOV r0, r10
	  2114    0x00 0x01                                                                        NOP
	  2116    0x00 0x01                                                                        NOP
	  2118    0x16 0xc4 0x30 0x03                                                              NOP;                                                                  REL r4, #1, r12
	  2122    0x6d 0xf9 0x19 0xc4 0xa8 0x13 0x74 0x04 0x0f 0xc0 0x00 0x3f                      LDA p5, [sp, #-112];MOV.s9 r9, #37;                                   MOV.s12 r10, #38;             MOV.u20 r15, #buf6;           NOP
	  2134    0x6b 0xf4 0x5e 0xc4 0x68 0x11 0x78 0x04 0x0e 0xc0 0x00 0x3f                      LDA p3, [sp, #-188];MOV.s9 r14, #35;                                  MOV.s12 r12, #34;             MOV.u20 r11, #buf6d;          NOP
	  2146    0x6c 0xf8 0x9b 0xc4 0xe3 0xff 0x6c 0x04 0x0f 0xc0 0x00 0x3f                      LDA p4, [sp, #-120];MOV.s9 r11, #39;                                  ITE_NEZ r6, r11, r15, r0;     MOV.u20 r15, #buf8;           NOP
	  2158    0x69 0xf4 0xd5 0xc5 0x23 0xd7 0x56 0x04 0x0e 0x00 0x00 0x3f                      LDA p1, [sp, #-180];MOV.s9 r5, #41;                                   ITE_EQZ r11, r10, r11, r0;    MOV.u20 r8, #buf8d;           NOP
.noswbrkpt
	  2170    0x6f 0xf8 0xc4 0x56 0xe3 0xff 0x1e 0x04 0x0e 0x00 0x00 0x3f                      LDA p7, [sp, #-116];PADDB [p7], #24;                                  ITE_NEZ r15, r8, r15, r0;     MOV.u20 r8, #buf5;            NOP
.nohwbrkpt
.noswbrkpt
	  2182    0x6a 0xf5 0xde 0xc5 0x03 0xdd 0x98 0x04 0x0e 0x80 0x00 0x3f                      LDA p2, [sp, #-164];MOV.s9 r14, #40;                                  ITE_EQZ r12, r12, r14, r0;    MOV.u20 r10, #buf5d;          NOP
.nohwbrkpt
.noswbrkpt
	  2194    0x08 0xad 0x92 0xc0 0xcb 0xe7 0xb6 0x7a 0xa2 0x06 0xfa 0x1f                      PADDA [p6], #24;    MOV.s9 r2, #6;      ST r12, [sp, #-148];          ITE_EQZ r8, r8, r10, r0;      MOV p0, p7
	  2206    0xaf 0x17 0x40 0x40 0xe8 0x00 0x07 0xf7                                                                                  ST r8, [p0], #-12;                                          MOV.u20 r10, #buf12;          NOP
	  2214    0x08 0xad 0x40 0x00 0x15 0xe2 0xf8 0x04 0x0d 0xc0 0x00 0x3f                      PADDA [p5], #24;    NOP;                ST r8, [p0], #-4;                                           MOV.u20 r7, #buf12d;          NOP
	  2226    0x08 0xac 0xd7 0xc4 0x83 0xcf 0x54 0x04 0x0d 0x00 0x00 0x3f                      PADDA [p3], #24;    MOV.s9 r7, #36;                                   ITE_EQZ r10, r10, r7, r0;     MOV.u20 r4, #buf15;           NOP
.noswbrkpt
	  2238    0x08 0xad 0x2b 0xfb 0xeb 0xb5 0xda 0x7d 0xe6 0x40 0x00 0x1f                      PADDA [p4], #24;    LDB p5, [sp, #-132];ST r6, [p5], #-12;            ITE_NEZ r9, r9, r7, r0;       NOP
.nohwbrkpt
.noswbrkpt
	  2250    0x08 0xac 0x69 0xfa 0x95 0xda 0xfd 0x04 0x0c 0x40 0x00 0x3f                      PADDA [p1], #24;    LDB p4, [sp, #-176];ST r6, [p5], #-4;                                           MOV.u20 r1, #buf7d;           NOP
.nohwbrkpt
.noswbrkpt
	  2262    0x08 0xad 0xc0 0x00 0x02 0xf5 0x76 0x37                                          PADDA [p7], #24;                        ST r10, [p4], #-12;           NOP
.nohwbrkpt
.noswbrkpt
	  2270    0x08 0xac 0x80 0x00 0x02 0xf5 0x7e 0x37                                          PADDA [p2], #24;                        ST r10, [p4], #-4;            NOP
.nohwbrkpt
.noswbrkpt
	  2278    0xae 0xd7 0xa8 0x40 0xd8 0x00 0x07 0xf7                                                                                  ST r6, [p5], #-8;                                           MOV.u20 r6, #buf15d;          NOP
.nohwbrkpt
.noswbrkpt
	  2286    0x00 0x00 0x0f 0x32 0x3a 0xf5 0x7a 0x37                                          NOP;                                    ST r10, [p4], #-8;            ITE_EQZ r7, r4, r6, r0
.nohwbrkpt
.noswbrkpt
	  2294    0x00 0x00 0x0f 0x2f 0x22 0xdb 0xf2 0x37                                          NOP;                                    ST p5, [sp, #-112];           ITE_EQZ r4, r14, r5, r0
.nohwbrkpt
.noswbrkpt
	  2302    0x5f 0xee 0xb0 0x00 0x00 0x36 0x80 0xf7                                                                                  ST r15, [p3], #-12;           NOP;                          MOV ch0, p5
.nohwbrkpt
.noswbrkpt
	  2310    0x08 0xad 0x40 0x00 0x15 0xb3 0xe2 0x04 0x0f 0x80 0x00 0x3f                      PADDA [p5], #24;    NOP;                ST p4, [sp, #-120];                                         MOV.u20 r14, #buf14;          NOP
	  2322    0x08 0xad 0x2c 0x7c 0x55 0xfe 0xfb 0x04 0x0e 0x80 0x00 0x3f                      PADDA [p4], #24;    LDB lr, [sp, #-120];ST r15, [p3], #-4;                                          MOV.u20 r10, #buf16d;         NOP
	  2334    0xaf 0xf7 0x98 0x40 0xfc 0x00 0x07 0xf7                                                                                  ST r15, [p3], #-8;                                          MOV.u20 r15, #buf14d;         NOP
	  2342    0x1e 0xfe 0xf0 0x40 0xf8 0x00 0x07 0xf7                                                                                                                ITE_EQZ r15, r14, r15, r0;    MOV.u20 r14, #buf16;          NOP
.noswbrkpt
	  2350    0x6f 0xf8 0x0f 0xf5 0x72 0xff 0x74 0xb7                                          LDA p7, [sp, #-128];                    ST r15, [p1], #-12;           ITE_NEZ r14, r10, r14, r0
.nohwbrkpt
.noswbrkpt
	  2358    0xaf 0xf7 0xc8 0x40 0xe8 0x00 0x07 0xf7                                                                                  ST r15, [p1], #-4;                                          MOV.u20 r10, #buf11;          NOP
.nohwbrkpt
.noswbrkpt
	  2366    0xaf 0xf7 0x88 0x40 0xfc 0x00 0x07 0xf7                                                                                  ST r15, [p1], #-8;                                          MOV.u20 r15, #buf11d;         NOP
.nohwbrkpt
.noswbrkpt
	  2374    0x6e 0xf8 0x4f 0x7d 0x52 0xfd 0x76 0xb7                                          LDA p6, [sp, #-124];                    ST r14, [p5], #-12;           ITE_EQZ r10, r10, r15, r0
.nohwbrkpt
.noswbrkpt
	  2382    0x5f 0xaf 0xd0 0x00 0x00 0x34 0x90 0xf7                                                                                  ST r14, [p5], #-4;            NOP;                          MOV cl0, p1
.nohwbrkpt
.noswbrkpt
	  2390    0x00 0x00 0x35 0xfa 0xcb 0xf5 0xea 0x00 0x00 0x06 0xfa 0x5f                      NOP;                LDB r5, [sp, #-168];ST r14, [p5], #-8;            NOP;                          MOV p1, p7
.nohwbrkpt
.noswbrkpt
	  2402    0xaf 0x17 0x80 0x40 0xfc 0x00 0x07 0xf7                                                                                  ST r8, [p0], #-8;                                           MOV.u20 r15, #buf9;           NOP
.nohwbrkpt
.noswbrkpt
	  2410    0xad 0xbe 0xf8 0x40 0xd4 0x00 0x07 0xf7                                                                                  ST p5, [sp, #-132];                                         MOV.u20 r5, #buf9d;           NOP
.nohwbrkpt
.noswbrkpt
	  2418    0x08 0xad 0xc0 0x00 0x0b 0xd5 0xd2 0x7f 0xd7 0xc6 0xd0 0x5f                      PADDA [p7], #24;    NOP;                ST r10, [p1], #-12;           ITE_NEZ r15, r5, r15, r0;     MOV ch1, p5
.nohwbrkpt
.noswbrkpt
	  2430    0x5e 0xaf 0x90 0x00 0x00 0x37 0x5a 0xf7                                                                                  ST r10, [p1], #-4;            NOP;                          MOV p5, p6
.nohwbrkpt
.noswbrkpt
	  2438    0xaf 0x57 0x88 0x40 0xf8 0x00 0x07 0xf7                                                                                  ST r10, [p1], #-8;                                          MOV.u20 r14, #buf10;          NOP
.nohwbrkpt
.noswbrkpt
	  2446    0x08 0xad 0x80 0x00 0x15 0xde 0xef 0x04 0x0d 0x40 0x00 0x3f                      PADDA [p6], #24;    NOP;                ST r7, [p7], #-12;                                          MOV.u20 r5, #buf10d;          NOP
.nohwbrkpt
.noswbrkpt
	  2458    0x1e 0x5e 0xe0 0x40 0xe0 0x00 0x07 0xf7                                                                                                                ITE_EQZ r14, r14, r5, r0;     MOV.u20 r8, #buf7;            NOP
	  2466    0x1e 0x18 0x80 0x40 0xd8 0x00 0x07 0xf7                                                                                                                ITE_EQZ r8, r8, r1, r0;       MOV.u20 r6, #buf13;           NOP
	  2474    0xaf 0x17 0x50 0x40 0xc4 0x00 0x07 0xf7                                                                                  ST r8, [p2], #-12;                                          MOV.u20 r1, #buf13d;          NOP
	  2482    0x5e 0x2f 0xa3 0xc2 0xd5 0x99 0x6c 0xf7                                                                                  ST r8, [p2], #-4;             ITE_EQZ r10, r6, r1, r0;      MOV.s8 r6, #50
	  2490    0x00 0x00 0x20 0x67 0xc2 0xf1 0x79 0x37                                          NOP;                                    ST r8, [p2], #-8;             MOV.s12 r8, #51
	  2498    0x00 0x00 0x0f 0xb4 0x42 0xff 0x76 0x37                                          NOP;                                    ST r15, [p4], #-12;           ITE_NEZ r8, r8, r6, r0
	  2506    0x00 0x00 0x1d 0xae 0xb2 0xef 0x7f 0xb7                                          NOP;                                    ST r7, [p7], #-4;             LT r6, r13, r5
	  2514    0x00 0x00 0x15 0xc2 0x6b 0xbd 0xee 0xc5 0x95 0xb0 0x7d 0xdf                      NOP;                MOV.s9 r5, #19;     ST r7, [p7], #-8;             SUB r6, r5, r6;               MOV.s8 r7, #7
	  2526    0x00 0x00 0x0f 0x39 0x3a 0xff 0x7e 0x37                                          NOP;                                    ST r15, [p4], #-4;            ITE_EQZ r7, r2, r7, r0
	  2534    0x00 0x00 0x0d 0x38 0x12 0xfd 0x76 0xb7                                          NOP;                                    ST r14, [p5], #-12;           NEZ r2, r0
	  2542    0xaf 0x57 0x70 0x03                                                              NOP;                                    ST r10, [p6], #-12
	  2546    0x00 0x00 0x20 0x25 0xfa 0xff 0x7a 0x37                                          NOP;                                    ST r15, [p4], #-8;            MOV.s12 r15, #18
	  2554    0xaf 0xd7 0xe8 0x03                                                              NOP;                                    ST r14, [p5], #-4
	  2558    0xaf 0x57 0xf0 0x03                                                              NOP;                                    ST r10, [p6], #-4
	  2562    0x00 0x00 0x15 0xc0 0xab 0xf5 0xea 0x7f 0xd7 0xb0 0x4f 0xdf                      NOP;                MOV.s9 r5, #5;      ST r14, [p5], #-8;            ITE_NEZ r14, r5, r15, r0;     MOV.s8 r15, #4
	  2574    0xaf 0x57 0xb0 0x03                                                              NOP;                                    ST r10, [p6], #-8
	  2578    0x80 0x00 0x00 0xfe 0xff 0x54 0x47 0xf7                                                                                  NOP;                                                        ST.SPIL r14, [sp, #-172];     NOP
	  2586    0x80 0x00 0x00 0xf2 0xff 0x78 0x47 0xf7                                                                                  NOP;                                                        ST.SPIL r2, [sp, #-136];      NOP
	  2594    0x80 0x00 0x00 0xf7 0xff 0x64 0x47 0xf7                                                                                  NOP;                                                        ST.SPIL r7, [sp, #-156];      NOP
	  2602    0x80 0x00 0x00 0xf8 0xff 0x68 0x47 0xf7                                                                                  NOP;                                                        ST.SPIL r8, [sp, #-152];      NOP
	  2610    0x80 0x00 0x00 0xf9 0xff 0x70 0x47 0xf7                                                                                  NOP;                                                        ST.SPIL r9, [sp, #-144];      NOP
	  2618    0x80 0x00 0x00 0xef 0xff 0x80 0x47 0xf7                                                                                  NOP;                                                        ST.SPIL p7, [sp, #-128];      NOP
	  2626    0x80 0x00 0x00 0xe9 0xff 0x8c 0x47 0xf7                                                                                  NOP;                                                        ST.SPIL p1, [sp, #-116];      NOP
	  2634    0x80 0x00 0x00 0xec 0xff 0x50 0x47 0xf7                                                                                  NOP;                                                        ST.SPIL p4, [sp, #-176];      NOP
	  2642    0x80 0x00 0x00 0xeb 0xff 0x44 0x47 0xf7                                                                                  NOP;                                                        ST.SPIL p3, [sp, #-188];      NOP
	  2650    0x80 0x00 0x00 0xea 0xff 0x5c 0x47 0xf7                                                                                  NOP;                                                        ST.SPIL p2, [sp, #-164];      NOP
	  2658    0x80 0x00 0x00 0xf6 0xff 0x58 0x47 0xf7                                                                                  NOP;                                                        ST.SPIL r6, [sp, #-168];      NOP
	  2666    0xab 0x1e 0x98 0x90 0xc0 0x6d 0x07 0xf7                                                                                  ST cl0, [sp, #-180];                                        BNEZ r6,#TGT_F_main_1744;     NOP
.delay_slot
	  2674    0x00 0x00 0x11 0xc0 0x6b 0x77 0xc2 0x7f 0xd5 0x70 0x2f 0xdf                      NOP;                MOV.s9 r1, #3;      ST p6, [sp, #-124];           ITE_NEZ r5, r5, r15, r0;      MOV.s8 r15, #2
.delay_slot
	  2686    0x00 0x00 0x13 0xc4 0x0b 0xaf 0xba 0x7f 0xc7 0xf2 0x1c 0x5f                      NOP;                MOV.s9 r3, #32;     ST r5, [sp, #-140];           ITE_NEZ r15, r1, r15, r0;     MOV.s8 r1, #33
.delay_slot
	  2698    0x00 0x00 0x1a 0xc2 0x0b 0xff 0xb0 0x7c 0xc4 0xf1 0x1c 0x5f                      NOP;                MOV.s9 r10, #16;    ST r15, [sp, #-160];          ITE_NEZ r3, r1, r3, r0;       MOV.s8 r1, #17
.delay_slot
	  2710    0x5c 0xfd 0x03 0xc3 0x43 0x80 0xf4 0xf7                                                                                  ST r3, [sp, #-192];           ITE_EQZ r1, r10, r1, r0;      MOV.s8 r10, #1
.delay_slot
	  2718    0x5c 0x7d 0x26 0x21 0x55 0x80 0xe0 0xf7                                                                                  ST r1, [sp, #-184];           SUB r10, r10, r0;             MOV.s8 r0, #1
.loop_nesting 1
	  2726    0x80 0x00 0x00 0xa0 0x00 0xae 0x07 0xf7                                                                                  NOP;                                                        J #TGT_F_main_2784;           NOP
.delay_slot
	  2734    0x80 0x00 0x00 0xc7 0xab 0xf2 0xe7 0xf7                                                                                  NOP;                                                        LDA.SPIL p2, [sp, #-108];     NOP
.delay_slot
	  2742    0x80 0x00 0x00 0xc7 0xa7 0xf5 0xe7 0xf7                                                                                  NOP;                                                        LDA.SPIL p1, [sp, #-84];      NOP
.delay_slot
	  2750    0x80 0x00 0x00 0xc7 0xb7 0xf6 0x67 0xf7                                                                                  NOP;                                                        LDA.SPIL p5, [sp, #-80];      NOP
.delay_slot
	  2758    0x80 0x00 0x00 0xc7 0xa3 0xf8 0xe7 0xf7                                                                                  NOP;                                                        LDA.SPIL p0, [sp, #-60];      NOP
.delay_slot
.swstall delay_slot
	  2766    0x00 0x01                                                                        NOP
.label TGT_F_main_2768
	  2768    0x00 0x00 0x00 0x00 0x10 0x00 0x00 0x0c 0x7a 0xbf 0x2e 0x80 0x00 0x00 0x00 0x00  NOP;                NOP;                NOP;                          NOP;                          LDA.SPIL p2, [sp, #-108];     NOP;                                    NOP
.label TGT_F_main_2784
.swstall chess_separator_scheduler
	  2784    0x00 0x01                                                                        NOP
.swstall chess_separator_scheduler
	  2786    0x00 0x01                                                                        NOP
.swstall chess_separator_scheduler
	  2788    0x00 0x01                                                                        NOP
.swstall chess_separator_scheduler
	  2790    0x00 0x01                                                                        NOP
.swstall chess_separator_scheduler
	  2792    0x00 0x01                                                                        NOP
.swstall chess_separator_scheduler
	  2794    0x00 0x01                                                                        NOP
.swstall chess_separator_scheduler
	  2796    0x00 0x01                                                                        NOP
.swstall chess_separator_scheduler
	  2798    0x00 0x01                                                                        NOP
	  2800    0x04 0x00 0x20 0x03                                                              NOP;                                                                  EVENT #2
.swstall chess_separator_scheduler
	  2804    0x00 0x01                                                                        NOP
.swstall chess_separator_scheduler
	  2806    0x00 0x01                                                                        NOP
.swstall chess_separator_scheduler
	  2808    0x00 0x01                                                                        NOP
.swstall chess_separator_scheduler
	  2810    0x00 0x01                                                                        NOP
.swstall chess_separator_scheduler
	  2812    0x00 0x01                                                                        NOP
	  2814    0x76 0xa2 0x80 0x00 0x00 0x00 0x00 0x37                                          LDA r6, [p2], #4;                       NOP;                          NOP
	  2822    0x00 0x01                                                                        NOP
	  2824    0x00 0x01                                                                        NOP
	  2826    0x00 0x01                                                                        NOP
	  2828    0x00 0x01                                                                        NOP
	  2830    0x00 0x01                                                                        NOP
	  2832    0x00 0x01                                                                        NOP
	  2834    0x00 0x01                                                                        NOP
	  2836    0x3a 0x6d 0x60 0x03                                                              NOP;                                                                  GE r6, r13, r6
	  2840    0x80 0x00 0x00 0x90 0xc0 0x61 0x07 0xf7                                                                                  NOP;                                                        BNEZ r6,#TGT_F_main_1552;     NOP
.delay_slot
.swstall delay_slot
	  2848    0x00 0x01                                                                        NOP
.delay_slot
.swstall delay_slot
	  2850    0x00 0x01                                                                        NOP
.delay_slot
.swstall delay_slot
	  2852    0x00 0x01                                                                        NOP
.delay_slot
.swstall delay_slot
	  2854    0x00 0x01                                                                        NOP
.delay_slot
.swstall delay_slot
	  2856    0x00 0x01                                                                        NOP
.loop_nesting 0
	  2858    0x7a 0xfc 0xf0 0x0c 0x0e 0x60 0x40 0x77                                          LDA r10, [sp, #-52];                                                  MOV.s12 m0, #-832;            MOV.s8 r0, #0
	  2866    0x80 0x00 0x00 0xc7 0xef 0xf9 0x67 0xf7                                                                                  NOP;                                                        LDA.SPIL r11, [sp, #-56];     NOP
	  2874    0x80 0x00 0x00 0xc7 0xd3 0xfb 0x67 0xf7                                                                                  NOP;                                                        LDA.SPIL r4, [sp, #-40];      NOP
	  2882    0x80 0x00 0x00 0xc7 0xbb 0xfa 0xe7 0xf7                                                                                  NOP;                                                        LDA.SPIL p6, [sp, #-44];      NOP
	  2890    0x80 0x00 0x00 0xc7 0xbf 0xfa 0x67 0xf7                                                                                  NOP;                                                        LDA.SPIL p7, [sp, #-48];      NOP
	  2898    0x58 0xfd 0xf8 0x03                                                              NOP;                LDB lr, [sp, #-36]
	  2902    0x08 0x90 0x00 0x00 0x00 0x00 0x00 0x37                                          PADDA [sp], m0;                         NOP;                          NOP
	  2910    0x00 0x01                                                                        NOP
	  2912    0x00 0x01                                                                        NOP
	  2914    0x00 0x01                                                                        NOP
	  2916    0x00 0x01                                                                        NOP
	  2918    0x00 0x01                                                                        NOP
	  2920    0x00 0x01                                                                        NOP
	  2922    0x00 0x01                                                                        NOP
.end_of_main
	  2924    0x01 0x01                                                                        RET lr
.delay_slot
.swstall delay_slot
	  2926    0x00 0x01                                                                        NOP
.delay_slot
.swstall delay_slot
	  2928    0x00 0x01                                                                        NOP
.delay_slot
.swstall delay_slot
	  2930    0x00 0x01                                                                        NOP
.delay_slot
.swstall delay_slot
	  2932    0x00 0x01                                                                        NOP
.label _main__end last
.label _main___func_end0 last
.delay_slot
.swstall delay_slot
	  2934    0x00 0x01                                                                        NOP

.undef global data main

.undef global data buf5

.undef global data buf5d

.undef global data buf6

.undef global data buf6d

.undef global data buf7

.undef global data buf7d

.undef global data buf8

.undef global data buf8d

.undef global data buf9

.undef global data buf9d

.undef global data buf10

.undef global data buf10d

.undef global data buf11

.undef global data buf11d

.undef global data buf12

.undef global data buf12d

.undef global data buf13

.undef global data buf13d

.undef global data buf14

.undef global data buf14d

.undef global data buf15

.undef global data buf15d

.undef global data buf16

.undef global data buf16d

.undef global text hdiff_flux1

