
// File generated by darts version U-2022.12#3eec2545bc#230622, Tue Mar 10 16:46:22 2026
// Copyright 2014-2022 Synopsys, Inc. All rights reserved.
// darts -v -I/usr/xilinx/Vitis/2023.2/aietools/data/versal_prod/lib -d -h -I/usr/xilinx/Vitis/2023.2/aietools/include -I/media/4T/home/xianyijiang/my_sparta/aie/. -I/media/4T/home/xianyijiang/my_sparta/aie/./ProcessUnit -I/media/4T/home/xianyijiang/my_sparta/aie/. -I/media/4T/home/xianyijiang/my_sparta/aie/./aie -I/media/4T/home/xianyijiang/my_sparta/aie/media/4T/home/xianyijiang/my_sparta/aie/. -I/media/4T/home/xianyijiang/my_sparta/aie/media/4T/home/xianyijiang/my_sparta/aie/./aie -I/media/4T/home/xianyijiang/my_sparta/aie/usr/xilinx/Vitis/2023.2/aietools/include -I/usr/xilinx/Vitis/2023.2/aietools/include -I/usr/xilinx/Vitis/2023.2/aietools/data/versal_prod/lib/runtime_cxx/libcxx-lite/include -I/usr/xilinx/Vitis/2023.2/aietools/data/versal_prod/lib/runtime_cxx/libs/libcxx-9.0.0/include-lite -I/usr/xilinx/Vitis/2023.2/aietools/data/versal_prod/lib/runtime/include -D__AIENGINE__ -D__AIE_ARCH__=10 -DDEPLOYMENT_ELF=1 -D__LOCK_FENCE_MODE__=0 -DAIE_OPTION_SCALAR_FLOAT_ON_VECTOR -D__tct_tgt__=230622 -L +Ihex +nanno ../Release/hdiff_flux1.o me

// Release: ipp U-2022.12-TGT-230622
.undef global data _ZN12me_primitive3ss0E


.undef global data _ZN12me_primitive3ms0E


.undef global data _ZN12me_primitive4sst0E


.undef global data _ZN12me_primitive4ssc0E


.undef global data _ZN12me_primitive5wsst0E


.undef global data _ZN12me_primitive4msc0E


.undef global data _ZN12me_primitive3ss1E


.undef global data _ZN12me_primitive3ms1E


.undef global data _ZN12me_primitive4sst1E


.undef global data _ZN12me_primitive4ssc1E


.undef global data _ZN12me_primitive5wsst1E


.undef global data _ZN12me_primitive4msc1E


.undef global data ZERO

.undef global data ONES

.text_segment_name
.text global 16 hdiff_flux1
.label _hdiff_flux1___func_begin0
.function_start
	     0    0x30 0x08 0x10 0xc0 0x08 0x05 0x21 0x0a 0x08 0x46 0xf0 0x9f                      MOV.s10 m0, #32;    MOV.s9 r0, #0;      PADDS [p0], #8;               MOV.s12 m1, #160;             MOV ch2, p7
	    12    0x08 0xac 0xc4 0x52 0x34 0x02 0x48 0x04 0x0b 0xc0 0x00 0x3f                      PADDA [p3], #24;    PADDB [p1], #8;     PADDS [sp], m1;                                             MOV.u20 p7, #ZERO;            NOP
	    24    0x08 0xac 0x84 0x56 0xa8 0x05 0x69 0xfe 0x42 0xc7 0x41 0x5f                      PADDA [p2], #24;    PADDB [p5], #24;    PADDS [p4], #24;              MOV.s12 cs3, #-28;            MOV ch5, r4
	    36    0x6e 0xa8 0x19 0xc0 0x55 0xbb 0xff 0x04 0x02 0x40 0x00 0x3f                      LDA p6, [p0], #16;  MOV.s9 r9, #2;      ST p6, [sp, #-4];                                           MOV.u20 cl1, #0;              NOP
	    48    0x02 0xd1 0xf6 0x53 0x08 0x00 0xf0 0x05 0x02 0xb2 0x10 0x3f                      VLDA wr0, [p7];     LDB ch3, [p0], #12;                               MOV.s12 r8, #1;               MOV.u20 cl2, #274960;         NOP
.noswbrkpt
	    60    0x49 0xb2 0x03 0x68 0xe8 0x01 0xf8 0x00 0x12 0x40 0x01 0x3f                      LDA cs1, [p0], #-28;VLDB wr1, [p7];                                   MOV.s12 r12, #3;              MOVT.s12 cl1, #1;             NOP
.nohwbrkpt
.noswbrkpt
	    72    0x73 0xa6 0xe9 0xfa 0x60 0x00 0x00 0xa0 0x20 0x06 0x8f 0x5f                      LDA r3, [p3], #12;  LDB p4, [sp, #-180];NOP;                          ADD.NRM s0, r8, #0;           MOV r13, p0
.nohwbrkpt
.noswbrkpt
	    84    0x57 0xd0 0xff 0xd3 0x80 0x00 0x01 0x01 0xf1 0x04 0x92 0x1f                      LDA ch7, [p3];      LDB r15, [p4], #12; NOP;                          MOV.s12 lc, #31;              MOV cl0, cl1
.nohwbrkpt
.noswbrkpt
	    96    0x40 0xa7 0x7c 0x68 0x90 0x00 0x00 0x04 0x02 0xc0 0x00 0x3f                      LDA cb0, [p5], #12; LDB ch6, [p4];      NOP;                                                        MOV.u20 cl3, #0;              NOP
.nohwbrkpt
.noswbrkpt
	   108    0x48 0xd1 0x46 0xcd 0x00 0x00 0x00 0x77                                          LDA cs0, [p5];                                                        NOP;                          MOV r4, p4
	   116    0x54 0xa6 0x86 0xdf 0x80 0x00 0x00 0x77                                          LDA ch4, [p2], #12;                                                   NOP;                          MOV r14, p5
	   124    0x71 0xd0 0x80 0x00 0x17 0x43 0xfe 0x04 0x06 0x03 0x20 0x3f                      LDA r1, [p2];       NOP;                VST wr0, [sp, #-64];                                        MOV.u20 ls, #(ZLS_Fhdiff_flux1_800 + 0);NOP
	   136    0x74 0xbf 0xd0 0x00 0x00 0x21 0xa2 0xf7                                                                                  VST wr1, [sp, #-96];          NOP;                          MOV cb1, ch3
	   144    0x74 0xbf 0xb0 0x00 0x00 0x2c 0xc2 0xf7                                                                                  VST wr1, [sp, #-160];         NOP;                          MOV m1, cs1
	   152    0x06 0xff 0x41 0x08 0xc8 0x05 0x68 0x00 0x00 0x07 0x35 0xdf                      VLDA wr1, [sp, #-96];VLDB wr0, [p6], m0, cyc1;PADDS [p4], #24;        NOP;                          MOV cb7, r3
.noswbrkpt
	   164    0x02 0xff 0x84 0x77 0xc0 0x00 0x00 0x77                                          VLDA wr0, [sp, #-64];                                                 NOP;                          MOV cs7, ch7
.nohwbrkpt
.noswbrkpt
	   172    0x44 0xa7 0x00 0x00 0x15 0xbb 0x40 0x04 0x00 0x00 0x00 0x3f                      LDA cb4, [p4], #12; NOP;                ST p6, [p0];                                                MOV.u20 ch0, #0;              NOP
.nohwbrkpt
.noswbrkpt
	   184    0x4c 0xd1 0x2f 0xd4 0x30 0x00 0x00 0x04 0x06 0xc4 0xf0 0x3f                      LDA cs4, [p4];      LDB p7, [p1], #16;  NOP;                                                        MOV.u20 le, #(ZLE_Fhdiff_flux1_1264 + 0);NOP
.nohwbrkpt
.noswbrkpt
	   196    0x41 0xa6 0x46 0xcd 0x40 0x00 0x00 0x77                                          LDA cb1, [p1], #12;                                                   NOP;                          MOV r5, p4
.nohwbrkpt
.noswbrkpt
	   204    0x49 0xb2 0x47 0x4b 0x00 0x00 0x00 0x77                                          LDA cs1, [p1], #-28;                                                  NOP;                          MOV p4, r4
.nohwbrkpt
.noswbrkpt
	   212    0xa6 0x85                                                                        MOV p0, p1
.nohwbrkpt
.noswbrkpt
	   214    0xba 0x1f 0xe0 0x01 0x28 0x76 0x57 0xf7                                                                                  VST wr0, [sp, #-128];                                       MOVT.s12 cl2, #1893;          NOP
	   222    0x80 0x00 0x00 0x48 0x04 0x00 0x07 0xf7                                                                                  NOP;                                                        MOV.u20 ch1, #131072;         NOP
.noswbrkpt
	   230    0x80 0x00 0x00 0xc7 0xbb 0xea 0xe7 0xf7                                                                                  NOP;                                                        LDA.SPIL p6, [sp, #-172];     NOP
.nohwbrkpt
.noswbrkpt
	   238    0x80 0x00 0x00 0xc7 0xa7 0xeb 0xe7 0xf7                                                                                  NOP;                                                        LDA.SPIL p1, [sp, #-164];     NOP
.nohwbrkpt
.noswbrkpt
	   246    0x80 0x00 0x00 0xc7 0xbf 0xea 0x67 0xf7                                                                                  NOP;                                                        LDA.SPIL p7, [sp, #-176];     NOP
.nohwbrkpt
.noswbrkpt
	   254    0x00 0x01                                                                        NOP
.nohwbrkpt
.noswbrkpt
	   256    0x00 0x01                                                                        NOP
.nohwbrkpt
.noswbrkpt
	   258    0x02 0x11 0xc0 0x00 0x00 0x00 0x00 0x37                                          VLDA wr0, [p7], m0, cyc1;               NOP;                          NOP
.nohwbrkpt
.noswbrkpt
	   266    0x80 0x00 0x00 0xc7 0x8b 0xec 0x27 0xf7                                                                                  NOP;                                                        VLDA.SPIL wr1, [sp, #-160];   NOP
.nohwbrkpt
.noswbrkpt
	   274    0x06 0xd1 0xad 0xfa 0xd5 0xbf 0x41 0x17                                          VLDA wr1, [p6];     LDB p6, [sp, #-168];ST p7, [p1]
.nohwbrkpt
.noswbrkpt
	   282    0x6d 0xc6 0xcf 0x68 0xf4 0x02 0xb6 0x17                                          LDA p5, [p3, cs3];  VLDB wd1, [p7];     PADDS [p6], #24
.nohwbrkpt
.noswbrkpt
	   290    0x00 0x00 0x04 0x56 0x30 0x00 0x00 0x0c 0x78 0x3f 0x02 0x3f                      NOP;                PADDB [p1], #24;    NOP;                                                        VLDA.SPIL wr0, [sp, #-128];   NOP
.nohwbrkpt
.noswbrkpt
	   302    0x43 0xa7 0xa3 0xfa 0x54 0x02 0xb7 0x17                                          LDA cb3, [p6], #12; LDB p1, [sp, #-184];PADDS [p7], #24
.nohwbrkpt
.noswbrkpt
	   310    0x42 0xa6 0x79 0x68 0xc0 0x00 0x00 0x17                                          LDA cb2, [p1], #12; LDB cl4, [p6];                                    NOP
.nohwbrkpt
.noswbrkpt
	   318    0x4a 0xd0 0x7b 0x53 0xf2 0x0b 0x80 0x57                                          LDA cs2, [p1];      LDB cl5, [p7], #12;                                                             VMOV xd, xa
.nohwbrkpt
.noswbrkpt
	   326    0x62 0xd1 0xc6 0xe3 0x80 0x00 0x00 0x77                                          LDA m2, [p7];                                                         NOP;                          MOV cl6, p6
.nohwbrkpt
.noswbrkpt
	   334    0xa7 0x25                                                                        MOV r2, p1
.noswbrkpt
	   336    0x08 0xad 0x84 0x67 0xc0 0x00 0x00 0x77                                          PADDA [p6], #24;                                                      NOP;                          MOV cs7, ch6
.nohwbrkpt
.noswbrkpt
	   344    0x12 0x71 0x47 0xf5 0xc0 0x00 0x00 0x77                                          VLDA wc0, [p5], m0, cyc7;                                             NOP;                          MOV cb7, r15
	   352    0x46 0xa7 0x80 0x00 0x00 0x00 0x00 0x37                                          LDA cb6, [p6], #12;                     NOP;                          NOP
	   360    0x4e 0xd1 0x80 0x00 0x02 0xdb 0x8d 0xb7                                          LDA cs6, [p6];                          ST p5, [p3, cs3];             NOP
	   368    0x6d 0xc7 0x04 0x56 0x20 0x00 0x00 0x17                                          LDA p5, [p4, cs3];  PADDB [p1], #24;                                  NOP
	   376    0x00 0x01                                                                        NOP
	   378    0x45 0xa6 0x40 0x00 0x00 0x00 0x00 0x37                                          LDA cb5, [p1], #12;                     NOP;                          NOP
	   386    0x4d 0xd0 0x40 0x00 0x00 0x00 0x00 0x37                                          LDA cs5, [p1];                          NOP;                          NOP
	   394    0x80 0x00 0x05 0x64 0x26 0x42 0x61 0x87                                          NOP;                                    NOP;                                                                                                                              VMUL.80 bm2, yd.s32, r9, c2, r0, wc0.s32, #0, c3, c0
	   402    0x80 0x00 0x05 0x84 0x26 0x02 0x65 0x87                                          NOP;                                    NOP;                                                                                                                              VMAC.80 bm2, yd.s32, r8, c2, r0, wc0.s32, #0, c3, c1
	   410    0x00 0x01                                                                        NOP
.noswbrkpt
	   412    0x11 0x75                                                                        MOV cb7, ch4
.nohwbrkpt
.noswbrkpt
	   414    0x16 0x71 0x47 0x17 0xc0 0x00 0x00 0x77                                          VLDA wc1, [p5], m0, cyc7;                                             NOP;                          MOV cs7, r1
	   422    0x00 0x01                                                                        NOP
	   424    0x5b 0x71 0xc0 0x00 0x00 0x3f 0x5a 0xf7                                                                                  ST p5, [p4, cs3];             NOP;                          MOV p5, r14
	   432    0x6c 0xc7 0x40 0x00 0x00 0x00 0x00 0x37                                          LDA p4, [p5, cs3];                      NOP;                          NOP
	   440    0x00 0x01                                                                        NOP
	   442    0x00 0x01                                                                        NOP
.noswbrkpt
	   444    0x6c 0xc7 0x80 0x00 0x00 0x00 0x00 0x37                                          LDA p4, [p6, cs3];                      NOP;                          NOP
.nohwbrkpt
.noswbrkpt
	   452    0x00 0x00 0x00 0x00 0x10 0x00 0x00 0x0e 0xaf 0xfc 0x00 0xd6 0x42 0x70 0x26 0x30  NOP;                NOP;                NOP;                          NOP;                          VST.SPIL wc1, [sp, #-64];     NOP;                                    VMUL.80 bm0, yd.s32, r12, c2, r0, wc1.s32, #0, c3, c0
.nohwbrkpt
.noswbrkpt
	   468    0x00 0x00 0x00 0x00 0x10 0x00 0x00 0x0c 0x79 0x3f 0x82 0xd8 0x42 0x64 0x26 0x70  NOP;                NOP;                NOP;                          NOP;                          VLDA.SPIL wr2, [sp, #-64];    NOP;                                    VMAC.80 bm0, yd.s32, r9, c2, r0, wc1.s32, #0, c3, c1
.nohwbrkpt
.noswbrkpt
	   484    0x00 0x01                                                                        NOP
.nohwbrkpt
.noswbrkpt
	   486    0x00 0x01                                                                        NOP
.nohwbrkpt
.noswbrkpt
	   488    0x16 0x01 0x00 0x00 0x00 0x00 0x00 0x37                                          VLDA wc1, [p4], m0, cyc0;               NOP;                          NOP
.nohwbrkpt
.noswbrkpt
	   496    0x00 0x01                                                                        NOP
.nohwbrkpt
.noswbrkpt
	   498    0xad 0x98 0xe8 0x03                                                              NOP;                                    ST p4, [p5, cs3]
.noswbrkpt
	   502    0x6c 0xc6 0x84 0xeb 0x57 0x61 0x84 0x77                                          LDA p4, [p2, cs3];                      VST wc0, [p4], m0, cyc6;                                    MOV p5, cl6
.nohwbrkpt
.noswbrkpt
	   510    0xd1 0xcc 0x20 0x03                                                              NOP;                                    VST.80.SRSS bm2, s0, [p4], m0, cyc6
.nohwbrkpt
.noswbrkpt
	   514    0x31 0xb5                                                                        MOV cs3, cl4
.nohwbrkpt
.noswbrkpt
	   516    0xad 0x98 0xf0 0x03                                                              NOP;                                    ST p4, [p6, cs3]
	   520    0x80 0x00 0x05 0x64 0x26 0x42 0x63 0x47                                          NOP;                                    NOP;                                                                                                                              VMUL.80 bm1, yd.s32, r9, c2, r0, wc1.s32, #0, c3, c0
	   528    0x80 0x00 0x05 0x84 0x26 0x42 0x66 0x47                                          NOP;                                    NOP;                                                                                                                              VMAC.80 bm1, ya.s32, r9, c2, r0, wc1.s32, #0, c3, c1
	   536    0x00 0x01                                                                        NOP
.noswbrkpt
	   538    0x00 0x00 0x04 0xd5 0xcf 0xf2 0x1e 0x77                                          NOP;                                                                  MOV.s12 cs7, #-28;            MOV cb7, cl5
.nohwbrkpt
.noswbrkpt
	   546    0x02 0x71 0x00 0x00 0x00 0x00 0x00 0x37                                          VLDA wr0, [p4], m0, cyc7;               NOP;                          NOP
.noswbrkpt
	   554    0x6c 0xcf 0x46 0x27 0xc0 0x00 0x00 0x77                                          LDA p4, [p5, cs7];                                                    NOP;                          MOV cs7, m2
.nohwbrkpt
.noswbrkpt
	   562    0x06 0xd1 0x00 0x00 0x02 0xd9 0x9d 0x37                                          VLDA wr1, [p4];                         ST p4, [p2, cs7];             NOP
	   570    0x00 0x01                                                                        NOP
	   572    0x00 0x01                                                                        NOP
	   574    0x00 0x01                                                                        NOP
	   576    0x00 0x01                                                                        NOP
	   578    0x00 0x01                                                                        NOP
	   580    0x00 0x01                                                                        NOP
.noswbrkpt
	   582    0x00 0x00 0x3f 0xc8 0x5b 0xa8 0x62 0x37                                          NOP;                                    VST wr2, [p4], m0, cyc3;      MOV.s12 cs3, #-28
.nohwbrkpt
.noswbrkpt
	   590    0xd1 0x86 0x20 0x03                                                              NOP;                                    VST.80.SRSS bm0, s0, [p4], m0, cyc3
	   594    0x00 0x01                                                                        NOP
	   596    0x5b 0x31 0xd0 0x00 0x00 0x39 0x5a 0xf7                                                                                  ST p4, [p5, cs3];             NOP;                          MOV p5, r2
	   604    0x6c 0xc7 0x40 0x00 0x00 0x00 0x00 0x37                                          LDA p4, [p5, cs3];                      NOP;                          NOP
	   612    0x00 0x01                                                                        NOP
	   614    0x00 0x01                                                                        NOP
.noswbrkpt
	   616    0x6c 0xc7 0xc0 0x00 0x00 0x00 0x00 0x37                                          LDA p4, [p7, cs3];                      NOP;                          NOP
.nohwbrkpt
.noswbrkpt
	   624    0x00 0x01                                                                        NOP
.nohwbrkpt
.noswbrkpt
	   626    0x00 0x01                                                                        NOP
.nohwbrkpt
.noswbrkpt
	   628    0x00 0x01                                                                        NOP
.nohwbrkpt
.noswbrkpt
	   630    0x00 0x01                                                                        NOP
.nohwbrkpt
.noswbrkpt
	   632    0x12 0x21 0x00 0x00 0x00 0x00 0x00 0x37                                          VLDA wc0, [p4], m0, cyc2;               NOP;                          NOP
.nohwbrkpt
.noswbrkpt
	   640    0x00 0x01                                                                        NOP
.nohwbrkpt
.noswbrkpt
	   642    0xad 0x98 0xe8 0x03                                                              NOP;                                    ST p4, [p5, cs3]
	   646    0x76 0x9c 0x40 0x00 0x00 0x3e 0xda 0xf7                                                                                  VST wc1, [p4], m0, cyc7;      NOP;                          MOV p5, r13
.noswbrkpt
	   654    0x6c 0xc7 0x44 0x35 0xda 0x35 0xc4 0x77                                          LDA p4, [p5, cs3];                      VST.80.SRSS bm1, s0, [p4], m0, cyc7;                        MOV cb7, ch3
.nohwbrkpt
.noswbrkpt
	   662    0x85 0xf5                                                                        MOV cs7, m1
.nohwbrkpt
.noswbrkpt
	   664    0xad 0x98 0xf8 0x03                                                              NOP;                                    ST p4, [p7, cs3]
	   668    0x80 0x00 0x05 0x64 0x26 0x42 0x60 0xc7                                          NOP;                                    NOP;                                                                                                                              VMUL.80 bm3, ya.s32, r9, c2, r0, wc0.s32, #0, c3, c0
	   676    0x80 0x00 0x05 0x84 0x26 0x42 0x65 0xc7                                          NOP;                                    NOP;                                                                                                                              VMAC.80 bm3, yd.s32, r9, c2, r0, wc0.s32, #0, c3, c1
	   684    0x00 0x01                                                                        NOP
	   686    0x00 0x01                                                                        NOP
	   688    0x00 0x01                                                                        NOP
	   690    0x02 0x71 0x00 0x00 0x00 0x00 0x00 0x37                                          VLDA wr0, [p4], m0, cyc7;               NOP;                          NOP
	   698    0x06 0xd1 0x00 0x00 0x00 0x00 0x00 0x37                                          VLDA wr1, [p4];                         NOP;                          NOP
	   706    0x5b 0x31 0xd0 0x00 0x00 0x3a 0xda 0xf7                                                                                  ST p4, [p5, cs3];             NOP;                          MOV p5, r5
	   714    0x6c 0xc7 0x40 0x00 0x00 0x00 0x00 0x37                                          LDA p4, [p5, cs3];                      NOP;                          NOP
	   722    0x00 0x01                                                                        NOP
	   724    0x00 0x01                                                                        NOP
	   726    0x00 0x01                                                                        NOP
.noswbrkpt
	   728    0x6c 0xc6 0x00 0x00 0x00 0x00 0x00 0x37                                          LDA p4, [p0, cs3];                      NOP;                          NOP
.nohwbrkpt
.noswbrkpt
	   736    0x00 0x01                                                                        NOP
.nohwbrkpt
.noswbrkpt
	   738    0x00 0x01                                                                        NOP
.nohwbrkpt
.noswbrkpt
	   740    0x00 0x01                                                                        NOP
.nohwbrkpt
.noswbrkpt
	   742    0xbb 0x08 0x20 0x03                                                              NOP;                                    VST wc0, [p4], m0, cyc4
.nohwbrkpt
.noswbrkpt
	   746    0xd1 0xe8 0x20 0x03                                                              NOP;                                    VST.80.SRSS bm3, s0, [p4], m0, cyc4
.nohwbrkpt
.noswbrkpt
	   750    0x00 0x01                                                                        NOP
.nohwbrkpt
.noswbrkpt
	   752    0xad 0x98 0xe8 0x03                                                              NOP;                                    ST p4, [p5, cs3]
	   756    0x6d 0xc6 0x40 0x00 0x00 0x00 0x00 0x37                                          LDA p5, [p1, cs3];                      NOP;                          NOP
	   764    0x00 0x01                                                                        NOP
	   766    0x00 0x01                                                                        NOP
.noswbrkpt
	   768    0x1a 0x11 0x00 0x00 0x00 0x00 0x00 0x37                                          VLDA wd0, [p4], m0, cyc1;               NOP;                          NOP
.nohwbrkpt
.noswbrkpt
	   776    0x1e 0xd1 0x00 0x00 0x00 0x00 0x00 0x37                                          VLDA wd1, [p4];                         NOP;                          NOP
.nohwbrkpt
.noswbrkpt
	   784    0x00 0x00 0x00 0x00 0x05 0xb3 0x18 0x00 0x00 0x00 0x00 0x00 0x00 0x00 0x00 0x02  NOP;                NOP;                ST p4, [p0, cs3];             NOP;                          NOP;                          NOP;                                    NOP
.label ZLS_Fhdiff_flux1_800
.loop_nesting 1
.begin_of_loop
.nohwbrkpt
.noswbrkpt
	   800    0x6d 0xc6 0xc0 0x00 0x00 0x00 0x00 0x37                                          LDA p5, [p3, cs3];                      NOP;                          NOP
.nohwbrkpt
.noswbrkpt
	   808    0x00 0x01                                                                        NOP
.nohwbrkpt
.noswbrkpt
	   810    0xbb 0xca 0x28 0x03                                                              NOP;                                    VST wd1, [p5], m0, cyc5
.nohwbrkpt
.noswbrkpt
	   814    0xbb 0x8a 0x28 0x03                                                              NOP;                                    VST wd0, [p5], m0, cyc5
.nohwbrkpt
.noswbrkpt
	   818    0x00 0x01                                                                        NOP
.nohwbrkpt
.noswbrkpt
	   820    0x5b 0x71 0x90 0x00 0x00 0x39 0xae 0xf7                                                                                  ST p5, [p1, cs3];             NOP;                          MOV cb7, r3
.nohwbrkpt
.noswbrkpt
	   828    0x1d 0xf5                                                                        MOV cs7, ch7
.nohwbrkpt
.noswbrkpt
	   830    0x00 0x01                                                                        NOP
.nohwbrkpt
.noswbrkpt
	   832    0x12 0x71 0x40 0x00 0x00 0x00 0x00 0x37                                          VLDA wc0, [p5], m0, cyc7;               NOP;                          NOP
.nohwbrkpt
.noswbrkpt
	   840    0x00 0x01                                                                        NOP
.nohwbrkpt
.noswbrkpt
	   842    0x5b 0x71 0xb0 0x00 0x00 0x3a 0x58 0xf7                                                                                  ST p5, [p3, cs3];             NOP;                          MOV p4, r4
.nohwbrkpt
.noswbrkpt
	   850    0x6d 0xc7 0x00 0x00 0x00 0x00 0x00 0x37                                          LDA p5, [p4, cs3];                      NOP;                          NOP
.nohwbrkpt
.noswbrkpt
	   858    0x00 0x01                                                                        NOP
.nohwbrkpt
.noswbrkpt
	   860    0x00 0x01                                                                        NOP
.nohwbrkpt
.noswbrkpt
	   862    0x00 0x01                                                                        NOP
.nohwbrkpt
.noswbrkpt
	   864    0x00 0x01                                                                        NOP
.nohwbrkpt
.noswbrkpt
	   866    0x19 0xf5                                                                        MOV cs7, ch6
.nohwbrkpt
.noswbrkpt
	   868    0xfd 0x75                                                                        MOV cb7, r15
.nohwbrkpt
.noswbrkpt
	   870    0x00 0x01                                                                        NOP
.nohwbrkpt
.noswbrkpt
	   872    0x16 0x71 0x40 0x00 0x00 0x00 0x00 0x37                                          VLDA wc1, [p5], m0, cyc7;               NOP;                          NOP
.nohwbrkpt
.noswbrkpt
	   880    0x00 0x01                                                                        NOP
.nohwbrkpt
.noswbrkpt
	   882    0x5b 0x71 0xc0 0x00 0x00 0x3f 0x5a 0xf7                                                                                  ST p5, [p4, cs3];             NOP;                          MOV p5, r14
.nohwbrkpt
.noswbrkpt
	   890    0x6c 0xc7 0x40 0x00 0x00 0x00 0x00 0x37                                          LDA p4, [p5, cs3];                      NOP;                          NOP
.nohwbrkpt
.noswbrkpt
	   898    0x00 0x01                                                                        NOP
.nohwbrkpt
.noswbrkpt
	   900    0x00 0x01                                                                        NOP
.nohwbrkpt
.noswbrkpt
	   902    0x00 0x01                                                                        NOP
.nohwbrkpt
.noswbrkpt
	   904    0x00 0x01                                                                        NOP
.nohwbrkpt
.noswbrkpt
	   906    0x00 0x01                                                                        NOP
.nohwbrkpt
.noswbrkpt
	   908    0x00 0x01                                                                        NOP
.nohwbrkpt
.noswbrkpt
	   910    0x6c 0xc7 0x80 0x00 0x00 0x00 0x00 0x37                                          LDA p4, [p6, cs3];                      NOP;                          NOP
.nohwbrkpt
.noswbrkpt
	   918    0x16 0x01 0x00 0x00 0x00 0x00 0x00 0x37                                          VLDA wc1, [p4], m0, cyc0;               NOP;                          NOP
.nohwbrkpt
.noswbrkpt
	   926    0x80 0x00 0x05 0x64 0x26 0x42 0x61 0x87                                          NOP;                                    NOP;                                                                                                                              VMUL.80 bm2, yd.s32, r9, c2, r0, wc0.s32, #0, c3, c0
.nohwbrkpt
.noswbrkpt
	   934    0xad 0x98 0xed 0x84 0x26 0x02 0x65 0x87                                          NOP;                                    ST p4, [p5, cs3];                                                                                                                 VMAC.80 bm2, yd.s32, r8, c2, r0, wc0.s32, #0, c3, c1
.nohwbrkpt
.noswbrkpt
	   942    0x6c 0xc6 0x80 0x00 0x00 0x00 0x00 0x37                                          LDA p4, [p2, cs3];                      NOP;                          NOP
.nohwbrkpt
.noswbrkpt
	   950    0x00 0x01                                                                        NOP
.nohwbrkpt
.noswbrkpt
	   952    0x80 0x00 0x05 0x64 0x27 0x02 0x63 0x07                                          NOP;                                    NOP;                                                                                                                              VMUL.80 bm0, yd.s32, r12, c2, r0, wc1.s32, #0, c3, c0
.nohwbrkpt
.noswbrkpt
	   960    0x00 0x00 0x00 0x00 0x10 0x00 0x00 0x0e 0xaf 0xfc 0x00 0xd8 0x42 0x64 0x26 0x70  NOP;                NOP;                NOP;                          NOP;                          VST.SPIL wc1, [sp, #-64];     NOP;                                    VMAC.80 bm0, yd.s32, r9, c2, r0, wc1.s32, #0, c3, c1
.nohwbrkpt
.noswbrkpt
	   976    0xbb 0x0c 0x20 0x03                                                              NOP;                                    VST wc0, [p4], m0, cyc6
.nohwbrkpt
.noswbrkpt
	   980    0xa3 0x98 0x40 0x00 0x00 0x22 0x2e 0xf7                                                                                  VST.80.SRSS bm2, s0, [p4], m0, cyc6;NOP;                    MOV cb7, ch4
.nohwbrkpt
.noswbrkpt
	   988    0xc5 0xf5                                                                        MOV cs7, r1
.nohwbrkpt
.noswbrkpt
	   990    0x00 0x00 0x3f 0xc8 0x7a 0xd9 0x8f 0x37                                          NOP;                                    ST p4, [p6, cs3];             MOV.s12 cs7, #-28
.nohwbrkpt
.noswbrkpt
	   998    0x02 0x71 0x04 0xeb 0x40 0x00 0x00 0x77                                          VLDA wr0, [p4], m0, cyc7;                                             NOP;                          MOV p5, cl6
.nohwbrkpt
.noswbrkpt
	  1006    0x6c 0xcf 0x40 0x00 0x00 0x00 0x00 0x37                                          LDA p4, [p5, cs7];                      NOP;                          NOP
.nohwbrkpt
.noswbrkpt
	  1014    0x80 0x00 0x00 0xc7 0x93 0xf8 0x27 0xf7                                                                                  NOP;                                                        VLDA.SPIL wr2, [sp, #-64];    NOP
.nohwbrkpt
.noswbrkpt
	  1022    0x00 0x01                                                                        NOP
.nohwbrkpt
.noswbrkpt
	  1024    0x00 0x01                                                                        NOP
.nohwbrkpt
.noswbrkpt
	  1026    0x80 0x00 0x05 0x64 0x26 0x42 0x63 0x47                                          NOP;                                    NOP;                                                                                                                              VMUL.80 bm1, yd.s32, r9, c2, r0, wc1.s32, #0, c3, c0
.nohwbrkpt
.noswbrkpt
	  1034    0x80 0x00 0x05 0x84 0x26 0x42 0x66 0x47                                          NOP;                                    NOP;                                                                                                                              VMAC.80 bm1, ya.s32, r9, c2, r0, wc1.s32, #0, c3, c1
.nohwbrkpt
.noswbrkpt
	  1042    0x31 0xb5                                                                        MOV cs3, cl4
.nohwbrkpt
.noswbrkpt
	  1044    0x06 0xd1 0x00 0x00 0x02 0xd9 0x9d 0x37                                          VLDA wr1, [p4];                         ST p4, [p2, cs7];             NOP
.nohwbrkpt
.noswbrkpt
	  1052    0xba 0x86 0x20 0x03                                                              NOP;                                    VST wr2, [p4], m0, cyc3
.nohwbrkpt
.noswbrkpt
	  1056    0x00 0x00 0x3f 0xc8 0x5d 0x18 0x62 0x37                                          NOP;                                    VST.80.SRSS bm0, s0, [p4], m0, cyc3;MOV.s12 cs3, #-28
.nohwbrkpt
.noswbrkpt
	  1064    0x00 0x01                                                                        NOP
.nohwbrkpt
.noswbrkpt
	  1066    0x5b 0x31 0xd0 0x00 0x00 0x39 0x5a 0xf7                                                                                  ST p4, [p5, cs3];             NOP;                          MOV p5, r2
.nohwbrkpt
.noswbrkpt
	  1074    0x6c 0xc7 0x40 0x00 0x00 0x00 0x00 0x37                                          LDA p4, [p5, cs3];                      NOP;                          NOP
.nohwbrkpt
.noswbrkpt
	  1082    0x00 0x01                                                                        NOP
.nohwbrkpt
.noswbrkpt
	  1084    0x00 0x01                                                                        NOP
.nohwbrkpt
.noswbrkpt
	  1086    0x00 0x01                                                                        NOP
.nohwbrkpt
.noswbrkpt
	  1088    0x00 0x01                                                                        NOP
.nohwbrkpt
.noswbrkpt
	  1090    0x00 0x01                                                                        NOP
.nohwbrkpt
.noswbrkpt
	  1092    0x00 0x01                                                                        NOP
.nohwbrkpt
.noswbrkpt
	  1094    0x6c 0xc7 0xc0 0x00 0x00 0x00 0x00 0x37                                          LDA p4, [p7, cs3];                      NOP;                          NOP
.nohwbrkpt
.noswbrkpt
	  1102    0x12 0x21 0x00 0x00 0x00 0x00 0x00 0x37                                          VLDA wc0, [p4], m0, cyc2;               NOP;                          NOP
.nohwbrkpt
.noswbrkpt
	  1110    0x00 0x01                                                                        NOP
.nohwbrkpt
.noswbrkpt
	  1112    0x5b 0x31 0xd0 0x00 0x00 0x3e 0xda 0xf7                                                                                  ST p4, [p5, cs3];             NOP;                          MOV p5, r13
.nohwbrkpt
.noswbrkpt
	  1120    0x6c 0xc7 0x40 0x00 0x00 0x00 0x00 0x37                                          LDA p4, [p5, cs3];                      NOP;                          NOP
.nohwbrkpt
.noswbrkpt
	  1128    0x35 0x75                                                                        MOV cb7, cl5
.nohwbrkpt
.noswbrkpt
	  1130    0x89 0xf5                                                                        MOV cs7, m2
.nohwbrkpt
.noswbrkpt
	  1132    0x00 0x01                                                                        NOP
.nohwbrkpt
.noswbrkpt
	  1134    0xbb 0x4e 0x20 0x03                                                              NOP;                                    VST wc1, [p4], m0, cyc7
.nohwbrkpt
.noswbrkpt
	  1138    0xa3 0x5c 0x40 0x00 0x00 0x21 0xae 0xf7                                                                                  VST.80.SRSS bm1, s0, [p4], m0, cyc7;NOP;                    MOV cb7, ch3
.nohwbrkpt
.noswbrkpt
	  1146    0x85 0xf5                                                                        MOV cs7, m1
.nohwbrkpt
.noswbrkpt
	  1148    0xad 0x98 0xf8 0x03                                                              NOP;                                    ST p4, [p7, cs3]
.nohwbrkpt
.noswbrkpt
	  1152    0x02 0x71 0x00 0x00 0x00 0x00 0x00 0x37                                          VLDA wr0, [p4], m0, cyc7;               NOP;                          NOP
.nohwbrkpt
.noswbrkpt
	  1160    0x00 0x01                                                                        NOP
.nohwbrkpt
.noswbrkpt
	  1162    0x5b 0x31 0xd0 0x00 0x00 0x3a 0xda 0xf7                                                                                  ST p4, [p5, cs3];             NOP;                          MOV p5, r5
.nohwbrkpt
.noswbrkpt
	  1170    0x6c 0xc7 0x40 0x00 0x00 0x00 0x00 0x37                                          LDA p4, [p5, cs3];                      NOP;                          NOP
.nohwbrkpt
.noswbrkpt
	  1178    0x00 0x01                                                                        NOP
.nohwbrkpt
.noswbrkpt
	  1180    0x80 0x00 0x05 0x64 0x26 0x42 0x60 0xc7                                          NOP;                                    NOP;                                                                                                                              VMUL.80 bm3, ya.s32, r9, c2, r0, wc0.s32, #0, c3, c0
.nohwbrkpt
.noswbrkpt
	  1188    0x80 0x00 0x05 0x84 0x26 0x42 0x65 0xc7                                          NOP;                                    NOP;                                                                                                                              VMAC.80 bm3, yd.s32, r9, c2, r0, wc0.s32, #0, c3, c1
.nohwbrkpt
.noswbrkpt
	  1196    0x6c 0xc6 0x00 0x00 0x00 0x00 0x00 0x37                                          LDA p4, [p0, cs3];                      NOP;                          NOP
.nohwbrkpt
.noswbrkpt
	  1204    0x00 0x01                                                                        NOP
.nohwbrkpt
.noswbrkpt
	  1206    0x00 0x01                                                                        NOP
.nohwbrkpt
.noswbrkpt
	  1208    0x06 0xd1 0x00 0x00 0x00 0x00 0x00 0x37                                          VLDA wr1, [p4];                         NOP;                          NOP
.nohwbrkpt
.noswbrkpt
	  1216    0xbb 0x08 0x20 0x03                                                              NOP;                                    VST wc0, [p4], m0, cyc4
.nohwbrkpt
.noswbrkpt
	  1220    0xd1 0xe8 0x20 0x03                                                              NOP;                                    VST.80.SRSS bm3, s0, [p4], m0, cyc4
.nohwbrkpt
.noswbrkpt
	  1224    0x00 0x01                                                                        NOP
.nohwbrkpt
.noswbrkpt
	  1226    0xad 0x98 0xe8 0x03                                                              NOP;                                    ST p4, [p5, cs3]
.nohwbrkpt
.noswbrkpt
	  1230    0x6d 0xc6 0x40 0x00 0x00 0x00 0x00 0x37                                          LDA p5, [p1, cs3];                      NOP;                          NOP
.nohwbrkpt
.noswbrkpt
	  1238    0x00 0x01                                                                        NOP
.nohwbrkpt
.noswbrkpt
	  1240    0x00 0x00 0x00 0x03                                                              NOP;                                                                  NOP
.nohwbrkpt
.noswbrkpt
	  1244    0x1a 0x11 0x00 0x00 0x00 0x00 0x00 0x37                                          VLDA wd0, [p4], m0, cyc1;               NOP;                          NOP
.nohwbrkpt
.noswbrkpt
	  1252    0x1e 0xd1 0x00 0x00 0x00 0x00 0x00 0x00 0x00 0x00 0x00 0x1f                      VLDA wd1, [p4];     NOP;                NOP;                          NOP;                          NOP
.label ZLE_Fhdiff_flux1_1264
.end_of_loop
.nohwbrkpt
.noswbrkpt
	  1264    0x00 0x00 0x00 0x00 0x05 0xb3 0x18 0x00 0x00 0x00 0x00 0x00 0x00 0x00 0x00 0x02  NOP;                NOP;                ST p4, [p0, cs3];             NOP;                          NOP;                          NOP;                                    NOP
.loop_nesting 0
.nohwbrkpt
.noswbrkpt
	  1280    0x80 0x00 0x00 0xc7 0xbb 0xff 0xe7 0xf7                                                                                  NOP;                                                        LDA.SPIL p6, [sp, #-4];       NOP
.nohwbrkpt
.noswbrkpt
	  1288    0x00 0x01                                                                        NOP
.nohwbrkpt
.noswbrkpt
	  1290    0xbb 0xca 0x28 0x03                                                              NOP;                                    VST wd1, [p5], m0, cyc5
.nohwbrkpt
.noswbrkpt
	  1294    0xbb 0x8a 0x28 0x03                                                              NOP;                                    VST wd0, [p5], m0, cyc5
	  1298    0x01 0x01                                                                        RET lr
.delay_slot
.swstall delay_slot
	  1300    0x00 0x01                                                                        NOP
.delay_slot
.swstall delay_slot
	  1302    0x00 0x01                                                                        NOP
.delay_slot
	  1304    0x00 0x00 0x04 0x5d 0x0f 0xb0 0x46 0x77                                          NOP;                                                                  MOV.s12 m3, #-160;            MOV r4, ch5
.delay_slot
	  1312    0x08 0x96 0x04 0x2b 0xc0 0x00 0x00 0x77                                          PADDA [sp], m3;                                                       NOP;                          MOV p7, ch2
.label hdiff_flux1__end last
.label _hdiff_flux1___func_end0 last
.delay_slot
	  1320    0xad 0xb8 0xc8 0x03                                                              NOP;                                    ST p5, [p1, cs3]

.undef global data ZERO



.direct_eval +,-,(,)
