
// File generated by darts version U-2022.12#3eec2545bc#230622, Tue Mar 10 16:46:20 2026
// Copyright 2014-2022 Synopsys, Inc. All rights reserved.
// darts -v -I/usr/xilinx/Vitis/2023.2/aietools/data/versal_prod/lib -d -h -I/usr/xilinx/Vitis/2023.2/aietools/include -I/media/4T/home/xianyijiang/my_sparta/aie/. -I/media/4T/home/xianyijiang/my_sparta/aie/./ProcessUnit -I/media/4T/home/xianyijiang/my_sparta/aie/. -I/media/4T/home/xianyijiang/my_sparta/aie/./aie -I/media/4T/home/xianyijiang/my_sparta/aie/media/4T/home/xianyijiang/my_sparta/aie/. -I/media/4T/home/xianyijiang/my_sparta/aie/media/4T/home/xianyijiang/my_sparta/aie/./aie -I/media/4T/home/xianyijiang/my_sparta/aie/usr/xilinx/Vitis/2023.2/aietools/include -I/usr/xilinx/Vitis/2023.2/aietools/include -I/usr/xilinx/Vitis/2023.2/aietools/data/versal_prod/lib/runtime_cxx/libcxx-lite/include -I/usr/xilinx/Vitis/2023.2/aietools/data/versal_prod/lib/runtime_cxx/libs/libcxx-9.0.0/include-lite -I/usr/xilinx/Vitis/2023.2/aietools/data/versal_prod/lib/runtime/include -D__AIENGINE__ -D__AIE_ARCH__=10 -DDEPLOYMENT_ELF=1 -D__LOCK_FENCE_MODE__=0 -DAIE_OPTION_SCALAR_FLOAT_ON_VECTOR -D__tct_tgt__=230622 -L +Ihex +nanno ../Release/7_3.o me

// Release: ipp U-2022.12-TGT-230622
.data_segment_name
.data local 4 _ZL11sync_buffer DMb
	0x0
	0x0
	0x0
	0x0
	0xff
	0xff
	0xff
	0xff
	0x0
	0x0
	0x0
	0x0
	0x0
	0x0
	0x0
	0x0
	0x0
	0x0
	0x0
	0x0
	0x0
	0x0
	0x0
	0x0
	0x0
	0x0
	0x0
	0x0
	0x0
	0x0
	0x0
	0x0

.undef local data _ZL11sync_buffer

.data_segment_name
.bss global 16 buf12 DMb 2048

.data_segment_name
.bss global 16 buf12d DMb 2048

.data_segment_name
.bss global 16 buf13 DMb 2048

.data_segment_name
.bss global 16 buf13d DMb 2048

.data_segment_name
.bss global 16 buf14 DMb 2048

.data_segment_name
.bss global 16 buf14d DMb 2048

.data_segment_name
.bss global 16 buf15 DMb 2048

.data_segment_name
.bss global 16 buf15d DMb 2048

.data_segment_name
.bss global 16 buf16 DMb 2048

.data_segment_name
.bss global 16 buf16d DMb 2048

.data_segment_name
.bss global 16 buf17 DMb 1024

.data_segment_name
.bss global 16 buf17d DMb 1024

.undef global data _ZN12me_primitive3ss0E


.undef global data _ZN12me_primitive3ms0E


.undef global data _ZN12me_primitive4sst0E


.undef global data _ZN12me_primitive4ssc0E


.undef global data _ZN12me_primitive5wsst0E


.undef global data _ZN12me_primitive4msc0E


.undef global data _ZN12me_primitive3ss1E


.undef global data _ZN12me_primitive3ms1E


.undef global data _ZN12me_primitive4sst1E


.undef global data _ZN12me_primitive4ssc1E


.undef global data _ZN12me_primitive5wsst1E


.undef global data _ZN12me_primitive4msc1E


.undef global data ZERO

.undef global data ONES

.text_segment_name
.text global 16 _main
.label _main___func_begin0
.function_start
	     0    0x31 0x00 0xd8 0xc2 0x88 0xd0 0x40 0x04 0x02 0x00 0x00 0x3f                      MOV.s10 m1, #3;     MOV.s9 r8, #20;                                   MOV.s12 m0, #416;             MOV.u20 cl0, #buf14;          NOP
	    12    0x08 0x90 0x1f 0xc2 0xc8 0x0a 0xee 0x04 0x02 0x80 0x00 0x3f                      PADDA [sp], m0;     MOV.s9 r15, #22;                                  MOV.s12 r7, #21;              MOV.u20 cl2, #buf14d;         NOP
	    24    0x30 0x05 0xd2 0xc0 0x48 0x09 0x72 0x04 0x00 0x00 0x00 0x3f                      MOV.s10 m0, #23;    MOV.s9 r2, #2;                                    MOV.s12 r9, #18;              MOV.u20 ch0, #buf15;          NOP
	    36    0x00 0x00 0x1e 0xc3 0x00 0x00 0x01 0x01 0x3d 0xa0 0x14 0x5f                      NOP;                MOV.s9 r14, #24;    NOP;                          MOV.s12 r6, #19;              MOV r1, sp
	    48    0x00 0x00 0x1d 0xc3 0x2b 0x7f 0xf9 0xf6 0xc9 0x07 0x1a 0x9f                      NOP;                MOV.s9 r13, #25;    ST p7, [sp, #-16];            MOV.s12 m4, #-148;            MOV p2, r1
	    60    0x00 0x00 0x15 0xc6 0x2b 0xdf 0xf5 0x00 0x0e 0xc6 0xaa 0xdf                      NOP;                MOV.s9 r5, #49;     ST r11, [sp, #-24];           MOV.s12 r11, #0;              MOV p3, p2
	    72    0x00 0x00 0x11 0xc0 0x2f 0x9c 0x4c 0x0d 0x8f 0xf2 0x04 0x3f                      NOP;                MOV.s9 r1, #1;                                    MOV.s12 m6, #-200;            ST.SPIL cl0, [sp, #-224];     NOP
.noswbrkpt
	    84    0x08 0x8c 0x90 0xc0 0x2f 0x82 0x4e 0x0d 0x8f 0xf1 0x44 0x3f                      PADDA [p2], m6;     MOV.s9 r0, #1;                                    MOV.s12 m7, #-252;            ST.SPIL cl0, [sp, #-236];     NOP
.nohwbrkpt
.noswbrkpt
	    96    0x00 0x00 0x1a 0xc6 0x0b 0xd7 0xf7 0xed 0x08 0x86 0xaa 0x1f                      NOP;                MOV.s9 r10, #48;    ST r10, [sp, #-20];           MOV.s12 m2, #-304;            MOV p0, p2
	   108    0x08 0x88 0x00 0x00 0x0f 0x4e 0x4a 0x0f 0x8f 0xf3 0x04 0x3f                      PADDA [p0], m4;     NOP;                                              MOV.s12 m5, #-356;            ST.SPIL r8, [sp, #-208];      NOP
	   120    0x79 0xa2 0x30 0xf7 0xff 0x34 0x47 0xf7                                                                                                                MOV.s12 m3, #-408;            ST.SPIL r7, [sp, #-204];      NOP
	   128    0x80 0x00 0x00 0xda 0xff 0x24 0x47 0xf7                                                                                  NOP;                                                        ST.SPIL cl2, [sp, #-220];     NOP
.noswbrkpt
	   136    0x08 0x84 0xc0 0x00 0x0b 0xa7 0xfd 0x00 0x2d 0x06 0xbb 0x1f                      PADDA [p3], m2;     NOP;                ST r4, [sp, #-8];             MOV.s12 r4, #2;               MOV p4, p3
.nohwbrkpt
.noswbrkpt
	   148    0x08 0x8f 0x06 0xbb 0xd5 0xe7 0xea 0x77                                          PADDA [p4], m7;                         ST r9, [sp, #-88];                                          MOV p7, p3
.nohwbrkpt
.noswbrkpt
	   156    0x08 0x87 0xc6 0xca 0x55 0xe3 0xec 0x77                                          PADDA [p7], m3;                         ST r8, [sp, #-80];                                          MOV p1, p4
	   164    0x08 0x8a 0x40 0x00 0x10 0x00 0x00 0x0d 0xaf 0xf1 0x84 0x3f                      PADDA [p1], m5;     NOP;                NOP;                                                        ST.SPIL cl2, [sp, #-232];     NOP
	   176    0xaf 0x7a 0x20 0x40 0x04 0x00 0x07 0xf7                                                                                  ST r11, [p4];                                               MOV.u20 ch1, #buf13;          NOP
	   184    0x80 0x00 0x00 0xd0 0xfe 0xec 0x47 0xf7                                                                                  NOP;                                                        ST.SPIL ch0, [sp, #-276];     NOP
	   192    0x80 0x00 0x00 0xd1 0xff 0x54 0x47 0xf7                                                                                  NOP;                                                        ST.SPIL ch1, [sp, #-172];     NOP
	   200    0xad 0x1f 0xc8 0x40 0x24 0x00 0x07 0xf7                                                                                  ST p0, [sp, #-28];                                          MOV.u20 cl1, #buf12;          NOP
	   208    0x80 0x00 0x00 0xd0 0xfe 0xe0 0x47 0xf7                                                                                  NOP;                                                        ST.SPIL ch0, [sp, #-288];     NOP
	   216    0x80 0x00 0x00 0xd9 0xff 0x88 0x47 0xf7                                                                                  NOP;                                                        ST.SPIL cl1, [sp, #-120];     NOP
	   224    0x80 0x00 0x00 0xd1 0xff 0x48 0x47 0xf7                                                                                  NOP;                                                        ST.SPIL ch1, [sp, #-184];     NOP
	   232    0x80 0x00 0x00 0xff 0xfe 0xfc 0x47 0xf7                                                                                  NOP;                                                        ST.SPIL r15, [sp, #-260];     NOP
	   240    0x80 0x00 0x00 0xd9 0xff 0x7c 0x47 0xf7                                                                                  NOP;                                                        ST.SPIL cl1, [sp, #-132];     NOP
	   248    0x80 0x00 0x00 0xf9 0xff 0x64 0x47 0xf7                                                                                  NOP;                                                        ST.SPIL r9, [sp, #-156];      NOP
	   256    0x80 0x00 0x00 0xe0 0xff 0x00 0x47 0xf7                                                                                  NOP;                                                        ST.SPIL m0, [sp, #-256];      NOP
	   264    0xad 0xff 0xa0 0x40 0x28 0x00 0x07 0xf7                                                                                  ST p7, [sp, #-48];                                          MOV.u20 cl2, #buf15d;         NOP
	   272    0x80 0x00 0x00 0xf2 0xff 0x98 0x47 0xf7                                                                                  NOP;                                                        ST.SPIL r2, [sp, #-104];      NOP
	   280    0x80 0x00 0x00 0xf6 0xff 0x68 0x47 0xf7                                                                                  NOP;                                                        ST.SPIL r6, [sp, #-152];      NOP
	   288    0x80 0x00 0x00 0xda 0xfe 0xf0 0x47 0xf7                                                                                  NOP;                                                        ST.SPIL cl2, [sp, #-272];     NOP
	   296    0x80 0x00 0x00 0xda 0xfe 0xe4 0x47 0xf7                                                                                  NOP;                                                        ST.SPIL cl2, [sp, #-284];     NOP
	   304    0x80 0x00 0x00 0xe1 0xff 0x9c 0x47 0xf7                                                                                  NOP;                                                        ST.SPIL m1, [sp, #-100];      NOP
	   312    0xaf 0x7a 0x18 0x40 0xd8 0x00 0x07 0xf7                                                                                  ST r11, [p3];                                               MOV.u20 r6, #buf12d;          NOP
	   320    0x80 0x00 0x00 0xf6 0xff 0x8c 0x47 0xf7                                                                                  NOP;                                                        ST.SPIL r6, [sp, #-116];      NOP
	   328    0x80 0x00 0x00 0xf6 0xff 0x80 0x47 0xf7                                                                                  NOP;                                                        ST.SPIL r6, [sp, #-128];      NOP
	   336    0xaf 0x7a 0x00 0x40 0xf0 0x00 0x07 0xf7                                                                                  ST r11, [p0];                                               MOV.u20 r12, #buf16;          NOP
	   344    0xad 0x3f 0xa8 0x40 0x28 0x80 0x07 0xf7                                                                                  ST p1, [sp, #-44];                                          MOV.u20 cl2, #2048;           NOP
	   352    0x80 0x00 0x00 0xfc 0xfe 0xb8 0x47 0xf7                                                                                  NOP;                                                        ST.SPIL r12, [sp, #-328];     NOP
	   360    0x80 0x00 0x00 0xfc 0xfe 0xac 0x47 0xf7                                                                                  NOP;                                                        ST.SPIL r12, [sp, #-340];     NOP
	   368    0x80 0x00 0x00 0xfe 0xfe 0xc8 0x47 0xf7                                                                                  NOP;                                                        ST.SPIL r14, [sp, #-312];     NOP
	   376    0x50 0x03 0xd0 0xfd 0xfe 0xcc 0x47 0xf7                                                                                                                MOV.s12 r13, #1024;           ST.SPIL r13, [sp, #-308];     NOP
	   384    0xad 0x7f 0xb0 0x40 0x08 0x00 0x07 0xf7                                                                                  ST p3, [sp, #-40];                                          MOV.u20 ch2, #buf17;          NOP
	   392    0x80 0x00 0x00 0xd2 0xfe 0x84 0x47 0xf7                                                                                  NOP;                                                        ST.SPIL ch2, [sp, #-380];     NOP
	   400    0x80 0x00 0x00 0xd2 0xfe 0x78 0x47 0xf7                                                                                  NOP;                                                        ST.SPIL ch2, [sp, #-392];     NOP
	   408    0x80 0x00 0x00 0xfa 0xfe 0x94 0x47 0xf7                                                                                  NOP;                                                        ST.SPIL r10, [sp, #-364];     NOP
	   416    0x80 0x00 0x00 0xf5 0xfe 0x98 0x47 0xf7                                                                                  NOP;                                                        ST.SPIL r5, [sp, #-360];      NOP
	   424    0xad 0x9f 0xb8 0x40 0xd8 0x00 0x07 0xf7                                                                                  ST p4, [sp, #-36];                                          MOV.u20 r6, #buf13d;          NOP
	   432    0xad 0x5f 0xc0 0x40 0x2c 0x00 0x07 0xf7                                                                                  ST p2, [sp, #-32];                                          MOV.u20 cl3, #buf16d;         NOP
	   440    0xaf 0xff 0x68 0x40 0x0c 0x00 0x07 0xf7                                                                                  ST r15, [sp, #-76];                                         MOV.u20 ch3, #buf17d;         NOP
	   448    0x80 0x00 0x00 0xf6 0xff 0x58 0x47 0xf7                                                                                  NOP;                                                        ST.SPIL r6, [sp, #-168];      NOP
	   456    0x80 0x00 0x00 0xdb 0xfe 0xbc 0x47 0xf7                                                                                  NOP;                                                        ST.SPIL cl3, [sp, #-324];     NOP
	   464    0x80 0x00 0x00 0xd3 0xfe 0x88 0x47 0xf7                                                                                  NOP;                                                        ST.SPIL ch3, [sp, #-376];     NOP
	   472    0x80 0x00 0x00 0xf6 0xff 0x4c 0x47 0xf7                                                                                  NOP;                                                        ST.SPIL r6, [sp, #-180];      NOP
	   480    0x80 0x00 0x00 0xdb 0xfe 0xb0 0x47 0xf7                                                                                  NOP;                                                        ST.SPIL cl3, [sp, #-336];     NOP
	   488    0x80 0x00 0x00 0xd3 0xfe 0x7c 0x47 0xf7                                                                                  NOP;                                                        ST.SPIL ch3, [sp, #-388];     NOP
	   496    0xaf 0x7a 0x10 0x40 0xa0 0x00 0x07 0xf7                                                                                  ST r11, [p2];                                               MOV.u20 p0, #_ZL11sync_buffer;NOP
	   504    0xaf 0x7a 0x08 0x03                                                              NOP;                                    ST r11, [p1]
	   508    0xaf 0x7a 0x38 0x03                                                              NOP;                                    ST r11, [p7]
	   512    0x80 0x00 0x00 0xd9 0xff 0x84 0x47 0xf7                                                                                  NOP;                                                        ST.SPIL cl1, [sp, #-124];     NOP
	   520    0x80 0x00 0x00 0xd1 0xff 0x50 0x47 0xf7                                                                                  NOP;                                                        ST.SPIL ch1, [sp, #-176];     NOP
	   528    0x80 0x00 0x00 0xd8 0xff 0x1c 0x47 0xf7                                                                                  NOP;                                                        ST.SPIL cl0, [sp, #-228];     NOP
	   536    0x80 0x00 0x00 0xd0 0xfe 0xe8 0x47 0xf7                                                                                  NOP;                                                        ST.SPIL ch0, [sp, #-280];     NOP
	   544    0x80 0x00 0x00 0xfc 0xfe 0xb4 0x47 0xf7                                                                                  NOP;                                                        ST.SPIL r12, [sp, #-332];     NOP
	   552    0x80 0x00 0x00 0xd2 0xfe 0x80 0x47 0xf7                                                                                  NOP;                                                        ST.SPIL ch2, [sp, #-384];     NOP
	   560    0x80 0x00 0x00 0xd9 0xff 0x78 0x47 0xf7                                                                                  NOP;                                                        ST.SPIL cl1, [sp, #-136];     NOP
	   568    0x80 0x00 0x00 0xd1 0xff 0x44 0x47 0xf7                                                                                  NOP;                                                        ST.SPIL ch1, [sp, #-188];     NOP
	   576    0x80 0x00 0x00 0xd8 0xff 0x10 0x47 0xf7                                                                                  NOP;                                                        ST.SPIL cl0, [sp, #-240];     NOP
	   584    0x80 0x00 0x00 0xd0 0xfe 0xdc 0x47 0xf7                                                                                  NOP;                                                        ST.SPIL ch0, [sp, #-292];     NOP
	   592    0x80 0x00 0x00 0xfc 0xfe 0xa8 0x47 0xf7                                                                                  NOP;                                                        ST.SPIL r12, [sp, #-344];     NOP
	   600    0x80 0x00 0x00 0xd2 0xfe 0x74 0x47 0xf7                                                                                  NOP;                                                        ST.SPIL ch2, [sp, #-396];     NOP
	   608    0x80 0x00 0x00 0xda 0xff 0x90 0x47 0xf7                                                                                  NOP;                                                        ST.SPIL cl2, [sp, #-112];     NOP
	   616    0x80 0x00 0x00 0xda 0xff 0x5c 0x47 0xf7                                                                                  NOP;                                                        ST.SPIL cl2, [sp, #-164];     NOP
	   624    0x80 0x00 0x00 0xda 0xff 0x28 0x47 0xf7                                                                                  NOP;                                                        ST.SPIL cl2, [sp, #-216];     NOP
	   632    0x80 0x00 0x00 0xda 0xfe 0xf4 0x47 0xf7                                                                                  NOP;                                                        ST.SPIL cl2, [sp, #-268];     NOP
	   640    0x80 0x00 0x00 0xda 0xfe 0xc0 0x47 0xf7                                                                                  NOP;                                                        ST.SPIL cl2, [sp, #-320];     NOP
	   648    0x80 0x00 0x00 0xfd 0xfe 0x8c 0x47 0xf7                                                                                  NOP;                                                        ST.SPIL r13, [sp, #-372];     NOP
	   656    0x80 0x00 0x00 0xda 0xff 0x94 0x47 0xf7                                                                                  NOP;                                                        ST.SPIL cl2, [sp, #-108];     NOP
	   664    0x80 0x00 0x00 0xda 0xff 0x60 0x47 0xf7                                                                                  NOP;                                                        ST.SPIL cl2, [sp, #-160];     NOP
	   672    0x80 0x00 0x00 0xda 0xff 0x2c 0x47 0xf7                                                                                  NOP;                                                        ST.SPIL cl2, [sp, #-212];     NOP
	   680    0x80 0x00 0x00 0xda 0xfe 0xf8 0x47 0xf7                                                                                  NOP;                                                        ST.SPIL cl2, [sp, #-264];     NOP
	   688    0x80 0x00 0x00 0xda 0xfe 0xc4 0x47 0xf7                                                                                  NOP;                                                        ST.SPIL cl2, [sp, #-316];     NOP
	   696    0x80 0x00 0x00 0xfd 0xfe 0x90 0x47 0xf7                                                                                  NOP;                                                        ST.SPIL r13, [sp, #-368];     NOP
	   704    0xaf 0x74 0x40 0x03                                                              NOP;                                    ST r11, [p0], #4
	   708    0x80 0x00 0x00 0xd9 0xff 0x74 0x47 0xf7                                                                                  NOP;                                                        ST.SPIL cl1, [sp, #-140];     NOP
	   716    0x80 0x00 0x00 0xd1 0xff 0x40 0x47 0xf7                                                                                  NOP;                                                        ST.SPIL ch1, [sp, #-192];     NOP
	   724    0x80 0x00 0x00 0xd8 0xff 0x0c 0x47 0xf7                                                                                  NOP;                                                        ST.SPIL cl0, [sp, #-244];     NOP
	   732    0x80 0x00 0x00 0xd0 0xfe 0xd8 0x47 0xf7                                                                                  NOP;                                                        ST.SPIL ch0, [sp, #-296];     NOP
	   740    0x80 0x00 0x00 0xfc 0xfe 0xa4 0x47 0xf7                                                                                  NOP;                                                        ST.SPIL r12, [sp, #-348];     NOP
	   748    0x80 0x00 0x00 0xd2 0xfe 0x70 0x47 0xf7                                                                                  NOP;                                                        ST.SPIL ch2, [sp, #-400];     NOP
	   756    0x80 0x00 0x00 0xfe 0xff 0xb8 0x47 0xf7                                                                                  NOP;                                                        ST.SPIL r14, [sp, #-72];      NOP
	   764    0x80 0x00 0x00 0xee 0xff 0xf4 0x47 0xf7                                                                                  NOP;                                                        ST.SPIL p6, [sp, #-12];       NOP
	   772    0x00 0x00 0x00 0x00 0x10 0x00 0x00 0x0c 0x8f 0xff 0xc4 0x3f                      NOP;                NOP;                NOP;                                                        ST.SPIL lr, [sp, #-4];        NOP
.label TGT_F_main_784
.loop_nesting 1
	   784    0x00 0x00 0x3c 0xdf 0x10 0x00 0x00 0x0c 0x7a 0xff 0xb6 0x3f                      NOP;                LDB r12, [p0], #-4; NOP;                                                        LDA.SPIL p3, [sp, #-40];      NOP
	   796    0x80 0x00 0x00 0xc7 0xab 0xfb 0xe7 0xf7                                                                                  NOP;                                                        LDA.SPIL p2, [sp, #-36];      NOP
	   804    0x00 0x01                                                                        NOP
	   806    0x00 0x01                                                                        NOP
	   808    0x00 0x01                                                                        NOP
	   810    0x00 0x01                                                                        NOP
	   812    0x00 0x01                                                                        NOP
	   814    0x00 0x01                                                                        NOP
	   816    0x80 0x00 0x00 0x81 0x80 0x58 0x07 0xf7                                                                                  NOP;                                                        BEQZ r12,#TGT_F_main_1408;    NOP
.delay_slot
	   824    0x80 0x00 0x00 0xc7 0xa7 0xfc 0x67 0xf7                                                                                  NOP;                                                        LDA.SPIL p1, [sp, #-32];      NOP
.delay_slot
	   832    0x80 0x00 0x00 0xc7 0xbb 0xfa 0x67 0xf7                                                                                  NOP;                                                        LDA.SPIL p6, [sp, #-48];      NOP
.delay_slot
	   840    0x80 0x00 0x00 0xc7 0xb3 0xfa 0xe7 0xf7                                                                                  NOP;                                                        LDA.SPIL p4, [sp, #-44];      NOP
.delay_slot
	   848    0x80 0x00 0x00 0xc7 0xbf 0xfc 0xe7 0xf7                                                                                  NOP;                                                        LDA.SPIL p7, [sp, #-28];      NOP
.delay_slot
	   856    0x80 0x00 0x00 0xfc 0xff 0xcc 0x47 0xf7                                                                                  NOP;                                                        ST.SPIL r12, [sp, #-52];      NOP
	   864    0x80 0x00 0x00 0xeb 0xff 0xc0 0x47 0xf7                                                                                  NOP;                                                        ST.SPIL p3, [sp, #-64];       NOP
	   872    0x80 0x00 0x00 0xea 0xff 0xc4 0x47 0xf7                                                                                  NOP;                                                        ST.SPIL p2, [sp, #-60];       NOP
	   880    0x80 0x00 0x00 0xe8 0xff 0xbc 0x47 0xf7                                                                                  NOP;                                                        ST.SPIL p0, [sp, #-68];       NOP
	   888    0x80 0x00 0x00 0xe9 0xff 0xc8 0x47 0xf7                                                                                  NOP;                                                        ST.SPIL p1, [sp, #-56];       NOP
.label TGT_F_main_896
.loop_nesting 2
	   896    0x14 0x14 0x30 0x03                                                              NOP;                                                                  ACQ r4, #1, r1
	   900    0x00 0x01                                                                        NOP
	   902    0x00 0x01                                                                        NOP
	   904    0x00 0x01                                                                        NOP
	   906    0x14 0x19 0x30 0x03                                                              NOP;                                                                  ACQ r9, #1, r1
	   910    0x00 0x01                                                                        NOP
	   912    0x00 0x01                                                                        NOP
	   914    0x00 0x01                                                                        NOP
	   916    0x14 0x18 0x30 0x03                                                              NOP;                                                                  ACQ r8, #1, r1
	   920    0x00 0x01                                                                        NOP
	   922    0x00 0x01                                                                        NOP
	   924    0x00 0x01                                                                        NOP
	   926    0x14 0x1f 0x30 0x03                                                              NOP;                                                                  ACQ r15, #1, r1
	   930    0x00 0x01                                                                        NOP
	   932    0x00 0x01                                                                        NOP
	   934    0x00 0x01                                                                        NOP
	   936    0x14 0x1e 0x30 0x03                                                              NOP;                                                                  ACQ r14, #1, r1
	   940    0x00 0x01                                                                        NOP
	   942    0x00 0x01                                                                        NOP
	   944    0x00 0x01                                                                        NOP
	   946    0x14 0xba 0x30 0x03                                                              NOP;                                                                  ACQ r10, #1, r11
.swstall mem_acquire0
	   950    0x00 0x01                                                                        NOP
.swstall mem_acquire0
	   952    0x00 0x01                                                                        NOP
.no_stack_arguments
	   954    0x80 0x00 0x00 0xa0 0x20 0x00 0x07 0xf7                                                                                  NOP;                                                        JAL #hdiff_flux2;             NOP
.delay_slot
	   962    0x80 0x00 0x00 0xec 0xff 0xa4 0x47 0xf7                                                                                  NOP;                                                        ST.SPIL p4, [sp, #-92];       NOP
.delay_slot
	   970    0xba 0xd5                                                                        MOV p5, p6
.delay_slot
	   972    0x5c 0x3e 0xb0 0x00 0x00 0x37 0xd0 0xf7                                                                                  ST r0, [sp, #-84];            NOP;                          MOV p0, p7
.delay_slot
.swstall delay_slot
	   980    0x00 0x00 0x00 0x03                                                              NOP;                                                                  NOP
.delay_slot
.swstall delay_slot
	   984    0x00 0x00 0x00 0x00 0x00 0x00 0x00 0x37                                          NOP;                                    NOP;                          NOP
.return_address
	   992    0x40 0x07 0xc0 0x03                                                              NOP;                                                                  MOV.s12 r12, #1
	   996    0x00 0x01                                                                        NOP
	   998    0x00 0x01                                                                        NOP
	  1000    0x80 0x00 0x00 0xc7 0xff 0xf5 0x67 0xf7                                                                                  NOP;                                                        LDA.SPIL r15, [sp, #-88];     NOP
	  1008    0x80 0x00 0x00 0xc7 0xf7 0xf6 0x67 0xf7                                                                                  NOP;                                                        LDA.SPIL r13, [sp, #-80];     NOP
	  1016    0x80 0x00 0x00 0xc7 0xfb 0xf6 0xe7 0xf7                                                                                  NOP;                                                        LDA.SPIL r14, [sp, #-76];     NOP
	  1024    0x16 0xb4 0x30 0x03                                                              NOP;                                                                  REL r4, #1, r11
	  1028    0x80 0x00 0x00 0xc7 0xe3 0xf7 0x67 0xf7                                                                                  NOP;                                                        LDA.SPIL r8, [sp, #-72];      NOP
	  1036    0x00 0x01                                                                        NOP
	  1038    0x00 0x01                                                                        NOP
	  1040    0x00 0x01                                                                        NOP
	  1042    0x16 0xbf 0x30 0x03                                                              NOP;                                                                  REL r15, #1, r11
	  1046    0x00 0x01                                                                        NOP
	  1048    0x00 0x01                                                                        NOP
	  1050    0x00 0x01                                                                        NOP
	  1052    0x16 0xbd 0x30 0x03                                                              NOP;                                                                  REL r13, #1, r11
	  1056    0x00 0x01                                                                        NOP
	  1058    0x00 0x01                                                                        NOP
	  1060    0x00 0x01                                                                        NOP
	  1062    0x16 0xbe 0x30 0x03                                                              NOP;                                                                  REL r14, #1, r11
	  1066    0x00 0x01                                                                        NOP
	  1068    0x00 0x01                                                                        NOP
	  1070    0x00 0x01                                                                        NOP
	  1072    0x16 0xb8 0x30 0x03                                                              NOP;                                                                  REL r8, #1, r11
	  1076    0x00 0x01                                                                        NOP
	  1078    0x00 0x01                                                                        NOP
	  1080    0x00 0x00 0x00 0x03                                                              NOP;                                                                  NOP
	  1084    0x16 0xca 0x30 0x03                                                              NOP;                                                                  REL r10, #1, r12
	  1088    0x70 0xfa 0xc4 0x56 0xe8 0x0c 0x6e 0x04 0x0e 0x80 0x00 0x3f                      LDA r0, [sp, #-84]; PADDB [p7], #24;                                  MOV.s12 r7, #24;              MOV.u20 r10, #buf13d;         NOP
	  1100    0x6b 0xfc 0x14 0xc0 0x74 0x02 0xb6 0x04 0x0f 0x80 0x00 0x3f                      LDA p3, [sp, #-64]; MOV.s9 r4, #3;      PADDS [p6], #24;                                            MOV.u20 r14, #buf13;          NOP
	  1112    0x6a 0xfc 0x5f 0xc0 0x50 0x00 0x00 0x04 0x0f 0x00 0x00 0x3f                      LDA p2, [sp, #-60]; MOV.s9 r15, #2;     NOP;                                                        MOV.u20 r12, #buf15;          NOP
	  1124    0x69 0xfc 0x80 0x00 0x10 0x00 0x00 0x04 0x0d 0x40 0x00 0x3f                      LDA p1, [sp, #-56]; NOP;                NOP;                                                        MOV.u20 r5, #buf15d;          NOP
	  1136    0x6c 0xfa 0x40 0x00 0x10 0x00 0x00 0x04 0x0d 0x80 0x00 0x3f                      LDA p4, [sp, #-92]; NOP;                NOP;                                                        MOV.u20 r6, #buf14d;          NOP
.noswbrkpt
	  1148    0x00 0x00 0x37 0xfe 0x70 0x00 0x00 0x04 0x0f 0x40 0x00 0x3f                      NOP;                LDB r7, [sp, #-52]; NOP;                                                        MOV.u20 r13, #buf14;          NOP
.nohwbrkpt
.noswbrkpt
	  1160    0x80 0x00 0x00 0x40 0xe4 0x00 0x07 0xf7                                                                                  NOP;                                                        MOV.u20 r9, #buf12d;          NOP
.nohwbrkpt
.noswbrkpt
	  1168    0x80 0x00 0x00 0x40 0xe0 0x00 0x07 0xf7                                                                                  NOP;                                                        MOV.u20 r8, #buf12;           NOP
.nohwbrkpt
.noswbrkpt
	  1176    0x00 0x00 0x1e 0xc3 0x23 0xfd 0x44 0x04 0x0c 0x40 0x00 0x3f                      NOP;                MOV.s9 r14, #25;                                  ITE_NEZ r2, r10, r14, r0;     MOV.u20 r1, #buf17d;          NOP
.nohwbrkpt
.noswbrkpt
	  1188    0x08 0xac 0xc0 0x00 0x03 0xcb 0x98 0x04 0x0d 0x40 0x00 0x3f                      PADDA [p3], #24;    NOP;                                              ITE_EQZ r12, r12, r5, r0;     MOV.u20 r5, #buf17;           NOP
.nohwbrkpt
.noswbrkpt
	  1200    0x08 0xac 0x80 0x00 0x03 0xfa 0xda 0x04 0x0e 0x80 0x00 0x3f                      PADDA [p2], #24;    NOP;                                              ITE_NEZ r13, r6, r13, r0;     MOV.u20 r10, #buf16;          NOP
.nohwbrkpt
.noswbrkpt
	  1212    0x08 0xac 0x4f 0xbf 0x72 0xf9 0x75 0xb7                                          PADDA [p1], #24;                        ST r12, [p3], #-12;           ITE_NEZ r14, r14, r7, r0
	  1220    0x08 0xad 0x00 0x00 0x0b 0xe5 0xf6 0x7a 0x60 0xf1 0x2e 0x1f                      PADDA [p4], #24;    NOP;                ST r12, [p3], #-4;            ITE_EQZ r3, r8, r9, r0;       MOV.s8 r8, #18
	  1232    0x5f 0x2f 0x33 0xea 0x2b 0x89 0xf2 0xf7                                                                                  ST r12, [p3], #-8;            ITE_NEZ r5, r1, r5, r0;       MOV.s8 r9, #19
	  1240    0xaf 0xb7 0x50 0x40 0xd8 0x00 0x07 0xf7                                                                                  ST r13, [p2], #-12;                                         MOV.u20 r6, #buf16d;          NOP
	  1248    0x00 0x00 0x0f 0x35 0x32 0xfb 0x7d 0x37                                          NOP;                                    ST r13, [p2], #-4;            ITE_EQZ r6, r10, r6, r0
	  1256    0x00 0x00 0x1d 0xbd 0xe2 0xe7 0x77 0xb7                                          NOP;                                    ST r3, [p7], #-12;            LT r12, r11, r7
	  1264    0x00 0x00 0x0f 0x4c 0x4a 0xe5 0x74 0xb7                                          NOP;                                    ST r2, [p1], #-12;            ITE_EQZ r9, r8, r9, r0
	  1272    0x00 0x00 0x18 0xe3 0xe2 0xeb 0x77 0x37                                          NOP;                                    ST r5, [p6], #-12;            SUB r12, r7, r12
	  1280    0xaf 0xb7 0x90 0x03                                                              NOP;                                    ST r13, [p2], #-8
	  1284    0xae 0x77 0xf8 0x03                                                              NOP;                                    ST r3, [p7], #-4
	  1288    0xae 0x57 0xc8 0x03                                                              NOP;                                    ST r2, [p1], #-4
	  1292    0xae 0xd7 0x60 0x03                                                              NOP;                                    ST r6, [p4], #-12
	  1296    0xae 0xb7 0xf0 0x03                                                              NOP;                                    ST r5, [p6], #-4
	  1300    0xae 0x77 0xb8 0x03                                                              NOP;                                    ST r3, [p7], #-8
	  1304    0xae 0x57 0x88 0x03                                                              NOP;                                    ST r2, [p1], #-8
	  1308    0xae 0xd7 0xe0 0x03                                                              NOP;                                    ST r6, [p4], #-4
	  1312    0xae 0xb7 0xb0 0x03                                                              NOP;                                    ST r5, [p6], #-8
	  1316    0x80 0x00 0x00 0xf9 0xff 0xa8 0x47 0xf7                                                                                  NOP;                                                        ST.SPIL r9, [sp, #-88];       NOP
	  1324    0x80 0x00 0x00 0xeb 0xff 0xc0 0x47 0xf7                                                                                  NOP;                                                        ST.SPIL p3, [sp, #-64];       NOP
	  1332    0x80 0x00 0x00 0xea 0xff 0xc4 0x47 0xf7                                                                                  NOP;                                                        ST.SPIL p2, [sp, #-60];       NOP
	  1340    0xaf 0xdf 0x70 0x91 0x80 0x38 0x07 0xf7                                                                                  ST r14, [sp, #-72];                                         BNEZ r12,#TGT_F_main_896;     NOP
.delay_slot
	  1348    0x00 0x00 0x1f 0xc2 0xcb 0xb5 0xe8 0x7f 0xd1 0x31 0x7c 0x5f                      NOP;                MOV.s9 r15, #22;    ST r6, [p4], #-8;             ITE_NEZ r4, r4, r15, r0;      MOV.s8 r1, #23
.delay_slot
	  1360    0x00 0x00 0x1a 0xc6 0x2b 0x4f 0xe4 0x7f 0xc7 0xf3 0x0c 0x5f                      NOP;                MOV.s9 r10, #49;    ST p1, [sp, #-56];            ITE_NEZ r15, r1, r15, r0;     MOV.s8 r1, #48
.delay_slot
	  1372    0x00 0x00 0x18 0xc2 0xab 0xff 0xda 0x7c 0x6a 0xb1 0x4c 0x5f                      NOP;                MOV.s9 r8, #21;     ST r15, [sp, #-76];           ITE_NEZ r10, r10, r1, r0;     MOV.s8 r1, #20
.delay_slot
	  1384    0x5f 0x3f 0x33 0xe3 0x11 0x80 0xe2 0xf7                                                                                  ST r12, [sp, #-52];           ITE_NEZ r8, r8, r1, r0;       MOV.s8 r1, #1
.delay_slot
	  1392    0x5e 0x3e 0xc6 0x20 0x21 0x80 0x76 0xf7                                                                                  ST r8, [sp, #-80];            SUB r0, r1, r0;               MOV.s8 r11, #0
.loop_nesting 1
	  1400    0x80 0x00 0x00 0xc7 0xa3 0xf7 0xe7 0xf7                                                                                  NOP;                                                        LDA.SPIL p0, [sp, #-68];      NOP
.label TGT_F_main_1408
.swstall chess_separator_scheduler
	  1408    0x00 0x01                                                                        NOP
.swstall chess_separator_scheduler
	  1410    0x00 0x01                                                                        NOP
.swstall chess_separator_scheduler
	  1412    0x00 0x01                                                                        NOP
.swstall chess_separator_scheduler
	  1414    0x00 0x01                                                                        NOP
.swstall chess_separator_scheduler
	  1416    0x00 0x01                                                                        NOP
.swstall chess_separator_scheduler
	  1418    0x00 0x01                                                                        NOP
.swstall chess_separator_scheduler
	  1420    0x00 0x01                                                                        NOP
.swstall chess_separator_scheduler
	  1422    0x00 0x01                                                                        NOP
	  1424    0x04 0x00 0x20 0x03                                                              NOP;                                                                  EVENT #2
.swstall chess_separator_scheduler
	  1428    0x00 0x01                                                                        NOP
.swstall chess_separator_scheduler
	  1430    0x00 0x01                                                                        NOP
.swstall chess_separator_scheduler
	  1432    0x00 0x01                                                                        NOP
.swstall chess_separator_scheduler
	  1434    0x00 0x01                                                                        NOP
.swstall chess_separator_scheduler
	  1436    0x00 0x01                                                                        NOP
	  1438    0x7c 0xa2 0x00 0x00 0x00 0x00 0x00 0x37                                          LDA r12, [p0], #4;                      NOP;                          NOP
	  1446    0x00 0x01                                                                        NOP
	  1448    0x00 0x01                                                                        NOP
	  1450    0x00 0x01                                                                        NOP
	  1452    0x00 0x01                                                                        NOP
	  1454    0x00 0x01                                                                        NOP
	  1456    0x00 0x01                                                                        NOP
	  1458    0x00 0x01                                                                        NOP
	  1460    0x3a 0xcb 0xc0 0x03                                                              NOP;                                                                  GE r12, r11, r12
	  1464    0x80 0x00 0x00 0x91 0x80 0x31 0x07 0xf7                                                                                  NOP;                                                        BNEZ r12,#TGT_F_main_784;     NOP
.delay_slot
.swstall delay_slot
	  1472    0x00 0x01                                                                        NOP
.delay_slot
.swstall delay_slot
	  1474    0x00 0x01                                                                        NOP
.delay_slot
.swstall delay_slot
	  1476    0x00 0x01                                                                        NOP
.delay_slot
.swstall delay_slot
	  1478    0x00 0x01                                                                        NOP
.delay_slot
.swstall delay_slot
	  1480    0x00 0x01                                                                        NOP
.loop_nesting 0
	  1482    0x7a 0xfe 0xf0 0x0c 0x0f 0x30 0x40 0x77                                          LDA r10, [sp, #-20];                                                  MOV.s12 m0, #-416;            MOV.s8 r0, #0
	  1490    0x80 0x00 0x00 0xc7 0xef 0xfd 0x67 0xf7                                                                                  NOP;                                                        LDA.SPIL r11, [sp, #-24];     NOP
	  1498    0x80 0x00 0x00 0xc7 0xd3 0xff 0x67 0xf7                                                                                  NOP;                                                        LDA.SPIL r4, [sp, #-8];       NOP
	  1506    0x80 0x00 0x00 0xc7 0xbb 0xfe 0xe7 0xf7                                                                                  NOP;                                                        LDA.SPIL p6, [sp, #-12];      NOP
	  1514    0x80 0x00 0x00 0xc7 0xbf 0xfe 0x67 0xf7                                                                                  NOP;                                                        LDA.SPIL p7, [sp, #-16];      NOP
	  1522    0x58 0xff 0xf8 0x03                                                              NOP;                LDB lr, [sp, #-4]
	  1526    0x08 0x90 0x00 0x00 0x00 0x00 0x00 0x37                                          PADDA [sp], m0;                         NOP;                          NOP
	  1534    0x00 0x01                                                                        NOP
	  1536    0x00 0x01                                                                        NOP
	  1538    0x00 0x01                                                                        NOP
	  1540    0x00 0x01                                                                        NOP
	  1542    0x00 0x01                                                                        NOP
	  1544    0x00 0x01                                                                        NOP
	  1546    0x00 0x01                                                                        NOP
.end_of_main
	  1548    0x01 0x01                                                                        RET lr
.delay_slot
.swstall delay_slot
	  1550    0x00 0x01                                                                        NOP
.delay_slot
.swstall delay_slot
	  1552    0x00 0x01                                                                        NOP
.delay_slot
.swstall delay_slot
	  1554    0x00 0x01                                                                        NOP
.delay_slot
.swstall delay_slot
	  1556    0x00 0x01                                                                        NOP
.label _main__end last
.label _main___func_end0 last
.delay_slot
.swstall delay_slot
	  1558    0x00 0x01                                                                        NOP

.undef global data main

.undef global data buf12

.undef global data buf12d

.undef global data buf13

.undef global data buf13d

.undef global data buf14

.undef global data buf14d

.undef global data buf15

.undef global data buf15d

.undef global data buf16

.undef global data buf16d

.undef global data buf17

.undef global data buf17d

.undef global text hdiff_flux2

