
// File generated by darts version U-2022.12#3eec2545bc#230622, Tue Mar 10 16:46:26 2026
// Copyright 2014-2022 Synopsys, Inc. All rights reserved.
// darts -v -I/usr/xilinx/Vitis/2023.2/aietools/data/versal_prod/lib -d -h -I/usr/xilinx/Vitis/2023.2/aietools/include -I/media/4T/home/xianyijiang/my_sparta/aie/. -I/media/4T/home/xianyijiang/my_sparta/aie/./ProcessUnit -I/media/4T/home/xianyijiang/my_sparta/aie/. -I/media/4T/home/xianyijiang/my_sparta/aie/./aie -I/media/4T/home/xianyijiang/my_sparta/aie/media/4T/home/xianyijiang/my_sparta/aie/. -I/media/4T/home/xianyijiang/my_sparta/aie/media/4T/home/xianyijiang/my_sparta/aie/./aie -I/media/4T/home/xianyijiang/my_sparta/aie/usr/xilinx/Vitis/2023.2/aietools/include -I/usr/xilinx/Vitis/2023.2/aietools/include -I/usr/xilinx/Vitis/2023.2/aietools/data/versal_prod/lib/runtime_cxx/libcxx-lite/include -I/usr/xilinx/Vitis/2023.2/aietools/data/versal_prod/lib/runtime_cxx/libs/libcxx-9.0.0/include-lite -I/usr/xilinx/Vitis/2023.2/aietools/data/versal_prod/lib/runtime/include -D__AIENGINE__ -D__AIE_ARCH__=10 -DDEPLOYMENT_ELF=1 -D__LOCK_FENCE_MODE__=0 -DAIE_OPTION_SCALAR_FLOAT_ON_VECTOR -D__tct_tgt__=230622 -L +Ihex +nanno ../Release/hdiff_flux2.o me

// Release: ipp U-2022.12-TGT-230622
.data_segment_name
.rodata local 32 _ZL8weights1 DMb
	0x1
	0x0
	0x0
	0x0
	0x1
	0x0
	0x0
	0x0
	0x1
	0x0
	0x0
	0x0
	0x1
	0x0
	0x0
	0x0
	0x1
	0x0
	0x0
	0x0
	0x1
	0x0
	0x0
	0x0
	0x1
	0x0
	0x0
	0x0
	0x1
	0x0
	0x0
	0x0

.data_segment_name
.rodata local 32 _ZL8flux_out DMb
	0xf9
	0xff
	0xff
	0xff
	0xf9
	0xff
	0xff
	0xff
	0xf9
	0xff
	0xff
	0xff
	0xf9
	0xff
	0xff
	0xff
	0xf9
	0xff
	0xff
	0xff
	0xf9
	0xff
	0xff
	0xff
	0xf9
	0xff
	0xff
	0xff
	0xf9
	0xff
	0xff
	0xff

.undef local data _ZL8weights1

.undef local data _ZL8flux_out

.undef global data _ZN12me_primitive3ss0E


.undef global data _ZN12me_primitive3ms0E


.undef global data _ZN12me_primitive4sst0E


.undef global data _ZN12me_primitive4ssc0E


.undef global data _ZN12me_primitive5wsst0E


.undef global data _ZN12me_primitive4msc0E


.undef global data _ZN12me_primitive3ss1E


.undef global data _ZN12me_primitive3ms1E


.undef global data _ZN12me_primitive4sst1E


.undef global data _ZN12me_primitive4ssc1E


.undef global data _ZN12me_primitive5wsst1E


.undef global data _ZN12me_primitive4msc1E


.undef global data ZERO

.undef global data ONES

.text_segment_name
.text global 16 hdiff_flux2
.label _hdiff_flux2___func_begin0
.function_start
	     0    0x28 0xf9 0x18 0xc0 0x28 0x05 0x61 0x16 0x08 0x06 0xfe 0x5f                      MOV.s10 cs0, #-28;  MOV.s9 r8, #1;      PADDS [p0], #24;              MOV.s12 m0, #352;             MOV r9, p7
	    12    0x30 0x08 0x04 0x48 0x08 0x05 0x62 0xa0 0x20 0x06 0xee 0x1f                      MOV.s10 m0, #32;    PADDB [sp], m0;     PADDS [p1], #24;              ADD.NRM s0, r8, #0;           MOV r8, p6
	    24    0x38 0x00 0x1c 0xc0 0x14 0x02 0xb2 0x04 0x0b 0xc0 0x00 0x3f                      MOV.s10 r0, #0;     MOV.s9 r12, #0;     PADDS [p2], #24;                                            MOV.u20 p7, #ZERO;            NOP
	    36    0x42 0xa6 0x0f 0x68 0xf7 0x4b 0xfb 0x04 0x0b 0x80 0x00 0x3f                      LDA cb2, [p0], #12; VLDB wd1, [p7];     VST wr1, [sp, #-160];                                       MOV.u20 p6, #_ZL8weights1;    NOP
	    48    0x4a 0xd0 0x01 0x68 0xc8 0x08 0x62 0x04 0x0b 0x80 0x00 0x3f                      LDA cs2, [p0];      VLDB wr0, [p6];                                   MOV.s12 r1, #16;              MOV.u20 p6, #_ZL8flux_out;    NOP
	    60    0x6f 0xc0 0x0d 0x68 0xf4 0x02 0xb3 0x05 0x02 0x32 0x10 0x3f                      LDA p7, [p0, cs0];  VLDB wd0, [p7];     PADDS [p3], #24;                                            MOV.u20 cl0, #274960;         NOP
	    72    0x43 0xa6 0x4b 0x68 0xd4 0x02 0xb4 0x07 0x20 0x3a 0x98 0x3f                      LDA cb3, [p1], #12; VLDB wc1, [p6];     PADDS [p4], #24;                                            MOV.u20 ch0, #834200;         NOP
	    84    0x4b 0xd0 0x44 0x56 0xb7 0x4b 0xf9 0x06 0x72 0x80 0x00 0x3f                      LDA cs3, [p1];      PADDB [p5], #24;    VST wr1, [sp, #-224];                                       MOV.u20 cl2, #638976;         NOP
	    96    0x44 0xa6 0x9d 0xc0 0x48 0x0f 0x88 0x04 0x40 0x80 0x00 0x3f                      LDA cb4, [p2], #12; MOV.s9 r13, #2;                                   MOV.s12 lc, #31;              MOV.u20 ch2, #65536;          NOP
	   108    0x4c 0xd0 0x80 0x00 0x10 0x00 0x00 0x00 0x12 0x07 0x65 0x3f                      LDA cs4, [p2];      NOP;                NOP;                                                        MOVT.s12 cl0, #1893;          NOP
	   120    0x45 0xa6 0xc0 0x00 0x17 0x7b 0xfd 0x00 0x10 0x0f 0xed 0x3f                      LDA cb5, [p3], #12; NOP;                VST wd1, [sp, #-96];                                        MOVT.s12 ch0, #-19;           NOP
	   132    0x4d 0xd0 0xc0 0x00 0x17 0x43 0xfc 0x00 0x12 0x80 0x09 0x3f                      LDA cs5, [p3];      NOP;                VST wr0, [sp, #-128];                                       MOVT.s12 cl2, #9;             NOP
	   144    0x46 0xa7 0x00 0x00 0x17 0x73 0xfe 0x04 0x72 0xc0 0x00 0x3f                      LDA cb6, [p4], #12; NOP;                VST wd0, [sp, #-64];                                        MOV.u20 cl3, #114688;         NOP
	   156    0x02 0x21 0xc0 0x00 0x17 0x6b 0xff 0x00 0x12 0xc0 0x18 0x3f                      VLDA wr0, [p7], m0, cyc2;NOP;           VST wc1, [sp, #-32];                                        MOVT.s12 cl3, #24;            NOP
	   168    0x0a 0x21 0xc0 0x00 0x10 0x00 0x00 0x04 0x40 0xc0 0x00 0x3f                      VLDA wr2, [p7], m0, cyc2;NOP;           NOP;                                                        MOV.u20 ch3, #65536;          NOP
	   180    0x1e 0xff 0x40 0x00 0x10 0x00 0x00 0x04 0x02 0x40 0x00 0x3f                      VLDA wd1, [sp, #-96];NOP;               NOP;                                                        MOV.u20 cl1, #0;              NOP
	   192    0x1a 0xff 0x80 0x00 0x15 0xbf 0x00 0x06 0x13 0x00 0x00 0x3f                      VLDA wd0, [sp, #-64];NOP;               ST p7, [p0, cs0];                                           MOV.u20 cl4, #540672;         NOP
	   204    0x6f 0xc0 0x40 0x00 0x10 0x00 0x00 0x04 0x06 0x02 0x20 0x3f                      LDA p7, [p1, cs0];  NOP;                NOP;                                                        MOV.u20 ls, #(ZLS_Fhdiff_flux2_544 + 0);NOP
.noswbrkpt
	   216    0x06 0xff 0x40 0x00 0x10 0x00 0x00 0x04 0x06 0xc3 0xc0 0x3f                      VLDA wr1, [sp, #-96];NOP;               NOP;                                                        MOV.u20 le, #(ZLE_Fhdiff_flux2_960 + 0);NOP
.nohwbrkpt
.noswbrkpt
	   228    0x4e 0xd1 0x00 0x00 0x10 0x00 0x00 0x04 0x03 0x40 0x00 0x3f                      LDA cs6, [p4];      NOP;                NOP;                                                        MOV.u20 cl5, #0;              NOP
.nohwbrkpt
.noswbrkpt
	   240    0x41 0xa7 0x40 0x00 0x10 0x00 0x00 0x04 0x73 0x80 0x00 0x3f                      LDA cb1, [p5], #12; NOP;                NOP;                                                        MOV.u20 cl6, #114688;         NOP
.nohwbrkpt
.noswbrkpt
	   252    0x49 0xb3 0x40 0x00 0x10 0x00 0x00 0x04 0x33 0xc0 0x00 0x3f                      LDA cs1, [p5], #-28;NOP;                NOP;                                                        MOV.u20 cl7, #49152;          NOP
.nohwbrkpt
.noswbrkpt
	   264    0x6d 0xd1 0x46 0xdb 0x80 0x00 0x00 0x77                                          LDA p5, [p5];                                                         NOP;                          MOV p6, p5
.nohwbrkpt
.noswbrkpt
	   272    0x49 0xaa 0x18 0x00 0x27 0x00 0x09 0xc7                                          NOP;                                                                                                VMOV xb, xd;                                                          VCMP xc, r3, yd.s32, r12, c0, r0, c0, c2
.nohwbrkpt
.noswbrkpt
	   280    0x00 0x00 0x00 0x00 0x10 0x00 0x00 0x00 0x12 0x40 0x01 0x80 0x04 0x40 0x80 0xcc  NOP;                NOP;                NOP;                          NOP;                          MOVT.s12 cl1, #1;             NOP;                                    VSEL xc, ya.s32, r0, c0, r1, c0, c3, r3
	   296    0x02 0x31 0xc0 0x00 0x10 0x00 0x00 0x00 0x13 0x00 0x01 0x3f                      VLDA wr0, [p7], m0, cyc3;NOP;           NOP;                                                        MOVT.s12 cl4, #1;             NOP
	   308    0x0a 0x31 0xc0 0x00 0x17 0x63 0xf6 0x04 0x01 0x00 0x00 0x3f                      VLDA wr2, [p7], m0, cyc3;NOP;           VST wc0, [sp, #-320];                                       MOV.u20 ch4, #0;              NOP
	   320    0xbb 0x5f 0xa8 0x40 0x04 0x00 0x07 0xf7                                                                                  VST wc1, [sp, #-352];                                       MOV.u20 ch1, #0;              NOP
.noswbrkpt
	   328    0x02 0xff 0x80 0x00 0x15 0xbf 0x01 0x04 0x41 0xc0 0x00 0x3f                      VLDA wr0, [sp, #-64];NOP;               ST p7, [p1, cs0];                                           MOV.u20 ch7, #65536;          NOP
.nohwbrkpt
.noswbrkpt
	   340    0x6f 0xc0 0x80 0x00 0x10 0x00 0x00 0x04 0x41 0x80 0x00 0x3f                      LDA p7, [p2, cs0];  NOP;                NOP;                                                        MOV.u20 ch6, #65536;          NOP
.nohwbrkpt
.noswbrkpt
	   352    0x00 0x01                                                                        NOP
.nohwbrkpt
.noswbrkpt
	   354    0x00 0x01                                                                        NOP
.nohwbrkpt
.noswbrkpt
	   356    0x80 0x00 0x00 0xe0 0xff 0x40 0x07 0xf7                                                                                  NOP;                                                        VST.SPIL wr0, [sp, #-192];    NOP
	   364    0x48 0x00 0x13 0x13                                                              NOP;                                                                                                                                                                      VCMP xc, r2, yd.s32, r0, c0, r0, c0, c2
	   368    0x00 0x01                                                                        NOP
	   370    0x00 0x01                                                                        NOP
	   372    0x00 0x01                                                                        NOP
	   374    0x1a 0x41 0xc0 0x00 0x00 0x00 0x00 0x37                                          VLDA wd0, [p7], m0, cyc4;               NOP;                          NOP
	   382    0x0a 0x41 0xc0 0x00 0x00 0x00 0x00 0x37                                          VLDA wr2, [p7], m0, cyc4;               NOP;                          NOP
.noswbrkpt
	   390    0x80 0x00 0x00 0xc7 0x93 0xf8 0x27 0xf7                                                                                  NOP;                                                        VLDA.SPIL wr2, [sp, #-64];    NOP
.nohwbrkpt
.noswbrkpt
	   398    0xad 0xf8 0x10 0xc7 0x9b 0xf4 0x27 0xf7                                                                                  ST p7, [p2, cs0];                                           VLDA.SPIL wr3, [sp, #-96];    NOP
.nohwbrkpt
.noswbrkpt
	   406    0x6f 0xc0 0xc0 0x00 0x00 0x00 0x00 0x37                                          LDA p7, [p3, cs0];                      NOP;                          NOP
.nohwbrkpt
.noswbrkpt
	   414    0x00 0x01                                                                        NOP
.nohwbrkpt
.noswbrkpt
	   416    0x00 0x01                                                                        NOP
.nohwbrkpt
.noswbrkpt
	   418    0x00 0x01                                                                        NOP
.nohwbrkpt
.noswbrkpt
	   420    0x68 0x00 0x10 0x93                                                              NOP;                                                                                                                                                                      VCMP xc, r5, ya.s32, r0, c0, r0, c0, c2
	   424    0x00 0x01                                                                        NOP
	   426    0xa8 0x10 0x1a 0x93                                                              NOP;                                                                                                                                                                      VSEL xc, yd.s32, r0, c0, r1, c0, c3, r5
	   430    0x00 0x01                                                                        NOP
	   432    0x1a 0x51 0xc0 0x00 0x10 0x00 0x00 0x0e 0x8f 0xf0 0x00 0x3f                      VLDA wd0, [p7], m0, cyc5;NOP;           NOP;                                                        VST.SPIL wc0, [sp, #-256];    NOP
	   444    0x0a 0x51 0xc0 0x00 0x10 0x00 0x00 0x0e 0xaf 0xee 0x00 0x3f                      VLDA wr2, [p7], m0, cyc5;NOP;           NOP;                                                        VST.SPIL wc1, [sp, #-288];    NOP
.noswbrkpt
	   456    0x80 0x00 0x00 0xc7 0x83 0xe8 0x27 0xf7                                                                                  NOP;                                                        VLDA.SPIL wr0, [sp, #-192];   NOP
.nohwbrkpt
.noswbrkpt
	   464    0xad 0xf8 0x18 0xc7 0x8b 0xe4 0x27 0xf7                                                                                  ST p7, [p3, cs0];                                           VLDA.SPIL wr1, [sp, #-224];   NOP
.nohwbrkpt
.noswbrkpt
	   472    0x6f 0xc1 0x00 0x00 0x00 0x00 0x00 0x37                                          LDA p7, [p4, cs0];                      NOP;                          NOP
.nohwbrkpt
.noswbrkpt
	   480    0x80 0x00 0x00 0xc7 0x93 0xf8 0x27 0xf7                                                                                  NOP;                                                        VLDA.SPIL wr2, [sp, #-64];    NOP
.nohwbrkpt
.noswbrkpt
	   488    0x80 0x00 0x00 0xc7 0x9b 0xf4 0x27 0xf7                                                                                  NOP;                                                        VLDA.SPIL wr3, [sp, #-96];    NOP
.nohwbrkpt
.noswbrkpt
	   496    0x00 0x01                                                                        NOP
.nohwbrkpt
.noswbrkpt
	   498    0x68 0x00 0x11 0x13                                                              NOP;                                                                                                                                                                      VCMP xc, r6, ya.s32, r0, c0, r0, c0, c2
	   502    0x00 0x01                                                                        NOP
	   504    0x00 0x01                                                                        NOP
	   506    0x00 0x01                                                                        NOP
.noswbrkpt
	   508    0x06 0x61 0xc0 0x00 0x00 0x00 0x00 0x37                                          VLDA wr1, [p7], m0, cyc6;               NOP;                          NOP
.nohwbrkpt
.noswbrkpt
	   516    0x02 0x61 0xc0 0x00 0x00 0x00 0x00 0x37                                          VLDA wr0, [p7], m0, cyc6;               NOP;                          NOP
.nohwbrkpt
.noswbrkpt
	   524    0x00 0x00 0x00 0x03                                                              NOP;                                                                  NOP
.nohwbrkpt
.noswbrkpt
	   528    0x00 0x00 0x00 0x00 0x15 0xbf 0x04 0x0c 0x79 0x3d 0x82 0x80 0x00 0x00 0x00 0x00  NOP;                NOP;                ST p7, [p4, cs0];             NOP;                          VLDA.SPIL wr2, [sp, #-320];   NOP;                                    NOP
.label ZLS_Fhdiff_flux2_544
.loop_nesting 1
.begin_of_loop
.nohwbrkpt
.noswbrkpt
	   544    0x6f 0xc0 0x07 0x7e 0xa0 0x00 0x00 0x17                                          LDA p7, [p0, cs0];  VLDB wr3, [sp, #-352];                            NOP
.nohwbrkpt
.noswbrkpt
	   552    0x80 0x00 0x00 0xc7 0x9b 0xdc 0x27 0xf7                                                                                  NOP;                                                        VLDA.SPIL wr3, [sp, #-288];   NOP
.nohwbrkpt
.noswbrkpt
	   560    0x00 0x00 0x00 0x00 0x10 0x00 0x00 0x0c 0x79 0x3e 0x02 0x80 0x04 0x40 0x80 0xe8  NOP;                NOP;                NOP;                          NOP;                          VLDA.SPIL wr2, [sp, #-256];   NOP;                                    VSEL xd, ya.s32, r0, c0, r1, c0, c3, r2
.nohwbrkpt
.noswbrkpt
	   576    0xa8 0x10 0x1b 0x13                                                              NOP;                                                                                                                                                                      VSEL xc, yd.s32, r0, c0, r1, c0, c3, r6
.nohwbrkpt
.noswbrkpt
	   580    0x00 0x01                                                                        NOP
.nohwbrkpt
.noswbrkpt
	   582    0x80 0x00 0x00 0xc7 0x93 0xf0 0x27 0xf7                                                                                  NOP;                                                        VLDA.SPIL wr2, [sp, #-128];   NOP
.nohwbrkpt
.noswbrkpt
	   590    0x80 0x00 0x00 0xc7 0xab 0xfc 0x27 0xf7                                                                                  NOP;                                                        VLDA.SPIL wc1, [sp, #-32];    NOP
.nohwbrkpt
.noswbrkpt
	   598    0x00 0x00 0x00 0x00 0x10 0x00 0x00 0x0c 0x79 0xbe 0xc2 0x80 0x03 0x40 0x81 0xbc  NOP;                NOP;                NOP;                          NOP;                          VLDA.SPIL wr3, [sp, #-160];   NOP;                                    VCMP xd, r7, yd.s32, r0, c0, r1, c0, c6
.nohwbrkpt
.noswbrkpt
	   614    0x02 0x21 0xc0 0x00 0x00 0x00 0x00 0x37                                          VLDA wr0, [p7], m0, cyc2;               NOP;                          NOP
.nohwbrkpt
.noswbrkpt
	   622    0x0a 0x21 0xc0 0x00 0x04 0x92 0xa0 0x00 0x1a 0x04 0x0d 0xef                      VLDA wr2, [p7], m0, cyc2;NOP;                                         NOP;                          VMOV xb, xc;                                                          VCMP xd, r7, yd.s32, r0, c0, r1, c0, c6
.nohwbrkpt
.noswbrkpt
	   634    0x00 0x01                                                                        NOP
.nohwbrkpt
.noswbrkpt
	   636    0xad 0xf8 0x00 0x00 0x34 0x08 0x1f 0xc7                                          NOP;                                    ST p7, [p0, cs0];                                                                                                                 VCMP xd, r7, yd.s32, r0, c0, r1, c0, c7
.nohwbrkpt
.noswbrkpt
	   644    0x6f 0xc0 0x40 0x00 0x00 0x00 0x00 0x37                                          LDA p7, [p1, cs0];                      NOP;                          NOP
.nohwbrkpt
.noswbrkpt
	   652    0x80 0x00 0x05 0x64 0x24 0x00 0xa7 0x07                                          NOP;                                    NOP;                                                                                                                              VMUL.80 bm0, yd.s32, r0, c0, r0, wc1.s32, #0, c5, c1
.nohwbrkpt
.noswbrkpt
	   660    0x80 0x00 0x03 0x80 0x27 0x40 0x12 0x07                                          NOP;                                    NOP;                                                                                                                              VMAC.80 bm0, ya.s32, r13, c0, r0, c0, c4
.nohwbrkpt
.noswbrkpt
	   668    0x00 0x01                                                                        NOP
.nohwbrkpt
.noswbrkpt
	   670    0x00 0x01                                                                        NOP
.nohwbrkpt
.noswbrkpt
	   672    0x80 0x00 0x00 0xc7 0xb3 0xf8 0x27 0xf7                                                                                  NOP;                                                        VLDA.SPIL wd0, [sp, #-64];    NOP
.nohwbrkpt
.noswbrkpt
	   680    0x80 0x00 0x00 0xc7 0xbb 0xf4 0x27 0xf7                                                                                  NOP;                                                        VLDA.SPIL wd1, [sp, #-96];    NOP
.nohwbrkpt
.noswbrkpt
	   688    0x00 0x01                                                                        NOP
.nohwbrkpt
.noswbrkpt
	   690    0x02 0x31 0xc0 0x00 0x05 0x18 0x22 0xb7                                          VLDA wr0, [p7], m0, cyc3;               VST.80.SRSS bm0, s0, [p5], m0, cyc1;NOP
.nohwbrkpt
.noswbrkpt
	   698    0x0a 0x31 0xc0 0x00 0x00 0x00 0x00 0x37                                          VLDA wr2, [p7], m0, cyc3;               NOP;                          NOP
.nohwbrkpt
.noswbrkpt
	   706    0x00 0x01                                                                        NOP
.nohwbrkpt
.noswbrkpt
	   708    0xad 0xf8 0x08 0x03                                                              NOP;                                    ST p7, [p1, cs0]
.nohwbrkpt
.noswbrkpt
	   712    0x6f 0xc0 0x80 0x00 0x00 0x00 0x00 0x37                                          LDA p7, [p2, cs0];                      NOP;                          NOP
.nohwbrkpt
.noswbrkpt
	   720    0x49 0xaa 0x18 0x00 0x27 0x00 0x09 0xc7                                          NOP;                                                                                                VMOV xb, xd;                                                          VCMP xc, r3, yd.s32, r12, c0, r0, c0, c2
.nohwbrkpt
.noswbrkpt
	   728    0x88 0x10 0x19 0x93                                                              NOP;                                                                                                                                                                      VSEL xc, ya.s32, r0, c0, r1, c0, c3, r3
.nohwbrkpt
.noswbrkpt
	   732    0x00 0x01                                                                        NOP
.nohwbrkpt
.noswbrkpt
	   734    0x00 0x01                                                                        NOP
.nohwbrkpt
.noswbrkpt
	   736    0x00 0x01                                                                        NOP
.nohwbrkpt
.noswbrkpt
	   738    0x00 0x01                                                                        NOP
.nohwbrkpt
.noswbrkpt
	   740    0x00 0x01                                                                        NOP
.nohwbrkpt
.noswbrkpt
	   742    0x1a 0x41 0xc0 0x00 0x00 0x00 0x00 0x37                                          VLDA wd0, [p7], m0, cyc4;               NOP;                          NOP
.nohwbrkpt
.noswbrkpt
	   750    0x0a 0x41 0xc0 0x00 0x00 0x00 0x00 0x37                                          VLDA wr2, [p7], m0, cyc4;               NOP;                          NOP
.nohwbrkpt
.noswbrkpt
	   758    0x00 0x01                                                                        NOP
.nohwbrkpt
.noswbrkpt
	   760    0xad 0xf8 0x10 0x03                                                              NOP;                                    ST p7, [p2, cs0]
.nohwbrkpt
.noswbrkpt
	   764    0x6f 0xc0 0xc0 0x00 0x00 0x00 0x00 0x37                                          LDA p7, [p3, cs0];                      NOP;                          NOP
.nohwbrkpt
.noswbrkpt
	   772    0x00 0x01                                                                        NOP
.nohwbrkpt
.noswbrkpt
	   774    0x00 0x00 0x00 0x00 0x10 0x00 0x00 0x0e 0x8f 0xec 0x00 0x80 0x02 0x40 0x00 0x98  NOP;                NOP;                NOP;                          NOP;                          VST.SPIL wc0, [sp, #-320];    NOP;                                    VCMP xc, r2, yd.s32, r0, c0, r0, c0, c2
.nohwbrkpt
.noswbrkpt
	   790    0x80 0x00 0x00 0xea 0xfe 0xa0 0x07 0xf7                                                                                  NOP;                                                        VST.SPIL wc1, [sp, #-352];    NOP
.nohwbrkpt
.noswbrkpt
	   798    0x80 0x00 0x00 0xc7 0x8b 0xf4 0x27 0xf7                                                                                  NOP;                                                        VLDA.SPIL wr1, [sp, #-96];    NOP
.nohwbrkpt
.noswbrkpt
	   806    0x80 0x00 0x00 0xc7 0x83 0xf8 0x27 0xf7                                                                                  NOP;                                                        VLDA.SPIL wr0, [sp, #-64];    NOP
.nohwbrkpt
.noswbrkpt
	   814    0x80 0x00 0x00 0xc7 0x93 0xf8 0x27 0xf7                                                                                  NOP;                                                        VLDA.SPIL wr2, [sp, #-64];    NOP
.nohwbrkpt
.noswbrkpt
	   822    0x80 0x00 0x00 0xc7 0x9b 0xf4 0x27 0xf7                                                                                  NOP;                                                        VLDA.SPIL wr3, [sp, #-96];    NOP
.nohwbrkpt
.noswbrkpt
	   830    0x1a 0x51 0xc0 0x00 0x00 0x00 0x00 0x37                                          VLDA wd0, [p7], m0, cyc5;               NOP;                          NOP
.nohwbrkpt
.noswbrkpt
	   838    0x0a 0x51 0xc0 0x00 0x10 0x00 0x00 0x0e 0x2f 0xf2 0x00 0x3f                      VLDA wr2, [p7], m0, cyc5;NOP;           NOP;                                                        VST.SPIL wr1, [sp, #-224];    NOP
.nohwbrkpt
.noswbrkpt
	   850    0x80 0x00 0x00 0xe0 0xff 0x40 0x07 0xf7                                                                                  NOP;                                                        VST.SPIL wr0, [sp, #-192];    NOP
.nohwbrkpt
.noswbrkpt
	   858    0xad 0xf8 0x18 0x03                                                              NOP;                                    ST p7, [p3, cs0]
.nohwbrkpt
.noswbrkpt
	   862    0x37 0xe0 0x88 0x00 0x34 0x00 0x08 0x47                                          LDA p7, [p4, cs0]; NOP;                                                                                                                                                   VCMP xc, r5, ya.s32, r0, c0, r0, c0, c2
.nohwbrkpt
.noswbrkpt
	   870    0x00 0x01                                                                        NOP
.nohwbrkpt
.noswbrkpt
	   872    0xa8 0x10 0x1a 0x93                                                              NOP;                                                                                                                                                                      VSEL xc, yd.s32, r0, c0, r1, c0, c3, r5
.nohwbrkpt
.noswbrkpt
	   876    0x00 0x00 0x00 0x03                                                              NOP;                                                                  NOP
.nohwbrkpt
.noswbrkpt
	   880    0x80 0x00 0x00 0xc7 0x83 0xe8 0x27 0xf7                                                                                  NOP;                                                        VLDA.SPIL wr0, [sp, #-192];   NOP
.nohwbrkpt
.noswbrkpt
	   888    0x80 0x00 0x00 0xc7 0x8b 0xe4 0x27 0xf7                                                                                  NOP;                                                        VLDA.SPIL wr1, [sp, #-224];   NOP
.nohwbrkpt
.noswbrkpt
	   896    0x80 0x00 0x00 0xc7 0x93 0xf8 0x27 0xf7                                                                                  NOP;                                                        VLDA.SPIL wr2, [sp, #-64];    NOP
.nohwbrkpt
.noswbrkpt
	   904    0x80 0x00 0x00 0xc7 0x9b 0xf4 0x27 0xf7                                                                                  NOP;                                                        VLDA.SPIL wr3, [sp, #-96];    NOP
.nohwbrkpt
.noswbrkpt
	   912    0x06 0x61 0xc0 0x00 0x00 0x00 0x00 0x00 0x00 0x00 0x00 0x00 0x00 0x00 0x00 0x02  VLDA wr1, [p7], m0, cyc6;NOP;           NOP;                          NOP;                          NOP;                          NOP;                                    NOP
.nohwbrkpt
.noswbrkpt
	   928    0x02 0x61 0xc0 0x00 0x10 0x00 0x00 0x0e 0x8f 0xf0 0x00 0x80 0x00 0x00 0x00 0x00  VLDA wr0, [p7], m0, cyc6;NOP;           NOP;                          NOP;                          VST.SPIL wc0, [sp, #-256];    NOP;                                    NOP
.nohwbrkpt
.noswbrkpt
	   944    0x00 0x00 0x00 0x00 0x10 0x00 0x00 0x0e 0xaf 0xee 0x00 0x80 0x03 0x40 0x00 0x88  NOP;                NOP;                NOP;                          NOP;                          VST.SPIL wc1, [sp, #-288];    NOP;                                    VCMP xc, r6, ya.s32, r0, c0, r0, c0, c2
.label ZLE_Fhdiff_flux2_960
.end_of_loop
.nohwbrkpt
.noswbrkpt
	   960    0x00 0x00 0x00 0x00 0x15 0xbf 0x04 0x0c 0x79 0x3d 0x82 0x80 0x00 0x00 0x00 0x00  NOP;                NOP;                ST p7, [p4, cs0];             NOP;                          VLDA.SPIL wr2, [sp, #-320];   NOP;                                    NOP
.loop_nesting 0
.nohwbrkpt
.noswbrkpt
	   976    0x80 0x00 0x00 0xc7 0x9b 0xd4 0x27 0xf7                                                                                  NOP;                                                        VLDA.SPIL wr3, [sp, #-352];   NOP
.nohwbrkpt
.noswbrkpt
	   984    0x80 0x00 0x00 0xc7 0x9b 0xdc 0x27 0xf7                                                                                  NOP;                                                        VLDA.SPIL wr3, [sp, #-288];   NOP
.nohwbrkpt
.noswbrkpt
	   992    0x00 0x00 0x00 0x00 0x10 0x00 0x00 0x0c 0x79 0x3e 0x02 0x80 0x04 0x40 0x80 0xe8  NOP;                NOP;                NOP;                          NOP;                          VLDA.SPIL wr2, [sp, #-256];   NOP;                                    VSEL xd, ya.s32, r0, c0, r1, c0, c3, r2
.nohwbrkpt
.noswbrkpt
	  1008    0x00 0x00 0x00 0x00 0x10 0x00 0x00 0x0c 0x7a 0xbf 0xc2 0x80 0x05 0x40 0x80 0xd8  NOP;                NOP;                NOP;                          NOP;                          VLDA.SPIL wc1, [sp, #-32];    NOP;                                    VSEL xc, yd.s32, r0, c0, r1, c0, c3, r6
.nohwbrkpt
.noswbrkpt
	  1024    0x00 0x01                                                                        NOP
.nohwbrkpt
.noswbrkpt
	  1026    0x80 0x00 0x00 0xc7 0x93 0xf0 0x27 0xf7                                                                                  NOP;                                                        VLDA.SPIL wr2, [sp, #-128];   NOP
.nohwbrkpt
.noswbrkpt
	  1034    0x80 0x00 0x00 0xc7 0x9b 0xec 0x27 0xf7                                                                                  NOP;                                                        VLDA.SPIL wr3, [sp, #-160];   NOP
.nohwbrkpt
.noswbrkpt
	  1042    0x68 0x10 0x37 0x93                                                              NOP;                                                                                                                                                                      VCMP xd, r7, yd.s32, r0, c0, r1, c0, c6
.nohwbrkpt
.noswbrkpt
	  1046    0x00 0x01                                                                        NOP
.nohwbrkpt
.noswbrkpt
	  1048    0x49 0x2a 0x18 0x00 0x34 0x08 0x1b 0xc7                                          NOP;                                                                                                VMOV xb, xc;                                                          VCMP xd, r7, yd.s32, r0, c0, r1, c0, c6
.nohwbrkpt
.noswbrkpt
	  1056    0x00 0x01                                                                        NOP
.nohwbrkpt
.noswbrkpt
	  1058    0x68 0x10 0x3f 0x93                                                              NOP;                                                                                                                                                                      VCMP xd, r7, yd.s32, r0, c0, r1, c0, c7
	  1062    0x00 0x01                                                                        NOP
	  1064    0x80 0x00 0x05 0x64 0x24 0x00 0xa7 0x07                                          NOP;                                    NOP;                                                                                                                              VMUL.80 bm0, yd.s32, r0, c0, r0, wc1.s32, #0, c5, c1
	  1072    0x80 0x00 0x03 0x80 0x27 0x40 0x12 0x07                                          NOP;                                    NOP;                                                                                                                              VMAC.80 bm0, ya.s32, r13, c0, r0, c0, c4
	  1080    0x00 0x01                                                                        NOP
	  1082    0x00 0x01                                                                        NOP
	  1084    0x01 0x01                                                                        RET lr
.delay_slot
.swstall delay_slot
	  1086    0x00 0x01                                                                        NOP
.delay_slot
.swstall delay_slot
	  1088    0x00 0x01                                                                        NOP
.delay_slot
	  1090    0x00 0x00 0x3d 0x41 0x0d 0x18 0x22 0xb7                                          NOP;                                    VST.80.SRSS bm0, s0, [p5], m0, cyc1;MOV.s12 m1, #-352
.delay_slot
	  1098    0x08 0x92 0x07 0x9b 0xc0 0x00 0x00 0x77                                          PADDA [sp], m1;                                                       NOP;                          MOV p7, r9
.label hdiff_flux2__end last
.label _hdiff_flux2___func_end0 last
.delay_slot
	  1106    0x5b 0x70 0x60 0x00 0x00 0x3c 0x5c 0xf7                                                                                  ST p5, [p6, cs0];             NOP;                          MOV p6, r8

.undef global data ZERO



.direct_eval +,-,(,)
